Copyright 1986-2022 Xilinx, Inc. All Rights Reserved. Copyright 2022-2023 Advanced Micro Devices, Inc. All Rights Reserved.
---------------------------------------------------------------------------------------------------------------------------------------------
| Tool Version : Vivado v.2023.1 (lin64) Build 3865809 Sun May  7 15:04:56 MDT 2023
| Date         : Thu Dec  7 15:55:54 2023
| Host         : worker running 64-bit Ubuntu 20.04.6 LTS
| Command      : report_timing_summary -file obj/post_route_timing_summary.rpt
| Design       : top_level
| Device       : 7s50-csga324
| Speed File   : -1  PRODUCTION 1.23 2018-06-13
| Design State : Routed
---------------------------------------------------------------------------------------------------------------------------------------------

Timing Summary Report

------------------------------------------------------------------------------------------------
| Timer Settings
| --------------
------------------------------------------------------------------------------------------------

  Enable Multi Corner Analysis               :  Yes
  Enable Pessimism Removal                   :  Yes
  Pessimism Removal Resolution               :  Nearest Common Node
  Enable Input Delay Default Clock           :  No
  Enable Preset / Clear Arcs                 :  No
  Disable Flight Delays                      :  No
  Ignore I/O Paths                           :  No
  Timing Early Launch at Borrowing Latches   :  No
  Borrow Time for Max Delay Exceptions       :  Yes
  Merge Timing Exceptions                    :  Yes

  Corner  Analyze    Analyze    
  Name    Max Paths  Min Paths  
  ------  ---------  ---------  
  Slow    Yes        Yes        
  Fast    Yes        Yes        


------------------------------------------------------------------------------------------------
| Report Methodology
| ------------------
------------------------------------------------------------------------------------------------

No report available as report_methodology has not been run prior. Run report_methodology on the current design for the summary of methodology violations.



check_timing report

Table of Contents
-----------------
1. checking no_clock (0)
2. checking constant_clock (0)
3. checking pulse_width_clock (0)
4. checking unconstrained_internal_endpoints (0)
5. checking no_input_delay (2)
6. checking no_output_delay (2)
7. checking multiple_clock (0)
8. checking generated_clocks (0)
9. checking loops (0)
10. checking partial_input_delay (0)
11. checking partial_output_delay (0)
12. checking latch_loops (0)

1. checking no_clock (0)
------------------------
 There are 0 register/latch pins with no clock.


2. checking constant_clock (0)
------------------------------
 There are 0 register/latch pins with constant_clock.


3. checking pulse_width_clock (0)
---------------------------------
 There are 0 register/latch pins which need pulse_width check


4. checking unconstrained_internal_endpoints (0)
------------------------------------------------
 There are 0 pins that are not constrained for maximum delay.

 There are 0 pins that are not constrained for maximum delay due to constant clock.


5. checking no_input_delay (2)
------------------------------
 There are 2 input ports with no input delay specified. (HIGH)

 There are 0 input ports with no input delay but user has a false path constraint.


6. checking no_output_delay (2)
-------------------------------
 There are 2 ports with no output delay specified. (HIGH)

 There are 0 ports with no output delay but user has a false path constraint

 There are 0 ports with no output delay but with a timing clock defined on it or propagating through it


7. checking multiple_clock (0)
------------------------------
 There are 0 register/latch pins with multiple clocks.


8. checking generated_clocks (0)
--------------------------------
 There are 0 generated clocks that are not connected to a clock source.


9. checking loops (0)
---------------------
 There are 0 combinational loops in the design.


10. checking partial_input_delay (0)
------------------------------------
 There are 0 input ports with partial input delay specified.


11. checking partial_output_delay (0)
-------------------------------------
 There are 0 ports with partial output delay specified.


12. checking latch_loops (0)
----------------------------
 There are 0 combinational latch loops in the design through latch input



------------------------------------------------------------------------------------------------
| Design Timing Summary
| ---------------------
------------------------------------------------------------------------------------------------

    WNS(ns)      TNS(ns)  TNS Failing Endpoints  TNS Total Endpoints      WHS(ns)      THS(ns)  THS Failing Endpoints  THS Total Endpoints     WPWS(ns)     TPWS(ns)  TPWS Failing Endpoints  TPWS Total Endpoints  
    -------      -------  ---------------------  -------------------      -------      -------  ---------------------  -------------------     --------     --------  ----------------------  --------------------  
      4.447        0.000                      0                  108        0.184        0.000                      0                  108        3.500        0.000                       0                    54  


All user specified timing constraints are met.


------------------------------------------------------------------------------------------------
| Clock Summary
| -------------
------------------------------------------------------------------------------------------------

Clock  Waveform(ns)       Period(ns)      Frequency(MHz)
-----  ------------       ----------      --------------
gclk   {0.000 4.000}      10.000          100.000         


------------------------------------------------------------------------------------------------
| Intra Clock Table
| -----------------
------------------------------------------------------------------------------------------------

Clock             WNS(ns)      TNS(ns)  TNS Failing Endpoints  TNS Total Endpoints      WHS(ns)      THS(ns)  THS Failing Endpoints  THS Total Endpoints     WPWS(ns)     TPWS(ns)  TPWS Failing Endpoints  TPWS Total Endpoints  
-----             -------      -------  ---------------------  -------------------      -------      -------  ---------------------  -------------------     --------     --------  ----------------------  --------------------  
gclk                4.447        0.000                      0                  108        0.184        0.000                      0                  108        3.500        0.000                       0                    54  


------------------------------------------------------------------------------------------------
| Inter Clock Table
| -----------------
------------------------------------------------------------------------------------------------

From Clock    To Clock          WNS(ns)      TNS(ns)  TNS Failing Endpoints  TNS Total Endpoints      WHS(ns)      THS(ns)  THS Failing Endpoints  THS Total Endpoints  
----------    --------          -------      -------  ---------------------  -------------------      -------      -------  ---------------------  -------------------  


------------------------------------------------------------------------------------------------
| Other Path Groups Table
| -----------------------
------------------------------------------------------------------------------------------------

Path Group    From Clock    To Clock          WNS(ns)      TNS(ns)  TNS Failing Endpoints  TNS Total Endpoints      WHS(ns)      THS(ns)  THS Failing Endpoints  THS Total Endpoints  
----------    ----------    --------          -------      -------  ---------------------  -------------------      -------      -------  ---------------------  -------------------  


------------------------------------------------------------------------------------------------
| Timing Details
| --------------
------------------------------------------------------------------------------------------------


---------------------------------------------------------------------------------------------------
From Clock:  gclk
  To Clock:  gclk

Setup :            0  Failing Endpoints,  Worst Slack        4.447ns,  Total Violation        0.000ns
Hold  :            0  Failing Endpoints,  Worst Slack        0.184ns,  Total Violation        0.000ns
PW    :            0  Failing Endpoints,  Worst Slack        3.500ns,  Total Violation        0.000ns
---------------------------------------------------------------------------------------------------


Max Delay Paths
--------------------------------------------------------------------------------------
Slack (MET) :             4.447ns  (required time - arrival time)
  Source:                 touch/i2c_comm/period_counter_reg[8]/C
                            (rising edge-triggered cell FDRE clocked by gclk  {rise@0.000ns fall@4.000ns period=10.000ns})
  Destination:            touch/i2c_comm/sending_i_reg[4]/R
                            (rising edge-triggered cell FDRE clocked by gclk  {rise@0.000ns fall@4.000ns period=10.000ns})
  Path Group:             gclk
  Path Type:              Setup (Max at Slow Process Corner)
  Requirement:            10.000ns  (gclk rise@10.000ns - gclk rise@0.000ns)
  Data Path Delay:        4.963ns  (logic 1.426ns (28.732%)  route 3.537ns (71.268%))
  Logic Levels:           3  (LUT5=2 LUT6=1)
  Clock Path Skew:        -0.030ns (DCD - SCD + CPR)
    Destination Clock Delay (DCD):    4.831ns = ( 14.831 - 10.000 ) 
    Source Clock Delay      (SCD):    5.118ns
    Clock Pessimism Removal (CPR):    0.257ns
  Clock Uncertainty:      0.035ns  ((TSJ^2 + TIJ^2)^1/2 + DJ) / 2 + PE
    Total System Jitter     (TSJ):    0.071ns
    Total Input Jitter      (TIJ):    0.000ns
    Discrete Jitter          (DJ):    0.000ns
    Phase Error              (PE):    0.000ns

    Location             Delay type                Incr(ns)  Path(ns)    Netlist Resource(s)
  -------------------------------------------------------------------    -------------------
                         (clock gclk rise edge)       0.000     0.000 r  
    N15                                               0.000     0.000 r  clk_100mhz (IN)
                         net (fo=0)                   0.000     0.000    clk_100mhz
    N15                  IBUF (Prop_ibuf_I_O)         1.440     1.440 r  clk_100mhz_IBUF_inst/O
                         net (fo=1, routed)           1.972     3.412    clk_100mhz_IBUF
    BUFGCTRL_X0Y0        BUFG (Prop_bufg_I_O)         0.096     3.508 r  clk_100mhz_IBUF_BUFG_inst/O
                         net (fo=53, routed)          1.610     5.118    touch/i2c_comm/clk_100mhz_IBUF_BUFG
    SLICE_X5Y70          FDRE                                         r  touch/i2c_comm/period_counter_reg[8]/C
  -------------------------------------------------------------------    -------------------
    SLICE_X5Y70          FDRE (Prop_fdre_C_Q)         0.419     5.537 f  touch/i2c_comm/period_counter_reg[8]/Q
                         net (fo=8, routed)           1.216     6.753    touch/i2c_comm/period_counter[8]
    SLICE_X5Y69          LUT5 (Prop_lut5_I1_O)        0.327     7.080 r  touch/i2c_comm/FSM_sequential_state[2]_i_8/O
                         net (fo=5, routed)           1.067     8.148    touch/i2c_comm/FSM_sequential_state[2]_i_8_n_0
    SLICE_X2Y68          LUT5 (Prop_lut5_I0_O)        0.352     8.500 r  touch/i2c_comm/sending_i[8]_i_4/O
                         net (fo=5, routed)           0.612     9.112    touch/i2c_comm/sending_i[8]_i_4_n_0
    SLICE_X1Y67          LUT6 (Prop_lut6_I2_O)        0.328     9.440 r  touch/i2c_comm/sending_i[7]_i_1/O
                         net (fo=4, routed)           0.641    10.081    touch/i2c_comm/sending_i[7]_i_1_n_0
    SLICE_X2Y66          FDRE                                         r  touch/i2c_comm/sending_i_reg[4]/R
  -------------------------------------------------------------------    -------------------

                         (clock gclk rise edge)      10.000    10.000 r  
    N15                                               0.000    10.000 r  clk_100mhz (IN)
                         net (fo=0)                   0.000    10.000    clk_100mhz
    N15                  IBUF (Prop_ibuf_I_O)         1.370    11.370 r  clk_100mhz_IBUF_inst/O
                         net (fo=1, routed)           1.868    13.238    clk_100mhz_IBUF
    BUFGCTRL_X0Y0        BUFG (Prop_bufg_I_O)         0.091    13.329 r  clk_100mhz_IBUF_BUFG_inst/O
                         net (fo=53, routed)          1.502    14.831    touch/i2c_comm/clk_100mhz_IBUF_BUFG
    SLICE_X2Y66          FDRE                                         r  touch/i2c_comm/sending_i_reg[4]/C
                         clock pessimism              0.257    15.088    
                         clock uncertainty           -0.035    15.052    
    SLICE_X2Y66          FDRE (Setup_fdre_C_R)       -0.524    14.528    touch/i2c_comm/sending_i_reg[4]
  -------------------------------------------------------------------
                         required time                         14.528    
                         arrival time                         -10.081    
  -------------------------------------------------------------------
                         slack                                  4.447    





Min Delay Paths
--------------------------------------------------------------------------------------
Slack (MET) :             0.184ns  (arrival time - required time)
  Source:                 touch/i2c_comm/sending_i_reg[5]/C
                            (rising edge-triggered cell FDRE clocked by gclk  {rise@0.000ns fall@4.000ns period=10.000ns})
  Destination:            touch/i2c_comm/sending_i_reg[8]/D
                            (rising edge-triggered cell FDRE clocked by gclk  {rise@0.000ns fall@4.000ns period=10.000ns})
  Path Group:             gclk
  Path Type:              Hold (Min at Fast Process Corner)
  Requirement:            0.000ns  (gclk rise@0.000ns - gclk rise@0.000ns)
  Data Path Delay:        0.289ns  (logic 0.186ns (64.375%)  route 0.103ns (35.625%))
  Logic Levels:           1  (LUT6=1)
  Clock Path Skew:        0.013ns (DCD - SCD - CPR)
    Destination Clock Delay (DCD):    1.970ns
    Source Clock Delay      (SCD):    1.456ns
    Clock Pessimism Removal (CPR):    0.501ns

    Location             Delay type                Incr(ns)  Path(ns)    Netlist Resource(s)
  -------------------------------------------------------------------    -------------------
                         (clock gclk rise edge)       0.000     0.000 r  
    N15                                               0.000     0.000 r  clk_100mhz (IN)
                         net (fo=0)                   0.000     0.000    clk_100mhz
    N15                  IBUF (Prop_ibuf_I_O)         0.209     0.209 r  clk_100mhz_IBUF_inst/O
                         net (fo=1, routed)           0.634     0.843    clk_100mhz_IBUF
    BUFGCTRL_X0Y0        BUFG (Prop_bufg_I_O)         0.026     0.869 r  clk_100mhz_IBUF_BUFG_inst/O
                         net (fo=53, routed)          0.588     1.456    touch/i2c_comm/clk_100mhz_IBUF_BUFG
    SLICE_X1Y66          FDRE                                         r  touch/i2c_comm/sending_i_reg[5]/C
  -------------------------------------------------------------------    -------------------
    SLICE_X1Y66          FDRE (Prop_fdre_C_Q)         0.141     1.597 r  touch/i2c_comm/sending_i_reg[5]/Q
                         net (fo=6, routed)           0.103     1.700    touch/i2c_comm/p_0_in[3]
    SLICE_X0Y66          LUT6 (Prop_lut6_I3_O)        0.045     1.745 r  touch/i2c_comm/sending_i[8]_i_2/O
                         net (fo=1, routed)           0.000     1.745    touch/i2c_comm/sending_i[8]
    SLICE_X0Y66          FDRE                                         r  touch/i2c_comm/sending_i_reg[8]/D
  -------------------------------------------------------------------    -------------------

                         (clock gclk rise edge)       0.000     0.000 r  
    N15                                               0.000     0.000 r  clk_100mhz (IN)
                         net (fo=0)                   0.000     0.000    clk_100mhz
    N15                  IBUF (Prop_ibuf_I_O)         0.396     0.396 r  clk_100mhz_IBUF_inst/O
                         net (fo=1, routed)           0.689     1.085    clk_100mhz_IBUF
    BUFGCTRL_X0Y0        BUFG (Prop_bufg_I_O)         0.029     1.114 r  clk_100mhz_IBUF_BUFG_inst/O
                         net (fo=53, routed)          0.856     1.970    touch/i2c_comm/clk_100mhz_IBUF_BUFG
    SLICE_X0Y66          FDRE                                         r  touch/i2c_comm/sending_i_reg[8]/C
                         clock pessimism             -0.501     1.469    
    SLICE_X0Y66          FDRE (Hold_fdre_C_D)         0.092     1.561    touch/i2c_comm/sending_i_reg[8]
  -------------------------------------------------------------------
                         required time                         -1.561    
                         arrival time                           1.745    
  -------------------------------------------------------------------
                         slack                                  0.184    





Pulse Width Checks
--------------------------------------------------------------------------------------
Clock Name:         gclk
Waveform(ns):       { 0.000 4.000 }
Period(ns):         10.000
Sources:            { clk_100mhz }

Check Type        Corner  Lib Pin  Reference Pin  Required(ns)  Actual(ns)  Slack(ns)  Location       Pin
Min Period        n/a     BUFG/I   n/a            2.155         10.000      7.845      BUFGCTRL_X0Y0  clk_100mhz_IBUF_BUFG_inst/I
Low Pulse Width   Slow    FDRE/C   n/a            0.500         6.000       5.500      SLICE_X4Y66    btn0_clean_old_reg/C
High Pulse Width  Slow    FDRE/C   n/a            0.500         4.000       3.500      SLICE_X4Y66    btn0_clean_old_reg/C



