Copyright 1986-2022 Xilinx, Inc. All Rights Reserved. Copyright 2022-2023 Advanced Micro Devices, Inc. All Rights Reserved.
---------------------------------------------------------------------------------------------------------------------------------------------
| Tool Version : Vivado v.2023.1 (lin64) Build 3865809 Sun May  7 15:04:56 MDT 2023
| Date         : Thu Dec  7 15:55:44 2023
| Host         : worker running 64-bit Ubuntu 20.04.6 LTS
| Command      : report_timing -file obj/post_synth_timing.rpt
| Design       : top_level
| Device       : 7s50-csga324
| Speed File   : -1  PRODUCTION 1.23 2018-06-13
| Design State : Synthesized
---------------------------------------------------------------------------------------------------------------------------------------------

Timing Report

Slack (MET) :             5.677ns  (required time - arrival time)
  Source:                 touch/i2c_comm/period_counter_reg[10]/C
                            (rising edge-triggered cell FDRE clocked by gclk  {rise@0.000ns fall@4.000ns period=10.000ns})
  Destination:            touch/i2c_comm/sending_i_reg[4]/R
                            (rising edge-triggered cell FDRE clocked by gclk  {rise@0.000ns fall@4.000ns period=10.000ns})
  Path Group:             gclk
  Path Type:              Setup (Max at Slow Process Corner)
  Requirement:            10.000ns  (gclk rise@10.000ns - gclk rise@0.000ns)
  Data Path Delay:        3.710ns  (logic 0.993ns (26.766%)  route 2.717ns (73.235%))
  Logic Levels:           3  (LUT5=1 LUT6=2)
  Clock Path Skew:        -0.145ns (DCD - SCD + CPR)
    Destination Clock Delay (DCD):    2.660ns = ( 12.660 - 10.000 ) 
    Source Clock Delay      (SCD):    2.920ns
    Clock Pessimism Removal (CPR):    0.115ns
  Clock Uncertainty:      0.035ns  ((TSJ^2 + TIJ^2)^1/2 + DJ) / 2 + PE
    Total System Jitter     (TSJ):    0.071ns
    Total Input Jitter      (TIJ):    0.000ns
    Discrete Jitter          (DJ):    0.000ns
    Phase Error              (PE):    0.000ns

    Location             Delay type                Incr(ns)  Path(ns)    Netlist Resource(s)
  -------------------------------------------------------------------    -------------------
                         (clock gclk rise edge)       0.000     0.000 r  
    N15                                               0.000     0.000 r  clk_100mhz (IN)
                         net (fo=0)                   0.000     0.000    clk_100mhz
    N15                  IBUF (Prop_ibuf_I_O)         1.440     1.440 r  clk_100mhz_IBUF_inst/O
                         net (fo=1, unplaced)         0.800     2.240    clk_100mhz_IBUF
                         BUFG (Prop_bufg_I_O)         0.096     2.336 r  clk_100mhz_IBUF_BUFG_inst/O
                         net (fo=53, unplaced)        0.584     2.920    touch/i2c_comm/clk_100mhz_IBUF_BUFG
                         FDRE                                         r  touch/i2c_comm/period_counter_reg[10]/C
  -------------------------------------------------------------------    -------------------
                         FDRE (Prop_fdre_C_Q)         0.456     3.376 f  touch/i2c_comm/period_counter_reg[10]/Q
                         net (fo=6, unplaced)         0.997     4.373    touch/i2c_comm/period_counter[10]
                         LUT6 (Prop_lut6_I0_O)        0.295     4.668 r  touch/i2c_comm/FSM_sequential_state[2]_i_7/O
                         net (fo=4, unplaced)         0.473     5.141    touch/i2c_comm/FSM_sequential_state[2]_i_7_n_0
                         LUT5 (Prop_lut5_I1_O)        0.118     5.259 r  touch/i2c_comm/sending_i[8]_i_4/O
                         net (fo=5, unplaced)         0.447     5.706    touch/i2c_comm/sending_i[8]_i_4_n_0
                         LUT6 (Prop_lut6_I2_O)        0.124     5.830 r  touch/i2c_comm/sending_i[7]_i_1/O
                         net (fo=4, unplaced)         0.800     6.630    touch/i2c_comm/sending_i[7]_i_1_n_0
                         FDRE                                         r  touch/i2c_comm/sending_i_reg[4]/R
  -------------------------------------------------------------------    -------------------

                         (clock gclk rise edge)      10.000    10.000 r  
    N15                                               0.000    10.000 r  clk_100mhz (IN)
                         net (fo=0)                   0.000    10.000    clk_100mhz
    N15                  IBUF (Prop_ibuf_I_O)         1.370    11.370 r  clk_100mhz_IBUF_inst/O
                         net (fo=1, unplaced)         0.760    12.130    clk_100mhz_IBUF
                         BUFG (Prop_bufg_I_O)         0.091    12.221 r  clk_100mhz_IBUF_BUFG_inst/O
                         net (fo=53, unplaced)        0.439    12.660    touch/i2c_comm/clk_100mhz_IBUF_BUFG
                         FDRE                                         r  touch/i2c_comm/sending_i_reg[4]/C
                         clock pessimism              0.115    12.775    
                         clock uncertainty           -0.035    12.740    
                         FDRE (Setup_fdre_C_R)       -0.433    12.307    touch/i2c_comm/sending_i_reg[4]
  -------------------------------------------------------------------
                         required time                         12.307    
                         arrival time                          -6.630    
  -------------------------------------------------------------------
                         slack                                  5.677    




