Copyright 1986-2022 Xilinx, Inc. All Rights Reserved. Copyright 2022-2023 Advanced Micro Devices, Inc. All Rights Reserved.
---------------------------------------------------------------------------------------------------------------------------------------------
| Tool Version : Vivado v.2023.1 (lin64) Build 3865809 Sun May  7 15:04:56 MDT 2023
| Date         : Thu Dec  7 15:44:56 2023
| Host         : worker running 64-bit Ubuntu 20.04.6 LTS
| Command      : report_timing -file obj/post_route_timing.rpt
| Design       : top_level
| Device       : 7s50-csga324
| Speed File   : -1  PRODUCTION 1.23 2018-06-13
| Design State : Routed
---------------------------------------------------------------------------------------------------------------------------------------------

Timing Report

Slack (MET) :             5.648ns  (required time - arrival time)
  Source:                 seven_segment_controller_inst/segment_counter_reg[24]/C
                            (rising edge-triggered cell FDRE clocked by gclk  {rise@0.000ns fall@4.000ns period=10.000ns})
  Destination:            seven_segment_controller_inst/segment_counter_reg[0]/R
                            (rising edge-triggered cell FDRE clocked by gclk  {rise@0.000ns fall@4.000ns period=10.000ns})
  Path Group:             gclk
  Path Type:              Setup (Max at Slow Process Corner)
  Requirement:            10.000ns  (gclk rise@10.000ns - gclk rise@0.000ns)
  Data Path Delay:        3.667ns  (logic 0.856ns (23.341%)  route 2.811ns (76.659%))
  Logic Levels:           3  (LUT4=1 LUT5=2)
  Clock Path Skew:        -0.018ns (DCD - SCD + CPR)
    Destination Clock Delay (DCD):    4.834ns = ( 14.834 - 10.000 ) 
    Source Clock Delay      (SCD):    5.123ns
    Clock Pessimism Removal (CPR):    0.271ns
  Clock Uncertainty:      0.035ns  ((TSJ^2 + TIJ^2)^1/2 + DJ) / 2 + PE
    Total System Jitter     (TSJ):    0.071ns
    Total Input Jitter      (TIJ):    0.000ns
    Discrete Jitter          (DJ):    0.000ns
    Phase Error              (PE):    0.000ns

    Location             Delay type                Incr(ns)  Path(ns)    Netlist Resource(s)
  -------------------------------------------------------------------    -------------------
                         (clock gclk rise edge)       0.000     0.000 r  
    N15                                               0.000     0.000 r  clk_100mhz (IN)
                         net (fo=0)                   0.000     0.000    clk_100mhz
    N15                  IBUF (Prop_ibuf_I_O)         1.440     1.440 r  clk_100mhz_IBUF_inst/O
                         net (fo=1, routed)           1.972     3.412    clk_100mhz_IBUF
    BUFGCTRL_X0Y0        BUFG (Prop_bufg_I_O)         0.096     3.508 r  clk_100mhz_IBUF_BUFG_inst/O
                         net (fo=169, routed)         1.615     5.123    seven_segment_controller_inst/clk_100mhz_IBUF_BUFG
    SLICE_X63Y68         FDRE                                         r  seven_segment_controller_inst/segment_counter_reg[24]/C
  -------------------------------------------------------------------    -------------------
    SLICE_X63Y68         FDRE (Prop_fdre_C_Q)         0.456     5.579 f  seven_segment_controller_inst/segment_counter_reg[24]/Q
                         net (fo=2, routed)           0.966     6.545    seven_segment_controller_inst/segment_counter_reg[24]
    SLICE_X64Y66         LUT4 (Prop_lut4_I1_O)        0.124     6.669 f  seven_segment_controller_inst/segment_state[7]_i_9/O
                         net (fo=1, routed)           0.423     7.092    seven_segment_controller_inst/segment_state[7]_i_9_n_0
    SLICE_X62Y66         LUT5 (Prop_lut5_I4_O)        0.124     7.216 f  seven_segment_controller_inst/segment_state[7]_i_5/O
                         net (fo=2, routed)           0.674     7.890    seven_segment_controller_inst/segment_state[7]_i_5_n_0
    SLICE_X62Y66         LUT5 (Prop_lut5_I1_O)        0.152     8.042 r  seven_segment_controller_inst/segment_counter[0]_i_1/O
                         net (fo=32, routed)          0.748     8.790    seven_segment_controller_inst/segment_counter[0]_i_1_n_0
    SLICE_X63Y62         FDRE                                         r  seven_segment_controller_inst/segment_counter_reg[0]/R
  -------------------------------------------------------------------    -------------------

                         (clock gclk rise edge)      10.000    10.000 r  
    N15                                               0.000    10.000 r  clk_100mhz (IN)
                         net (fo=0)                   0.000    10.000    clk_100mhz
    N15                  IBUF (Prop_ibuf_I_O)         1.370    11.370 r  clk_100mhz_IBUF_inst/O
                         net (fo=1, routed)           1.868    13.238    clk_100mhz_IBUF
    BUFGCTRL_X0Y0        BUFG (Prop_bufg_I_O)         0.091    13.329 r  clk_100mhz_IBUF_BUFG_inst/O
                         net (fo=169, routed)         1.505    14.834    seven_segment_controller_inst/clk_100mhz_IBUF_BUFG
    SLICE_X63Y62         FDRE                                         r  seven_segment_controller_inst/segment_counter_reg[0]/C
                         clock pessimism              0.271    15.105    
                         clock uncertainty           -0.035    15.069    
    SLICE_X63Y62         FDRE (Setup_fdre_C_R)       -0.631    14.438    seven_segment_controller_inst/segment_counter_reg[0]
  -------------------------------------------------------------------
                         required time                         14.438    
                         arrival time                          -8.790    
  -------------------------------------------------------------------
                         slack                                  5.648    




