Copyright 1986-2022 Xilinx, Inc. All Rights Reserved. Copyright 2022-2023 Advanced Micro Devices, Inc. All Rights Reserved.
---------------------------------------------------------------------------------------------------------------------------------------------
| Tool Version : Vivado v.2023.1 (lin64) Build 3865809 Sun May  7 15:04:56 MDT 2023
| Date         : Sun Dec 10 03:31:21 2023
| Host         : worker running 64-bit Ubuntu 20.04.6 LTS
| Command      : report_timing_summary -file obj/post_place_timing_summary.rpt
| Design       : top_level
| Device       : 7s50-csga324
| Speed File   : -1  PRODUCTION 1.23 2018-06-13
| Design State : Fully Placed
---------------------------------------------------------------------------------------------------------------------------------------------

Timing Summary Report

------------------------------------------------------------------------------------------------
| Timer Settings
| --------------
------------------------------------------------------------------------------------------------

  Enable Multi Corner Analysis               :  Yes
  Enable Pessimism Removal                   :  Yes
  Pessimism Removal Resolution               :  Nearest Common Node
  Enable Input Delay Default Clock           :  No
  Enable Preset / Clear Arcs                 :  No
  Disable Flight Delays                      :  No
  Ignore I/O Paths                           :  No
  Timing Early Launch at Borrowing Latches   :  No
  Borrow Time for Max Delay Exceptions       :  Yes
  Merge Timing Exceptions                    :  Yes

  Corner  Analyze    Analyze    
  Name    Max Paths  Min Paths  
  ------  ---------  ---------  
  Slow    Yes        Yes        
  Fast    Yes        Yes        


------------------------------------------------------------------------------------------------
| Report Methodology
| ------------------
------------------------------------------------------------------------------------------------

No report available as report_methodology has not been run prior. Run report_methodology on the current design for the summary of methodology violations.



check_timing report

Table of Contents
-----------------
1. checking no_clock (0)
2. checking constant_clock (0)
3. checking pulse_width_clock (0)
4. checking unconstrained_internal_endpoints (0)
5. checking no_input_delay (21)
6. checking no_output_delay (28)
7. checking multiple_clock (0)
8. checking generated_clocks (0)
9. checking loops (0)
10. checking partial_input_delay (0)
11. checking partial_output_delay (0)
12. checking latch_loops (0)

1. checking no_clock (0)
------------------------
 There are 0 register/latch pins with no clock.


2. checking constant_clock (0)
------------------------------
 There are 0 register/latch pins with constant_clock.


3. checking pulse_width_clock (0)
---------------------------------
 There are 0 register/latch pins which need pulse_width check


4. checking unconstrained_internal_endpoints (0)
------------------------------------------------
 There are 0 pins that are not constrained for maximum delay.

 There are 0 pins that are not constrained for maximum delay due to constant clock.


5. checking no_input_delay (21)
-------------------------------
 There are 21 input ports with no input delay specified. (HIGH)

 There are 0 input ports with no input delay but user has a false path constraint.


6. checking no_output_delay (28)
--------------------------------
 There are 28 ports with no output delay specified. (HIGH)

 There are 0 ports with no output delay but user has a false path constraint

 There are 0 ports with no output delay but with a timing clock defined on it or propagating through it


7. checking multiple_clock (0)
------------------------------
 There are 0 register/latch pins with multiple clocks.


8. checking generated_clocks (0)
--------------------------------
 There are 0 generated clocks that are not connected to a clock source.


9. checking loops (0)
---------------------
 There are 0 combinational loops in the design.


10. checking partial_input_delay (0)
------------------------------------
 There are 0 input ports with partial input delay specified.


11. checking partial_output_delay (0)
-------------------------------------
 There are 0 ports with partial output delay specified.


12. checking latch_loops (0)
----------------------------
 There are 0 combinational latch loops in the design through latch input



------------------------------------------------------------------------------------------------
| Design Timing Summary
| ---------------------
------------------------------------------------------------------------------------------------

    WNS(ns)      TNS(ns)  TNS Failing Endpoints  TNS Total Endpoints      WHS(ns)      THS(ns)  THS Failing Endpoints  THS Total Endpoints     WPWS(ns)     TPWS(ns)  TPWS Failing Endpoints  TPWS Total Endpoints  
    -------      -------  ---------------------  -------------------      -------      -------  ---------------------  -------------------     --------     --------  ----------------------  --------------------  
      3.556        0.000                      0                 1007        0.141        0.000                      0                 1007        3.500        0.000                       0                   440  


All user specified timing constraints are met.


------------------------------------------------------------------------------------------------
| Clock Summary
| -------------
------------------------------------------------------------------------------------------------

Clock  Waveform(ns)       Period(ns)      Frequency(MHz)
-----  ------------       ----------      --------------
gclk   {0.000 4.000}      10.000          100.000         


------------------------------------------------------------------------------------------------
| Intra Clock Table
| -----------------
------------------------------------------------------------------------------------------------

Clock             WNS(ns)      TNS(ns)  TNS Failing Endpoints  TNS Total Endpoints      WHS(ns)      THS(ns)  THS Failing Endpoints  THS Total Endpoints     WPWS(ns)     TPWS(ns)  TPWS Failing Endpoints  TPWS Total Endpoints  
-----             -------      -------  ---------------------  -------------------      -------      -------  ---------------------  -------------------     --------     --------  ----------------------  --------------------  
gclk                3.556        0.000                      0                 1007        0.141        0.000                      0                 1007        3.500        0.000                       0                   440  


------------------------------------------------------------------------------------------------
| Inter Clock Table
| -----------------
------------------------------------------------------------------------------------------------

From Clock    To Clock          WNS(ns)      TNS(ns)  TNS Failing Endpoints  TNS Total Endpoints      WHS(ns)      THS(ns)  THS Failing Endpoints  THS Total Endpoints  
----------    --------          -------      -------  ---------------------  -------------------      -------      -------  ---------------------  -------------------  


------------------------------------------------------------------------------------------------
| Other Path Groups Table
| -----------------------
------------------------------------------------------------------------------------------------

Path Group    From Clock    To Clock          WNS(ns)      TNS(ns)  TNS Failing Endpoints  TNS Total Endpoints      WHS(ns)      THS(ns)  THS Failing Endpoints  THS Total Endpoints  
----------    ----------    --------          -------      -------  ---------------------  -------------------      -------      -------  ---------------------  -------------------  


------------------------------------------------------------------------------------------------
| Timing Details
| --------------
------------------------------------------------------------------------------------------------


---------------------------------------------------------------------------------------------------
From Clock:  gclk
  To Clock:  gclk

Setup :            0  Failing Endpoints,  Worst Slack        3.556ns,  Total Violation        0.000ns
Hold  :            0  Failing Endpoints,  Worst Slack        0.141ns,  Total Violation        0.000ns
PW    :            0  Failing Endpoints,  Worst Slack        3.500ns,  Total Violation        0.000ns
---------------------------------------------------------------------------------------------------


Max Delay Paths
--------------------------------------------------------------------------------------
Slack (MET) :             3.556ns  (required time - arrival time)
  Source:                 screen/delay_reg[29]/C
                            (rising edge-triggered cell FDRE clocked by gclk  {rise@0.000ns fall@4.000ns period=10.000ns})
  Destination:            screen/delay_reg[29]/D
                            (rising edge-triggered cell FDRE clocked by gclk  {rise@0.000ns fall@4.000ns period=10.000ns})
  Path Group:             gclk
  Path Type:              Setup (Max at Slow Process Corner)
  Requirement:            10.000ns  (gclk rise@10.000ns - gclk rise@0.000ns)
  Data Path Delay:        6.446ns  (logic 2.593ns (40.226%)  route 3.853ns (59.773%))
  Logic Levels:           11  (CARRY4=7 LUT2=1 LUT4=2 LUT5=1)
  Clock Path Skew:        -0.025ns (DCD - SCD + CPR)
    Destination Clock Delay (DCD):    4.768ns = ( 14.768 - 10.000 ) 
    Source Clock Delay      (SCD):    5.060ns
    Clock Pessimism Removal (CPR):    0.268ns
  Clock Uncertainty:      0.035ns  ((TSJ^2 + TIJ^2)^1/2 + DJ) / 2 + PE
    Total System Jitter     (TSJ):    0.071ns
    Total Input Jitter      (TIJ):    0.000ns
    Discrete Jitter          (DJ):    0.000ns
    Phase Error              (PE):    0.000ns

    Location             Delay type                Incr(ns)  Path(ns)    Netlist Resource(s)
  -------------------------------------------------------------------    -------------------
                         (clock gclk rise edge)       0.000     0.000 r  
    N15                                               0.000     0.000 r  clk_100mhz (IN)
                         net (fo=0)                   0.000     0.000    clk_100mhz
    N15                  IBUF (Prop_ibuf_I_O)         1.440     1.440 r  clk_100mhz_IBUF_inst/O
                         net (fo=1, estimated)        1.972     3.412    clk_100mhz_IBUF
    BUFGCTRL_X0Y0        BUFG (Prop_bufg_I_O)         0.096     3.508 r  clk_100mhz_IBUF_BUFG_inst/O
                         net (fo=439, estimated)      1.552     5.060    screen/clk
    SLICE_X55Y64         FDRE                                         r  screen/delay_reg[29]/C
  -------------------------------------------------------------------    -------------------
    SLICE_X55Y64         FDRE (Prop_fdre_C_Q)         0.456     5.516 r  screen/delay_reg[29]/Q
                         net (fo=2, estimated)        0.724     6.240    screen/delay_reg[29]
    SLICE_X54Y64         LUT4 (Prop_lut4_I0_O)        0.124     6.364 r  screen/FSM_sequential_state[2]_i_14/O
                         net (fo=2, estimated)        1.024     7.388    screen/FSM_sequential_state[2]_i_14_n_0
    SLICE_X54Y63         LUT5 (Prop_lut5_I4_O)        0.150     7.538 r  screen/FSM_sequential_state[2]_i_10/O
                         net (fo=2, estimated)        1.000     8.538    screen/FSM_sequential_state[2]_i_10_n_0
    SLICE_X56Y60         LUT4 (Prop_lut4_I0_O)        0.328     8.866 f  screen/draw_seq_index[4]_i_5/O
                         net (fo=64, estimated)       0.544     9.410    screen/spi/drawn_finished_reg
    SLICE_X54Y58         LUT2 (Prop_lut2_I1_O)        0.124     9.534 r  screen/spi/delay[0]_i_5/O
                         net (fo=6, estimated)        0.561    10.095    screen/spi/tft_reset1
    SLICE_X55Y58         CARRY4 (Prop_carry4_DI[1]_CO[3])
                                                      0.507    10.602 r  screen/spi/delay_reg[4]_i_1/CO[3]
                         net (fo=1, estimated)        0.000    10.602    screen/spi/delay_reg[4]_i_1_n_0
    SLICE_X55Y59         CARRY4 (Prop_carry4_CI_CO[3])
                                                      0.114    10.716 r  screen/spi/delay_reg[8]_i_1/CO[3]
                         net (fo=1, estimated)        0.000    10.716    screen/spi/delay_reg[8]_i_1_n_0
    SLICE_X55Y60         CARRY4 (Prop_carry4_CI_CO[3])
                                                      0.114    10.830 r  screen/spi/delay_reg[12]_i_1/CO[3]
                         net (fo=1, estimated)        0.000    10.830    screen/spi/delay_reg[12]_i_1_n_0
    SLICE_X55Y61         CARRY4 (Prop_carry4_CI_CO[3])
                                                      0.114    10.944 r  screen/spi/delay_reg[16]_i_1/CO[3]
                         net (fo=1, estimated)        0.000    10.944    screen/spi/delay_reg[16]_i_1_n_0
    SLICE_X55Y62         CARRY4 (Prop_carry4_CI_CO[3])
                                                      0.114    11.058 r  screen/spi/delay_reg[20]_i_1/CO[3]
                         net (fo=1, estimated)        0.000    11.058    screen/spi/delay_reg[20]_i_1_n_0
    SLICE_X55Y63         CARRY4 (Prop_carry4_CI_CO[3])
                                                      0.114    11.172 r  screen/spi/delay_reg[24]_i_1/CO[3]
                         net (fo=1, estimated)        0.000    11.172    screen/spi/delay_reg[24]_i_1_n_0
    SLICE_X55Y64         CARRY4 (Prop_carry4_CI_O[1])
                                                      0.334    11.506 r  screen/spi/delay_reg[28]_i_1/O[1]
                         net (fo=1, routed)           0.000    11.506    screen/spi_n_33
    SLICE_X55Y64         FDRE                                         r  screen/delay_reg[29]/D
  -------------------------------------------------------------------    -------------------

                         (clock gclk rise edge)      10.000    10.000 r  
    N15                                               0.000    10.000 r  clk_100mhz (IN)
                         net (fo=0)                   0.000    10.000    clk_100mhz
    N15                  IBUF (Prop_ibuf_I_O)         1.370    11.370 r  clk_100mhz_IBUF_inst/O
                         net (fo=1, estimated)        1.873    13.244    clk_100mhz_IBUF
    BUFGCTRL_X0Y0        BUFG (Prop_bufg_I_O)         0.091    13.335 r  clk_100mhz_IBUF_BUFG_inst/O
                         net (fo=439, estimated)      1.433    14.768    screen/clk
    SLICE_X55Y64         FDRE                                         r  screen/delay_reg[29]/C
                         clock pessimism              0.268    15.035    
                         clock uncertainty           -0.035    15.000    
    SLICE_X55Y64         FDRE (Setup_fdre_C_D)        0.062    15.062    screen/delay_reg[29]
  -------------------------------------------------------------------
                         required time                         15.062    
                         arrival time                         -11.506    
  -------------------------------------------------------------------
                         slack                                  3.556    





Min Delay Paths
--------------------------------------------------------------------------------------
Slack (MET) :             0.141ns  (arrival time - required time)
  Source:                 btn0_db/current_reg/C
                            (rising edge-triggered cell FDRE clocked by gclk  {rise@0.000ns fall@4.000ns period=10.000ns})
  Destination:            btn0_clean_old_reg/D
                            (rising edge-triggered cell FDRE clocked by gclk  {rise@0.000ns fall@4.000ns period=10.000ns})
  Path Group:             gclk
  Path Type:              Hold (Min at Fast Process Corner)
  Requirement:            0.000ns  (gclk rise@0.000ns - gclk rise@0.000ns)
  Data Path Delay:        0.230ns  (logic 0.141ns (61.433%)  route 0.089ns (38.567%))
  Logic Levels:           0  
  Clock Path Skew:        0.014ns (DCD - SCD - CPR)
    Destination Clock Delay (DCD):    2.151ns
    Source Clock Delay      (SCD):    1.648ns
    Clock Pessimism Removal (CPR):    0.489ns

    Location             Delay type                Incr(ns)  Path(ns)    Netlist Resource(s)
  -------------------------------------------------------------------    -------------------
                         (clock gclk rise edge)       0.000     0.000 r  
    N15                                               0.000     0.000 r  clk_100mhz (IN)
                         net (fo=0)                   0.000     0.000    clk_100mhz
    N15                  IBUF (Prop_ibuf_I_O)         0.209     0.209 r  clk_100mhz_IBUF_inst/O
                         net (fo=1, estimated)        0.831     1.040    clk_100mhz_IBUF
    BUFGCTRL_X0Y0        BUFG (Prop_bufg_I_O)         0.026     1.066 r  clk_100mhz_IBUF_BUFG_inst/O
                         net (fo=439, estimated)      0.582     1.648    btn0_db/clk
    SLICE_X65Y69         FDRE                                         r  btn0_db/current_reg/C
  -------------------------------------------------------------------    -------------------
    SLICE_X65Y69         FDRE (Prop_fdre_C_Q)         0.141     1.789 r  btn0_db/current_reg/Q
                         net (fo=3, estimated)        0.089     1.877    btn0_clean
    SLICE_X65Y69         FDRE                                         r  btn0_clean_old_reg/D
  -------------------------------------------------------------------    -------------------

                         (clock gclk rise edge)       0.000     0.000 r  
    N15                                               0.000     0.000 r  clk_100mhz (IN)
                         net (fo=0)                   0.000     0.000    clk_100mhz
    N15                  IBUF (Prop_ibuf_I_O)         0.396     0.396 r  clk_100mhz_IBUF_inst/O
                         net (fo=1, estimated)        0.875     1.271    clk_100mhz_IBUF
    BUFGCTRL_X0Y0        BUFG (Prop_bufg_I_O)         0.029     1.300 r  clk_100mhz_IBUF_BUFG_inst/O
                         net (fo=439, estimated)      0.851     2.151    clk_100mhz_IBUF_BUFG
    SLICE_X65Y69         FDRE                                         r  btn0_clean_old_reg/C
                         clock pessimism             -0.489     1.662    
    SLICE_X65Y69         FDRE (Hold_fdre_C_D)         0.075     1.737    btn0_clean_old_reg
  -------------------------------------------------------------------
                         required time                         -1.737    
                         arrival time                           1.877    
  -------------------------------------------------------------------
                         slack                                  0.141    





Pulse Width Checks
--------------------------------------------------------------------------------------
Clock Name:         gclk
Waveform(ns):       { 0.000 4.000 }
Period(ns):         10.000
Sources:            { clk_100mhz }

Check Type        Corner  Lib Pin             Reference Pin  Required(ns)  Actual(ns)  Slack(ns)  Location      Pin
Min Period        n/a     RAMB18E1/CLKARDCLK  n/a            2.576         10.000      7.424      RAMB18_X2Y24  screen/init_data_index_reg_rep/CLKARDCLK
Low Pulse Width   Slow    FDRE/C              n/a            0.500         6.000       5.500      SLICE_X65Y69  btn0_clean_old_reg/C
High Pulse Width  Slow    FDRE/C              n/a            0.500         4.000       3.500      SLICE_X65Y69  btn0_clean_old_reg/C



