#! /usr/bin/vvp
:ivl_version "11.0 (stable)";
:ivl_delay_selection "TYPICAL";
:vpi_time_precision - 12;
:vpi_module "/usr/lib/x86_64-linux-gnu/ivl/system.vpi";
:vpi_module "/usr/lib/x86_64-linux-gnu/ivl/vhdl_sys.vpi";
:vpi_module "/usr/lib/x86_64-linux-gnu/ivl/vhdl_textio.vpi";
:vpi_module "/usr/lib/x86_64-linux-gnu/ivl/v2005_math.vpi";
:vpi_module "/usr/lib/x86_64-linux-gnu/ivl/va_math.vpi";
:vpi_module "/usr/lib/x86_64-linux-gnu/ivl/v2009.vpi";
S_0x558e0ed48e10 .scope package, "$unit" "$unit" 2 1;
 .timescale 0 0;
S_0x558e0ecd1d90 .scope module, "touch_tb" "touch_tb" 3 4;
 .timescale -9 -12;
v0x558e0ed6bac0_0 .var "clk_in", 0 0;
v0x558e0ed6bb80_0 .net "cs_out", 0 0, v0x558e0ed68710_0;  1 drivers
v0x558e0ed6bc90_0 .net "data_clk_out", 0 0, v0x558e0ed68170_0;  1 drivers
v0x558e0ed6bd80_0 .net "data_out", 0 0, v0x558e0ed683f0_0;  1 drivers
v0x558e0ed6be70_0 .net "dc_out", 0 0, v0x558e0ed684b0_0;  1 drivers
v0x558e0ed6bfb0_0 .var "draw_col1", 7 0;
v0x558e0ed6c050_0 .var "draw_col2", 7 0;
v0x558e0ed6c0f0_0 .var "draw_color", 2 0;
v0x558e0ed6c190_0 .var "draw_row1", 8 0;
v0x558e0ed6c230_0 .var "draw_row2", 8 0;
v0x558e0ed6c2d0_0 .var "rst_in", 0 0;
v0x558e0ed6c370_0 .net "rst_out", 0 0, v0x558e0ed6b4f0_0;  1 drivers
v0x558e0ed6c410_0 .var "valid_draw_data", 0 0;
S_0x558e0ecd1f20 .scope module, "touch" "touchscreen" 3 18, 4 5 0, S_0x558e0ecd1d90;
 .timescale -9 -12;
    .port_info 0 /INPUT 1 "clk_in";
    .port_info 1 /INPUT 1 "rst_in";
    .port_info 2 /INPUT 8 "col1_in";
    .port_info 3 /INPUT 8 "col2_in";
    .port_info 4 /INPUT 9 "row1_in";
    .port_info 5 /INPUT 9 "row2_in";
    .port_info 6 /INPUT 3 "color_in";
    .port_info 7 /INPUT 1 "valid_in";
    .port_info 8 /INPUT 1 "tft_sdo";
    .port_info 9 /OUTPUT 1 "tft_sck";
    .port_info 10 /OUTPUT 1 "tft_sdi";
    .port_info 11 /OUTPUT 1 "tft_dc";
    .port_info 12 /OUTPUT 1 "tft_reset";
    .port_info 13 /OUTPUT 1 "tft_cs";
P_0x558e0ed0fb40 .param/l "COLOR_WIDTH" 0 4 7, +C4<00000000000000000000000000000011>;
P_0x558e0ed0fb80 .param/l "DRAW_SEQ_SIZE" 1 4 60, +C4<00000000000000000000000000001011>;
P_0x558e0ed0fbc0 .param/l "INIT_DATA_SIZE" 1 4 28, +C4<00000000000000000000000000110011>;
P_0x558e0ed0fc00 .param/l "NUM_COLS" 0 4 8, +C4<00000000000000000000000011110000>;
P_0x558e0ed0fc40 .param/l "NUM_ROWS" 0 4 9, +C4<00000000000000000000000101000000>;
enum0x558e0ecd2b80 .enum2/s (32)
   "RESET" 0,
   "START" 1,
   "INIT" 2,
   "IDLE" 3,
   "DRAW" 4
 ;
v0x558e0ed68990_0 .net "DRAW_SEQ", 98 0, L_0x558e0ed7d990;  1 drivers
v0x558e0ed68a70_0 .var "INIT_DATA", 458 0;
L_0x7f3b24236330 .functor BUFT 1, C4<00000000000000000000001111101000>, C4<0>, C4<0>, C4<0>;
v0x558e0ed68b30_0 .net "STANDARD_DELAY", 31 0, L_0x7f3b24236330;  1 drivers
L_0x7f3b24236018 .functor BUFT 1, C4<000101010>, C4<0>, C4<0>, C4<0>;
v0x558e0ed68bf0_0 .net/2u *"_ivl_0", 8 0, L_0x7f3b24236018;  1 drivers
v0x558e0ed68cd0_0 .net *"_ivl_11", 7 0, L_0x558e0ed7c7c0;  1 drivers
v0x558e0ed68db0_0 .net *"_ivl_12", 8 0, L_0x558e0ed7c8e0;  1 drivers
L_0x7f3b242360f0 .functor BUFT 1, C4<1>, C4<0>, C4<0>, C4<0>;
v0x558e0ed68e90_0 .net/2u *"_ivl_14", 0 0, L_0x7f3b242360f0;  1 drivers
v0x558e0ed68f70_0 .net *"_ivl_17", 7 0, L_0x558e0ed7ca50;  1 drivers
v0x558e0ed69050_0 .net *"_ivl_18", 8 0, L_0x558e0ed7cb20;  1 drivers
L_0x7f3b24236060 .functor BUFT 1, C4<1>, C4<0>, C4<0>, C4<0>;
v0x558e0ed69130_0 .net/2u *"_ivl_2", 0 0, L_0x7f3b24236060;  1 drivers
L_0x7f3b24236138 .functor BUFT 1, C4<1>, C4<0>, C4<0>, C4<0>;
v0x558e0ed69210_0 .net/2u *"_ivl_20", 0 0, L_0x7f3b24236138;  1 drivers
v0x558e0ed692f0_0 .net *"_ivl_23", 7 0, L_0x558e0ed7cd20;  1 drivers
v0x558e0ed693d0_0 .net *"_ivl_24", 8 0, L_0x558e0ed7ce10;  1 drivers
L_0x7f3b24236180 .functor BUFT 1, C4<000101011>, C4<0>, C4<0>, C4<0>;
v0x558e0ed694b0_0 .net/2u *"_ivl_26", 8 0, L_0x7f3b24236180;  1 drivers
L_0x7f3b242361c8 .functor BUFT 1, C4<1>, C4<0>, C4<0>, C4<0>;
v0x558e0ed69590_0 .net/2u *"_ivl_28", 0 0, L_0x7f3b242361c8;  1 drivers
v0x558e0ed69670_0 .net *"_ivl_31", 7 0, L_0x558e0ed7cfa0;  1 drivers
v0x558e0ed69750_0 .net *"_ivl_32", 8 0, L_0x558e0ed7d040;  1 drivers
L_0x7f3b24236210 .functor BUFT 1, C4<1>, C4<0>, C4<0>, C4<0>;
v0x558e0ed69830_0 .net/2u *"_ivl_34", 0 0, L_0x7f3b24236210;  1 drivers
v0x558e0ed69910_0 .net *"_ivl_37", 7 0, L_0x558e0ed7d210;  1 drivers
v0x558e0ed699f0_0 .net *"_ivl_38", 8 0, L_0x558e0ed7d2b0;  1 drivers
L_0x7f3b24236258 .functor BUFT 1, C4<1>, C4<0>, C4<0>, C4<0>;
v0x558e0ed69ad0_0 .net/2u *"_ivl_40", 0 0, L_0x7f3b24236258;  1 drivers
v0x558e0ed69bb0_0 .net *"_ivl_43", 7 0, L_0x558e0ed7d460;  1 drivers
v0x558e0ed69c90_0 .net *"_ivl_44", 8 0, L_0x558e0ed7d530;  1 drivers
L_0x7f3b242362a0 .functor BUFT 1, C4<1>, C4<0>, C4<0>, C4<0>;
v0x558e0ed69d70_0 .net/2u *"_ivl_46", 0 0, L_0x7f3b242362a0;  1 drivers
v0x558e0ed69e50_0 .net *"_ivl_49", 7 0, L_0x558e0ed7d6d0;  1 drivers
v0x558e0ed69f30_0 .net *"_ivl_5", 7 0, L_0x558e0ed7c550;  1 drivers
v0x558e0ed6a010_0 .net *"_ivl_50", 8 0, L_0x558e0ed7d7c0;  1 drivers
L_0x7f3b242362e8 .functor BUFT 1, C4<000101001>, C4<0>, C4<0>, C4<0>;
v0x558e0ed6a0f0_0 .net/2u *"_ivl_52", 8 0, L_0x7f3b242362e8;  1 drivers
v0x558e0ed6a1d0_0 .net *"_ivl_6", 8 0, L_0x558e0ed7c650;  1 drivers
L_0x7f3b242360a8 .functor BUFT 1, C4<1>, C4<0>, C4<0>, C4<0>;
v0x558e0ed6a2b0_0 .net/2u *"_ivl_8", 0 0, L_0x7f3b242360a8;  1 drivers
v0x558e0ed6a390_0 .net "clk_in", 0 0, v0x558e0ed6bac0_0;  1 drivers
v0x558e0ed6a430_0 .var "col1", 15 0;
v0x558e0ed6a4f0_0 .net "col1_in", 7 0, v0x558e0ed6bfb0_0;  1 drivers
v0x558e0ed6a7e0_0 .var "col2", 15 0;
v0x558e0ed6a8c0_0 .net "col2_in", 7 0, v0x558e0ed6c050_0;  1 drivers
v0x558e0ed6a9a0_0 .var "color", 2 0;
v0x558e0ed6aa80_0 .net "color_in", 2 0, v0x558e0ed6c0f0_0;  1 drivers
v0x558e0ed6ab60_0 .var "data_in", 8 0;
v0x558e0ed6ac20_0 .var "delay", 31 0;
v0x558e0ed6ace0_0 .var "draw_seq_index", 4 0;
v0x558e0ed6adc0_0 .var "init_data_index", 5 0;
v0x558e0ed6aea0_0 .var "row1", 15 0;
v0x558e0ed6af80_0 .net "row1_in", 8 0, v0x558e0ed6c190_0;  1 drivers
v0x558e0ed6b060_0 .var "row2", 15 0;
v0x558e0ed6b140_0 .net "row2_in", 8 0, v0x558e0ed6c230_0;  1 drivers
v0x558e0ed6b220_0 .net "rst_in", 0 0, v0x558e0ed6c2d0_0;  1 drivers
v0x558e0ed6b2c0_0 .var/2s "state", 31 0;
v0x558e0ed6b380_0 .net "tft_cs", 0 0, v0x558e0ed68710_0;  alias, 1 drivers
v0x558e0ed6b420_0 .net "tft_dc", 0 0, v0x558e0ed684b0_0;  alias, 1 drivers
v0x558e0ed6b4f0_0 .var "tft_reset", 0 0;
v0x558e0ed6b590_0 .net "tft_sck", 0 0, v0x558e0ed68170_0;  alias, 1 drivers
v0x558e0ed6b660_0 .net "tft_sdi", 0 0, v0x558e0ed683f0_0;  alias, 1 drivers
o0x7f3b2427fcd8 .functor BUFZ 1, C4<z>; HiZ drive
v0x558e0ed6b730_0 .net "tft_sdo", 0 0, o0x7f3b2427fcd8;  0 drivers
v0x558e0ed6b7d0_0 .var "trigger_in", 0 0;
v0x558e0ed6b8a0_0 .net "valid_in", 0 0, v0x558e0ed6c410_0;  1 drivers
L_0x558e0ed7c550 .part v0x558e0ed6a430_0, 8, 8;
L_0x558e0ed7c650 .concat [ 8 1 0 0], L_0x558e0ed7c550, L_0x7f3b24236060;
L_0x558e0ed7c7c0 .part v0x558e0ed6a430_0, 0, 8;
L_0x558e0ed7c8e0 .concat [ 8 1 0 0], L_0x558e0ed7c7c0, L_0x7f3b242360a8;
L_0x558e0ed7ca50 .part v0x558e0ed6a7e0_0, 8, 8;
L_0x558e0ed7cb20 .concat [ 8 1 0 0], L_0x558e0ed7ca50, L_0x7f3b242360f0;
L_0x558e0ed7cd20 .part v0x558e0ed6a7e0_0, 0, 8;
L_0x558e0ed7ce10 .concat [ 8 1 0 0], L_0x558e0ed7cd20, L_0x7f3b24236138;
L_0x558e0ed7cfa0 .part v0x558e0ed6aea0_0, 8, 8;
L_0x558e0ed7d040 .concat [ 8 1 0 0], L_0x558e0ed7cfa0, L_0x7f3b242361c8;
L_0x558e0ed7d210 .part v0x558e0ed6aea0_0, 0, 8;
L_0x558e0ed7d2b0 .concat [ 8 1 0 0], L_0x558e0ed7d210, L_0x7f3b24236210;
L_0x558e0ed7d460 .part v0x558e0ed6b060_0, 8, 8;
L_0x558e0ed7d530 .concat [ 8 1 0 0], L_0x558e0ed7d460, L_0x7f3b24236258;
L_0x558e0ed7d6d0 .part v0x558e0ed6b060_0, 0, 8;
L_0x558e0ed7d7c0 .concat [ 8 1 0 0], L_0x558e0ed7d6d0, L_0x7f3b242362a0;
LS_0x558e0ed7d990_0_0 .concat [ 9 9 9 9], L_0x7f3b242362e8, L_0x558e0ed7d7c0, L_0x558e0ed7d530, L_0x558e0ed7d2b0;
LS_0x558e0ed7d990_0_4 .concat [ 9 9 9 9], L_0x558e0ed7d040, L_0x7f3b24236180, L_0x558e0ed7ce10, L_0x558e0ed7cb20;
LS_0x558e0ed7d990_0_8 .concat [ 9 9 9 0], L_0x558e0ed7c8e0, L_0x558e0ed7c650, L_0x7f3b24236018;
L_0x558e0ed7d990 .concat [ 36 36 27 0], LS_0x558e0ed7d990_0_0, LS_0x558e0ed7d990_0_4, LS_0x558e0ed7d990_0_8;
S_0x558e0ed27b30 .scope module, "spi" "spi_tx" 4 86, 5 5 0, S_0x558e0ecd1f20;
 .timescale -9 -12;
    .port_info 0 /INPUT 1 "clk_in";
    .port_info 1 /INPUT 1 "rst_in";
    .port_info 2 /INPUT 9 "data_in";
    .port_info 3 /INPUT 1 "trigger_in";
    .port_info 4 /OUTPUT 1 "data_out";
    .port_info 5 /OUTPUT 1 "data_clk_out";
    .port_info 6 /OUTPUT 1 "sel_out";
    .port_info 7 /OUTPUT 1 "dc_out";
P_0x558e0ed3e880 .param/l "DATA_PERIOD" 0 5 7, +C4<00000000000000000000000001100100>;
P_0x558e0ed3e8c0 .param/l "DATA_WIDTH" 0 5 6, +C4<00000000000000000000000000001000>;
v0x558e0ed0b920_0 .net "FULL_PERIOD", 7 0, L_0x558e0ed7dda0;  1 drivers
L_0x7f3b24236378 .functor BUFT 1, C4<0110010>, C4<0>, C4<0>, C4<0>;
v0x558e0ed10390_0 .net "HALF_PERIOD", 6 0, L_0x7f3b24236378;  1 drivers
L_0x7f3b24236408 .functor BUFT 1, C4<00110010>, C4<0>, C4<0>, C4<0>;
v0x558e0ed48300_0 .net *"_ivl_2", 7 0, L_0x7f3b24236408;  1 drivers
L_0x7f3b242363c0 .functor BUFT 1, C4<00000010>, C4<0>, C4<0>, C4<0>;
v0x558e0ed3f050_0 .net/2u *"_ivl_6", 7 0, L_0x7f3b242363c0;  1 drivers
v0x558e0ed67f80_0 .net "clk_in", 0 0, v0x558e0ed6bac0_0;  alias, 1 drivers
v0x558e0ed68090_0 .var "data", 7 0;
v0x558e0ed68170_0 .var "data_clk_out", 0 0;
v0x558e0ed68230_0 .var "data_i", 7 0;
v0x558e0ed68310_0 .net "data_in", 8 0, v0x558e0ed6ab60_0;  1 drivers
v0x558e0ed683f0_0 .var "data_out", 0 0;
v0x558e0ed684b0_0 .var "dc_out", 0 0;
v0x558e0ed68570_0 .var "period_counter", 7 0;
v0x558e0ed68650_0 .net "rst_in", 0 0, v0x558e0ed6c2d0_0;  alias, 1 drivers
v0x558e0ed68710_0 .var "sel_out", 0 0;
v0x558e0ed687d0_0 .net "trigger_in", 0 0, v0x558e0ed6b7d0_0;  1 drivers
E_0x558e0ed435b0 .event posedge, v0x558e0ed67f80_0;
L_0x558e0ed7dda0 .arith/mult 8, L_0x7f3b24236408, L_0x7f3b242363c0;
    .scope S_0x558e0ed27b30;
T_0 ;
    %wait E_0x558e0ed435b0;
    %load/vec4 v0x558e0ed68650_0;
    %flag_set/vec4 8;
    %jmp/0xz  T_0.0, 8;
    %pushi/vec4 1, 0, 1;
    %assign/vec4 v0x558e0ed68710_0, 0;
    %load/vec4 v0x558e0ed68310_0;
    %pad/u 8;
    %assign/vec4 v0x558e0ed68090_0, 0;
    %pushi/vec4 7, 0, 8;
    %assign/vec4 v0x558e0ed68230_0, 0;
    %pushi/vec4 0, 0, 8;
    %assign/vec4 v0x558e0ed68570_0, 0;
    %pushi/vec4 0, 0, 1;
    %assign/vec4 v0x558e0ed68170_0, 0;
    %pushi/vec4 1, 0, 1;
    %assign/vec4 v0x558e0ed683f0_0, 0;
    %jmp T_0.1;
T_0.0 ;
    %load/vec4 v0x558e0ed68710_0;
    %load/vec4 v0x558e0ed687d0_0;
    %and;
    %flag_set/vec4 8;
    %jmp/0xz  T_0.2, 8;
    %pushi/vec4 0, 0, 1;
    %assign/vec4 v0x558e0ed68170_0, 0;
    %pushi/vec4 0, 0, 1;
    %assign/vec4 v0x558e0ed68710_0, 0;
    %load/vec4 v0x558e0ed68310_0;
    %parti/s 1, 8, 5;
    %assign/vec4 v0x558e0ed684b0_0, 0;
    %load/vec4 v0x558e0ed68310_0;
    %load/vec4 v0x558e0ed68230_0;
    %part/u 1;
    %assign/vec4 v0x558e0ed683f0_0, 0;
    %load/vec4 v0x558e0ed68310_0;
    %pad/u 8;
    %assign/vec4 v0x558e0ed68090_0, 0;
    %jmp T_0.3;
T_0.2 ;
    %load/vec4 v0x558e0ed68710_0;
    %nor/r;
    %flag_set/vec4 8;
    %jmp/0xz  T_0.4, 8;
    %load/vec4 v0x558e0ed68570_0;
    %pad/u 32;
    %dup/vec4;
    %load/vec4 v0x558e0ed0b920_0;
    %pad/u 32;
    %subi 1, 0, 32;
    %cmp/u;
    %jmp/1 T_0.6, 6;
    %dup/vec4;
    %load/vec4 v0x558e0ed10390_0;
    %pad/u 32;
    %subi 1, 0, 32;
    %cmp/u;
    %jmp/1 T_0.7, 6;
    %jmp T_0.8;
T_0.6 ;
    %pushi/vec4 0, 0, 1;
    %assign/vec4 v0x558e0ed68170_0, 0;
    %load/vec4 v0x558e0ed68230_0;
    %pad/u 32;
    %cmpi/e 0, 0, 32;
    %jmp/0xz  T_0.9, 4;
    %pushi/vec4 1, 0, 1;
    %assign/vec4 v0x558e0ed68710_0, 0;
    %load/vec4 v0x558e0ed68310_0;
    %pad/u 8;
    %assign/vec4 v0x558e0ed68090_0, 0;
    %pushi/vec4 7, 0, 8;
    %assign/vec4 v0x558e0ed68230_0, 0;
    %pushi/vec4 0, 0, 8;
    %assign/vec4 v0x558e0ed68570_0, 0;
    %pushi/vec4 0, 0, 1;
    %assign/vec4 v0x558e0ed68170_0, 0;
    %pushi/vec4 1, 0, 1;
    %assign/vec4 v0x558e0ed683f0_0, 0;
    %jmp T_0.10;
T_0.9 ;
    %load/vec4 v0x558e0ed68090_0;
    %load/vec4 v0x558e0ed68230_0;
    %pad/u 32;
    %subi 1, 0, 32;
    %part/u 1;
    %assign/vec4 v0x558e0ed683f0_0, 0;
    %load/vec4 v0x558e0ed68230_0;
    %subi 1, 0, 8;
    %assign/vec4 v0x558e0ed68230_0, 0;
T_0.10 ;
    %jmp T_0.8;
T_0.7 ;
    %pushi/vec4 1, 0, 1;
    %assign/vec4 v0x558e0ed68170_0, 0;
    %jmp T_0.8;
T_0.8 ;
    %pop/vec4 1;
    %load/vec4 v0x558e0ed68570_0;
    %pad/u 32;
    %load/vec4 v0x558e0ed0b920_0;
    %pad/u 32;
    %subi 1, 0, 32;
    %cmp/e;
    %jmp/0xz  T_0.11, 4;
    %pushi/vec4 0, 0, 8;
    %assign/vec4 v0x558e0ed68570_0, 0;
    %jmp T_0.12;
T_0.11 ;
    %load/vec4 v0x558e0ed68570_0;
    %addi 1, 0, 8;
    %assign/vec4 v0x558e0ed68570_0, 0;
T_0.12 ;
T_0.4 ;
T_0.3 ;
T_0.1 ;
    %jmp T_0;
    .thread T_0;
    .scope S_0x558e0ecd1f20;
T_1 ;
    %pushi/vec4 2711552193, 0, 35;
    %concati/vec4 3424499272, 0, 32;
    %concati/vec4 3797423942, 0, 35;
    %concati/vec4 2954611502, 0, 35;
    %concati/vec4 3864592538, 0, 33;
    %concati/vec4 2168316942, 0, 33;
    %concati/vec4 2818834817, 0, 32;
    %concati/vec4 2575503714, 0, 34;
    %concati/vec4 3446131837, 0, 32;
    %concati/vec4 4041910961, 0, 32;
    %concati/vec4 2152121552, 0, 32;
    %concati/vec4 2491411320, 0, 35;
    %concati/vec4 3949483530, 0, 34;
    %concati/vec4 10354729, 0, 25;
    %store/vec4 v0x558e0ed68a70_0, 0, 459;
    %end;
    .thread T_1, $init;
    .scope S_0x558e0ecd1f20;
T_2 ;
    %wait E_0x558e0ed435b0;
    %load/vec4 v0x558e0ed6b220_0;
    %flag_set/vec4 8;
    %jmp/0xz  T_2.0, 8;
    %pushi/vec4 0, 0, 1;
    %assign/vec4 v0x558e0ed6b4f0_0, 0;
    %pushi/vec4 0, 0, 32;
    %assign/vec4 v0x558e0ed6ac20_0, 0;
    %pushi/vec4 0, 0, 6;
    %assign/vec4 v0x558e0ed6adc0_0, 0;
    %pushi/vec4 0, 0, 32;
    %assign/vec4 v0x558e0ed6b2c0_0, 0;
    %jmp T_2.1;
T_2.0 ;
    %pushi/vec4 0, 0, 1;
    %assign/vec4 v0x558e0ed6b7d0_0, 0;
    %load/vec4 v0x558e0ed6ac20_0;
    %cmpi/u 0, 0, 32;
    %flag_or 5, 4; GT is !LE
    %flag_inv 5;
    %jmp/0xz  T_2.2, 5;
    %load/vec4 v0x558e0ed6ac20_0;
    %subi 1, 0, 32;
    %assign/vec4 v0x558e0ed6ac20_0, 0;
    %jmp T_2.3;
T_2.2 ;
    %load/vec4 v0x558e0ed6b2c0_0;
    %dup/vec4;
    %pushi/vec4 0, 0, 32;
    %cmp/u;
    %jmp/1 T_2.4, 6;
    %dup/vec4;
    %pushi/vec4 1, 0, 32;
    %cmp/u;
    %jmp/1 T_2.5, 6;
    %dup/vec4;
    %pushi/vec4 2, 0, 32;
    %cmp/u;
    %jmp/1 T_2.6, 6;
    %dup/vec4;
    %pushi/vec4 3, 0, 32;
    %cmp/u;
    %jmp/1 T_2.7, 6;
    %dup/vec4;
    %pushi/vec4 4, 0, 32;
    %cmp/u;
    %jmp/1 T_2.8, 6;
    %jmp T_2.9;
T_2.4 ;
    %pushi/vec4 1, 0, 1;
    %assign/vec4 v0x558e0ed6b4f0_0, 0;
    %load/vec4 v0x558e0ed68b30_0;
    %assign/vec4 v0x558e0ed6ac20_0, 0;
    %pushi/vec4 1, 0, 32;
    %assign/vec4 v0x558e0ed6b2c0_0, 0;
    %jmp T_2.9;
T_2.5 ;
    %pushi/vec4 17, 0, 9;
    %assign/vec4 v0x558e0ed6ab60_0, 0;
    %pushi/vec4 1, 0, 1;
    %assign/vec4 v0x558e0ed6b7d0_0, 0;
    %load/vec4 v0x558e0ed68b30_0;
    %assign/vec4 v0x558e0ed6ac20_0, 0;
    %pushi/vec4 2, 0, 32;
    %assign/vec4 v0x558e0ed6b2c0_0, 0;
    %jmp T_2.9;
T_2.6 ;
    %load/vec4 v0x558e0ed6adc0_0;
    %pad/u 32;
    %cmpi/ne 51, 0, 32;
    %jmp/0xz  T_2.10, 4;
    %load/vec4 v0x558e0ed68a70_0;
    %pushi/vec4 450, 0, 11;
    %load/vec4 v0x558e0ed6adc0_0;
    %pad/u 10;
    %muli 9, 0, 10;
    %pad/u 11;
    %sub;
    %part/u 9;
    %assign/vec4 v0x558e0ed6ab60_0, 0;
    %pushi/vec4 1, 0, 1;
    %assign/vec4 v0x558e0ed6b7d0_0, 0;
    %load/vec4 v0x558e0ed6adc0_0;
    %addi 1, 0, 6;
    %assign/vec4 v0x558e0ed6adc0_0, 0;
    %load/vec4 v0x558e0ed68b30_0;
    %assign/vec4 v0x558e0ed6ac20_0, 0;
    %jmp T_2.11;
T_2.10 ;
    %pushi/vec4 3, 0, 32;
    %assign/vec4 v0x558e0ed6b2c0_0, 0;
T_2.11 ;
    %jmp T_2.9;
T_2.7 ;
    %load/vec4 v0x558e0ed6b8a0_0;
    %flag_set/vec4 8;
    %jmp/0xz  T_2.12, 8;
    %load/vec4 v0x558e0ed6a4f0_0;
    %pad/u 16;
    %assign/vec4 v0x558e0ed6a430_0, 0;
    %load/vec4 v0x558e0ed6a8c0_0;
    %pad/u 16;
    %assign/vec4 v0x558e0ed6a7e0_0, 0;
    %load/vec4 v0x558e0ed6af80_0;
    %pad/u 16;
    %assign/vec4 v0x558e0ed6aea0_0, 0;
    %load/vec4 v0x558e0ed6b140_0;
    %pad/u 16;
    %assign/vec4 v0x558e0ed6b060_0, 0;
    %load/vec4 v0x558e0ed6aa80_0;
    %assign/vec4 v0x558e0ed6a9a0_0, 0;
    %pushi/vec4 0, 0, 5;
    %assign/vec4 v0x558e0ed6ace0_0, 0;
    %pushi/vec4 4, 0, 32;
    %assign/vec4 v0x558e0ed6b2c0_0, 0;
T_2.12 ;
    %jmp T_2.9;
T_2.8 ;
    %load/vec4 v0x558e0ed6ace0_0;
    %pad/u 32;
    %cmpi/ne 11, 0, 32;
    %jmp/0xz  T_2.14, 4;
    %load/vec4 v0x558e0ed68990_0;
    %pushi/vec4 90, 0, 10;
    %load/vec4 v0x558e0ed6ace0_0;
    %pad/u 9;
    %muli 9, 0, 9;
    %pad/u 10;
    %sub;
    %part/u 9;
    %assign/vec4 v0x558e0ed6ab60_0, 0;
    %pushi/vec4 1, 0, 1;
    %assign/vec4 v0x558e0ed6b7d0_0, 0;
    %load/vec4 v0x558e0ed6ace0_0;
    %addi 1, 0, 5;
    %assign/vec4 v0x558e0ed6ace0_0, 0;
    %load/vec4 v0x558e0ed68b30_0;
    %assign/vec4 v0x558e0ed6ac20_0, 0;
    %jmp T_2.15;
T_2.14 ;
    %pushi/vec4 3, 0, 32;
    %assign/vec4 v0x558e0ed6b2c0_0, 0;
T_2.15 ;
    %jmp T_2.9;
T_2.9 ;
    %pop/vec4 1;
T_2.3 ;
T_2.1 ;
    %jmp T_2;
    .thread T_2;
    .scope S_0x558e0ecd1d90;
T_3 ;
    %delay 5000, 0;
    %load/vec4 v0x558e0ed6bac0_0;
    %nor/r;
    %store/vec4 v0x558e0ed6bac0_0, 0, 1;
    %jmp T_3;
    .thread T_3;
    .scope S_0x558e0ecd1d90;
T_4 ;
    %vpi_call/w 3 42 "$dumpfile", "touch.vcd" {0 0 0};
    %vpi_call/w 3 43 "$dumpvars", 32'sb00000000000000000000000000000000, S_0x558e0ecd1d90 {0 0 0};
    %vpi_call/w 3 44 "$display", "Starting Sim" {0 0 0};
    %pushi/vec4 0, 0, 1;
    %store/vec4 v0x558e0ed6bac0_0, 0, 1;
    %pushi/vec4 0, 0, 1;
    %store/vec4 v0x558e0ed6c2d0_0, 0, 1;
    %delay 10000, 0;
    %pushi/vec4 1, 0, 1;
    %store/vec4 v0x558e0ed6c2d0_0, 0, 1;
    %delay 10000, 0;
    %pushi/vec4 0, 0, 1;
    %store/vec4 v0x558e0ed6c2d0_0, 0, 1;
    %delay 50000, 0;
    %delay 600000000, 0;
    %pushi/vec4 100, 0, 8;
    %store/vec4 v0x558e0ed6bfb0_0, 0, 8;
    %pushi/vec4 150, 0, 8;
    %store/vec4 v0x558e0ed6c050_0, 0, 8;
    %pushi/vec4 200, 0, 9;
    %store/vec4 v0x558e0ed6c190_0, 0, 9;
    %pushi/vec4 250, 0, 9;
    %store/vec4 v0x558e0ed6c230_0, 0, 9;
    %pushi/vec4 0, 0, 3;
    %store/vec4 v0x558e0ed6c0f0_0, 0, 3;
    %pushi/vec4 1, 0, 1;
    %store/vec4 v0x558e0ed6c410_0, 0, 1;
    %delay 10000, 0;
    %pushi/vec4 0, 0, 1;
    %store/vec4 v0x558e0ed6c410_0, 0, 1;
    %delay 200000000, 0;
    %vpi_call/w 3 81 "$display", "Finishing Sim" {0 0 0};
    %vpi_call/w 3 82 "$finish" {0 0 0};
    %end;
    .thread T_4;
# The file index is used to find the file name in the following table.
:file_names 6;
    "N/A";
    "<interactive>";
    "-";
    "sim/touch_tb.sv";
    "hdl/touchscreen.sv";
    "hdl/spi_tx.sv";
