#! /ucrt64/bin/vvp
:ivl_version "12.0 (devel)" "(s20150603-1391-gd480c4d7d)";
:ivl_delay_selection "TYPICAL";
:vpi_time_precision - 12;
:vpi_module "C:\msys64\ucrt64\lib\ivl\system.vpi";
:vpi_module "C:\msys64\ucrt64\lib\ivl\vhdl_sys.vpi";
:vpi_module "C:\msys64\ucrt64\lib\ivl\vhdl_textio.vpi";
:vpi_module "C:\msys64\ucrt64\lib\ivl\v2005_math.vpi";
:vpi_module "C:\msys64\ucrt64\lib\ivl\va_math.vpi";
:vpi_module "C:\msys64\ucrt64\lib\ivl\v2009.vpi";
S_000001668cc7a850 .scope package, "$unit" "$unit" 2 1;
 .timescale 0 0;
S_000001668cc7ab70 .scope module, "baud_tb" "baud_tb" 3 4;
 .timescale -9 -12;
L_000001668cdd0088 .functor BUFT 1, C4<00000000000000000000000000000001>, C4<0>, C4<0>, C4<0>;
v000001668cc4c660_0 .net/2s *"_ivl_0", 31 0, L_000001668cdd0088;  1 drivers
v000001668cc4c700_0 .net "bluetooth_clk", 0 0, L_000001668cc864f0;  1 drivers
v000001668cc860e0_0 .var "clk_in", 0 0;
v000001668cc86180_0 .var "rst_in", 0 0;
L_000001668cc86270 .part L_000001668cdd0088, 0, 1;
S_000001668cc4c390 .scope module, "uut" "baud_clk" 3 11, 4 3 0, S_000001668cc7ab70;
 .timescale -9 -12;
    .port_info 0 /INPUT 1 "clk";
    .port_info 1 /INPUT 1 "rst_in";
    .port_info 2 /INPUT 1 "enable";
    .port_info 3 /OUTPUT 1 "tick";
P_000001668cc7a570 .param/l "AccWidth" 1 4 13, +C4<000000000000000000000000000010010>;
P_000001668cc7a5a8 .param/l "Baud" 0 4 10, +C4<00000000000000011100001000000000>;
P_000001668cc7a5e0 .param/l "ClkFrequency" 0 4 9, +C4<00000101111101011110000100000000>;
P_000001668cc7a618 .param/l "Inc" 1 4 22, +C4<000000000000000000000000100101110>;
P_000001668cc7a650 .param/l "Oversampling" 0 4 11, +C4<00000000000000000000000000000001>;
P_000001668cc7a688 .param/l "ShiftLimiter" 1 4 18, +C4<00000000000000000000000000000100>;
v000001668cc7ad00_0 .var "Acc", 18 0;
v000001668cc79ba0_0 .net "clk", 0 0, v000001668cc860e0_0;  1 drivers
v000001668cc77df0_0 .net "enable", 0 0, L_000001668cc86270;  1 drivers
v000001668cc4c520_0 .net "rst_in", 0 0, v000001668cc86180_0;  1 drivers
v000001668cc4c5c0_0 .net "tick", 0 0, L_000001668cc864f0;  alias, 1 drivers
E_000001668cc76d60 .event posedge, v000001668cc79ba0_0;
L_000001668cc864f0 .part v000001668cc7ad00_0, 18, 1;
    .scope S_000001668cc4c390;
T_0 ;
    %wait E_000001668cc76d60;
    %load/vec4 v000001668cc4c520_0;
    %flag_set/vec4 8;
    %jmp/0xz  T_0.0, 8;
    %pushi/vec4 0, 0, 19;
    %assign/vec4 v000001668cc7ad00_0, 0;
    %jmp T_0.1;
T_0.0 ;
    %load/vec4 v000001668cc77df0_0;
    %flag_set/vec4 8;
    %jmp/0xz  T_0.2, 8;
    %load/vec4 v000001668cc7ad00_0;
    %parti/s 18, 0, 2;
    %pad/u 19;
    %addi 302, 0, 19;
    %assign/vec4 v000001668cc7ad00_0, 0;
    %jmp T_0.3;
T_0.2 ;
    %pushi/vec4 302, 0, 19;
    %assign/vec4 v000001668cc7ad00_0, 0;
T_0.3 ;
T_0.1 ;
    %jmp T_0;
    .thread T_0;
    .scope S_000001668cc7ab70;
T_1 ;
    %delay 5000, 0;
    %load/vec4 v000001668cc860e0_0;
    %nor/r;
    %store/vec4 v000001668cc860e0_0, 0, 1;
    %jmp T_1;
    .thread T_1;
    .scope S_000001668cc7ab70;
T_2 ;
    %vpi_call/w 3 24 "$dumpfile", "baud_tb.vcd" {0 0 0};
    %vpi_call/w 3 25 "$dumpvars", 32'sb00000000000000000000000000000000, S_000001668cc7ab70 {0 0 0};
    %vpi_call/w 3 26 "$display", "Starting Sim" {0 0 0};
    %pushi/vec4 0, 0, 1;
    %store/vec4 v000001668cc860e0_0, 0, 1;
    %pushi/vec4 0, 0, 1;
    %store/vec4 v000001668cc86180_0, 0, 1;
    %delay 10000, 0;
    %pushi/vec4 1, 0, 1;
    %store/vec4 v000001668cc86180_0, 0, 1;
    %delay 10000, 0;
    %pushi/vec4 0, 0, 1;
    %store/vec4 v000001668cc86180_0, 0, 1;
    %delay 100000000, 0;
    %vpi_call/w 3 34 "$display", "Simulation finished" {0 0 0};
    %vpi_call/w 3 35 "$finish" {0 0 0};
    %end;
    .thread T_2;
# The file index is used to find the file name in the following table.
:file_names 5;
    "N/A";
    "<interactive>";
    "-";
    "sim/baud_tb.sv";
    "hdl/baud_clk.sv";
