#! /ucrt64/bin/vvp
:ivl_version "12.0 (devel)" "(s20150603-1391-gd480c4d7d)";
:ivl_delay_selection "TYPICAL";
:vpi_time_precision - 12;
:vpi_module "C:\msys64\ucrt64\lib\ivl\system.vpi";
:vpi_module "C:\msys64\ucrt64\lib\ivl\vhdl_sys.vpi";
:vpi_module "C:\msys64\ucrt64\lib\ivl\vhdl_textio.vpi";
:vpi_module "C:\msys64\ucrt64\lib\ivl\v2005_math.vpi";
:vpi_module "C:\msys64\ucrt64\lib\ivl\va_math.vpi";
:vpi_module "C:\msys64\ucrt64\lib\ivl\v2009.vpi";
S_00000216124d0a10 .scope package, "$unit" "$unit" 2 1;
 .timescale 0 0;
S_00000216124d0d30 .scope module, "display_tb" "display_tb" 3 4;
 .timescale -9 -12;
v00000216125e5e50_0 .var "clk_in", 0 0;
v00000216125e5ef0_0 .net "cs_out", 0 0, v00000216125e5bd0_0;  1 drivers
v00000216125e71b0_0 .var "curr_color", 7 0;
v00000216125e5f90_0 .net "data_clk_out", 0 0, v00000216124bcd80_0;  1 drivers
v00000216125e68f0_0 .net "data_out", 0 0, v00000216124bd460_0;  1 drivers
v00000216125e6030_0 .net "dc_out", 0 0, v00000216124bdf00_0;  1 drivers
v00000216125e60d0_0 .var "draw_col1", 7 0;
v00000216125e6170_0 .var "draw_col2", 7 0;
v00000216125e6210_0 .var "draw_color", 2 0;
v00000216125e7070_0 .var "draw_row1", 8 0;
v00000216125e6530_0 .var "draw_row2", 8 0;
v00000216125e6350_0 .var "rst_in", 0 0;
v00000216125e63f0_0 .net "rst_out", 0 0, v00000216125e7570_0;  1 drivers
v00000216125e6670_0 .var "size", 0 0;
v00000216125e6710_0 .var "valid_draw_data", 0 0;
S_0000021612480be0 .scope module, "screen" "display" 3 20, 4 5 0, S_00000216124d0d30;
 .timescale -9 -12;
    .port_info 0 /INPUT 1 "clk_in";
    .port_info 1 /INPUT 1 "rst_in";
    .port_info 2 /INPUT 1 "custom_in";
    .port_info 3 /INPUT 8 "col1_in";
    .port_info 4 /INPUT 8 "col2_in";
    .port_info 5 /INPUT 9 "row1_in";
    .port_info 6 /INPUT 9 "row2_in";
    .port_info 7 /INPUT 3 "color_in";
    .port_info 8 /INPUT 1 "valid_in";
    .port_info 9 /INPUT 8 "curr_color";
    .port_info 10 /INPUT 1 "size";
    .port_info 11 /INPUT 1 "tft_sdo";
    .port_info 12 /OUTPUT 1 "tft_sck";
    .port_info 13 /OUTPUT 1 "tft_sdi";
    .port_info 14 /OUTPUT 1 "tft_dc";
    .port_info 15 /OUTPUT 1 "tft_reset";
    .port_info 16 /OUTPUT 1 "tft_cs";
    .port_info 17 /OUTPUT 1 "drawn_finished";
    .port_info 18 /INPUT 16 "sw";
    .port_info 19 /OUTPUT 5 "state_out";
P_0000021612480d70 .param/l "COLOR_WIDTH" 0 4 7, +C4<00000000000000000000000000000011>;
P_0000021612480da8 .param/l "CUSTOM_DATA_SIZE" 1 4 39, +C4<00000000000000000000000000000010>;
P_0000021612480de0 .param/l "DRAW_SEQ_SIZE" 1 4 76, +C4<00000000000000000000000000011101>;
P_0000021612480e18 .param/l "DRAW_SEQ_SIZE_BIGGER" 1 4 91, +C4<00000000000000000000000000101011>;
P_0000021612480e50 .param/l "INIT_DATA_SIZE" 1 4 47, +C4<00000000000000000000000001011000>;
P_0000021612480e88 .param/l "NUM_COLS" 0 4 8, +C4<00000000000000000000000011110000>;
P_0000021612480ec0 .param/l "NUM_ROWS" 0 4 9, +C4<00000000000000000000000101000000>;
enum000002161248dcf0 .enum2/s (32)
   "RESET" 0,
   "INIT" 1,
   "IDLE" 2,
   "DRAW" 3,
   "CUSTOM" 4
 ;
v00000216124be0e0_0 .net "CUSTOM_DATA", 17 0, L_00000216125e6a30;  1 drivers
v00000216124bd820_0 .net "DRAW_SEQ", 260 0, L_0000021612640ba0;  1 drivers
v00000216124be180_0 .net "DRAW_SEQ_BIGGER", 260 0, L_0000021612642d90;  1 drivers
v00000216124bddc0_0 .var "INIT_DATA", 791 0;
L_00000216125e8d48 .functor BUFT 1, C4<00000000000000000000000001100100>, C4<0>, C4<0>, C4<0>;
v00000216124bdbe0_0 .net "STANDARD_DELAY", 31 0, L_00000216125e8d48;  1 drivers
L_00000216125e7878 .functor BUFT 1, C4<0>, C4<0>, C4<0>, C4<0>;
v00000216124be5e0_0 .net/2u *"_ivl_0", 0 0, L_00000216125e7878;  1 drivers
v00000216124bd140_0 .net *"_ivl_10", 8 0, L_00000216125e6990;  1 drivers
L_00000216125e7e60 .functor BUFT 1, C4<1>, C4<0>, C4<0>, C4<0>;
v00000216124bd8c0_0 .net/2u *"_ivl_100", 0 0, L_00000216125e7e60;  1 drivers
v00000216124bd280_0 .net *"_ivl_102", 8 0, L_00000216126411e0;  1 drivers
L_00000216125e7ea8 .functor BUFT 1, C4<1>, C4<0>, C4<0>, C4<0>;
v00000216124be680_0 .net/2u *"_ivl_104", 0 0, L_00000216125e7ea8;  1 drivers
v00000216124bd5a0_0 .net *"_ivl_106", 8 0, L_0000021612640740;  1 drivers
L_00000216125e7ef0 .functor BUFT 1, C4<1>, C4<0>, C4<0>, C4<0>;
v00000216124bd320_0 .net/2u *"_ivl_108", 0 0, L_00000216125e7ef0;  1 drivers
v00000216124bdfa0_0 .net *"_ivl_110", 8 0, L_0000021612641000;  1 drivers
L_00000216125e7f38 .functor BUFT 1, C4<1>, C4<0>, C4<0>, C4<0>;
v00000216124bd960_0 .net/2u *"_ivl_112", 0 0, L_00000216125e7f38;  1 drivers
v00000216124bc880_0 .net *"_ivl_114", 8 0, L_000002161263fe80;  1 drivers
L_00000216125e7f80 .functor BUFT 1, C4<1>, C4<0>, C4<0>, C4<0>;
v00000216124bd3c0_0 .net/2u *"_ivl_116", 0 0, L_00000216125e7f80;  1 drivers
v00000216124bc9c0_0 .net *"_ivl_118", 8 0, L_0000021612641460;  1 drivers
L_00000216125e7fc8 .functor BUFT 1, C4<1>, C4<0>, C4<0>, C4<0>;
v00000216124bda00_0 .net/2u *"_ivl_120", 0 0, L_00000216125e7fc8;  1 drivers
v00000216124bca60_0 .net *"_ivl_122", 8 0, L_0000021612640f60;  1 drivers
L_00000216125e8010 .functor BUFT 1, C4<1>, C4<0>, C4<0>, C4<0>;
v00000216124bcb00_0 .net/2u *"_ivl_124", 0 0, L_00000216125e8010;  1 drivers
v00000216124bcba0_0 .net *"_ivl_126", 8 0, L_00000216126415a0;  1 drivers
L_00000216125e8058 .functor BUFT 1, C4<1>, C4<0>, C4<0>, C4<0>;
v00000216124bcce0_0 .net/2u *"_ivl_128", 0 0, L_00000216125e8058;  1 drivers
v00000216124bce20_0 .net *"_ivl_130", 8 0, L_0000021612641280;  1 drivers
L_00000216125e80a0 .functor BUFT 1, C4<1>, C4<0>, C4<0>, C4<0>;
v00000216124bcec0_0 .net/2u *"_ivl_132", 0 0, L_00000216125e80a0;  1 drivers
v00000216124bcf60_0 .net *"_ivl_134", 8 0, L_000002161263fca0;  1 drivers
L_00000216125e80e8 .functor BUFT 1, C4<1>, C4<0>, C4<0>, C4<0>;
v00000216125de420_0 .net/2u *"_ivl_136", 0 0, L_00000216125e80e8;  1 drivers
v00000216125deb00_0 .net *"_ivl_138", 8 0, L_0000021612640a60;  1 drivers
L_00000216125e7908 .functor BUFT 1, C4<000101010>, C4<0>, C4<0>, C4<0>;
v00000216125dfd20_0 .net/2u *"_ivl_14", 8 0, L_00000216125e7908;  1 drivers
L_00000216125e8130 .functor BUFT 1, C4<000101010>, C4<0>, C4<0>, C4<0>;
v00000216125de4c0_0 .net/2u *"_ivl_142", 8 0, L_00000216125e8130;  1 drivers
L_00000216125e8178 .functor BUFT 1, C4<1>, C4<0>, C4<0>, C4<0>;
v00000216125df6e0_0 .net/2u *"_ivl_144", 0 0, L_00000216125e8178;  1 drivers
v00000216125dea60_0 .net *"_ivl_147", 7 0, L_00000216126402e0;  1 drivers
v00000216125de380_0 .net *"_ivl_148", 8 0, L_0000021612640420;  1 drivers
L_00000216125e81c0 .functor BUFT 1, C4<1>, C4<0>, C4<0>, C4<0>;
v00000216125dfbe0_0 .net/2u *"_ivl_150", 0 0, L_00000216125e81c0;  1 drivers
v00000216125df000_0 .net *"_ivl_153", 7 0, L_0000021612640880;  1 drivers
v00000216125df140_0 .net *"_ivl_154", 8 0, L_00000216126404c0;  1 drivers
L_00000216125e8208 .functor BUFT 1, C4<1>, C4<0>, C4<0>, C4<0>;
v00000216125de560_0 .net/2u *"_ivl_156", 0 0, L_00000216125e8208;  1 drivers
v00000216125de600_0 .net *"_ivl_159", 7 0, L_00000216126410a0;  1 drivers
L_00000216125e7950 .functor BUFT 1, C4<1>, C4<0>, C4<0>, C4<0>;
v00000216125dfdc0_0 .net/2u *"_ivl_16", 0 0, L_00000216125e7950;  1 drivers
v00000216125df280_0 .net *"_ivl_160", 8 0, L_000002161263fde0;  1 drivers
L_00000216125e8250 .functor BUFT 1, C4<1>, C4<0>, C4<0>, C4<0>;
v00000216125df5a0_0 .net/2u *"_ivl_162", 0 0, L_00000216125e8250;  1 drivers
v00000216125df960_0 .net *"_ivl_165", 7 0, L_0000021612641140;  1 drivers
v00000216125dec40_0 .net *"_ivl_166", 8 0, L_0000021612640c40;  1 drivers
L_00000216125e8298 .functor BUFT 1, C4<000101011>, C4<0>, C4<0>, C4<0>;
v00000216125de1a0_0 .net/2u *"_ivl_168", 8 0, L_00000216125e8298;  1 drivers
L_00000216125e82e0 .functor BUFT 1, C4<1>, C4<0>, C4<0>, C4<0>;
v00000216125df460_0 .net/2u *"_ivl_170", 0 0, L_00000216125e82e0;  1 drivers
v00000216125dfc80_0 .net *"_ivl_173", 7 0, L_0000021612640ce0;  1 drivers
v00000216125de6a0_0 .net *"_ivl_174", 8 0, L_000002161263f980;  1 drivers
L_00000216125e8328 .functor BUFT 1, C4<1>, C4<0>, C4<0>, C4<0>;
v00000216125de880_0 .net/2u *"_ivl_176", 0 0, L_00000216125e8328;  1 drivers
v00000216125def60_0 .net *"_ivl_179", 7 0, L_0000021612641500;  1 drivers
v00000216125de920_0 .net *"_ivl_180", 8 0, L_000002161263ffc0;  1 drivers
L_00000216125e8370 .functor BUFT 1, C4<1>, C4<0>, C4<0>, C4<0>;
v00000216125dff00_0 .net/2u *"_ivl_182", 0 0, L_00000216125e8370;  1 drivers
v00000216125df0a0_0 .net *"_ivl_185", 7 0, L_00000216126406a0;  1 drivers
v00000216125df320_0 .net *"_ivl_186", 8 0, L_0000021612641320;  1 drivers
L_00000216125e83b8 .functor BUFT 1, C4<1>, C4<0>, C4<0>, C4<0>;
v00000216125de740_0 .net/2u *"_ivl_188", 0 0, L_00000216125e83b8;  1 drivers
v00000216125dfa00_0 .net *"_ivl_19", 7 0, L_00000216125e6ad0;  1 drivers
v00000216125de240_0 .net *"_ivl_191", 7 0, L_0000021612640d80;  1 drivers
v00000216125dece0_0 .net *"_ivl_192", 8 0, L_0000021612641640;  1 drivers
L_00000216125e8400 .functor BUFT 1, C4<000101100>, C4<0>, C4<0>, C4<0>;
v00000216125df1e0_0 .net/2u *"_ivl_194", 8 0, L_00000216125e8400;  1 drivers
L_00000216125e8448 .functor BUFT 1, C4<1>, C4<0>, C4<0>, C4<0>;
v00000216125dfaa0_0 .net/2u *"_ivl_196", 0 0, L_00000216125e8448;  1 drivers
v00000216125ded80_0 .net *"_ivl_198", 8 0, L_0000021612640560;  1 drivers
v00000216125de7e0_0 .net *"_ivl_20", 8 0, L_00000216125e6cb0;  1 drivers
L_00000216125e8490 .functor BUFT 1, C4<1>, C4<0>, C4<0>, C4<0>;
v00000216125dee20_0 .net/2u *"_ivl_200", 0 0, L_00000216125e8490;  1 drivers
v00000216125df3c0_0 .net *"_ivl_202", 8 0, L_0000021612640920;  1 drivers
L_00000216125e84d8 .functor BUFT 1, C4<1>, C4<0>, C4<0>, C4<0>;
v00000216125dfb40_0 .net/2u *"_ivl_204", 0 0, L_00000216125e84d8;  1 drivers
v00000216125deec0_0 .net *"_ivl_206", 8 0, L_00000216126407e0;  1 drivers
L_00000216125e8520 .functor BUFT 1, C4<1>, C4<0>, C4<0>, C4<0>;
v00000216125de9c0_0 .net/2u *"_ivl_208", 0 0, L_00000216125e8520;  1 drivers
v00000216125df500_0 .net *"_ivl_210", 8 0, L_00000216126409c0;  1 drivers
L_00000216125e8568 .functor BUFT 1, C4<1>, C4<0>, C4<0>, C4<0>;
v00000216125dfe60_0 .net/2u *"_ivl_212", 0 0, L_00000216125e8568;  1 drivers
v00000216125de060_0 .net *"_ivl_214", 8 0, L_00000216126427f0;  1 drivers
L_00000216125e85b0 .functor BUFT 1, C4<1>, C4<0>, C4<0>, C4<0>;
v00000216125de100_0 .net/2u *"_ivl_216", 0 0, L_00000216125e85b0;  1 drivers
v00000216125deba0_0 .net *"_ivl_218", 8 0, L_0000021612641d50;  1 drivers
L_00000216125e7998 .functor BUFT 1, C4<1>, C4<0>, C4<0>, C4<0>;
v00000216125df640_0 .net/2u *"_ivl_22", 0 0, L_00000216125e7998;  1 drivers
L_00000216125e85f8 .functor BUFT 1, C4<1>, C4<0>, C4<0>, C4<0>;
v00000216125df780_0 .net/2u *"_ivl_220", 0 0, L_00000216125e85f8;  1 drivers
v00000216125df820_0 .net *"_ivl_222", 8 0, L_0000021612642a70;  1 drivers
L_00000216125e8640 .functor BUFT 1, C4<1>, C4<0>, C4<0>, C4<0>;
v00000216125df8c0_0 .net/2u *"_ivl_224", 0 0, L_00000216125e8640;  1 drivers
v00000216125de2e0_0 .net *"_ivl_226", 8 0, L_00000216126433d0;  1 drivers
L_00000216125e8688 .functor BUFT 1, C4<1>, C4<0>, C4<0>, C4<0>;
v00000216125e1ab0_0 .net/2u *"_ivl_228", 0 0, L_00000216125e8688;  1 drivers
v00000216125e1650_0 .net *"_ivl_230", 8 0, L_0000021612643290;  1 drivers
L_00000216125e86d0 .functor BUFT 1, C4<1>, C4<0>, C4<0>, C4<0>;
v00000216125e1b50_0 .net/2u *"_ivl_232", 0 0, L_00000216125e86d0;  1 drivers
v00000216125e1a10_0 .net *"_ivl_234", 8 0, L_0000021612642430;  1 drivers
L_00000216125e8718 .functor BUFT 1, C4<1>, C4<0>, C4<0>, C4<0>;
v00000216125e18d0_0 .net/2u *"_ivl_236", 0 0, L_00000216125e8718;  1 drivers
v00000216125e1bf0_0 .net *"_ivl_238", 8 0, L_00000216126436f0;  1 drivers
L_00000216125e8760 .functor BUFT 1, C4<1>, C4<0>, C4<0>, C4<0>;
v00000216125e11f0_0 .net/2u *"_ivl_240", 0 0, L_00000216125e8760;  1 drivers
v00000216125e1c90_0 .net *"_ivl_242", 8 0, L_0000021612641a30;  1 drivers
L_00000216125e87a8 .functor BUFT 1, C4<1>, C4<0>, C4<0>, C4<0>;
v00000216125e0930_0 .net/2u *"_ivl_244", 0 0, L_00000216125e87a8;  1 drivers
v00000216125e1470_0 .net *"_ivl_246", 8 0, L_00000216126424d0;  1 drivers
L_00000216125e87f0 .functor BUFT 1, C4<1>, C4<0>, C4<0>, C4<0>;
v00000216125e07f0_0 .net/2u *"_ivl_248", 0 0, L_00000216125e87f0;  1 drivers
v00000216125e0570_0 .net *"_ivl_25", 7 0, L_00000216125e6d50;  1 drivers
v00000216125e15b0_0 .net *"_ivl_250", 8 0, L_0000021612643330;  1 drivers
L_00000216125e8838 .functor BUFT 1, C4<1>, C4<0>, C4<0>, C4<0>;
v00000216125e13d0_0 .net/2u *"_ivl_252", 0 0, L_00000216125e8838;  1 drivers
v00000216125e0c50_0 .net *"_ivl_254", 8 0, L_0000021612643790;  1 drivers
L_00000216125e8880 .functor BUFT 1, C4<1>, C4<0>, C4<0>, C4<0>;
v00000216125e1510_0 .net/2u *"_ivl_256", 0 0, L_00000216125e8880;  1 drivers
v00000216125e1010_0 .net *"_ivl_258", 8 0, L_0000021612643650;  1 drivers
v00000216125e0890_0 .net *"_ivl_26", 8 0, L_00000216125e6df0;  1 drivers
L_00000216125e88c8 .functor BUFT 1, C4<1>, C4<0>, C4<0>, C4<0>;
v00000216125e0750_0 .net/2u *"_ivl_260", 0 0, L_00000216125e88c8;  1 drivers
v00000216125e0a70_0 .net *"_ivl_262", 8 0, L_0000021612643470;  1 drivers
L_00000216125e8910 .functor BUFT 1, C4<1>, C4<0>, C4<0>, C4<0>;
v00000216125e16f0_0 .net/2u *"_ivl_264", 0 0, L_00000216125e8910;  1 drivers
v00000216125e0d90_0 .net *"_ivl_266", 8 0, L_0000021612643510;  1 drivers
L_00000216125e8958 .functor BUFT 1, C4<1>, C4<0>, C4<0>, C4<0>;
v00000216125e0610_0 .net/2u *"_ivl_268", 0 0, L_00000216125e8958;  1 drivers
v00000216125e0f70_0 .net *"_ivl_270", 8 0, L_00000216126435b0;  1 drivers
L_00000216125e89a0 .functor BUFT 1, C4<1>, C4<0>, C4<0>, C4<0>;
v00000216125e01b0_0 .net/2u *"_ivl_272", 0 0, L_00000216125e89a0;  1 drivers
v00000216125e1d30_0 .net *"_ivl_274", 8 0, L_0000021612642b10;  1 drivers
L_00000216125e89e8 .functor BUFT 1, C4<1>, C4<0>, C4<0>, C4<0>;
v00000216125e1790_0 .net/2u *"_ivl_276", 0 0, L_00000216125e89e8;  1 drivers
v00000216125e0250_0 .net *"_ivl_278", 8 0, L_0000021612642e30;  1 drivers
L_00000216125e79e0 .functor BUFT 1, C4<1>, C4<0>, C4<0>, C4<0>;
v00000216125e0e30_0 .net/2u *"_ivl_28", 0 0, L_00000216125e79e0;  1 drivers
L_00000216125e8a30 .functor BUFT 1, C4<1>, C4<0>, C4<0>, C4<0>;
v00000216125e1830_0 .net/2u *"_ivl_280", 0 0, L_00000216125e8a30;  1 drivers
v00000216125e09d0_0 .net *"_ivl_282", 8 0, L_0000021612642f70;  1 drivers
L_00000216125e8a78 .functor BUFT 1, C4<1>, C4<0>, C4<0>, C4<0>;
v00000216125e0b10_0 .net/2u *"_ivl_284", 0 0, L_00000216125e8a78;  1 drivers
v00000216125e0ed0_0 .net *"_ivl_286", 8 0, L_0000021612642110;  1 drivers
L_00000216125e8ac0 .functor BUFT 1, C4<1>, C4<0>, C4<0>, C4<0>;
v00000216125e0070_0 .net/2u *"_ivl_288", 0 0, L_00000216125e8ac0;  1 drivers
v00000216125e1970_0 .net *"_ivl_290", 8 0, L_0000021612642250;  1 drivers
L_00000216125e8b08 .functor BUFT 1, C4<1>, C4<0>, C4<0>, C4<0>;
v00000216125e02f0_0 .net/2u *"_ivl_292", 0 0, L_00000216125e8b08;  1 drivers
v00000216125e0bb0_0 .net *"_ivl_294", 8 0, L_00000216126418f0;  1 drivers
L_00000216125e8b50 .functor BUFT 1, C4<1>, C4<0>, C4<0>, C4<0>;
v00000216125e0cf0_0 .net/2u *"_ivl_296", 0 0, L_00000216125e8b50;  1 drivers
v00000216125e06b0_0 .net *"_ivl_298", 8 0, L_0000021612641990;  1 drivers
v00000216125e10b0_0 .net *"_ivl_3", 7 0, L_00000216125e67b0;  1 drivers
L_00000216125e8b98 .functor BUFT 1, C4<1>, C4<0>, C4<0>, C4<0>;
v00000216125e1150_0 .net/2u *"_ivl_300", 0 0, L_00000216125e8b98;  1 drivers
v00000216125e1290_0 .net *"_ivl_302", 8 0, L_0000021612642c50;  1 drivers
L_00000216125e8be0 .functor BUFT 1, C4<1>, C4<0>, C4<0>, C4<0>;
v00000216125e1330_0 .net/2u *"_ivl_304", 0 0, L_00000216125e8be0;  1 drivers
v00000216125e0390_0 .net *"_ivl_306", 8 0, L_0000021612643010;  1 drivers
L_00000216125e8c28 .functor BUFT 1, C4<1>, C4<0>, C4<0>, C4<0>;
v00000216125e1dd0_0 .net/2u *"_ivl_308", 0 0, L_00000216125e8c28;  1 drivers
v00000216125e1e70_0 .net *"_ivl_31", 7 0, L_00000216125e6e90;  1 drivers
v00000216125e1f10_0 .net *"_ivl_310", 8 0, L_00000216126430b0;  1 drivers
L_00000216125e8c70 .functor BUFT 1, C4<1>, C4<0>, C4<0>, C4<0>;
v00000216125e0110_0 .net/2u *"_ivl_312", 0 0, L_00000216125e8c70;  1 drivers
v00000216125e0430_0 .net *"_ivl_314", 8 0, L_00000216126421b0;  1 drivers
L_00000216125e8cb8 .functor BUFT 1, C4<1>, C4<0>, C4<0>, C4<0>;
v00000216125e04d0_0 .net/2u *"_ivl_316", 0 0, L_00000216125e8cb8;  1 drivers
v00000216125e47b0_0 .net *"_ivl_318", 8 0, L_0000021612641df0;  1 drivers
v00000216125e3090_0 .net *"_ivl_32", 8 0, L_0000021612640e20;  1 drivers
L_00000216125e8d00 .functor BUFT 1, C4<1>, C4<0>, C4<0>, C4<0>;
v00000216125e4d50_0 .net/2u *"_ivl_320", 0 0, L_00000216125e8d00;  1 drivers
v00000216125e3590_0 .net *"_ivl_322", 8 0, L_00000216126431f0;  1 drivers
v00000216125e4990_0 .net *"_ivl_324", 386 0, L_0000021612643150;  1 drivers
L_00000216125e7a28 .functor BUFT 1, C4<1>, C4<0>, C4<0>, C4<0>;
v00000216125e4f30_0 .net/2u *"_ivl_34", 0 0, L_00000216125e7a28;  1 drivers
v00000216125e4cb0_0 .net *"_ivl_37", 7 0, L_00000216126416e0;  1 drivers
v00000216125e38b0_0 .net *"_ivl_38", 8 0, L_000002161263fa20;  1 drivers
v00000216125e4df0_0 .net *"_ivl_4", 8 0, L_00000216125e6850;  1 drivers
L_00000216125e7a70 .functor BUFT 1, C4<000101011>, C4<0>, C4<0>, C4<0>;
v00000216125e36d0_0 .net/2u *"_ivl_40", 8 0, L_00000216125e7a70;  1 drivers
L_00000216125e7ab8 .functor BUFT 1, C4<1>, C4<0>, C4<0>, C4<0>;
v00000216125e4b70_0 .net/2u *"_ivl_42", 0 0, L_00000216125e7ab8;  1 drivers
v00000216125e4710_0 .net *"_ivl_45", 7 0, L_000002161263fac0;  1 drivers
v00000216125e4c10_0 .net *"_ivl_46", 8 0, L_0000021612640600;  1 drivers
L_00000216125e7b00 .functor BUFT 1, C4<1>, C4<0>, C4<0>, C4<0>;
v00000216125e4ad0_0 .net/2u *"_ivl_48", 0 0, L_00000216125e7b00;  1 drivers
v00000216125e4a30_0 .net *"_ivl_51", 7 0, L_0000021612640060;  1 drivers
v00000216125e4e90_0 .net *"_ivl_52", 8 0, L_0000021612640380;  1 drivers
L_00000216125e7b48 .functor BUFT 1, C4<1>, C4<0>, C4<0>, C4<0>;
v00000216125e42b0_0 .net/2u *"_ivl_54", 0 0, L_00000216125e7b48;  1 drivers
v00000216125e3130_0 .net *"_ivl_57", 7 0, L_000002161263f8e0;  1 drivers
v00000216125e3450_0 .net *"_ivl_58", 8 0, L_0000021612640ec0;  1 drivers
L_00000216125e78c0 .functor BUFT 1, C4<1>, C4<0>, C4<0>, C4<0>;
v00000216125e3f90_0 .net/2u *"_ivl_6", 0 0, L_00000216125e78c0;  1 drivers
L_00000216125e7b90 .functor BUFT 1, C4<1>, C4<0>, C4<0>, C4<0>;
v00000216125e43f0_0 .net/2u *"_ivl_60", 0 0, L_00000216125e7b90;  1 drivers
v00000216125e31d0_0 .net *"_ivl_63", 7 0, L_0000021612640100;  1 drivers
v00000216125e45d0_0 .net *"_ivl_64", 8 0, L_00000216126401a0;  1 drivers
L_00000216125e7bd8 .functor BUFT 1, C4<000101100>, C4<0>, C4<0>, C4<0>;
v00000216125e3310_0 .net/2u *"_ivl_66", 8 0, L_00000216125e7bd8;  1 drivers
L_00000216125e7c20 .functor BUFT 1, C4<1>, C4<0>, C4<0>, C4<0>;
v00000216125e3270_0 .net/2u *"_ivl_68", 0 0, L_00000216125e7c20;  1 drivers
v00000216125e3bd0_0 .net *"_ivl_70", 8 0, L_0000021612641780;  1 drivers
L_00000216125e7c68 .functor BUFT 1, C4<1>, C4<0>, C4<0>, C4<0>;
v00000216125e4210_0 .net/2u *"_ivl_72", 0 0, L_00000216125e7c68;  1 drivers
v00000216125e3b30_0 .net *"_ivl_74", 8 0, L_000002161263fb60;  1 drivers
L_00000216125e7cb0 .functor BUFT 1, C4<1>, C4<0>, C4<0>, C4<0>;
v00000216125e33b0_0 .net/2u *"_ivl_76", 0 0, L_00000216125e7cb0;  1 drivers
v00000216125e34f0_0 .net *"_ivl_78", 8 0, L_0000021612640240;  1 drivers
L_00000216125e7cf8 .functor BUFT 1, C4<1>, C4<0>, C4<0>, C4<0>;
v00000216125e3630_0 .net/2u *"_ivl_80", 0 0, L_00000216125e7cf8;  1 drivers
v00000216125e3770_0 .net *"_ivl_82", 8 0, L_000002161263fc00;  1 drivers
L_00000216125e7d40 .functor BUFT 1, C4<1>, C4<0>, C4<0>, C4<0>;
v00000216125e3810_0 .net/2u *"_ivl_84", 0 0, L_00000216125e7d40;  1 drivers
v00000216125e4490_0 .net *"_ivl_86", 8 0, L_000002161263ff20;  1 drivers
L_00000216125e7d88 .functor BUFT 1, C4<1>, C4<0>, C4<0>, C4<0>;
v00000216125e3950_0 .net/2u *"_ivl_88", 0 0, L_00000216125e7d88;  1 drivers
v00000216125e39f0_0 .net *"_ivl_9", 7 0, L_00000216125e6fd0;  1 drivers
v00000216125e3a90_0 .net *"_ivl_90", 8 0, L_00000216126413c0;  1 drivers
L_00000216125e7dd0 .functor BUFT 1, C4<1>, C4<0>, C4<0>, C4<0>;
v00000216125e3c70_0 .net/2u *"_ivl_92", 0 0, L_00000216125e7dd0;  1 drivers
v00000216125e4530_0 .net *"_ivl_94", 8 0, L_0000021612640b00;  1 drivers
L_00000216125e7e18 .functor BUFT 1, C4<1>, C4<0>, C4<0>, C4<0>;
v00000216125e4350_0 .net/2u *"_ivl_96", 0 0, L_00000216125e7e18;  1 drivers
v00000216125e3d10_0 .net *"_ivl_98", 8 0, L_000002161263fd40;  1 drivers
v00000216125e3db0_0 .net "clk_in", 0 0, v00000216125e5e50_0;  1 drivers
v00000216125e4670_0 .var "col1", 15 0;
v00000216125e48f0_0 .net "col1_in", 7 0, v00000216125e60d0_0;  1 drivers
v00000216125e4850_0 .var "col2", 15 0;
v00000216125e3e50_0 .net "col2_in", 7 0, v00000216125e6170_0;  1 drivers
v00000216125e3ef0_0 .var "color", 2 0;
v00000216125e4030_0 .net "color_in", 2 0, v00000216125e6210_0;  1 drivers
v00000216125e40d0_0 .net "curr_color", 7 0, v00000216125e71b0_0;  1 drivers
v00000216125e4170_0 .var "custom_data_index", 5 0;
o0000021612592578 .functor BUFZ 1, C4<z>; HiZ drive
v00000216125e72f0_0 .net "custom_in", 0 0, o0000021612592578;  0 drivers
v00000216125e6490_0 .var "data_in", 8 0;
v00000216125e7390_0 .var "delay", 31 0;
v00000216125e7110_0 .var "draw_seq_index", 5 0;
v00000216125e6f30_0 .var "draw_seq_index_bigger", 6 0;
v00000216125e5b30_0 .var "drawn_finished", 0 0;
v00000216125e6c10_0 .var "init_data_index", 10 0;
v00000216125e7750_0 .var "row1", 15 0;
v00000216125e74d0_0 .net "row1_in", 8 0, v00000216125e7070_0;  1 drivers
v00000216125e7430_0 .var "row2", 15 0;
v00000216125e76b0_0 .net "row2_in", 8 0, v00000216125e6530_0;  1 drivers
v00000216125e5d10_0 .net "rst_in", 0 0, v00000216125e6350_0;  1 drivers
v00000216125e6b70_0 .net "sel_out", 0 0, v00000216124be220_0;  1 drivers
v00000216125e58b0_0 .net "size", 0 0, v00000216125e6670_0;  1 drivers
v00000216125e59f0_0 .var/2s "state", 31 0;
v00000216125e5a90_0 .net "state_out", 4 0, L_0000021612641ad0;  1 drivers
o00000216125927e8 .functor BUFZ 16, C4<zzzzzzzzzzzzzzzz>; HiZ drive
v00000216125e7250_0 .net "sw", 15 0, o00000216125927e8;  0 drivers
v00000216125e5bd0_0 .var "tft_cs", 0 0;
v00000216125e62b0_0 .net "tft_dc", 0 0, v00000216124bdf00_0;  alias, 1 drivers
v00000216125e7570_0 .var "tft_reset", 0 0;
v00000216125e65d0_0 .net "tft_sck", 0 0, v00000216124bcd80_0;  alias, 1 drivers
v00000216125e5c70_0 .net "tft_sdi", 0 0, v00000216124bd460_0;  alias, 1 drivers
o0000021612592878 .functor BUFZ 1, C4<z>; HiZ drive
v00000216125e7610_0 .net "tft_sdo", 0 0, o0000021612592878;  0 drivers
v00000216125e5950_0 .var "trigger_in", 0 0;
v00000216125e5db0_0 .net "valid_in", 0 0, v00000216125e6710_0;  1 drivers
L_00000216125e67b0 .part o00000216125927e8, 8, 8;
L_00000216125e6850 .concat [ 8 1 0 0], L_00000216125e67b0, L_00000216125e7878;
L_00000216125e6fd0 .part o00000216125927e8, 0, 8;
L_00000216125e6990 .concat [ 8 1 0 0], L_00000216125e6fd0, L_00000216125e78c0;
L_00000216125e6a30 .concat [ 9 9 0 0], L_00000216125e6990, L_00000216125e6850;
L_00000216125e6ad0 .part v00000216125e4670_0, 8, 8;
L_00000216125e6cb0 .concat [ 8 1 0 0], L_00000216125e6ad0, L_00000216125e7950;
L_00000216125e6d50 .part v00000216125e4670_0, 0, 8;
L_00000216125e6df0 .concat [ 8 1 0 0], L_00000216125e6d50, L_00000216125e7998;
L_00000216125e6e90 .part v00000216125e4850_0, 8, 8;
L_0000021612640e20 .concat [ 8 1 0 0], L_00000216125e6e90, L_00000216125e79e0;
L_00000216126416e0 .part v00000216125e4850_0, 0, 8;
L_000002161263fa20 .concat [ 8 1 0 0], L_00000216126416e0, L_00000216125e7a28;
L_000002161263fac0 .part v00000216125e7750_0, 8, 8;
L_0000021612640600 .concat [ 8 1 0 0], L_000002161263fac0, L_00000216125e7ab8;
L_0000021612640060 .part v00000216125e7750_0, 0, 8;
L_0000021612640380 .concat [ 8 1 0 0], L_0000021612640060, L_00000216125e7b00;
L_000002161263f8e0 .part v00000216125e7430_0, 8, 8;
L_0000021612640ec0 .concat [ 8 1 0 0], L_000002161263f8e0, L_00000216125e7b48;
L_0000021612640100 .part v00000216125e7430_0, 0, 8;
L_00000216126401a0 .concat [ 8 1 0 0], L_0000021612640100, L_00000216125e7b90;
L_0000021612641780 .concat [ 8 1 0 0], v00000216125e71b0_0, L_00000216125e7c20;
L_000002161263fb60 .concat [ 8 1 0 0], v00000216125e71b0_0, L_00000216125e7c68;
L_0000021612640240 .concat [ 8 1 0 0], v00000216125e71b0_0, L_00000216125e7cb0;
L_000002161263fc00 .concat [ 8 1 0 0], v00000216125e71b0_0, L_00000216125e7cf8;
L_000002161263ff20 .concat [ 8 1 0 0], v00000216125e71b0_0, L_00000216125e7d40;
L_00000216126413c0 .concat [ 8 1 0 0], v00000216125e71b0_0, L_00000216125e7d88;
L_0000021612640b00 .concat [ 8 1 0 0], v00000216125e71b0_0, L_00000216125e7dd0;
L_000002161263fd40 .concat [ 8 1 0 0], v00000216125e71b0_0, L_00000216125e7e18;
L_00000216126411e0 .concat [ 8 1 0 0], v00000216125e71b0_0, L_00000216125e7e60;
L_0000021612640740 .concat [ 8 1 0 0], v00000216125e71b0_0, L_00000216125e7ea8;
L_0000021612641000 .concat [ 8 1 0 0], v00000216125e71b0_0, L_00000216125e7ef0;
L_000002161263fe80 .concat [ 8 1 0 0], v00000216125e71b0_0, L_00000216125e7f38;
L_0000021612641460 .concat [ 8 1 0 0], v00000216125e71b0_0, L_00000216125e7f80;
L_0000021612640f60 .concat [ 8 1 0 0], v00000216125e71b0_0, L_00000216125e7fc8;
L_00000216126415a0 .concat [ 8 1 0 0], v00000216125e71b0_0, L_00000216125e8010;
L_0000021612641280 .concat [ 8 1 0 0], v00000216125e71b0_0, L_00000216125e8058;
L_000002161263fca0 .concat [ 8 1 0 0], v00000216125e71b0_0, L_00000216125e80a0;
L_0000021612640a60 .concat [ 8 1 0 0], v00000216125e71b0_0, L_00000216125e80e8;
LS_0000021612640ba0_0_0 .concat [ 9 9 9 9], L_0000021612640a60, L_000002161263fca0, L_0000021612641280, L_00000216126415a0;
LS_0000021612640ba0_0_4 .concat [ 9 9 9 9], L_0000021612640f60, L_0000021612641460, L_000002161263fe80, L_0000021612641000;
LS_0000021612640ba0_0_8 .concat [ 9 9 9 9], L_0000021612640740, L_00000216126411e0, L_000002161263fd40, L_0000021612640b00;
LS_0000021612640ba0_0_12 .concat [ 9 9 9 9], L_00000216126413c0, L_000002161263ff20, L_000002161263fc00, L_0000021612640240;
LS_0000021612640ba0_0_16 .concat [ 9 9 9 9], L_000002161263fb60, L_0000021612641780, L_00000216125e7bd8, L_00000216126401a0;
LS_0000021612640ba0_0_20 .concat [ 9 9 9 9], L_0000021612640ec0, L_0000021612640380, L_0000021612640600, L_00000216125e7a70;
LS_0000021612640ba0_0_24 .concat [ 9 9 9 9], L_000002161263fa20, L_0000021612640e20, L_00000216125e6df0, L_00000216125e6cb0;
LS_0000021612640ba0_0_28 .concat [ 9 0 0 0], L_00000216125e7908;
LS_0000021612640ba0_1_0 .concat [ 36 36 36 36], LS_0000021612640ba0_0_0, LS_0000021612640ba0_0_4, LS_0000021612640ba0_0_8, LS_0000021612640ba0_0_12;
LS_0000021612640ba0_1_4 .concat [ 36 36 36 9], LS_0000021612640ba0_0_16, LS_0000021612640ba0_0_20, LS_0000021612640ba0_0_24, LS_0000021612640ba0_0_28;
L_0000021612640ba0 .concat [ 144 117 0 0], LS_0000021612640ba0_1_0, LS_0000021612640ba0_1_4;
L_00000216126402e0 .part v00000216125e4670_0, 8, 8;
L_0000021612640420 .concat [ 8 1 0 0], L_00000216126402e0, L_00000216125e8178;
L_0000021612640880 .part v00000216125e4670_0, 0, 8;
L_00000216126404c0 .concat [ 8 1 0 0], L_0000021612640880, L_00000216125e81c0;
L_00000216126410a0 .part v00000216125e4850_0, 8, 8;
L_000002161263fde0 .concat [ 8 1 0 0], L_00000216126410a0, L_00000216125e8208;
L_0000021612641140 .part v00000216125e4850_0, 0, 8;
L_0000021612640c40 .concat [ 8 1 0 0], L_0000021612641140, L_00000216125e8250;
L_0000021612640ce0 .part v00000216125e7750_0, 8, 8;
L_000002161263f980 .concat [ 8 1 0 0], L_0000021612640ce0, L_00000216125e82e0;
L_0000021612641500 .part v00000216125e7750_0, 0, 8;
L_000002161263ffc0 .concat [ 8 1 0 0], L_0000021612641500, L_00000216125e8328;
L_00000216126406a0 .part v00000216125e7430_0, 8, 8;
L_0000021612641320 .concat [ 8 1 0 0], L_00000216126406a0, L_00000216125e8370;
L_0000021612640d80 .part v00000216125e7430_0, 0, 8;
L_0000021612641640 .concat [ 8 1 0 0], L_0000021612640d80, L_00000216125e83b8;
L_0000021612640560 .concat [ 8 1 0 0], v00000216125e71b0_0, L_00000216125e8448;
L_0000021612640920 .concat [ 8 1 0 0], v00000216125e71b0_0, L_00000216125e8490;
L_00000216126407e0 .concat [ 8 1 0 0], v00000216125e71b0_0, L_00000216125e84d8;
L_00000216126409c0 .concat [ 8 1 0 0], v00000216125e71b0_0, L_00000216125e8520;
L_00000216126427f0 .concat [ 8 1 0 0], v00000216125e71b0_0, L_00000216125e8568;
L_0000021612641d50 .concat [ 8 1 0 0], v00000216125e71b0_0, L_00000216125e85b0;
L_0000021612642a70 .concat [ 8 1 0 0], v00000216125e71b0_0, L_00000216125e85f8;
L_00000216126433d0 .concat [ 8 1 0 0], v00000216125e71b0_0, L_00000216125e8640;
L_0000021612643290 .concat [ 8 1 0 0], v00000216125e71b0_0, L_00000216125e8688;
L_0000021612642430 .concat [ 8 1 0 0], v00000216125e71b0_0, L_00000216125e86d0;
L_00000216126436f0 .concat [ 8 1 0 0], v00000216125e71b0_0, L_00000216125e8718;
L_0000021612641a30 .concat [ 8 1 0 0], v00000216125e71b0_0, L_00000216125e8760;
L_00000216126424d0 .concat [ 8 1 0 0], v00000216125e71b0_0, L_00000216125e87a8;
L_0000021612643330 .concat [ 8 1 0 0], v00000216125e71b0_0, L_00000216125e87f0;
L_0000021612643790 .concat [ 8 1 0 0], v00000216125e71b0_0, L_00000216125e8838;
L_0000021612643650 .concat [ 8 1 0 0], v00000216125e71b0_0, L_00000216125e8880;
L_0000021612643470 .concat [ 8 1 0 0], v00000216125e71b0_0, L_00000216125e88c8;
L_0000021612643510 .concat [ 8 1 0 0], v00000216125e71b0_0, L_00000216125e8910;
L_00000216126435b0 .concat [ 8 1 0 0], v00000216125e71b0_0, L_00000216125e8958;
L_0000021612642b10 .concat [ 8 1 0 0], v00000216125e71b0_0, L_00000216125e89a0;
L_0000021612642e30 .concat [ 8 1 0 0], v00000216125e71b0_0, L_00000216125e89e8;
L_0000021612642f70 .concat [ 8 1 0 0], v00000216125e71b0_0, L_00000216125e8a30;
L_0000021612642110 .concat [ 8 1 0 0], v00000216125e71b0_0, L_00000216125e8a78;
L_0000021612642250 .concat [ 8 1 0 0], v00000216125e71b0_0, L_00000216125e8ac0;
L_00000216126418f0 .concat [ 8 1 0 0], v00000216125e71b0_0, L_00000216125e8b08;
L_0000021612641990 .concat [ 8 1 0 0], v00000216125e71b0_0, L_00000216125e8b50;
L_0000021612642c50 .concat [ 8 1 0 0], v00000216125e71b0_0, L_00000216125e8b98;
L_0000021612643010 .concat [ 8 1 0 0], v00000216125e71b0_0, L_00000216125e8be0;
L_00000216126430b0 .concat [ 8 1 0 0], v00000216125e71b0_0, L_00000216125e8c28;
L_00000216126421b0 .concat [ 8 1 0 0], v00000216125e71b0_0, L_00000216125e8c70;
L_0000021612641df0 .concat [ 8 1 0 0], v00000216125e71b0_0, L_00000216125e8cb8;
L_00000216126431f0 .concat [ 8 1 0 0], v00000216125e71b0_0, L_00000216125e8d00;
LS_0000021612643150_0_0 .concat [ 9 9 9 9], L_00000216126431f0, L_0000021612641df0, L_00000216126421b0, L_00000216126430b0;
LS_0000021612643150_0_4 .concat [ 9 9 9 9], L_0000021612643010, L_0000021612642c50, L_0000021612641990, L_00000216126418f0;
LS_0000021612643150_0_8 .concat [ 9 9 9 9], L_0000021612642250, L_0000021612642110, L_0000021612642f70, L_0000021612642e30;
LS_0000021612643150_0_12 .concat [ 9 9 9 9], L_0000021612642b10, L_00000216126435b0, L_0000021612643510, L_0000021612643470;
LS_0000021612643150_0_16 .concat [ 9 9 9 9], L_0000021612643650, L_0000021612643790, L_0000021612643330, L_00000216126424d0;
LS_0000021612643150_0_20 .concat [ 9 9 9 9], L_0000021612641a30, L_00000216126436f0, L_0000021612642430, L_0000021612643290;
LS_0000021612643150_0_24 .concat [ 9 9 9 9], L_00000216126433d0, L_0000021612642a70, L_0000021612641d50, L_00000216126427f0;
LS_0000021612643150_0_28 .concat [ 9 9 9 9], L_00000216126409c0, L_00000216126407e0, L_0000021612640920, L_0000021612640560;
LS_0000021612643150_0_32 .concat [ 9 9 9 9], L_00000216125e8400, L_0000021612641640, L_0000021612641320, L_000002161263ffc0;
LS_0000021612643150_0_36 .concat [ 9 9 9 9], L_000002161263f980, L_00000216125e8298, L_0000021612640c40, L_000002161263fde0;
LS_0000021612643150_0_40 .concat [ 9 9 9 0], L_00000216126404c0, L_0000021612640420, L_00000216125e8130;
LS_0000021612643150_1_0 .concat [ 36 36 36 36], LS_0000021612643150_0_0, LS_0000021612643150_0_4, LS_0000021612643150_0_8, LS_0000021612643150_0_12;
LS_0000021612643150_1_4 .concat [ 36 36 36 36], LS_0000021612643150_0_16, LS_0000021612643150_0_20, LS_0000021612643150_0_24, LS_0000021612643150_0_28;
LS_0000021612643150_1_8 .concat [ 36 36 27 0], LS_0000021612643150_0_32, LS_0000021612643150_0_36, LS_0000021612643150_0_40;
L_0000021612643150 .concat [ 144 144 99 0], LS_0000021612643150_1_0, LS_0000021612643150_1_4, LS_0000021612643150_1_8;
L_0000021612642d90 .part L_0000021612643150, 0, 261;
L_0000021612641ad0 .part v00000216125e59f0_0, 0, 5;
S_000002161240cc10 .scope module, "spi" "spi_tx" 4 123, 5 4 0, S_0000021612480be0;
 .timescale -9 -12;
    .port_info 0 /INPUT 1 "clk_in";
    .port_info 1 /INPUT 1 "rst_in";
    .port_info 2 /INPUT 9 "data_in";
    .port_info 3 /INPUT 1 "trigger_in";
    .port_info 4 /OUTPUT 1 "data_out";
    .port_info 5 /OUTPUT 1 "data_clk_out";
    .port_info 6 /OUTPUT 1 "sel_out";
    .port_info 7 /OUTPUT 1 "dc_out";
P_000002161240da70 .param/l "DATA_PERIOD" 0 5 6, +C4<00000000000000000000000001100100>;
P_000002161240daa8 .param/l "DATA_WIDTH" 0 5 5, +C4<00000000000000000000000000001000>;
v00000216124be720_0 .net "FULL_PERIOD", 7 0, L_0000021612641c10;  1 drivers
L_00000216125e8d90 .functor BUFT 1, C4<0110010>, C4<0>, C4<0>, C4<0>;
v00000216124bd780_0 .net "HALF_PERIOD", 6 0, L_00000216125e8d90;  1 drivers
L_00000216125e8e20 .functor BUFT 1, C4<00110010>, C4<0>, C4<0>, C4<0>;
v00000216124be4a0_0 .net *"_ivl_2", 7 0, L_00000216125e8e20;  1 drivers
L_00000216125e8dd8 .functor BUFT 1, C4<00000010>, C4<0>, C4<0>, C4<0>;
v00000216124bc920_0 .net/2u *"_ivl_6", 7 0, L_00000216125e8dd8;  1 drivers
v00000216124bd0a0_0 .net "clk_in", 0 0, v00000216125e5e50_0;  alias, 1 drivers
v00000216124bd1e0_0 .var "data", 8 0;
v00000216124bcd80_0 .var "data_clk_out", 0 0;
v00000216124bdb40_0 .var "data_i", 8 0;
v00000216124bde60_0 .net "data_in", 8 0, v00000216125e6490_0;  1 drivers
v00000216124bd460_0 .var "data_out", 0 0;
v00000216124bdf00_0 .var "dc_out", 0 0;
v00000216124be2c0_0 .var "period_counter", 7 0;
v00000216124bd500_0 .net "rst_in", 0 0, v00000216125e6350_0;  alias, 1 drivers
v00000216124be220_0 .var "sel_out", 0 0;
v00000216124be360_0 .net "trigger_in", 0 0, v00000216125e5950_0;  1 drivers
E_00000216124c6930 .event posedge, v00000216124bd0a0_0;
L_0000021612641c10 .arith/mult 8, L_00000216125e8e20, L_00000216125e8dd8;
    .scope S_000002161240cc10;
T_0 ;
    %wait E_00000216124c6930;
    %load/vec4 v00000216124bd500_0;
    %flag_set/vec4 8;
    %jmp/0xz  T_0.0, 8;
    %pushi/vec4 1, 0, 1;
    %assign/vec4 v00000216124be220_0, 0;
    %load/vec4 v00000216124bde60_0;
    %assign/vec4 v00000216124bd1e0_0, 0;
    %pushi/vec4 7, 0, 9;
    %assign/vec4 v00000216124bdb40_0, 0;
    %pushi/vec4 0, 0, 8;
    %assign/vec4 v00000216124be2c0_0, 0;
    %pushi/vec4 0, 0, 1;
    %assign/vec4 v00000216124bcd80_0, 0;
    %pushi/vec4 1, 0, 1;
    %assign/vec4 v00000216124bd460_0, 0;
    %jmp T_0.1;
T_0.0 ;
    %load/vec4 v00000216124be220_0;
    %load/vec4 v00000216124be360_0;
    %and;
    %flag_set/vec4 8;
    %jmp/0xz  T_0.2, 8;
    %pushi/vec4 0, 0, 1;
    %assign/vec4 v00000216124bcd80_0, 0;
    %pushi/vec4 0, 0, 1;
    %assign/vec4 v00000216124be220_0, 0;
    %load/vec4 v00000216124bde60_0;
    %parti/s 1, 8, 5;
    %assign/vec4 v00000216124bdf00_0, 0;
    %load/vec4 v00000216124bde60_0;
    %load/vec4 v00000216124bdb40_0;
    %part/u 1;
    %assign/vec4 v00000216124bd460_0, 0;
    %load/vec4 v00000216124bde60_0;
    %assign/vec4 v00000216124bd1e0_0, 0;
    %jmp T_0.3;
T_0.2 ;
    %load/vec4 v00000216124be220_0;
    %nor/r;
    %flag_set/vec4 8;
    %jmp/0xz  T_0.4, 8;
    %load/vec4 v00000216124be2c0_0;
    %pad/u 32;
    %dup/vec4;
    %load/vec4 v00000216124be720_0;
    %pad/u 32;
    %subi 1, 0, 32;
    %cmp/u;
    %jmp/1 T_0.6, 6;
    %dup/vec4;
    %load/vec4 v00000216124bd780_0;
    %pad/u 32;
    %subi 1, 0, 32;
    %cmp/u;
    %jmp/1 T_0.7, 6;
    %jmp T_0.8;
T_0.6 ;
    %pushi/vec4 0, 0, 1;
    %assign/vec4 v00000216124bcd80_0, 0;
    %load/vec4 v00000216124bdb40_0;
    %pad/u 32;
    %cmpi/e 0, 0, 32;
    %jmp/0xz  T_0.9, 4;
    %pushi/vec4 1, 0, 1;
    %assign/vec4 v00000216124be220_0, 0;
    %load/vec4 v00000216124bde60_0;
    %assign/vec4 v00000216124bd1e0_0, 0;
    %pushi/vec4 7, 0, 9;
    %assign/vec4 v00000216124bdb40_0, 0;
    %pushi/vec4 1, 0, 1;
    %assign/vec4 v00000216124bd460_0, 0;
    %jmp T_0.10;
T_0.9 ;
    %load/vec4 v00000216124bd1e0_0;
    %load/vec4 v00000216124bdb40_0;
    %pad/u 32;
    %subi 1, 0, 32;
    %part/u 1;
    %assign/vec4 v00000216124bd460_0, 0;
    %load/vec4 v00000216124bdb40_0;
    %subi 1, 0, 9;
    %assign/vec4 v00000216124bdb40_0, 0;
T_0.10 ;
    %jmp T_0.8;
T_0.7 ;
    %pushi/vec4 1, 0, 1;
    %assign/vec4 v00000216124bcd80_0, 0;
    %jmp T_0.8;
T_0.8 ;
    %pop/vec4 1;
    %load/vec4 v00000216124be2c0_0;
    %pad/u 32;
    %load/vec4 v00000216124be720_0;
    %pad/u 32;
    %subi 1, 0, 32;
    %cmp/e;
    %jmp/0xz  T_0.11, 4;
    %pushi/vec4 0, 0, 8;
    %assign/vec4 v00000216124be2c0_0, 0;
    %jmp T_0.12;
T_0.11 ;
    %load/vec4 v00000216124be2c0_0;
    %addi 1, 0, 8;
    %assign/vec4 v00000216124be2c0_0, 0;
T_0.12 ;
T_0.4 ;
T_0.3 ;
T_0.1 ;
    %jmp T_0;
    .thread T_0;
    .scope S_0000021612480be0;
T_1 ;
    %pushi/vec4 4018266144, 0, 33;
    %concati/vec4 2582646284, 0, 33;
    %concati/vec4 3252380801, 0, 32;
    %concati/vec4 3299880588, 0, 32;
    %concati/vec4 2953560878, 0, 34;
    %concati/vec4 3864592538, 0, 33;
    %concati/vec4 2168316942, 0, 33;
    %concati/vec4 2818834817, 0, 32;
    %concati/vec4 2374176866, 0, 34;
    %concati/vec4 3483700348, 0, 32;
    %concati/vec4 3278520542, 0, 34;
    %concati/vec4 3937055104, 0, 42;
    %concati/vec4 2351800600, 0, 33;
    %concati/vec4 2767136768, 0, 34;
    %concati/vec4 2583879815, 0, 32;
    %concati/vec4 3429200072, 0, 32;
    %concati/vec4 3896851427, 0, 33;
    %concati/vec4 3725529217, 0, 34;
    %concati/vec4 3282120711, 0, 32;
    %concati/vec4 3223441736, 0, 36;
    %concati/vec4 3794827663, 0, 35;
    %concati/vec4 3525382392, 0, 37;
    %concati/vec4 3381451294, 0, 33;
    %concati/vec4 8745, 0, 17;
    %store/vec4 v00000216124bddc0_0, 0, 792;
    %end;
    .thread T_1, $init;
    .scope S_0000021612480be0;
T_2 ;
    %wait E_00000216124c6930;
    %load/vec4 v00000216125e5d10_0;
    %flag_set/vec4 8;
    %jmp/0xz  T_2.0, 8;
    %pushi/vec4 0, 0, 1;
    %assign/vec4 v00000216125e7570_0, 0;
    %load/vec4 v00000216124bdbe0_0;
    %assign/vec4 v00000216125e7390_0, 0;
    %pushi/vec4 0, 0, 11;
    %assign/vec4 v00000216125e6c10_0, 0;
    %pushi/vec4 0, 0, 6;
    %assign/vec4 v00000216125e4170_0, 0;
    %pushi/vec4 0, 0, 32;
    %assign/vec4 v00000216125e59f0_0, 0;
    %pushi/vec4 0, 0, 1;
    %assign/vec4 v00000216125e5b30_0, 0;
    %jmp T_2.1;
T_2.0 ;
    %load/vec4 v00000216125e5950_0;
    %flag_set/vec4 8;
    %jmp/0xz  T_2.2, 8;
    %pushi/vec4 0, 0, 1;
    %assign/vec4 v00000216125e5950_0, 0;
    %load/vec4 v00000216125e59f0_0;
    %cmpi/e 1, 0, 32;
    %jmp/0xz  T_2.4, 4;
    %load/vec4 v00000216124bddc0_0;
    %pushi/vec4 783, 0, 16;
    %load/vec4 v00000216125e6c10_0;
    %pad/u 15;
    %muli 9, 0, 15;
    %pad/u 16;
    %sub;
    %part/u 9;
    %assign/vec4 v00000216125e6490_0, 0;
    %jmp T_2.5;
T_2.4 ;
    %load/vec4 v00000216125e59f0_0;
    %cmpi/e 3, 0, 32;
    %jmp/0xz  T_2.6, 4;
    %load/vec4 v00000216125e58b0_0;
    %flag_set/vec4 8;
    %jmp/0xz  T_2.8, 8;
    %load/vec4 v00000216124be180_0;
    %pushi/vec4 252, 0, 12;
    %load/vec4 v00000216125e6f30_0;
    %pad/u 11;
    %muli 9, 0, 11;
    %pad/u 12;
    %sub;
    %part/u 9;
    %assign/vec4 v00000216125e6490_0, 0;
    %jmp T_2.9;
T_2.8 ;
    %load/vec4 v00000216124bd820_0;
    %pushi/vec4 252, 0, 11;
    %load/vec4 v00000216125e7110_0;
    %pad/u 10;
    %muli 9, 0, 10;
    %pad/u 11;
    %sub;
    %part/u 9;
    %assign/vec4 v00000216125e6490_0, 0;
T_2.9 ;
    %jmp T_2.7;
T_2.6 ;
    %load/vec4 v00000216125e59f0_0;
    %cmpi/e 4, 0, 32;
    %jmp/0xz  T_2.10, 4;
    %load/vec4 v00000216124be0e0_0;
    %pushi/vec4 9, 0, 11;
    %load/vec4 v00000216125e4170_0;
    %pad/u 10;
    %muli 9, 0, 10;
    %pad/u 11;
    %sub;
    %part/u 9;
    %assign/vec4 v00000216125e6490_0, 0;
T_2.10 ;
T_2.7 ;
T_2.5 ;
    %jmp T_2.3;
T_2.2 ;
    %load/vec4 v00000216125e6b70_0;
    %pad/u 32;
    %cmpi/e 1, 0, 32;
    %flag_get/vec4 4;
    %jmp/0 T_2.14, 4;
    %pushi/vec4 0, 0, 32;
    %load/vec4 v00000216125e7390_0;
    %cmp/u;
    %flag_get/vec4 5;
    %and;
T_2.14;
    %flag_set/vec4 8;
    %jmp/0xz  T_2.12, 8;
    %load/vec4 v00000216125e7390_0;
    %subi 1, 0, 32;
    %assign/vec4 v00000216125e7390_0, 0;
    %load/vec4 v00000216125e6490_0;
    %parti/s 1, 8, 5;
    %pad/u 32;
    %cmpi/e 0, 0, 32;
    %jmp/0xz  T_2.15, 4;
    %pushi/vec4 1, 0, 1;
    %assign/vec4 v00000216125e5bd0_0, 0;
T_2.15 ;
    %jmp T_2.13;
T_2.12 ;
    %load/vec4 v00000216125e6b70_0;
    %pad/u 32;
    %cmpi/e 1, 0, 32;
    %jmp/0xz  T_2.17, 4;
    %load/vec4 v00000216125e59f0_0;
    %dup/vec4;
    %pushi/vec4 0, 0, 32;
    %cmp/u;
    %jmp/1 T_2.19, 6;
    %dup/vec4;
    %pushi/vec4 1, 0, 32;
    %cmp/u;
    %jmp/1 T_2.20, 6;
    %dup/vec4;
    %pushi/vec4 2, 0, 32;
    %cmp/u;
    %jmp/1 T_2.21, 6;
    %dup/vec4;
    %pushi/vec4 4, 0, 32;
    %cmp/u;
    %jmp/1 T_2.22, 6;
    %dup/vec4;
    %pushi/vec4 3, 0, 32;
    %cmp/u;
    %jmp/1 T_2.23, 6;
    %jmp T_2.24;
T_2.19 ;
    %pushi/vec4 1, 0, 1;
    %assign/vec4 v00000216125e7570_0, 0;
    %load/vec4 v00000216124bdbe0_0;
    %muli 5, 0, 32;
    %assign/vec4 v00000216125e7390_0, 0;
    %pushi/vec4 1, 0, 32;
    %assign/vec4 v00000216125e59f0_0, 0;
    %jmp T_2.24;
T_2.20 ;
    %load/vec4 v00000216125e6c10_0;
    %pad/u 32;
    %cmpi/ne 88, 0, 32;
    %jmp/0xz  T_2.25, 4;
    %pushi/vec4 0, 0, 1;
    %assign/vec4 v00000216125e5bd0_0, 0;
    %load/vec4 v00000216124bddc0_0;
    %pushi/vec4 783, 0, 16;
    %load/vec4 v00000216125e6c10_0;
    %pad/u 15;
    %muli 9, 0, 15;
    %pad/u 16;
    %sub;
    %part/u 9;
    %assign/vec4 v00000216125e6490_0, 0;
    %pushi/vec4 1, 0, 1;
    %assign/vec4 v00000216125e5950_0, 0;
    %load/vec4 v00000216125e6c10_0;
    %addi 1, 0, 11;
    %assign/vec4 v00000216125e6c10_0, 0;
    %load/vec4 v00000216124bdbe0_0;
    %assign/vec4 v00000216125e7390_0, 0;
    %jmp T_2.26;
T_2.25 ;
    %pushi/vec4 1, 0, 1;
    %assign/vec4 v00000216125e5bd0_0, 0;
    %pushi/vec4 2, 0, 32;
    %assign/vec4 v00000216125e59f0_0, 0;
T_2.26 ;
    %jmp T_2.24;
T_2.21 ;
    %pushi/vec4 0, 0, 1;
    %assign/vec4 v00000216125e5b30_0, 0;
    %load/vec4 v00000216125e5db0_0;
    %flag_set/vec4 8;
    %jmp/0xz  T_2.27, 8;
    %load/vec4 v00000216125e48f0_0;
    %pad/u 16;
    %assign/vec4 v00000216125e4670_0, 0;
    %load/vec4 v00000216125e3e50_0;
    %pad/u 16;
    %assign/vec4 v00000216125e4850_0, 0;
    %load/vec4 v00000216125e74d0_0;
    %pad/u 16;
    %assign/vec4 v00000216125e7750_0, 0;
    %load/vec4 v00000216125e76b0_0;
    %pad/u 16;
    %assign/vec4 v00000216125e7430_0, 0;
    %load/vec4 v00000216125e4030_0;
    %assign/vec4 v00000216125e3ef0_0, 0;
    %pushi/vec4 0, 0, 7;
    %assign/vec4 v00000216125e6f30_0, 0;
    %pushi/vec4 0, 0, 6;
    %assign/vec4 v00000216125e7110_0, 0;
    %pushi/vec4 3, 0, 32;
    %assign/vec4 v00000216125e59f0_0, 0;
    %jmp T_2.28;
T_2.27 ;
    %load/vec4 v00000216125e72f0_0;
    %flag_set/vec4 8;
    %jmp/0xz  T_2.29, 8;
    %load/vec4 v00000216124bdbe0_0;
    %assign/vec4 v00000216125e7390_0, 0;
    %pushi/vec4 0, 0, 6;
    %assign/vec4 v00000216125e4170_0, 0;
    %pushi/vec4 4, 0, 32;
    %assign/vec4 v00000216125e59f0_0, 0;
T_2.29 ;
T_2.28 ;
    %jmp T_2.24;
T_2.22 ;
    %load/vec4 v00000216125e4170_0;
    %pad/u 32;
    %cmpi/ne 2, 0, 32;
    %jmp/0xz  T_2.31, 4;
    %pushi/vec4 0, 0, 1;
    %assign/vec4 v00000216125e5bd0_0, 0;
    %load/vec4 v00000216124be0e0_0;
    %pushi/vec4 9, 0, 11;
    %load/vec4 v00000216125e4170_0;
    %pad/u 10;
    %muli 9, 0, 10;
    %pad/u 11;
    %sub;
    %part/u 9;
    %assign/vec4 v00000216125e6490_0, 0;
    %pushi/vec4 1, 0, 1;
    %assign/vec4 v00000216125e5950_0, 0;
    %load/vec4 v00000216125e4170_0;
    %addi 1, 0, 6;
    %assign/vec4 v00000216125e4170_0, 0;
    %load/vec4 v00000216124bdbe0_0;
    %assign/vec4 v00000216125e7390_0, 0;
    %jmp T_2.32;
T_2.31 ;
    %pushi/vec4 1, 0, 1;
    %assign/vec4 v00000216125e5bd0_0, 0;
    %pushi/vec4 2, 0, 32;
    %assign/vec4 v00000216125e59f0_0, 0;
T_2.32 ;
    %jmp T_2.24;
T_2.23 ;
    %load/vec4 v00000216125e58b0_0;
    %flag_set/vec4 8;
    %jmp/0xz  T_2.33, 8;
    %load/vec4 v00000216125e6f30_0;
    %pad/u 32;
    %cmpi/ne 43, 0, 32;
    %jmp/0xz  T_2.35, 4;
    %pushi/vec4 0, 0, 1;
    %assign/vec4 v00000216125e5bd0_0, 0;
    %load/vec4 v00000216124be180_0;
    %pushi/vec4 252, 0, 12;
    %load/vec4 v00000216125e6f30_0;
    %pad/u 11;
    %muli 9, 0, 11;
    %pad/u 12;
    %sub;
    %part/u 9;
    %assign/vec4 v00000216125e6490_0, 0;
    %pushi/vec4 1, 0, 1;
    %assign/vec4 v00000216125e5950_0, 0;
    %load/vec4 v00000216125e6f30_0;
    %addi 1, 0, 7;
    %assign/vec4 v00000216125e6f30_0, 0;
    %load/vec4 v00000216124bdbe0_0;
    %assign/vec4 v00000216125e7390_0, 0;
    %jmp T_2.36;
T_2.35 ;
    %pushi/vec4 1, 0, 1;
    %assign/vec4 v00000216125e5b30_0, 0;
    %pushi/vec4 1, 0, 1;
    %assign/vec4 v00000216125e5bd0_0, 0;
    %pushi/vec4 2, 0, 32;
    %assign/vec4 v00000216125e59f0_0, 0;
T_2.36 ;
    %jmp T_2.34;
T_2.33 ;
    %load/vec4 v00000216125e7110_0;
    %pad/u 32;
    %cmpi/ne 29, 0, 32;
    %jmp/0xz  T_2.37, 4;
    %pushi/vec4 0, 0, 1;
    %assign/vec4 v00000216125e5bd0_0, 0;
    %load/vec4 v00000216124bd820_0;
    %pushi/vec4 252, 0, 11;
    %load/vec4 v00000216125e7110_0;
    %pad/u 10;
    %muli 9, 0, 10;
    %pad/u 11;
    %sub;
    %part/u 9;
    %assign/vec4 v00000216125e6490_0, 0;
    %pushi/vec4 1, 0, 1;
    %assign/vec4 v00000216125e5950_0, 0;
    %load/vec4 v00000216125e7110_0;
    %addi 1, 0, 6;
    %assign/vec4 v00000216125e7110_0, 0;
    %load/vec4 v00000216124bdbe0_0;
    %assign/vec4 v00000216125e7390_0, 0;
    %jmp T_2.38;
T_2.37 ;
    %pushi/vec4 1, 0, 1;
    %assign/vec4 v00000216125e5b30_0, 0;
    %pushi/vec4 1, 0, 1;
    %assign/vec4 v00000216125e5bd0_0, 0;
    %pushi/vec4 2, 0, 32;
    %assign/vec4 v00000216125e59f0_0, 0;
T_2.38 ;
T_2.34 ;
    %jmp T_2.24;
T_2.24 ;
    %pop/vec4 1;
T_2.17 ;
T_2.13 ;
T_2.3 ;
T_2.1 ;
    %jmp T_2;
    .thread T_2;
    .scope S_00000216124d0d30;
T_3 ;
    %delay 5000, 0;
    %load/vec4 v00000216125e5e50_0;
    %nor/r;
    %store/vec4 v00000216125e5e50_0, 0, 1;
    %jmp T_3;
    .thread T_3;
    .scope S_00000216124d0d30;
T_4 ;
    %vpi_call/w 3 47 "$dumpfile", "display.vcd" {0 0 0};
    %vpi_call/w 3 48 "$dumpvars", 32'sb00000000000000000000000000000000, S_00000216124d0d30 {0 0 0};
    %vpi_call/w 3 49 "$display", "Starting Sim" {0 0 0};
    %pushi/vec4 0, 0, 1;
    %store/vec4 v00000216125e5e50_0, 0, 1;
    %pushi/vec4 0, 0, 1;
    %store/vec4 v00000216125e6350_0, 0, 1;
    %delay 10000, 0;
    %pushi/vec4 1, 0, 1;
    %store/vec4 v00000216125e6350_0, 0, 1;
    %delay 10000, 0;
    %pushi/vec4 0, 0, 1;
    %store/vec4 v00000216125e6350_0, 0, 1;
    %pushi/vec4 0, 0, 1;
    %store/vec4 v00000216125e6670_0, 0, 1;
    %pushi/vec4 0, 0, 8;
    %store/vec4 v00000216125e71b0_0, 0, 8;
    %delay 50000, 0;
    %delay 1705032704, 1;
    %pushi/vec4 100, 0, 8;
    %store/vec4 v00000216125e60d0_0, 0, 8;
    %pushi/vec4 150, 0, 8;
    %store/vec4 v00000216125e6170_0, 0, 8;
    %pushi/vec4 200, 0, 9;
    %store/vec4 v00000216125e7070_0, 0, 9;
    %pushi/vec4 250, 0, 9;
    %store/vec4 v00000216125e6530_0, 0, 9;
    %pushi/vec4 0, 0, 3;
    %store/vec4 v00000216125e6210_0, 0, 3;
    %pushi/vec4 1, 0, 1;
    %store/vec4 v00000216125e6710_0, 0, 1;
    %delay 10000, 0;
    %pushi/vec4 0, 0, 1;
    %store/vec4 v00000216125e6710_0, 0, 1;
    %delay 200000000, 0;
    %vpi_call/w 3 88 "$display", "Finishing Sim" {0 0 0};
    %vpi_call/w 3 89 "$finish" {0 0 0};
    %end;
    .thread T_4;
# The file index is used to find the file name in the following table.
:file_names 6;
    "N/A";
    "<interactive>";
    "-";
    "sim/display_tb.sv";
    "hdl/display.sv";
    "hdl/spi_tx.sv";
