#! /ucrt64/bin/vvp
:ivl_version "12.0 (devel)" "(s20150603-1391-gd480c4d7d)";
:ivl_delay_selection "TYPICAL";
:vpi_time_precision - 12;
:vpi_module "C:\msys64\ucrt64\lib\ivl\system.vpi";
:vpi_module "C:\msys64\ucrt64\lib\ivl\vhdl_sys.vpi";
:vpi_module "C:\msys64\ucrt64\lib\ivl\vhdl_textio.vpi";
:vpi_module "C:\msys64\ucrt64\lib\ivl\v2005_math.vpi";
:vpi_module "C:\msys64\ucrt64\lib\ivl\va_math.vpi";
:vpi_module "C:\msys64\ucrt64\lib\ivl\v2009.vpi";
S_0000021077547f50 .scope package, "$unit" "$unit" 2 1;
 .timescale 0 0;
S_0000021077502ad0 .scope module, "display_tb" "display_tb" 3 4;
 .timescale -9 -12;
v00000210775b5ef0_0 .var "clk_in", 0 0;
v00000210775b63f0_0 .net "cs_out", 0 0, v00000210775b6850_0;  1 drivers
v00000210775b6490_0 .var "curr_color", 7 0;
v00000210775b7750_0 .net "data_clk_out", 0 0, v000002107753d240_0;  1 drivers
v00000210775b5c70_0 .net "data_out", 0 0, v000002107753d880_0;  1 drivers
v00000210775b59f0_0 .net "dc_out", 0 0, v000002107753d2e0_0;  1 drivers
v00000210775b5f90_0 .var "draw_col1", 7 0;
v00000210775b7390_0 .var "draw_col2", 7 0;
v00000210775b68f0_0 .var "draw_color", 2 0;
v00000210775b58b0_0 .var "draw_row1", 8 0;
v00000210775b60d0_0 .var "draw_row2", 8 0;
v00000210775b5d10_0 .var "rst_in", 0 0;
v00000210775b7430_0 .net "rst_out", 0 0, v00000210775b5bd0_0;  1 drivers
v00000210775b6530_0 .var "size", 0 0;
v00000210775b6710_0 .var "valid_draw_data", 0 0;
S_0000021077502c60 .scope module, "screen" "display" 3 20, 4 5 0, S_0000021077502ad0;
 .timescale -9 -12;
    .port_info 0 /INPUT 1 "clk_in";
    .port_info 1 /INPUT 1 "rst_in";
    .port_info 2 /INPUT 1 "custom_in";
    .port_info 3 /INPUT 8 "col1_in";
    .port_info 4 /INPUT 8 "col2_in";
    .port_info 5 /INPUT 9 "row1_in";
    .port_info 6 /INPUT 9 "row2_in";
    .port_info 7 /INPUT 3 "color_in";
    .port_info 8 /INPUT 1 "valid_in";
    .port_info 9 /INPUT 8 "curr_color";
    .port_info 10 /INPUT 1 "size";
    .port_info 11 /INPUT 1 "tft_sdo";
    .port_info 12 /OUTPUT 1 "tft_sck";
    .port_info 13 /OUTPUT 1 "tft_sdi";
    .port_info 14 /OUTPUT 1 "tft_dc";
    .port_info 15 /OUTPUT 1 "tft_reset";
    .port_info 16 /OUTPUT 1 "tft_cs";
    .port_info 17 /OUTPUT 1 "drawn_finished";
    .port_info 18 /INPUT 16 "sw";
    .port_info 19 /OUTPUT 5 "state_out";
P_000002107748c510 .param/l "COLOR_WIDTH" 0 4 7, +C4<00000000000000000000000000000011>;
P_000002107748c548 .param/l "CUSTOM_DATA_SIZE" 1 4 39, +C4<00000000000000000000000000000010>;
P_000002107748c580 .param/l "DRAW_SEQ_SIZE" 1 4 76, +C4<00000000000000000000000000011101>;
P_000002107748c5b8 .param/l "DRAW_SEQ_SIZE_BIGGER" 1 4 91, +C4<00000000000000000000000000101011>;
P_000002107748c5f0 .param/l "INIT_DATA_SIZE" 1 4 47, +C4<00000000000000000000000001011000>;
P_000002107748c628 .param/l "NUM_COLS" 0 4 8, +C4<00000000000000000000000011110000>;
P_000002107748c660 .param/l "NUM_ROWS" 0 4 9, +C4<00000000000000000000000101000000>;
enum00000210774b3c30 .enum2/s (32)
   "RESET" 0,
   "INIT" 1,
   "IDLE" 2,
   "DRAW" 3,
   "CUSTOM" 4
 ;
v000002107753dec0_0 .net "CUSTOM_DATA", 17 0, L_00000210775b6d50;  1 drivers
v000002107753cb60_0 .net "DRAW_SEQ", 260 0, L_00000210776101a0;  1 drivers
v000002107753e140_0 .net "DRAW_SEQ_BIGGER", 260 0, L_0000021077614ee0;  1 drivers
v000002107753e1e0_0 .var "INIT_DATA", 791 0;
L_00000210775b8d48 .functor BUFT 1, C4<00000000000000000000000001100100>, C4<0>, C4<0>, C4<0>;
v000002107753cc00_0 .net "STANDARD_DELAY", 31 0, L_00000210775b8d48;  1 drivers
L_00000210775b7878 .functor BUFT 1, C4<0>, C4<0>, C4<0>, C4<0>;
v000002107753df60_0 .net/2u *"_ivl_0", 0 0, L_00000210775b7878;  1 drivers
v000002107753cca0_0 .net *"_ivl_10", 8 0, L_00000210775b6ad0;  1 drivers
L_00000210775b7e60 .functor BUFT 1, C4<1>, C4<0>, C4<0>, C4<0>;
v000002107753c980_0 .net/2u *"_ivl_100", 0 0, L_00000210775b7e60;  1 drivers
v000002107753cde0_0 .net *"_ivl_102", 8 0, L_000002107760fe80;  1 drivers
L_00000210775b7ea8 .functor BUFT 1, C4<1>, C4<0>, C4<0>, C4<0>;
v000002107753d7e0_0 .net/2u *"_ivl_104", 0 0, L_00000210775b7ea8;  1 drivers
v000002107753e280_0 .net *"_ivl_106", 8 0, L_000002107760fa20;  1 drivers
L_00000210775b7ef0 .functor BUFT 1, C4<1>, C4<0>, C4<0>, C4<0>;
v000002107753c5c0_0 .net/2u *"_ivl_108", 0 0, L_00000210775b7ef0;  1 drivers
v000002107753d060_0 .net *"_ivl_110", 8 0, L_0000021077610c40;  1 drivers
L_00000210775b7f38 .functor BUFT 1, C4<1>, C4<0>, C4<0>, C4<0>;
v000002107753e320_0 .net/2u *"_ivl_112", 0 0, L_00000210775b7f38;  1 drivers
v000002107753ce80_0 .net *"_ivl_114", 8 0, L_0000021077610ba0;  1 drivers
L_00000210775b7f80 .functor BUFT 1, C4<1>, C4<0>, C4<0>, C4<0>;
v000002107753d100_0 .net/2u *"_ivl_116", 0 0, L_00000210775b7f80;  1 drivers
v000002107753d1a0_0 .net *"_ivl_118", 8 0, L_0000021077611320;  1 drivers
L_00000210775b7fc8 .functor BUFT 1, C4<1>, C4<0>, C4<0>, C4<0>;
v000002107753d420_0 .net/2u *"_ivl_120", 0 0, L_00000210775b7fc8;  1 drivers
v000002107753c660_0 .net *"_ivl_122", 8 0, L_0000021077610920;  1 drivers
L_00000210775b8010 .functor BUFT 1, C4<1>, C4<0>, C4<0>, C4<0>;
v000002107753c700_0 .net/2u *"_ivl_124", 0 0, L_00000210775b8010;  1 drivers
v000002107753d4c0_0 .net *"_ivl_126", 8 0, L_00000210776109c0;  1 drivers
L_00000210775b8058 .functor BUFT 1, C4<1>, C4<0>, C4<0>, C4<0>;
v000002107753c7a0_0 .net/2u *"_ivl_128", 0 0, L_00000210775b8058;  1 drivers
v000002107753c840_0 .net *"_ivl_130", 8 0, L_00000210776113c0;  1 drivers
L_00000210775b80a0 .functor BUFT 1, C4<1>, C4<0>, C4<0>, C4<0>;
v000002107753d9c0_0 .net/2u *"_ivl_132", 0 0, L_00000210775b80a0;  1 drivers
v000002107753c8e0_0 .net *"_ivl_134", 8 0, L_000002107760ffc0;  1 drivers
L_00000210775b80e8 .functor BUFT 1, C4<1>, C4<0>, C4<0>, C4<0>;
v00000210775ae420_0 .net/2u *"_ivl_136", 0 0, L_00000210775b80e8;  1 drivers
v00000210775aeb00_0 .net *"_ivl_138", 8 0, L_0000021077610100;  1 drivers
L_00000210775b7908 .functor BUFT 1, C4<000101010>, C4<0>, C4<0>, C4<0>;
v00000210775af320_0 .net/2u *"_ivl_14", 8 0, L_00000210775b7908;  1 drivers
L_00000210775b8130 .functor BUFT 1, C4<000101010>, C4<0>, C4<0>, C4<0>;
v00000210775aed80_0 .net/2u *"_ivl_142", 8 0, L_00000210775b8130;  1 drivers
L_00000210775b8178 .functor BUFT 1, C4<1>, C4<0>, C4<0>, C4<0>;
v00000210775af3c0_0 .net/2u *"_ivl_144", 0 0, L_00000210775b8178;  1 drivers
v00000210775ae600_0 .net *"_ivl_147", 7 0, L_000002107760f8e0;  1 drivers
v00000210775af140_0 .net *"_ivl_148", 8 0, L_0000021077610d80;  1 drivers
L_00000210775b81c0 .functor BUFT 1, C4<1>, C4<0>, C4<0>, C4<0>;
v00000210775ae7e0_0 .net/2u *"_ivl_150", 0 0, L_00000210775b81c0;  1 drivers
v00000210775ae4c0_0 .net *"_ivl_153", 7 0, L_0000021077610a60;  1 drivers
v00000210775af5a0_0 .net *"_ivl_154", 8 0, L_0000021077611780;  1 drivers
L_00000210775b8208 .functor BUFT 1, C4<1>, C4<0>, C4<0>, C4<0>;
v00000210775af960_0 .net/2u *"_ivl_156", 0 0, L_00000210775b8208;  1 drivers
v00000210775ae6a0_0 .net *"_ivl_159", 7 0, L_0000021077610e20;  1 drivers
L_00000210775b7950 .functor BUFT 1, C4<1>, C4<0>, C4<0>, C4<0>;
v00000210775ae240_0 .net/2u *"_ivl_16", 0 0, L_00000210775b7950;  1 drivers
v00000210775aff00_0 .net *"_ivl_160", 8 0, L_0000021077610240;  1 drivers
L_00000210775b8250 .functor BUFT 1, C4<1>, C4<0>, C4<0>, C4<0>;
v00000210775aece0_0 .net/2u *"_ivl_162", 0 0, L_00000210775b8250;  1 drivers
v00000210775af460_0 .net *"_ivl_165", 7 0, L_0000021077610380;  1 drivers
v00000210775afd20_0 .net *"_ivl_166", 8 0, L_0000021077610b00;  1 drivers
L_00000210775b8298 .functor BUFT 1, C4<000101011>, C4<0>, C4<0>, C4<0>;
v00000210775ae380_0 .net/2u *"_ivl_168", 8 0, L_00000210775b8298;  1 drivers
L_00000210775b82e0 .functor BUFT 1, C4<1>, C4<0>, C4<0>, C4<0>;
v00000210775aeec0_0 .net/2u *"_ivl_170", 0 0, L_00000210775b82e0;  1 drivers
v00000210775aef60_0 .net *"_ivl_173", 7 0, L_0000021077610f60;  1 drivers
v00000210775ae920_0 .net *"_ivl_174", 8 0, L_00000210776115a0;  1 drivers
L_00000210775b8328 .functor BUFT 1, C4<1>, C4<0>, C4<0>, C4<0>;
v00000210775ae740_0 .net/2u *"_ivl_176", 0 0, L_00000210775b8328;  1 drivers
v00000210775af780_0 .net *"_ivl_179", 7 0, L_0000021077611000;  1 drivers
v00000210775afdc0_0 .net *"_ivl_180", 8 0, L_000002107760fc00;  1 drivers
L_00000210775b8370 .functor BUFT 1, C4<1>, C4<0>, C4<0>, C4<0>;
v00000210775ae1a0_0 .net/2u *"_ivl_182", 0 0, L_00000210775b8370;  1 drivers
v00000210775af500_0 .net *"_ivl_185", 7 0, L_00000210776110a0;  1 drivers
v00000210775ae2e0_0 .net *"_ivl_186", 8 0, L_0000021077611640;  1 drivers
L_00000210775b83b8 .functor BUFT 1, C4<1>, C4<0>, C4<0>, C4<0>;
v00000210775af8c0_0 .net/2u *"_ivl_188", 0 0, L_00000210775b83b8;  1 drivers
v00000210775afbe0_0 .net *"_ivl_19", 7 0, L_00000210775b6df0;  1 drivers
v00000210775ae560_0 .net *"_ivl_191", 7 0, L_0000021077611140;  1 drivers
v00000210775ae880_0 .net *"_ivl_192", 8 0, L_0000021077610420;  1 drivers
L_00000210775b8400 .functor BUFT 1, C4<000101100>, C4<0>, C4<0>, C4<0>;
v00000210775afc80_0 .net/2u *"_ivl_194", 8 0, L_00000210775b8400;  1 drivers
L_00000210775b8448 .functor BUFT 1, C4<1>, C4<0>, C4<0>, C4<0>;
v00000210775af640_0 .net/2u *"_ivl_196", 0 0, L_00000210775b8448;  1 drivers
v00000210775ae9c0_0 .net *"_ivl_198", 8 0, L_000002107760fac0;  1 drivers
v00000210775afa00_0 .net *"_ivl_20", 8 0, L_00000210775b7610;  1 drivers
L_00000210775b8490 .functor BUFT 1, C4<1>, C4<0>, C4<0>, C4<0>;
v00000210775aea60_0 .net/2u *"_ivl_200", 0 0, L_00000210775b8490;  1 drivers
v00000210775aeba0_0 .net *"_ivl_202", 8 0, L_0000021077610560;  1 drivers
L_00000210775b84d8 .functor BUFT 1, C4<1>, C4<0>, C4<0>, C4<0>;
v00000210775afaa0_0 .net/2u *"_ivl_204", 0 0, L_00000210775b84d8;  1 drivers
v00000210775aec40_0 .net *"_ivl_206", 8 0, L_000002107760f980;  1 drivers
L_00000210775b8520 .functor BUFT 1, C4<1>, C4<0>, C4<0>, C4<0>;
v00000210775afe60_0 .net/2u *"_ivl_208", 0 0, L_00000210775b8520;  1 drivers
v00000210775ae060_0 .net *"_ivl_210", 8 0, L_000002107760fb60;  1 drivers
L_00000210775b8568 .functor BUFT 1, C4<1>, C4<0>, C4<0>, C4<0>;
v00000210775aee20_0 .net/2u *"_ivl_212", 0 0, L_00000210775b8568;  1 drivers
v00000210775af0a0_0 .net *"_ivl_214", 8 0, L_0000021077614800;  1 drivers
L_00000210775b85b0 .functor BUFT 1, C4<1>, C4<0>, C4<0>, C4<0>;
v00000210775af000_0 .net/2u *"_ivl_216", 0 0, L_00000210775b85b0;  1 drivers
v00000210775af1e0_0 .net *"_ivl_218", 8 0, L_00000210776157a0;  1 drivers
L_00000210775b7998 .functor BUFT 1, C4<1>, C4<0>, C4<0>, C4<0>;
v00000210775afb40_0 .net/2u *"_ivl_22", 0 0, L_00000210775b7998;  1 drivers
L_00000210775b85f8 .functor BUFT 1, C4<1>, C4<0>, C4<0>, C4<0>;
v00000210775af280_0 .net/2u *"_ivl_220", 0 0, L_00000210775b85f8;  1 drivers
v00000210775af820_0 .net *"_ivl_222", 8 0, L_0000021077614620;  1 drivers
L_00000210775b8640 .functor BUFT 1, C4<1>, C4<0>, C4<0>, C4<0>;
v00000210775af6e0_0 .net/2u *"_ivl_224", 0 0, L_00000210775b8640;  1 drivers
v00000210775ae100_0 .net *"_ivl_226", 8 0, L_0000021077614080;  1 drivers
L_00000210775b8688 .functor BUFT 1, C4<1>, C4<0>, C4<0>, C4<0>;
v00000210775b1470_0 .net/2u *"_ivl_228", 0 0, L_00000210775b8688;  1 drivers
v00000210775b15b0_0 .net *"_ivl_230", 8 0, L_0000021077613ea0;  1 drivers
L_00000210775b86d0 .functor BUFT 1, C4<1>, C4<0>, C4<0>, C4<0>;
v00000210775b0890_0 .net/2u *"_ivl_232", 0 0, L_00000210775b86d0;  1 drivers
v00000210775b0930_0 .net *"_ivl_234", 8 0, L_0000021077614260;  1 drivers
L_00000210775b8718 .functor BUFT 1, C4<1>, C4<0>, C4<0>, C4<0>;
v00000210775b1010_0 .net/2u *"_ivl_236", 0 0, L_00000210775b8718;  1 drivers
v00000210775b1970_0 .net *"_ivl_238", 8 0, L_0000021077615160;  1 drivers
L_00000210775b8760 .functor BUFT 1, C4<1>, C4<0>, C4<0>, C4<0>;
v00000210775b10b0_0 .net/2u *"_ivl_240", 0 0, L_00000210775b8760;  1 drivers
v00000210775b0750_0 .net *"_ivl_242", 8 0, L_00000210776148a0;  1 drivers
L_00000210775b87a8 .functor BUFT 1, C4<1>, C4<0>, C4<0>, C4<0>;
v00000210775b0cf0_0 .net/2u *"_ivl_244", 0 0, L_00000210775b87a8;  1 drivers
v00000210775b01b0_0 .net *"_ivl_246", 8 0, L_0000021077613e00;  1 drivers
L_00000210775b87f0 .functor BUFT 1, C4<1>, C4<0>, C4<0>, C4<0>;
v00000210775b0f70_0 .net/2u *"_ivl_248", 0 0, L_00000210775b87f0;  1 drivers
v00000210775b1150_0 .net *"_ivl_25", 7 0, L_00000210775b6e90;  1 drivers
v00000210775b0250_0 .net *"_ivl_250", 8 0, L_0000021077613a40;  1 drivers
L_00000210775b8838 .functor BUFT 1, C4<1>, C4<0>, C4<0>, C4<0>;
v00000210775b1a10_0 .net/2u *"_ivl_252", 0 0, L_00000210775b8838;  1 drivers
v00000210775b16f0_0 .net *"_ivl_254", 8 0, L_0000021077614c60;  1 drivers
L_00000210775b8880 .functor BUFT 1, C4<1>, C4<0>, C4<0>, C4<0>;
v00000210775b1bf0_0 .net/2u *"_ivl_256", 0 0, L_00000210775b8880;  1 drivers
v00000210775b1650_0 .net *"_ivl_258", 8 0, L_0000021077614bc0;  1 drivers
v00000210775b0d90_0 .net *"_ivl_26", 8 0, L_00000210775b71b0;  1 drivers
L_00000210775b88c8 .functor BUFT 1, C4<1>, C4<0>, C4<0>, C4<0>;
v00000210775b1c90_0 .net/2u *"_ivl_260", 0 0, L_00000210775b88c8;  1 drivers
v00000210775b02f0_0 .net *"_ivl_262", 8 0, L_0000021077615340;  1 drivers
L_00000210775b8910 .functor BUFT 1, C4<1>, C4<0>, C4<0>, C4<0>;
v00000210775b09d0_0 .net/2u *"_ivl_264", 0 0, L_00000210775b8910;  1 drivers
v00000210775b0e30_0 .net *"_ivl_266", 8 0, L_00000210776146c0;  1 drivers
L_00000210775b8958 .functor BUFT 1, C4<1>, C4<0>, C4<0>, C4<0>;
v00000210775b1790_0 .net/2u *"_ivl_268", 0 0, L_00000210775b8958;  1 drivers
v00000210775b1830_0 .net *"_ivl_270", 8 0, L_0000021077614760;  1 drivers
L_00000210775b89a0 .functor BUFT 1, C4<1>, C4<0>, C4<0>, C4<0>;
v00000210775b0570_0 .net/2u *"_ivl_272", 0 0, L_00000210775b89a0;  1 drivers
v00000210775b13d0_0 .net *"_ivl_274", 8 0, L_00000210776153e0;  1 drivers
L_00000210775b89e8 .functor BUFT 1, C4<1>, C4<0>, C4<0>, C4<0>;
v00000210775b1e70_0 .net/2u *"_ivl_276", 0 0, L_00000210775b89e8;  1 drivers
v00000210775b11f0_0 .net *"_ivl_278", 8 0, L_0000021077613d60;  1 drivers
L_00000210775b79e0 .functor BUFT 1, C4<1>, C4<0>, C4<0>, C4<0>;
v00000210775b0430_0 .net/2u *"_ivl_28", 0 0, L_00000210775b79e0;  1 drivers
L_00000210775b8a30 .functor BUFT 1, C4<1>, C4<0>, C4<0>, C4<0>;
v00000210775b1330_0 .net/2u *"_ivl_280", 0 0, L_00000210775b8a30;  1 drivers
v00000210775b1510_0 .net *"_ivl_282", 8 0, L_0000021077613f40;  1 drivers
L_00000210775b8a78 .functor BUFT 1, C4<1>, C4<0>, C4<0>, C4<0>;
v00000210775b18d0_0 .net/2u *"_ivl_284", 0 0, L_00000210775b8a78;  1 drivers
v00000210775b1ab0_0 .net *"_ivl_286", 8 0, L_0000021077614f80;  1 drivers
L_00000210775b8ac0 .functor BUFT 1, C4<1>, C4<0>, C4<0>, C4<0>;
v00000210775b1f10_0 .net/2u *"_ivl_288", 0 0, L_00000210775b8ac0;  1 drivers
v00000210775b0ed0_0 .net *"_ivl_290", 8 0, L_0000021077613900;  1 drivers
L_00000210775b8b08 .functor BUFT 1, C4<1>, C4<0>, C4<0>, C4<0>;
v00000210775b1b50_0 .net/2u *"_ivl_292", 0 0, L_00000210775b8b08;  1 drivers
v00000210775b1d30_0 .net *"_ivl_294", 8 0, L_0000021077613ae0;  1 drivers
L_00000210775b8b50 .functor BUFT 1, C4<1>, C4<0>, C4<0>, C4<0>;
v00000210775b1dd0_0 .net/2u *"_ivl_296", 0 0, L_00000210775b8b50;  1 drivers
v00000210775b0070_0 .net *"_ivl_298", 8 0, L_0000021077615480;  1 drivers
v00000210775b06b0_0 .net *"_ivl_3", 7 0, L_00000210775b6990;  1 drivers
L_00000210775b8b98 .functor BUFT 1, C4<1>, C4<0>, C4<0>, C4<0>;
v00000210775b0a70_0 .net/2u *"_ivl_300", 0 0, L_00000210775b8b98;  1 drivers
v00000210775b0b10_0 .net *"_ivl_302", 8 0, L_0000021077614d00;  1 drivers
L_00000210775b8be0 .functor BUFT 1, C4<1>, C4<0>, C4<0>, C4<0>;
v00000210775b1290_0 .net/2u *"_ivl_304", 0 0, L_00000210775b8be0;  1 drivers
v00000210775b0390_0 .net *"_ivl_306", 8 0, L_0000021077613b80;  1 drivers
L_00000210775b8c28 .functor BUFT 1, C4<1>, C4<0>, C4<0>, C4<0>;
v00000210775b04d0_0 .net/2u *"_ivl_308", 0 0, L_00000210775b8c28;  1 drivers
v00000210775b0610_0 .net *"_ivl_31", 7 0, L_00000210775b7250;  1 drivers
v00000210775b0110_0 .net *"_ivl_310", 8 0, L_0000021077614940;  1 drivers
L_00000210775b8c70 .functor BUFT 1, C4<1>, C4<0>, C4<0>, C4<0>;
v00000210775b0c50_0 .net/2u *"_ivl_312", 0 0, L_00000210775b8c70;  1 drivers
v00000210775b07f0_0 .net *"_ivl_314", 8 0, L_0000021077615660;  1 drivers
L_00000210775b8cb8 .functor BUFT 1, C4<1>, C4<0>, C4<0>, C4<0>;
v00000210775b0bb0_0 .net/2u *"_ivl_316", 0 0, L_00000210775b8cb8;  1 drivers
v00000210775b3ef0_0 .net *"_ivl_318", 8 0, L_00000210776149e0;  1 drivers
v00000210775b3f90_0 .net *"_ivl_32", 8 0, L_00000210776111e0;  1 drivers
L_00000210775b8d00 .functor BUFT 1, C4<1>, C4<0>, C4<0>, C4<0>;
v00000210775b3950_0 .net/2u *"_ivl_320", 0 0, L_00000210775b8d00;  1 drivers
v00000210775b4ad0_0 .net *"_ivl_322", 8 0, L_0000021077614da0;  1 drivers
v00000210775b43f0_0 .net *"_ivl_324", 386 0, L_0000021077614e40;  1 drivers
L_00000210775b7a28 .functor BUFT 1, C4<1>, C4<0>, C4<0>, C4<0>;
v00000210775b4350_0 .net/2u *"_ivl_34", 0 0, L_00000210775b7a28;  1 drivers
v00000210775b3c70_0 .net *"_ivl_37", 7 0, L_0000021077610ec0;  1 drivers
v00000210775b34f0_0 .net *"_ivl_38", 8 0, L_000002107760fd40;  1 drivers
v00000210775b40d0_0 .net *"_ivl_4", 8 0, L_00000210775b67b0;  1 drivers
L_00000210775b7a70 .functor BUFT 1, C4<000101011>, C4<0>, C4<0>, C4<0>;
v00000210775b33b0_0 .net/2u *"_ivl_40", 8 0, L_00000210775b7a70;  1 drivers
L_00000210775b7ab8 .functor BUFT 1, C4<1>, C4<0>, C4<0>, C4<0>;
v00000210775b4170_0 .net/2u *"_ivl_42", 0 0, L_00000210775b7ab8;  1 drivers
v00000210775b4210_0 .net *"_ivl_45", 7 0, L_00000210776106a0;  1 drivers
v00000210775b3450_0 .net *"_ivl_46", 8 0, L_000002107760ff20;  1 drivers
L_00000210775b7b00 .functor BUFT 1, C4<1>, C4<0>, C4<0>, C4<0>;
v00000210775b4c10_0 .net/2u *"_ivl_48", 0 0, L_00000210775b7b00;  1 drivers
v00000210775b3590_0 .net *"_ivl_51", 7 0, L_0000021077610ce0;  1 drivers
v00000210775b4030_0 .net *"_ivl_52", 8 0, L_00000210776116e0;  1 drivers
L_00000210775b7b48 .functor BUFT 1, C4<1>, C4<0>, C4<0>, C4<0>;
v00000210775b3310_0 .net/2u *"_ivl_54", 0 0, L_00000210775b7b48;  1 drivers
v00000210775b4f30_0 .net *"_ivl_57", 7 0, L_0000021077610600;  1 drivers
v00000210775b4710_0 .net *"_ivl_58", 8 0, L_0000021077610060;  1 drivers
L_00000210775b78c0 .functor BUFT 1, C4<1>, C4<0>, C4<0>, C4<0>;
v00000210775b47b0_0 .net/2u *"_ivl_6", 0 0, L_00000210775b78c0;  1 drivers
L_00000210775b7b90 .functor BUFT 1, C4<1>, C4<0>, C4<0>, C4<0>;
v00000210775b4e90_0 .net/2u *"_ivl_60", 0 0, L_00000210775b7b90;  1 drivers
v00000210775b3090_0 .net *"_ivl_63", 7 0, L_000002107760fca0;  1 drivers
v00000210775b4530_0 .net *"_ivl_64", 8 0, L_0000021077611460;  1 drivers
L_00000210775b7bd8 .functor BUFT 1, C4<000101100>, C4<0>, C4<0>, C4<0>;
v00000210775b42b0_0 .net/2u *"_ivl_66", 8 0, L_00000210775b7bd8;  1 drivers
L_00000210775b7c20 .functor BUFT 1, C4<1>, C4<0>, C4<0>, C4<0>;
v00000210775b4490_0 .net/2u *"_ivl_68", 0 0, L_00000210775b7c20;  1 drivers
v00000210775b3db0_0 .net *"_ivl_70", 8 0, L_0000021077610740;  1 drivers
L_00000210775b7c68 .functor BUFT 1, C4<1>, C4<0>, C4<0>, C4<0>;
v00000210775b3b30_0 .net/2u *"_ivl_72", 0 0, L_00000210775b7c68;  1 drivers
v00000210775b3130_0 .net *"_ivl_74", 8 0, L_00000210776104c0;  1 drivers
L_00000210775b7cb0 .functor BUFT 1, C4<1>, C4<0>, C4<0>, C4<0>;
v00000210775b38b0_0 .net/2u *"_ivl_76", 0 0, L_00000210775b7cb0;  1 drivers
v00000210775b45d0_0 .net *"_ivl_78", 8 0, L_0000021077611280;  1 drivers
L_00000210775b7cf8 .functor BUFT 1, C4<1>, C4<0>, C4<0>, C4<0>;
v00000210775b4850_0 .net/2u *"_ivl_80", 0 0, L_00000210775b7cf8;  1 drivers
v00000210775b39f0_0 .net *"_ivl_82", 8 0, L_000002107760fde0;  1 drivers
L_00000210775b7d40 .functor BUFT 1, C4<1>, C4<0>, C4<0>, C4<0>;
v00000210775b3a90_0 .net/2u *"_ivl_84", 0 0, L_00000210775b7d40;  1 drivers
v00000210775b4670_0 .net *"_ivl_86", 8 0, L_00000210776107e0;  1 drivers
L_00000210775b7d88 .functor BUFT 1, C4<1>, C4<0>, C4<0>, C4<0>;
v00000210775b4b70_0 .net/2u *"_ivl_88", 0 0, L_00000210775b7d88;  1 drivers
v00000210775b48f0_0 .net *"_ivl_9", 7 0, L_00000210775b6a30;  1 drivers
v00000210775b3bd0_0 .net *"_ivl_90", 8 0, L_00000210776102e0;  1 drivers
L_00000210775b7dd0 .functor BUFT 1, C4<1>, C4<0>, C4<0>, C4<0>;
v00000210775b3e50_0 .net/2u *"_ivl_92", 0 0, L_00000210775b7dd0;  1 drivers
v00000210775b3770_0 .net *"_ivl_94", 8 0, L_0000021077611500;  1 drivers
L_00000210775b7e18 .functor BUFT 1, C4<1>, C4<0>, C4<0>, C4<0>;
v00000210775b3d10_0 .net/2u *"_ivl_96", 0 0, L_00000210775b7e18;  1 drivers
v00000210775b4990_0 .net *"_ivl_98", 8 0, L_0000021077610880;  1 drivers
v00000210775b4a30_0 .net "clk_in", 0 0, v00000210775b5ef0_0;  1 drivers
v00000210775b36d0_0 .var "col1", 15 0;
v00000210775b4cb0_0 .net "col1_in", 7 0, v00000210775b5f90_0;  1 drivers
v00000210775b4d50_0 .var "col2", 15 0;
v00000210775b4df0_0 .net "col2_in", 7 0, v00000210775b7390_0;  1 drivers
v00000210775b31d0_0 .var "color", 2 0;
v00000210775b3270_0 .net "color_in", 2 0, v00000210775b68f0_0;  1 drivers
v00000210775b3630_0 .net "curr_color", 7 0, v00000210775b6490_0;  1 drivers
v00000210775b3810_0 .var "custom_data_index", 5 0;
o0000021077562578 .functor BUFZ 1, C4<z>; HiZ drive
v00000210775b7570_0 .net "custom_in", 0 0, o0000021077562578;  0 drivers
v00000210775b6f30_0 .var "data_in", 8 0;
v00000210775b5950_0 .var "delay", 31 0;
v00000210775b6210_0 .var "draw_seq_index", 5 0;
v00000210775b5db0_0 .var "draw_seq_index_bigger", 6 0;
v00000210775b72f0_0 .var "drawn_finished", 0 0;
v00000210775b65d0_0 .var "init_data_index", 10 0;
v00000210775b74d0_0 .var "row1", 15 0;
v00000210775b5a90_0 .net "row1_in", 8 0, v00000210775b58b0_0;  1 drivers
v00000210775b6170_0 .var "row2", 15 0;
v00000210775b6670_0 .net "row2_in", 8 0, v00000210775b60d0_0;  1 drivers
v00000210775b6fd0_0 .net "rst_in", 0 0, v00000210775b5d10_0;  1 drivers
v00000210775b62b0_0 .net "sel_out", 0 0, v000002107753cd40_0;  1 drivers
v00000210775b6030_0 .net "size", 0 0, v00000210775b6530_0;  1 drivers
v00000210775b5e50_0 .var/2s "state", 31 0;
v00000210775b6c10_0 .net "state_out", 4 0, L_0000021077615020;  1 drivers
o00000210775627e8 .functor BUFZ 16, C4<zzzzzzzzzzzzzzzz>; HiZ drive
v00000210775b76b0_0 .net "sw", 15 0, o00000210775627e8;  0 drivers
v00000210775b6850_0 .var "tft_cs", 0 0;
v00000210775b6b70_0 .net "tft_dc", 0 0, v000002107753d2e0_0;  alias, 1 drivers
v00000210775b5bd0_0 .var "tft_reset", 0 0;
v00000210775b6cb0_0 .net "tft_sck", 0 0, v000002107753d240_0;  alias, 1 drivers
v00000210775b5b30_0 .net "tft_sdi", 0 0, v000002107753d880_0;  alias, 1 drivers
o0000021077562878 .functor BUFZ 1, C4<z>; HiZ drive
v00000210775b6350_0 .net "tft_sdo", 0 0, o0000021077562878;  0 drivers
v00000210775b7070_0 .var "trigger_in", 0 0;
v00000210775b7110_0 .net "valid_in", 0 0, v00000210775b6710_0;  1 drivers
L_00000210775b6990 .part o00000210775627e8, 8, 8;
L_00000210775b67b0 .concat [ 8 1 0 0], L_00000210775b6990, L_00000210775b7878;
L_00000210775b6a30 .part o00000210775627e8, 0, 8;
L_00000210775b6ad0 .concat [ 8 1 0 0], L_00000210775b6a30, L_00000210775b78c0;
L_00000210775b6d50 .concat [ 9 9 0 0], L_00000210775b6ad0, L_00000210775b67b0;
L_00000210775b6df0 .part v00000210775b36d0_0, 8, 8;
L_00000210775b7610 .concat [ 8 1 0 0], L_00000210775b6df0, L_00000210775b7950;
L_00000210775b6e90 .part v00000210775b36d0_0, 0, 8;
L_00000210775b71b0 .concat [ 8 1 0 0], L_00000210775b6e90, L_00000210775b7998;
L_00000210775b7250 .part v00000210775b4d50_0, 8, 8;
L_00000210776111e0 .concat [ 8 1 0 0], L_00000210775b7250, L_00000210775b79e0;
L_0000021077610ec0 .part v00000210775b4d50_0, 0, 8;
L_000002107760fd40 .concat [ 8 1 0 0], L_0000021077610ec0, L_00000210775b7a28;
L_00000210776106a0 .part v00000210775b74d0_0, 8, 8;
L_000002107760ff20 .concat [ 8 1 0 0], L_00000210776106a0, L_00000210775b7ab8;
L_0000021077610ce0 .part v00000210775b74d0_0, 0, 8;
L_00000210776116e0 .concat [ 8 1 0 0], L_0000021077610ce0, L_00000210775b7b00;
L_0000021077610600 .part v00000210775b6170_0, 8, 8;
L_0000021077610060 .concat [ 8 1 0 0], L_0000021077610600, L_00000210775b7b48;
L_000002107760fca0 .part v00000210775b6170_0, 0, 8;
L_0000021077611460 .concat [ 8 1 0 0], L_000002107760fca0, L_00000210775b7b90;
L_0000021077610740 .concat [ 8 1 0 0], v00000210775b6490_0, L_00000210775b7c20;
L_00000210776104c0 .concat [ 8 1 0 0], v00000210775b6490_0, L_00000210775b7c68;
L_0000021077611280 .concat [ 8 1 0 0], v00000210775b6490_0, L_00000210775b7cb0;
L_000002107760fde0 .concat [ 8 1 0 0], v00000210775b6490_0, L_00000210775b7cf8;
L_00000210776107e0 .concat [ 8 1 0 0], v00000210775b6490_0, L_00000210775b7d40;
L_00000210776102e0 .concat [ 8 1 0 0], v00000210775b6490_0, L_00000210775b7d88;
L_0000021077611500 .concat [ 8 1 0 0], v00000210775b6490_0, L_00000210775b7dd0;
L_0000021077610880 .concat [ 8 1 0 0], v00000210775b6490_0, L_00000210775b7e18;
L_000002107760fe80 .concat [ 8 1 0 0], v00000210775b6490_0, L_00000210775b7e60;
L_000002107760fa20 .concat [ 8 1 0 0], v00000210775b6490_0, L_00000210775b7ea8;
L_0000021077610c40 .concat [ 8 1 0 0], v00000210775b6490_0, L_00000210775b7ef0;
L_0000021077610ba0 .concat [ 8 1 0 0], v00000210775b6490_0, L_00000210775b7f38;
L_0000021077611320 .concat [ 8 1 0 0], v00000210775b6490_0, L_00000210775b7f80;
L_0000021077610920 .concat [ 8 1 0 0], v00000210775b6490_0, L_00000210775b7fc8;
L_00000210776109c0 .concat [ 8 1 0 0], v00000210775b6490_0, L_00000210775b8010;
L_00000210776113c0 .concat [ 8 1 0 0], v00000210775b6490_0, L_00000210775b8058;
L_000002107760ffc0 .concat [ 8 1 0 0], v00000210775b6490_0, L_00000210775b80a0;
L_0000021077610100 .concat [ 8 1 0 0], v00000210775b6490_0, L_00000210775b80e8;
LS_00000210776101a0_0_0 .concat [ 9 9 9 9], L_0000021077610100, L_000002107760ffc0, L_00000210776113c0, L_00000210776109c0;
LS_00000210776101a0_0_4 .concat [ 9 9 9 9], L_0000021077610920, L_0000021077611320, L_0000021077610ba0, L_0000021077610c40;
LS_00000210776101a0_0_8 .concat [ 9 9 9 9], L_000002107760fa20, L_000002107760fe80, L_0000021077610880, L_0000021077611500;
LS_00000210776101a0_0_12 .concat [ 9 9 9 9], L_00000210776102e0, L_00000210776107e0, L_000002107760fde0, L_0000021077611280;
LS_00000210776101a0_0_16 .concat [ 9 9 9 9], L_00000210776104c0, L_0000021077610740, L_00000210775b7bd8, L_0000021077611460;
LS_00000210776101a0_0_20 .concat [ 9 9 9 9], L_0000021077610060, L_00000210776116e0, L_000002107760ff20, L_00000210775b7a70;
LS_00000210776101a0_0_24 .concat [ 9 9 9 9], L_000002107760fd40, L_00000210776111e0, L_00000210775b71b0, L_00000210775b7610;
LS_00000210776101a0_0_28 .concat [ 9 0 0 0], L_00000210775b7908;
LS_00000210776101a0_1_0 .concat [ 36 36 36 36], LS_00000210776101a0_0_0, LS_00000210776101a0_0_4, LS_00000210776101a0_0_8, LS_00000210776101a0_0_12;
LS_00000210776101a0_1_4 .concat [ 36 36 36 9], LS_00000210776101a0_0_16, LS_00000210776101a0_0_20, LS_00000210776101a0_0_24, LS_00000210776101a0_0_28;
L_00000210776101a0 .concat [ 144 117 0 0], LS_00000210776101a0_1_0, LS_00000210776101a0_1_4;
L_000002107760f8e0 .part v00000210775b36d0_0, 8, 8;
L_0000021077610d80 .concat [ 8 1 0 0], L_000002107760f8e0, L_00000210775b8178;
L_0000021077610a60 .part v00000210775b36d0_0, 0, 8;
L_0000021077611780 .concat [ 8 1 0 0], L_0000021077610a60, L_00000210775b81c0;
L_0000021077610e20 .part v00000210775b4d50_0, 8, 8;
L_0000021077610240 .concat [ 8 1 0 0], L_0000021077610e20, L_00000210775b8208;
L_0000021077610380 .part v00000210775b4d50_0, 0, 8;
L_0000021077610b00 .concat [ 8 1 0 0], L_0000021077610380, L_00000210775b8250;
L_0000021077610f60 .part v00000210775b74d0_0, 8, 8;
L_00000210776115a0 .concat [ 8 1 0 0], L_0000021077610f60, L_00000210775b82e0;
L_0000021077611000 .part v00000210775b74d0_0, 0, 8;
L_000002107760fc00 .concat [ 8 1 0 0], L_0000021077611000, L_00000210775b8328;
L_00000210776110a0 .part v00000210775b6170_0, 8, 8;
L_0000021077611640 .concat [ 8 1 0 0], L_00000210776110a0, L_00000210775b8370;
L_0000021077611140 .part v00000210775b6170_0, 0, 8;
L_0000021077610420 .concat [ 8 1 0 0], L_0000021077611140, L_00000210775b83b8;
L_000002107760fac0 .concat [ 8 1 0 0], v00000210775b6490_0, L_00000210775b8448;
L_0000021077610560 .concat [ 8 1 0 0], v00000210775b6490_0, L_00000210775b8490;
L_000002107760f980 .concat [ 8 1 0 0], v00000210775b6490_0, L_00000210775b84d8;
L_000002107760fb60 .concat [ 8 1 0 0], v00000210775b6490_0, L_00000210775b8520;
L_0000021077614800 .concat [ 8 1 0 0], v00000210775b6490_0, L_00000210775b8568;
L_00000210776157a0 .concat [ 8 1 0 0], v00000210775b6490_0, L_00000210775b85b0;
L_0000021077614620 .concat [ 8 1 0 0], v00000210775b6490_0, L_00000210775b85f8;
L_0000021077614080 .concat [ 8 1 0 0], v00000210775b6490_0, L_00000210775b8640;
L_0000021077613ea0 .concat [ 8 1 0 0], v00000210775b6490_0, L_00000210775b8688;
L_0000021077614260 .concat [ 8 1 0 0], v00000210775b6490_0, L_00000210775b86d0;
L_0000021077615160 .concat [ 8 1 0 0], v00000210775b6490_0, L_00000210775b8718;
L_00000210776148a0 .concat [ 8 1 0 0], v00000210775b6490_0, L_00000210775b8760;
L_0000021077613e00 .concat [ 8 1 0 0], v00000210775b6490_0, L_00000210775b87a8;
L_0000021077613a40 .concat [ 8 1 0 0], v00000210775b6490_0, L_00000210775b87f0;
L_0000021077614c60 .concat [ 8 1 0 0], v00000210775b6490_0, L_00000210775b8838;
L_0000021077614bc0 .concat [ 8 1 0 0], v00000210775b6490_0, L_00000210775b8880;
L_0000021077615340 .concat [ 8 1 0 0], v00000210775b6490_0, L_00000210775b88c8;
L_00000210776146c0 .concat [ 8 1 0 0], v00000210775b6490_0, L_00000210775b8910;
L_0000021077614760 .concat [ 8 1 0 0], v00000210775b6490_0, L_00000210775b8958;
L_00000210776153e0 .concat [ 8 1 0 0], v00000210775b6490_0, L_00000210775b89a0;
L_0000021077613d60 .concat [ 8 1 0 0], v00000210775b6490_0, L_00000210775b89e8;
L_0000021077613f40 .concat [ 8 1 0 0], v00000210775b6490_0, L_00000210775b8a30;
L_0000021077614f80 .concat [ 8 1 0 0], v00000210775b6490_0, L_00000210775b8a78;
L_0000021077613900 .concat [ 8 1 0 0], v00000210775b6490_0, L_00000210775b8ac0;
L_0000021077613ae0 .concat [ 8 1 0 0], v00000210775b6490_0, L_00000210775b8b08;
L_0000021077615480 .concat [ 8 1 0 0], v00000210775b6490_0, L_00000210775b8b50;
L_0000021077614d00 .concat [ 8 1 0 0], v00000210775b6490_0, L_00000210775b8b98;
L_0000021077613b80 .concat [ 8 1 0 0], v00000210775b6490_0, L_00000210775b8be0;
L_0000021077614940 .concat [ 8 1 0 0], v00000210775b6490_0, L_00000210775b8c28;
L_0000021077615660 .concat [ 8 1 0 0], v00000210775b6490_0, L_00000210775b8c70;
L_00000210776149e0 .concat [ 8 1 0 0], v00000210775b6490_0, L_00000210775b8cb8;
L_0000021077614da0 .concat [ 8 1 0 0], v00000210775b6490_0, L_00000210775b8d00;
LS_0000021077614e40_0_0 .concat [ 9 9 9 9], L_0000021077614da0, L_00000210776149e0, L_0000021077615660, L_0000021077614940;
LS_0000021077614e40_0_4 .concat [ 9 9 9 9], L_0000021077613b80, L_0000021077614d00, L_0000021077615480, L_0000021077613ae0;
LS_0000021077614e40_0_8 .concat [ 9 9 9 9], L_0000021077613900, L_0000021077614f80, L_0000021077613f40, L_0000021077613d60;
LS_0000021077614e40_0_12 .concat [ 9 9 9 9], L_00000210776153e0, L_0000021077614760, L_00000210776146c0, L_0000021077615340;
LS_0000021077614e40_0_16 .concat [ 9 9 9 9], L_0000021077614bc0, L_0000021077614c60, L_0000021077613a40, L_0000021077613e00;
LS_0000021077614e40_0_20 .concat [ 9 9 9 9], L_00000210776148a0, L_0000021077615160, L_0000021077614260, L_0000021077613ea0;
LS_0000021077614e40_0_24 .concat [ 9 9 9 9], L_0000021077614080, L_0000021077614620, L_00000210776157a0, L_0000021077614800;
LS_0000021077614e40_0_28 .concat [ 9 9 9 9], L_000002107760fb60, L_000002107760f980, L_0000021077610560, L_000002107760fac0;
LS_0000021077614e40_0_32 .concat [ 9 9 9 9], L_00000210775b8400, L_0000021077610420, L_0000021077611640, L_000002107760fc00;
LS_0000021077614e40_0_36 .concat [ 9 9 9 9], L_00000210776115a0, L_00000210775b8298, L_0000021077610b00, L_0000021077610240;
LS_0000021077614e40_0_40 .concat [ 9 9 9 0], L_0000021077611780, L_0000021077610d80, L_00000210775b8130;
LS_0000021077614e40_1_0 .concat [ 36 36 36 36], LS_0000021077614e40_0_0, LS_0000021077614e40_0_4, LS_0000021077614e40_0_8, LS_0000021077614e40_0_12;
LS_0000021077614e40_1_4 .concat [ 36 36 36 36], LS_0000021077614e40_0_16, LS_0000021077614e40_0_20, LS_0000021077614e40_0_24, LS_0000021077614e40_0_28;
LS_0000021077614e40_1_8 .concat [ 36 36 27 0], LS_0000021077614e40_0_32, LS_0000021077614e40_0_36, LS_0000021077614e40_0_40;
L_0000021077614e40 .concat [ 144 144 99 0], LS_0000021077614e40_1_0, LS_0000021077614e40_1_4, LS_0000021077614e40_1_8;
L_0000021077614ee0 .part L_0000021077614e40, 0, 261;
L_0000021077615020 .part v00000210775b5e50_0, 0, 5;
S_000002107748c6a0 .scope module, "spi" "spi_tx" 4 123, 5 4 0, S_0000021077502c60;
 .timescale -9 -12;
    .port_info 0 /INPUT 1 "clk_in";
    .port_info 1 /INPUT 1 "rst_in";
    .port_info 2 /INPUT 9 "data_in";
    .port_info 3 /INPUT 1 "trigger_in";
    .port_info 4 /OUTPUT 1 "data_out";
    .port_info 5 /OUTPUT 1 "data_clk_out";
    .port_info 6 /OUTPUT 1 "sel_out";
    .port_info 7 /OUTPUT 1 "dc_out";
P_00000210774c5b20 .param/l "DATA_PERIOD" 0 5 6, +C4<00000000000000000000000001100100>;
P_00000210774c5b58 .param/l "DATA_WIDTH" 0 5 5, +C4<00000000000000000000000000001000>;
v000002107753cf20_0 .net "FULL_PERIOD", 7 0, L_0000021077613c20;  1 drivers
L_00000210775b8d90 .functor BUFT 1, C4<0110010>, C4<0>, C4<0>, C4<0>;
v000002107753da60_0 .net "HALF_PERIOD", 6 0, L_00000210775b8d90;  1 drivers
L_00000210775b8e20 .functor BUFT 1, C4<00110010>, C4<0>, C4<0>, C4<0>;
v000002107753e460_0 .net *"_ivl_2", 7 0, L_00000210775b8e20;  1 drivers
L_00000210775b8dd8 .functor BUFT 1, C4<00000010>, C4<0>, C4<0>, C4<0>;
v000002107753d920_0 .net/2u *"_ivl_6", 7 0, L_00000210775b8dd8;  1 drivers
v000002107753cfc0_0 .net "clk_in", 0 0, v00000210775b5ef0_0;  alias, 1 drivers
v000002107753d560_0 .var "data", 8 0;
v000002107753d240_0 .var "data_clk_out", 0 0;
v000002107753dd80_0 .var "data_i", 8 0;
v000002107753dba0_0 .net "data_in", 8 0, v00000210775b6f30_0;  1 drivers
v000002107753d880_0 .var "data_out", 0 0;
v000002107753d2e0_0 .var "dc_out", 0 0;
v000002107753d380_0 .var "period_counter", 7 0;
v000002107753e0a0_0 .net "rst_in", 0 0, v00000210775b5d10_0;  alias, 1 drivers
v000002107753cd40_0 .var "sel_out", 0 0;
v000002107753dc40_0 .net "trigger_in", 0 0, v00000210775b7070_0;  1 drivers
E_0000021077545570 .event posedge, v000002107753cfc0_0;
L_0000021077613c20 .arith/mult 8, L_00000210775b8e20, L_00000210775b8dd8;
    .scope S_000002107748c6a0;
T_0 ;
    %wait E_0000021077545570;
    %load/vec4 v000002107753e0a0_0;
    %flag_set/vec4 8;
    %jmp/0xz  T_0.0, 8;
    %pushi/vec4 1, 0, 1;
    %assign/vec4 v000002107753cd40_0, 0;
    %load/vec4 v000002107753dba0_0;
    %assign/vec4 v000002107753d560_0, 0;
    %pushi/vec4 7, 0, 9;
    %assign/vec4 v000002107753dd80_0, 0;
    %pushi/vec4 0, 0, 8;
    %assign/vec4 v000002107753d380_0, 0;
    %pushi/vec4 0, 0, 1;
    %assign/vec4 v000002107753d240_0, 0;
    %pushi/vec4 1, 0, 1;
    %assign/vec4 v000002107753d880_0, 0;
    %jmp T_0.1;
T_0.0 ;
    %load/vec4 v000002107753cd40_0;
    %load/vec4 v000002107753dc40_0;
    %and;
    %flag_set/vec4 8;
    %jmp/0xz  T_0.2, 8;
    %pushi/vec4 0, 0, 1;
    %assign/vec4 v000002107753d240_0, 0;
    %pushi/vec4 0, 0, 1;
    %assign/vec4 v000002107753cd40_0, 0;
    %load/vec4 v000002107753dba0_0;
    %parti/s 1, 8, 5;
    %assign/vec4 v000002107753d2e0_0, 0;
    %load/vec4 v000002107753dba0_0;
    %load/vec4 v000002107753dd80_0;
    %part/u 1;
    %assign/vec4 v000002107753d880_0, 0;
    %load/vec4 v000002107753dba0_0;
    %assign/vec4 v000002107753d560_0, 0;
    %jmp T_0.3;
T_0.2 ;
    %load/vec4 v000002107753cd40_0;
    %nor/r;
    %flag_set/vec4 8;
    %jmp/0xz  T_0.4, 8;
    %load/vec4 v000002107753d380_0;
    %pad/u 32;
    %dup/vec4;
    %load/vec4 v000002107753cf20_0;
    %pad/u 32;
    %subi 1, 0, 32;
    %cmp/u;
    %jmp/1 T_0.6, 6;
    %dup/vec4;
    %load/vec4 v000002107753da60_0;
    %pad/u 32;
    %subi 1, 0, 32;
    %cmp/u;
    %jmp/1 T_0.7, 6;
    %jmp T_0.8;
T_0.6 ;
    %pushi/vec4 0, 0, 1;
    %assign/vec4 v000002107753d240_0, 0;
    %load/vec4 v000002107753dd80_0;
    %pad/u 32;
    %cmpi/e 0, 0, 32;
    %jmp/0xz  T_0.9, 4;
    %pushi/vec4 1, 0, 1;
    %assign/vec4 v000002107753cd40_0, 0;
    %load/vec4 v000002107753dba0_0;
    %assign/vec4 v000002107753d560_0, 0;
    %pushi/vec4 7, 0, 9;
    %assign/vec4 v000002107753dd80_0, 0;
    %pushi/vec4 1, 0, 1;
    %assign/vec4 v000002107753d880_0, 0;
    %jmp T_0.10;
T_0.9 ;
    %load/vec4 v000002107753d560_0;
    %load/vec4 v000002107753dd80_0;
    %pad/u 32;
    %subi 1, 0, 32;
    %part/u 1;
    %assign/vec4 v000002107753d880_0, 0;
    %load/vec4 v000002107753dd80_0;
    %subi 1, 0, 9;
    %assign/vec4 v000002107753dd80_0, 0;
T_0.10 ;
    %jmp T_0.8;
T_0.7 ;
    %pushi/vec4 1, 0, 1;
    %assign/vec4 v000002107753d240_0, 0;
    %jmp T_0.8;
T_0.8 ;
    %pop/vec4 1;
    %load/vec4 v000002107753d380_0;
    %pad/u 32;
    %load/vec4 v000002107753cf20_0;
    %pad/u 32;
    %subi 1, 0, 32;
    %cmp/e;
    %jmp/0xz  T_0.11, 4;
    %pushi/vec4 0, 0, 8;
    %assign/vec4 v000002107753d380_0, 0;
    %jmp T_0.12;
T_0.11 ;
    %load/vec4 v000002107753d380_0;
    %addi 1, 0, 8;
    %assign/vec4 v000002107753d380_0, 0;
T_0.12 ;
T_0.4 ;
T_0.3 ;
T_0.1 ;
    %jmp T_0;
    .thread T_0;
    .scope S_0000021077502c60;
T_1 ;
    %pushi/vec4 4018266144, 0, 33;
    %concati/vec4 2582646284, 0, 33;
    %concati/vec4 3252380801, 0, 32;
    %concati/vec4 3299880588, 0, 32;
    %concati/vec4 2953560878, 0, 34;
    %concati/vec4 3864592538, 0, 33;
    %concati/vec4 2168316942, 0, 33;
    %concati/vec4 2818834817, 0, 32;
    %concati/vec4 2374176866, 0, 34;
    %concati/vec4 3483700348, 0, 32;
    %concati/vec4 3278520542, 0, 34;
    %concati/vec4 3937055104, 0, 42;
    %concati/vec4 2351800600, 0, 33;
    %concati/vec4 2767136768, 0, 34;
    %concati/vec4 2583879815, 0, 32;
    %concati/vec4 3429200072, 0, 32;
    %concati/vec4 3896851427, 0, 33;
    %concati/vec4 3725529217, 0, 34;
    %concati/vec4 3282120711, 0, 32;
    %concati/vec4 3223441736, 0, 36;
    %concati/vec4 3794827663, 0, 35;
    %concati/vec4 3525382392, 0, 37;
    %concati/vec4 3381451294, 0, 33;
    %concati/vec4 8745, 0, 17;
    %store/vec4 v000002107753e1e0_0, 0, 792;
    %end;
    .thread T_1, $init;
    .scope S_0000021077502c60;
T_2 ;
    %wait E_0000021077545570;
    %load/vec4 v00000210775b6fd0_0;
    %flag_set/vec4 8;
    %jmp/0xz  T_2.0, 8;
    %pushi/vec4 0, 0, 1;
    %assign/vec4 v00000210775b5bd0_0, 0;
    %load/vec4 v000002107753cc00_0;
    %assign/vec4 v00000210775b5950_0, 0;
    %pushi/vec4 0, 0, 11;
    %assign/vec4 v00000210775b65d0_0, 0;
    %pushi/vec4 0, 0, 6;
    %assign/vec4 v00000210775b3810_0, 0;
    %pushi/vec4 0, 0, 32;
    %assign/vec4 v00000210775b5e50_0, 0;
    %pushi/vec4 0, 0, 1;
    %assign/vec4 v00000210775b72f0_0, 0;
    %jmp T_2.1;
T_2.0 ;
    %load/vec4 v00000210775b7070_0;
    %flag_set/vec4 8;
    %jmp/0xz  T_2.2, 8;
    %pushi/vec4 0, 0, 1;
    %assign/vec4 v00000210775b7070_0, 0;
    %load/vec4 v00000210775b5e50_0;
    %cmpi/e 1, 0, 32;
    %jmp/0xz  T_2.4, 4;
    %load/vec4 v000002107753e1e0_0;
    %pushi/vec4 783, 0, 16;
    %load/vec4 v00000210775b65d0_0;
    %pad/u 15;
    %muli 9, 0, 15;
    %pad/u 16;
    %sub;
    %part/u 9;
    %assign/vec4 v00000210775b6f30_0, 0;
    %jmp T_2.5;
T_2.4 ;
    %load/vec4 v00000210775b5e50_0;
    %cmpi/e 3, 0, 32;
    %jmp/0xz  T_2.6, 4;
    %load/vec4 v00000210775b6030_0;
    %flag_set/vec4 8;
    %jmp/0xz  T_2.8, 8;
    %load/vec4 v000002107753e140_0;
    %pushi/vec4 252, 0, 12;
    %load/vec4 v00000210775b5db0_0;
    %pad/u 11;
    %muli 9, 0, 11;
    %pad/u 12;
    %sub;
    %part/u 9;
    %assign/vec4 v00000210775b6f30_0, 0;
    %jmp T_2.9;
T_2.8 ;
    %load/vec4 v000002107753cb60_0;
    %pushi/vec4 252, 0, 11;
    %load/vec4 v00000210775b6210_0;
    %pad/u 10;
    %muli 9, 0, 10;
    %pad/u 11;
    %sub;
    %part/u 9;
    %assign/vec4 v00000210775b6f30_0, 0;
T_2.9 ;
    %jmp T_2.7;
T_2.6 ;
    %load/vec4 v00000210775b5e50_0;
    %cmpi/e 4, 0, 32;
    %jmp/0xz  T_2.10, 4;
    %load/vec4 v000002107753dec0_0;
    %pushi/vec4 9, 0, 11;
    %load/vec4 v00000210775b3810_0;
    %pad/u 10;
    %muli 9, 0, 10;
    %pad/u 11;
    %sub;
    %part/u 9;
    %assign/vec4 v00000210775b6f30_0, 0;
T_2.10 ;
T_2.7 ;
T_2.5 ;
    %jmp T_2.3;
T_2.2 ;
    %load/vec4 v00000210775b62b0_0;
    %pad/u 32;
    %cmpi/e 1, 0, 32;
    %flag_get/vec4 4;
    %jmp/0 T_2.14, 4;
    %pushi/vec4 0, 0, 32;
    %load/vec4 v00000210775b5950_0;
    %cmp/u;
    %flag_get/vec4 5;
    %and;
T_2.14;
    %flag_set/vec4 8;
    %jmp/0xz  T_2.12, 8;
    %load/vec4 v00000210775b5950_0;
    %subi 1, 0, 32;
    %assign/vec4 v00000210775b5950_0, 0;
    %load/vec4 v00000210775b6f30_0;
    %parti/s 1, 8, 5;
    %pad/u 32;
    %cmpi/e 0, 0, 32;
    %jmp/0xz  T_2.15, 4;
    %pushi/vec4 1, 0, 1;
    %assign/vec4 v00000210775b6850_0, 0;
T_2.15 ;
    %jmp T_2.13;
T_2.12 ;
    %load/vec4 v00000210775b62b0_0;
    %pad/u 32;
    %cmpi/e 1, 0, 32;
    %jmp/0xz  T_2.17, 4;
    %load/vec4 v00000210775b5e50_0;
    %dup/vec4;
    %pushi/vec4 0, 0, 32;
    %cmp/u;
    %jmp/1 T_2.19, 6;
    %dup/vec4;
    %pushi/vec4 1, 0, 32;
    %cmp/u;
    %jmp/1 T_2.20, 6;
    %dup/vec4;
    %pushi/vec4 2, 0, 32;
    %cmp/u;
    %jmp/1 T_2.21, 6;
    %dup/vec4;
    %pushi/vec4 4, 0, 32;
    %cmp/u;
    %jmp/1 T_2.22, 6;
    %dup/vec4;
    %pushi/vec4 3, 0, 32;
    %cmp/u;
    %jmp/1 T_2.23, 6;
    %jmp T_2.24;
T_2.19 ;
    %pushi/vec4 1, 0, 1;
    %assign/vec4 v00000210775b5bd0_0, 0;
    %load/vec4 v000002107753cc00_0;
    %muli 5, 0, 32;
    %assign/vec4 v00000210775b5950_0, 0;
    %pushi/vec4 1, 0, 32;
    %assign/vec4 v00000210775b5e50_0, 0;
    %jmp T_2.24;
T_2.20 ;
    %load/vec4 v00000210775b65d0_0;
    %pad/u 32;
    %cmpi/ne 88, 0, 32;
    %jmp/0xz  T_2.25, 4;
    %pushi/vec4 0, 0, 1;
    %assign/vec4 v00000210775b6850_0, 0;
    %load/vec4 v000002107753e1e0_0;
    %pushi/vec4 783, 0, 16;
    %load/vec4 v00000210775b65d0_0;
    %pad/u 15;
    %muli 9, 0, 15;
    %pad/u 16;
    %sub;
    %part/u 9;
    %assign/vec4 v00000210775b6f30_0, 0;
    %pushi/vec4 1, 0, 1;
    %assign/vec4 v00000210775b7070_0, 0;
    %load/vec4 v00000210775b65d0_0;
    %addi 1, 0, 11;
    %assign/vec4 v00000210775b65d0_0, 0;
    %load/vec4 v000002107753cc00_0;
    %assign/vec4 v00000210775b5950_0, 0;
    %jmp T_2.26;
T_2.25 ;
    %pushi/vec4 1, 0, 1;
    %assign/vec4 v00000210775b6850_0, 0;
    %pushi/vec4 2, 0, 32;
    %assign/vec4 v00000210775b5e50_0, 0;
T_2.26 ;
    %jmp T_2.24;
T_2.21 ;
    %pushi/vec4 0, 0, 1;
    %assign/vec4 v00000210775b72f0_0, 0;
    %load/vec4 v00000210775b7110_0;
    %flag_set/vec4 8;
    %jmp/0xz  T_2.27, 8;
    %load/vec4 v00000210775b4cb0_0;
    %pad/u 16;
    %assign/vec4 v00000210775b36d0_0, 0;
    %load/vec4 v00000210775b4df0_0;
    %pad/u 16;
    %assign/vec4 v00000210775b4d50_0, 0;
    %load/vec4 v00000210775b5a90_0;
    %pad/u 16;
    %assign/vec4 v00000210775b74d0_0, 0;
    %load/vec4 v00000210775b6670_0;
    %pad/u 16;
    %assign/vec4 v00000210775b6170_0, 0;
    %load/vec4 v00000210775b3270_0;
    %assign/vec4 v00000210775b31d0_0, 0;
    %pushi/vec4 0, 0, 7;
    %assign/vec4 v00000210775b5db0_0, 0;
    %pushi/vec4 0, 0, 6;
    %assign/vec4 v00000210775b6210_0, 0;
    %pushi/vec4 3, 0, 32;
    %assign/vec4 v00000210775b5e50_0, 0;
    %jmp T_2.28;
T_2.27 ;
    %load/vec4 v00000210775b7570_0;
    %flag_set/vec4 8;
    %jmp/0xz  T_2.29, 8;
    %load/vec4 v000002107753cc00_0;
    %assign/vec4 v00000210775b5950_0, 0;
    %pushi/vec4 0, 0, 6;
    %assign/vec4 v00000210775b3810_0, 0;
    %pushi/vec4 4, 0, 32;
    %assign/vec4 v00000210775b5e50_0, 0;
T_2.29 ;
T_2.28 ;
    %jmp T_2.24;
T_2.22 ;
    %load/vec4 v00000210775b3810_0;
    %pad/u 32;
    %cmpi/ne 2, 0, 32;
    %jmp/0xz  T_2.31, 4;
    %pushi/vec4 0, 0, 1;
    %assign/vec4 v00000210775b6850_0, 0;
    %load/vec4 v000002107753dec0_0;
    %pushi/vec4 9, 0, 11;
    %load/vec4 v00000210775b3810_0;
    %pad/u 10;
    %muli 9, 0, 10;
    %pad/u 11;
    %sub;
    %part/u 9;
    %assign/vec4 v00000210775b6f30_0, 0;
    %pushi/vec4 1, 0, 1;
    %assign/vec4 v00000210775b7070_0, 0;
    %load/vec4 v00000210775b3810_0;
    %addi 1, 0, 6;
    %assign/vec4 v00000210775b3810_0, 0;
    %load/vec4 v000002107753cc00_0;
    %assign/vec4 v00000210775b5950_0, 0;
    %jmp T_2.32;
T_2.31 ;
    %pushi/vec4 1, 0, 1;
    %assign/vec4 v00000210775b6850_0, 0;
    %pushi/vec4 2, 0, 32;
    %assign/vec4 v00000210775b5e50_0, 0;
T_2.32 ;
    %jmp T_2.24;
T_2.23 ;
    %load/vec4 v00000210775b6030_0;
    %flag_set/vec4 8;
    %jmp/0xz  T_2.33, 8;
    %load/vec4 v00000210775b5db0_0;
    %pad/u 32;
    %cmpi/ne 43, 0, 32;
    %jmp/0xz  T_2.35, 4;
    %pushi/vec4 0, 0, 1;
    %assign/vec4 v00000210775b6850_0, 0;
    %load/vec4 v000002107753e140_0;
    %pushi/vec4 252, 0, 12;
    %load/vec4 v00000210775b5db0_0;
    %pad/u 11;
    %muli 9, 0, 11;
    %pad/u 12;
    %sub;
    %part/u 9;
    %assign/vec4 v00000210775b6f30_0, 0;
    %pushi/vec4 1, 0, 1;
    %assign/vec4 v00000210775b7070_0, 0;
    %load/vec4 v00000210775b5db0_0;
    %addi 1, 0, 7;
    %assign/vec4 v00000210775b5db0_0, 0;
    %load/vec4 v000002107753cc00_0;
    %assign/vec4 v00000210775b5950_0, 0;
    %jmp T_2.36;
T_2.35 ;
    %pushi/vec4 1, 0, 1;
    %assign/vec4 v00000210775b72f0_0, 0;
    %pushi/vec4 1, 0, 1;
    %assign/vec4 v00000210775b6850_0, 0;
    %pushi/vec4 2, 0, 32;
    %assign/vec4 v00000210775b5e50_0, 0;
T_2.36 ;
    %jmp T_2.34;
T_2.33 ;
    %load/vec4 v00000210775b6210_0;
    %pad/u 32;
    %cmpi/ne 29, 0, 32;
    %jmp/0xz  T_2.37, 4;
    %pushi/vec4 0, 0, 1;
    %assign/vec4 v00000210775b6850_0, 0;
    %load/vec4 v000002107753cb60_0;
    %pushi/vec4 252, 0, 11;
    %load/vec4 v00000210775b6210_0;
    %pad/u 10;
    %muli 9, 0, 10;
    %pad/u 11;
    %sub;
    %part/u 9;
    %assign/vec4 v00000210775b6f30_0, 0;
    %pushi/vec4 1, 0, 1;
    %assign/vec4 v00000210775b7070_0, 0;
    %load/vec4 v00000210775b6210_0;
    %addi 1, 0, 6;
    %assign/vec4 v00000210775b6210_0, 0;
    %load/vec4 v000002107753cc00_0;
    %assign/vec4 v00000210775b5950_0, 0;
    %jmp T_2.38;
T_2.37 ;
    %pushi/vec4 1, 0, 1;
    %assign/vec4 v00000210775b72f0_0, 0;
    %pushi/vec4 1, 0, 1;
    %assign/vec4 v00000210775b6850_0, 0;
    %pushi/vec4 2, 0, 32;
    %assign/vec4 v00000210775b5e50_0, 0;
T_2.38 ;
T_2.34 ;
    %jmp T_2.24;
T_2.24 ;
    %pop/vec4 1;
T_2.17 ;
T_2.13 ;
T_2.3 ;
T_2.1 ;
    %jmp T_2;
    .thread T_2;
    .scope S_0000021077502ad0;
T_3 ;
    %delay 5000, 0;
    %load/vec4 v00000210775b5ef0_0;
    %nor/r;
    %store/vec4 v00000210775b5ef0_0, 0, 1;
    %jmp T_3;
    .thread T_3;
    .scope S_0000021077502ad0;
T_4 ;
    %vpi_call/w 3 47 "$dumpfile", "display_big.vcd" {0 0 0};
    %vpi_call/w 3 48 "$dumpvars", 32'sb00000000000000000000000000000000, S_0000021077502ad0 {0 0 0};
    %vpi_call/w 3 49 "$display", "Starting Sim" {0 0 0};
    %pushi/vec4 0, 0, 1;
    %store/vec4 v00000210775b5ef0_0, 0, 1;
    %pushi/vec4 0, 0, 1;
    %store/vec4 v00000210775b5d10_0, 0, 1;
    %delay 10000, 0;
    %pushi/vec4 1, 0, 1;
    %store/vec4 v00000210775b5d10_0, 0, 1;
    %delay 10000, 0;
    %pushi/vec4 0, 0, 1;
    %store/vec4 v00000210775b5d10_0, 0, 1;
    %pushi/vec4 1, 0, 1;
    %store/vec4 v00000210775b6530_0, 0, 1;
    %pushi/vec4 0, 0, 8;
    %store/vec4 v00000210775b6490_0, 0, 8;
    %delay 50000, 0;
    %delay 1705032704, 1;
    %pushi/vec4 100, 0, 8;
    %store/vec4 v00000210775b5f90_0, 0, 8;
    %pushi/vec4 150, 0, 8;
    %store/vec4 v00000210775b7390_0, 0, 8;
    %pushi/vec4 200, 0, 9;
    %store/vec4 v00000210775b58b0_0, 0, 9;
    %pushi/vec4 250, 0, 9;
    %store/vec4 v00000210775b60d0_0, 0, 9;
    %pushi/vec4 0, 0, 3;
    %store/vec4 v00000210775b68f0_0, 0, 3;
    %pushi/vec4 1, 0, 1;
    %store/vec4 v00000210775b6710_0, 0, 1;
    %delay 10000, 0;
    %pushi/vec4 0, 0, 1;
    %store/vec4 v00000210775b6710_0, 0, 1;
    %delay 200000000, 0;
    %vpi_call/w 3 88 "$display", "Finishing Sim" {0 0 0};
    %vpi_call/w 3 89 "$finish" {0 0 0};
    %end;
    .thread T_4;
# The file index is used to find the file name in the following table.
:file_names 6;
    "N/A";
    "<interactive>";
    "-";
    "sim/display_big_tb.sv";
    "hdl/display.sv";
    "hdl/spi_tx.sv";
