#! /ucrt64/bin/vvp
:ivl_version "12.0 (devel)" "(s20150603-1391-gd480c4d7d)";
:ivl_delay_selection "TYPICAL";
:vpi_time_precision - 12;
:vpi_module "C:\msys64\ucrt64\lib\ivl\system.vpi";
:vpi_module "C:\msys64\ucrt64\lib\ivl\vhdl_sys.vpi";
:vpi_module "C:\msys64\ucrt64\lib\ivl\vhdl_textio.vpi";
:vpi_module "C:\msys64\ucrt64\lib\ivl\v2005_math.vpi";
:vpi_module "C:\msys64\ucrt64\lib\ivl\va_math.vpi";
:vpi_module "C:\msys64\ucrt64\lib\ivl\v2009.vpi";
S_000001af84806b00 .scope package, "$unit" "$unit" 2 1;
 .timescale 0 0;
S_000001af847c18c0 .scope module, "display_tb" "display_tb" 3 4;
 .timescale -9 -12;
v000001af84935020_0 .var "clk_in", 0 0;
v000001af849349e0_0 .net "cs_out", 0 0, v000001af84934d00_0;  1 drivers
v000001af84935200_0 .var "curr_color", 7 0;
v000001af84934ee0_0 .net "data_clk_out", 0 0, v000001af847fcd30_0;  1 drivers
v000001af84935700_0 .net "data_out", 0 0, v000001af847fd370_0;  1 drivers
v000001af84936740_0 .net "dc_out", 0 0, v000001af847fbf70_0;  1 drivers
v000001af84934a80_0 .var "draw_col1", 7 0;
v000001af84935b60_0 .var "draw_col2", 7 0;
v000001af84935660_0 .var "draw_color", 2 0;
v000001af84936560_0 .var "draw_row1", 8 0;
v000001af84934bc0_0 .var "draw_row2", 8 0;
v000001af84935ca0_0 .var "rst_in", 0 0;
v000001af84935f20_0 .net "rst_out", 0 0, v000001af84935e80_0;  1 drivers
v000001af84934c60_0 .var "size", 0 0;
v000001af84934da0_0 .var "valid_draw_data", 0 0;
S_000001af847c1a50 .scope module, "screen" "display" 3 20, 4 5 0, S_000001af847c18c0;
 .timescale -9 -12;
    .port_info 0 /INPUT 1 "clk_in";
    .port_info 1 /INPUT 1 "rst_in";
    .port_info 2 /INPUT 1 "custom_in";
    .port_info 3 /INPUT 8 "col1_in";
    .port_info 4 /INPUT 8 "col2_in";
    .port_info 5 /INPUT 9 "row1_in";
    .port_info 6 /INPUT 9 "row2_in";
    .port_info 7 /INPUT 3 "color_in";
    .port_info 8 /INPUT 1 "valid_in";
    .port_info 9 /INPUT 8 "curr_color";
    .port_info 10 /INPUT 1 "size";
    .port_info 11 /INPUT 1 "tft_sdo";
    .port_info 12 /OUTPUT 1 "tft_sck";
    .port_info 13 /OUTPUT 1 "tft_sdi";
    .port_info 14 /OUTPUT 1 "tft_dc";
    .port_info 15 /OUTPUT 1 "tft_reset";
    .port_info 16 /OUTPUT 1 "tft_cs";
    .port_info 17 /OUTPUT 1 "drawn_finished";
    .port_info 18 /INPUT 16 "sw";
    .port_info 19 /OUTPUT 5 "state_out";
P_000001af8474c9d0 .param/l "COLOR_WIDTH" 0 4 7, +C4<00000000000000000000000000000011>;
P_000001af8474ca08 .param/l "CUSTOM_DATA_SIZE" 1 4 39, +C4<00000000000000000000000000000010>;
P_000001af8474ca40 .param/l "DRAW_SEQ_SIZE" 1 4 76, +C4<00000000000000000000000000011101>;
P_000001af8474ca78 .param/l "DRAW_SEQ_SIZE_BIGGER" 1 4 91, +C4<00000000000000000000000000101011>;
P_000001af8474cab0 .param/l "INIT_DATA_SIZE" 1 4 47, +C4<00000000000000000000000001011000>;
P_000001af8474cae8 .param/l "NUM_COLS" 0 4 8, +C4<00000000000000000000000011110000>;
P_000001af8474cb20 .param/l "NUM_ROWS" 0 4 9, +C4<00000000000000000000000101000000>;
enum000001af84773db0 .enum2/s (32)
   "RESET" 0,
   "INIT" 1,
   "IDLE" 2,
   "DRAW" 3,
   "CUSTOM" 4
 ;
v000001af847fc290_0 .net "CUSTOM_DATA", 17 0, L_000001af849348a0;  1 drivers
v000001af847fc010_0 .net "DRAW_SEQ", 260 0, L_000001af849906d0;  1 drivers
v000001af847fc3d0_0 .net "DRAW_SEQ_BIGGER", 260 0, L_000001af84990ca0;  1 drivers
v000001af847fc0b0_0 .var "INIT_DATA", 791 0;
L_000001af84937d38 .functor BUFT 1, C4<00000000000000000000000001100100>, C4<0>, C4<0>, C4<0>;
v000001af847fd050_0 .net "STANDARD_DELAY", 31 0, L_000001af84937d38;  1 drivers
L_000001af84936868 .functor BUFT 1, C4<0>, C4<0>, C4<0>, C4<0>;
v000001af847fbb10_0 .net/2u *"_ivl_0", 0 0, L_000001af84936868;  1 drivers
v000001af847fc790_0 .net *"_ivl_10", 8 0, L_000001af849350c0;  1 drivers
L_000001af84936e50 .functor BUFT 1, C4<1>, C4<0>, C4<0>, C4<0>;
v000001af847fc5b0_0 .net/2u *"_ivl_100", 0 0, L_000001af84936e50;  1 drivers
v000001af847fbbb0_0 .net *"_ivl_102", 8 0, L_000001af8498f370;  1 drivers
L_000001af84936e98 .functor BUFT 1, C4<1>, C4<0>, C4<0>, C4<0>;
v000001af847fce70_0 .net/2u *"_ivl_104", 0 0, L_000001af84936e98;  1 drivers
v000001af847fc150_0 .net *"_ivl_106", 8 0, L_000001af8498faf0;  1 drivers
L_000001af84936ee0 .functor BUFT 1, C4<1>, C4<0>, C4<0>, C4<0>;
v000001af847fbed0_0 .net/2u *"_ivl_108", 0 0, L_000001af84936ee0;  1 drivers
v000001af847fd410_0 .net *"_ivl_110", 8 0, L_000001af8498feb0;  1 drivers
L_000001af84936f28 .functor BUFT 1, C4<1>, C4<0>, C4<0>, C4<0>;
v000001af847fc8d0_0 .net/2u *"_ivl_112", 0 0, L_000001af84936f28;  1 drivers
v000001af847fbc50_0 .net *"_ivl_114", 8 0, L_000001af8498fcd0;  1 drivers
L_000001af84936f70 .functor BUFT 1, C4<1>, C4<0>, C4<0>, C4<0>;
v000001af847fb750_0 .net/2u *"_ivl_116", 0 0, L_000001af84936f70;  1 drivers
v000001af847fb570_0 .net *"_ivl_118", 8 0, L_000001af8498f050;  1 drivers
L_000001af84936fb8 .functor BUFT 1, C4<1>, C4<0>, C4<0>, C4<0>;
v000001af847fc650_0 .net/2u *"_ivl_120", 0 0, L_000001af84936fb8;  1 drivers
v000001af847fd230_0 .net *"_ivl_122", 8 0, L_000001af8498ebf0;  1 drivers
L_000001af84937000 .functor BUFT 1, C4<1>, C4<0>, C4<0>, C4<0>;
v000001af847fbcf0_0 .net/2u *"_ivl_124", 0 0, L_000001af84937000;  1 drivers
v000001af847fd2d0_0 .net *"_ivl_126", 8 0, L_000001af8498efb0;  1 drivers
L_000001af84937048 .functor BUFT 1, C4<1>, C4<0>, C4<0>, C4<0>;
v000001af847fc1f0_0 .net/2u *"_ivl_128", 0 0, L_000001af84937048;  1 drivers
v000001af847fb610_0 .net *"_ivl_130", 8 0, L_000001af84990270;  1 drivers
L_000001af84937090 .functor BUFT 1, C4<1>, C4<0>, C4<0>, C4<0>;
v000001af847fb6b0_0 .net/2u *"_ivl_132", 0 0, L_000001af84937090;  1 drivers
v000001af847fb7f0_0 .net *"_ivl_134", 8 0, L_000001af8498f910;  1 drivers
L_000001af849370d8 .functor BUFT 1, C4<1>, C4<0>, C4<0>, C4<0>;
v000001af8492fdc0_0 .net/2u *"_ivl_136", 0 0, L_000001af849370d8;  1 drivers
v000001af8492eba0_0 .net *"_ivl_138", 8 0, L_000001af84990630;  1 drivers
L_000001af849368f8 .functor BUFT 1, C4<000101010>, C4<0>, C4<0>, C4<0>;
v000001af8492fe60_0 .net/2u *"_ivl_14", 8 0, L_000001af849368f8;  1 drivers
L_000001af84937120 .functor BUFT 1, C4<000101010>, C4<0>, C4<0>, C4<0>;
v000001af8492faa0_0 .net/2u *"_ivl_142", 8 0, L_000001af84937120;  1 drivers
L_000001af84937168 .functor BUFT 1, C4<1>, C4<0>, C4<0>, C4<0>;
v000001af8492e1a0_0 .net/2u *"_ivl_144", 0 0, L_000001af84937168;  1 drivers
v000001af8492ed80_0 .net *"_ivl_147", 7 0, L_000001af8498f7d0;  1 drivers
v000001af8492e380_0 .net *"_ivl_148", 8 0, L_000001af8498f410;  1 drivers
L_000001af849371b0 .functor BUFT 1, C4<1>, C4<0>, C4<0>, C4<0>;
v000001af8492e240_0 .net/2u *"_ivl_150", 0 0, L_000001af849371b0;  1 drivers
v000001af8492f6e0_0 .net *"_ivl_153", 7 0, L_000001af8498f550;  1 drivers
v000001af8492fd20_0 .net *"_ivl_154", 8 0, L_000001af8498ff50;  1 drivers
L_000001af849371f8 .functor BUFT 1, C4<1>, C4<0>, C4<0>, C4<0>;
v000001af8492ef60_0 .net/2u *"_ivl_156", 0 0, L_000001af849371f8;  1 drivers
v000001af8492e9c0_0 .net *"_ivl_159", 7 0, L_000001af8498f9b0;  1 drivers
L_000001af84936940 .functor BUFT 1, C4<1>, C4<0>, C4<0>, C4<0>;
v000001af8492e740_0 .net/2u *"_ivl_16", 0 0, L_000001af84936940;  1 drivers
v000001af8492e6a0_0 .net *"_ivl_160", 8 0, L_000001af8498fa50;  1 drivers
L_000001af84937240 .functor BUFT 1, C4<1>, C4<0>, C4<0>, C4<0>;
v000001af8492e920_0 .net/2u *"_ivl_162", 0 0, L_000001af84937240;  1 drivers
v000001af8492f5a0_0 .net *"_ivl_165", 7 0, L_000001af8498edd0;  1 drivers
v000001af8492fb40_0 .net *"_ivl_166", 8 0, L_000001af8498fb90;  1 drivers
L_000001af84937288 .functor BUFT 1, C4<000101011>, C4<0>, C4<0>, C4<0>;
v000001af8492f1e0_0 .net/2u *"_ivl_168", 8 0, L_000001af84937288;  1 drivers
L_000001af849372d0 .functor BUFT 1, C4<1>, C4<0>, C4<0>, C4<0>;
v000001af8492fa00_0 .net/2u *"_ivl_170", 0 0, L_000001af849372d0;  1 drivers
v000001af8492ee20_0 .net *"_ivl_173", 7 0, L_000001af8498fc30;  1 drivers
v000001af8492ff00_0 .net *"_ivl_174", 8 0, L_000001af8498fff0;  1 drivers
L_000001af84937318 .functor BUFT 1, C4<1>, C4<0>, C4<0>, C4<0>;
v000001af8492e420_0 .net/2u *"_ivl_176", 0 0, L_000001af84937318;  1 drivers
v000001af8492f140_0 .net *"_ivl_179", 7 0, L_000001af8498ea10;  1 drivers
v000001af8492e7e0_0 .net *"_ivl_180", 8 0, L_000001af84990310;  1 drivers
L_000001af84937360 .functor BUFT 1, C4<1>, C4<0>, C4<0>, C4<0>;
v000001af8492fc80_0 .net/2u *"_ivl_182", 0 0, L_000001af84937360;  1 drivers
v000001af8492e880_0 .net *"_ivl_185", 7 0, L_000001af8498ec90;  1 drivers
v000001af8492f280_0 .net *"_ivl_186", 8 0, L_000001af84990090;  1 drivers
L_000001af849373a8 .functor BUFT 1, C4<1>, C4<0>, C4<0>, C4<0>;
v000001af8492ea60_0 .net/2u *"_ivl_188", 0 0, L_000001af849373a8;  1 drivers
v000001af8492fbe0_0 .net *"_ivl_19", 7 0, L_000001af84935fc0;  1 drivers
v000001af8492f000_0 .net *"_ivl_191", 7 0, L_000001af8498e8d0;  1 drivers
v000001af8492f960_0 .net *"_ivl_192", 8 0, L_000001af8498e970;  1 drivers
L_000001af849373f0 .functor BUFT 1, C4<000101100>, C4<0>, C4<0>, C4<0>;
v000001af8492eb00_0 .net/2u *"_ivl_194", 8 0, L_000001af849373f0;  1 drivers
L_000001af84937438 .functor BUFT 1, C4<1>, C4<0>, C4<0>, C4<0>;
v000001af8492ec40_0 .net/2u *"_ivl_196", 0 0, L_000001af84937438;  1 drivers
v000001af8492ece0_0 .net *"_ivl_198", 8 0, L_000001af8498ee70;  1 drivers
v000001af8492eec0_0 .net *"_ivl_20", 8 0, L_000001af84934940;  1 drivers
L_000001af84937480 .functor BUFT 1, C4<1>, C4<0>, C4<0>, C4<0>;
v000001af8492f0a0_0 .net/2u *"_ivl_200", 0 0, L_000001af84937480;  1 drivers
v000001af8492f780_0 .net *"_ivl_202", 8 0, L_000001af8498ed30;  1 drivers
L_000001af849374c8 .functor BUFT 1, C4<1>, C4<0>, C4<0>, C4<0>;
v000001af8492e060_0 .net/2u *"_ivl_204", 0 0, L_000001af849374c8;  1 drivers
v000001af8492e100_0 .net *"_ivl_206", 8 0, L_000001af8498f0f0;  1 drivers
L_000001af84937510 .functor BUFT 1, C4<1>, C4<0>, C4<0>, C4<0>;
v000001af8492f820_0 .net/2u *"_ivl_208", 0 0, L_000001af84937510;  1 drivers
v000001af8492f640_0 .net *"_ivl_210", 8 0, L_000001af8498f230;  1 drivers
L_000001af84937558 .functor BUFT 1, C4<1>, C4<0>, C4<0>, C4<0>;
v000001af8492f8c0_0 .net/2u *"_ivl_212", 0 0, L_000001af84937558;  1 drivers
v000001af8492e2e0_0 .net *"_ivl_214", 8 0, L_000001af84992140;  1 drivers
L_000001af849375a0 .functor BUFT 1, C4<1>, C4<0>, C4<0>, C4<0>;
v000001af8492e4c0_0 .net/2u *"_ivl_216", 0 0, L_000001af849375a0;  1 drivers
v000001af8492f320_0 .net *"_ivl_218", 8 0, L_000001af84991560;  1 drivers
L_000001af84936988 .functor BUFT 1, C4<1>, C4<0>, C4<0>, C4<0>;
v000001af8492e560_0 .net/2u *"_ivl_22", 0 0, L_000001af84936988;  1 drivers
L_000001af849375e8 .functor BUFT 1, C4<1>, C4<0>, C4<0>, C4<0>;
v000001af8492e600_0 .net/2u *"_ivl_220", 0 0, L_000001af849375e8;  1 drivers
v000001af8492f500_0 .net *"_ivl_222", 8 0, L_000001af84992640;  1 drivers
L_000001af84937630 .functor BUFT 1, C4<1>, C4<0>, C4<0>, C4<0>;
v000001af8492f3c0_0 .net/2u *"_ivl_224", 0 0, L_000001af84937630;  1 drivers
v000001af8492f460_0 .net *"_ivl_226", 8 0, L_000001af84991600;  1 drivers
L_000001af84937678 .functor BUFT 1, C4<1>, C4<0>, C4<0>, C4<0>;
v000001af84930110_0 .net/2u *"_ivl_228", 0 0, L_000001af84937678;  1 drivers
v000001af84930930_0 .net *"_ivl_230", 8 0, L_000001af84991d80;  1 drivers
L_000001af849376c0 .functor BUFT 1, C4<1>, C4<0>, C4<0>, C4<0>;
v000001af84930070_0 .net/2u *"_ivl_232", 0 0, L_000001af849376c0;  1 drivers
v000001af84931f10_0 .net *"_ivl_234", 8 0, L_000001af84992280;  1 drivers
L_000001af84937708 .functor BUFT 1, C4<1>, C4<0>, C4<0>, C4<0>;
v000001af84930c50_0 .net/2u *"_ivl_236", 0 0, L_000001af84937708;  1 drivers
v000001af849316f0_0 .net *"_ivl_238", 8 0, L_000001af849925a0;  1 drivers
L_000001af84937750 .functor BUFT 1, C4<1>, C4<0>, C4<0>, C4<0>;
v000001af84930e30_0 .net/2u *"_ivl_240", 0 0, L_000001af84937750;  1 drivers
v000001af849304d0_0 .net *"_ivl_242", 8 0, L_000001af849908e0;  1 drivers
L_000001af84937798 .functor BUFT 1, C4<1>, C4<0>, C4<0>, C4<0>;
v000001af84931a10_0 .net/2u *"_ivl_244", 0 0, L_000001af84937798;  1 drivers
v000001af84930430_0 .net *"_ivl_246", 8 0, L_000001af84992460;  1 drivers
L_000001af849377e0 .functor BUFT 1, C4<1>, C4<0>, C4<0>, C4<0>;
v000001af84930750_0 .net/2u *"_ivl_248", 0 0, L_000001af849377e0;  1 drivers
v000001af84931e70_0 .net *"_ivl_25", 7 0, L_000001af84936060;  1 drivers
v000001af849301b0_0 .net *"_ivl_250", 8 0, L_000001af849926e0;  1 drivers
L_000001af84937828 .functor BUFT 1, C4<1>, C4<0>, C4<0>, C4<0>;
v000001af84930570_0 .net/2u *"_ivl_252", 0 0, L_000001af84937828;  1 drivers
v000001af849310b0_0 .net *"_ivl_254", 8 0, L_000001af849921e0;  1 drivers
L_000001af84937870 .functor BUFT 1, C4<1>, C4<0>, C4<0>, C4<0>;
v000001af84930f70_0 .net/2u *"_ivl_256", 0 0, L_000001af84937870;  1 drivers
v000001af84930610_0 .net *"_ivl_258", 8 0, L_000001af84990ac0;  1 drivers
v000001af84931ab0_0 .net *"_ivl_26", 8 0, L_000001af849353e0;  1 drivers
L_000001af849378b8 .functor BUFT 1, C4<1>, C4<0>, C4<0>, C4<0>;
v000001af84930250_0 .net/2u *"_ivl_260", 0 0, L_000001af849378b8;  1 drivers
v000001af84931970_0 .net *"_ivl_262", 8 0, L_000001af84992500;  1 drivers
L_000001af84937900 .functor BUFT 1, C4<1>, C4<0>, C4<0>, C4<0>;
v000001af84931650_0 .net/2u *"_ivl_264", 0 0, L_000001af84937900;  1 drivers
v000001af849302f0_0 .net *"_ivl_266", 8 0, L_000001af84990a20;  1 drivers
L_000001af84937948 .functor BUFT 1, C4<1>, C4<0>, C4<0>, C4<0>;
v000001af84931dd0_0 .net/2u *"_ivl_268", 0 0, L_000001af84937948;  1 drivers
v000001af84931150_0 .net *"_ivl_270", 8 0, L_000001af84992780;  1 drivers
L_000001af84937990 .functor BUFT 1, C4<1>, C4<0>, C4<0>, C4<0>;
v000001af84931bf0_0 .net/2u *"_ivl_272", 0 0, L_000001af84937990;  1 drivers
v000001af849306b0_0 .net *"_ivl_274", 8 0, L_000001af84992320;  1 drivers
L_000001af849379d8 .functor BUFT 1, C4<1>, C4<0>, C4<0>, C4<0>;
v000001af84931330_0 .net/2u *"_ivl_276", 0 0, L_000001af849379d8;  1 drivers
v000001af84930bb0_0 .net *"_ivl_278", 8 0, L_000001af84991ec0;  1 drivers
L_000001af849369d0 .functor BUFT 1, C4<1>, C4<0>, C4<0>, C4<0>;
v000001af849318d0_0 .net/2u *"_ivl_28", 0 0, L_000001af849369d0;  1 drivers
L_000001af84937a20 .functor BUFT 1, C4<1>, C4<0>, C4<0>, C4<0>;
v000001af84930390_0 .net/2u *"_ivl_280", 0 0, L_000001af84937a20;  1 drivers
v000001af849307f0_0 .net *"_ivl_282", 8 0, L_000001af849917e0;  1 drivers
L_000001af84937a68 .functor BUFT 1, C4<1>, C4<0>, C4<0>, C4<0>;
v000001af84931b50_0 .net/2u *"_ivl_284", 0 0, L_000001af84937a68;  1 drivers
v000001af849309d0_0 .net *"_ivl_286", 8 0, L_000001af849923c0;  1 drivers
L_000001af84937ab0 .functor BUFT 1, C4<1>, C4<0>, C4<0>, C4<0>;
v000001af849311f0_0 .net/2u *"_ivl_288", 0 0, L_000001af84937ab0;  1 drivers
v000001af84930890_0 .net *"_ivl_290", 8 0, L_000001af84991880;  1 drivers
L_000001af84937af8 .functor BUFT 1, C4<1>, C4<0>, C4<0>, C4<0>;
v000001af84931c90_0 .net/2u *"_ivl_292", 0 0, L_000001af84937af8;  1 drivers
v000001af84931790_0 .net *"_ivl_294", 8 0, L_000001af84991380;  1 drivers
L_000001af84937b40 .functor BUFT 1, C4<1>, C4<0>, C4<0>, C4<0>;
v000001af84931830_0 .net/2u *"_ivl_296", 0 0, L_000001af84937b40;  1 drivers
v000001af84930a70_0 .net *"_ivl_298", 8 0, L_000001af84991420;  1 drivers
v000001af84931d30_0 .net *"_ivl_3", 7 0, L_000001af84934f80;  1 drivers
L_000001af84937b88 .functor BUFT 1, C4<1>, C4<0>, C4<0>, C4<0>;
v000001af84930b10_0 .net/2u *"_ivl_300", 0 0, L_000001af84937b88;  1 drivers
v000001af84930cf0_0 .net *"_ivl_302", 8 0, L_000001af84991b00;  1 drivers
L_000001af84937bd0 .functor BUFT 1, C4<1>, C4<0>, C4<0>, C4<0>;
v000001af84930d90_0 .net/2u *"_ivl_304", 0 0, L_000001af84937bd0;  1 drivers
v000001af84930ed0_0 .net *"_ivl_306", 8 0, L_000001af84990980;  1 drivers
L_000001af84937c18 .functor BUFT 1, C4<1>, C4<0>, C4<0>, C4<0>;
v000001af84931010_0 .net/2u *"_ivl_308", 0 0, L_000001af84937c18;  1 drivers
v000001af84931290_0 .net *"_ivl_31", 7 0, L_000001af84935520;  1 drivers
v000001af849313d0_0 .net *"_ivl_310", 8 0, L_000001af84990b60;  1 drivers
L_000001af84937c60 .functor BUFT 1, C4<1>, C4<0>, C4<0>, C4<0>;
v000001af84931470_0 .net/2u *"_ivl_312", 0 0, L_000001af84937c60;  1 drivers
v000001af84931510_0 .net *"_ivl_314", 8 0, L_000001af849916a0;  1 drivers
L_000001af84937ca8 .functor BUFT 1, C4<1>, C4<0>, C4<0>, C4<0>;
v000001af849315b0_0 .net/2u *"_ivl_316", 0 0, L_000001af84937ca8;  1 drivers
v000001af84932080_0 .net *"_ivl_318", 8 0, L_000001af84990c00;  1 drivers
v000001af84932ee0_0 .net *"_ivl_32", 8 0, L_000001af84990770;  1 drivers
L_000001af84937cf0 .functor BUFT 1, C4<1>, C4<0>, C4<0>, C4<0>;
v000001af84933ca0_0 .net/2u *"_ivl_320", 0 0, L_000001af84937cf0;  1 drivers
v000001af84932120_0 .net *"_ivl_322", 8 0, L_000001af84990fc0;  1 drivers
v000001af84933480_0 .net *"_ivl_324", 386 0, L_000001af84990de0;  1 drivers
L_000001af84936a18 .functor BUFT 1, C4<1>, C4<0>, C4<0>, C4<0>;
v000001af84933700_0 .net/2u *"_ivl_34", 0 0, L_000001af84936a18;  1 drivers
v000001af84932940_0 .net *"_ivl_37", 7 0, L_000001af84990450;  1 drivers
v000001af849329e0_0 .net *"_ivl_38", 8 0, L_000001af8498ef10;  1 drivers
v000001af84933a20_0 .net *"_ivl_4", 8 0, L_000001af84935d40;  1 drivers
L_000001af84936a60 .functor BUFT 1, C4<000101011>, C4<0>, C4<0>, C4<0>;
v000001af84932e40_0 .net/2u *"_ivl_40", 8 0, L_000001af84936a60;  1 drivers
L_000001af84936aa8 .functor BUFT 1, C4<1>, C4<0>, C4<0>, C4<0>;
v000001af849337a0_0 .net/2u *"_ivl_42", 0 0, L_000001af84936aa8;  1 drivers
v000001af84932da0_0 .net *"_ivl_45", 7 0, L_000001af8498f4b0;  1 drivers
v000001af84933520_0 .net *"_ivl_46", 8 0, L_000001af849901d0;  1 drivers
L_000001af84936af0 .functor BUFT 1, C4<1>, C4<0>, C4<0>, C4<0>;
v000001af84932260_0 .net/2u *"_ivl_48", 0 0, L_000001af84936af0;  1 drivers
v000001af84932a80_0 .net *"_ivl_51", 7 0, L_000001af84990130;  1 drivers
v000001af849321c0_0 .net *"_ivl_52", 8 0, L_000001af8498fe10;  1 drivers
L_000001af84936b38 .functor BUFT 1, C4<1>, C4<0>, C4<0>, C4<0>;
v000001af84932300_0 .net/2u *"_ivl_54", 0 0, L_000001af84936b38;  1 drivers
v000001af84932f80_0 .net *"_ivl_57", 7 0, L_000001af8498fd70;  1 drivers
v000001af849338e0_0 .net *"_ivl_58", 8 0, L_000001af849903b0;  1 drivers
L_000001af849368b0 .functor BUFT 1, C4<1>, C4<0>, C4<0>, C4<0>;
v000001af84933840_0 .net/2u *"_ivl_6", 0 0, L_000001af849368b0;  1 drivers
L_000001af84936b80 .functor BUFT 1, C4<1>, C4<0>, C4<0>, C4<0>;
v000001af84933020_0 .net/2u *"_ivl_60", 0 0, L_000001af84936b80;  1 drivers
v000001af849332a0_0 .net *"_ivl_63", 7 0, L_000001af8498eab0;  1 drivers
v000001af849330c0_0 .net *"_ivl_64", 8 0, L_000001af8498f870;  1 drivers
L_000001af84936bc8 .functor BUFT 1, C4<000101100>, C4<0>, C4<0>, C4<0>;
v000001af84933340_0 .net/2u *"_ivl_66", 8 0, L_000001af84936bc8;  1 drivers
L_000001af84936c10 .functor BUFT 1, C4<1>, C4<0>, C4<0>, C4<0>;
v000001af84933f20_0 .net/2u *"_ivl_68", 0 0, L_000001af84936c10;  1 drivers
v000001af84933160_0 .net *"_ivl_70", 8 0, L_000001af8498f5f0;  1 drivers
L_000001af84936c58 .functor BUFT 1, C4<1>, C4<0>, C4<0>, C4<0>;
v000001af84933200_0 .net/2u *"_ivl_72", 0 0, L_000001af84936c58;  1 drivers
v000001af84932b20_0 .net *"_ivl_74", 8 0, L_000001af8498eb50;  1 drivers
L_000001af84936ca0 .functor BUFT 1, C4<1>, C4<0>, C4<0>, C4<0>;
v000001af849335c0_0 .net/2u *"_ivl_76", 0 0, L_000001af84936ca0;  1 drivers
v000001af849333e0_0 .net *"_ivl_78", 8 0, L_000001af8498f190;  1 drivers
L_000001af84936ce8 .functor BUFT 1, C4<1>, C4<0>, C4<0>, C4<0>;
v000001af84932800_0 .net/2u *"_ivl_80", 0 0, L_000001af84936ce8;  1 drivers
v000001af84932bc0_0 .net *"_ivl_82", 8 0, L_000001af849904f0;  1 drivers
L_000001af84936d30 .functor BUFT 1, C4<1>, C4<0>, C4<0>, C4<0>;
v000001af84933660_0 .net/2u *"_ivl_84", 0 0, L_000001af84936d30;  1 drivers
v000001af84933980_0 .net *"_ivl_86", 8 0, L_000001af8498f2d0;  1 drivers
L_000001af84936d78 .functor BUFT 1, C4<1>, C4<0>, C4<0>, C4<0>;
v000001af84933d40_0 .net/2u *"_ivl_88", 0 0, L_000001af84936d78;  1 drivers
v000001af84933ac0_0 .net *"_ivl_9", 7 0, L_000001af84935de0;  1 drivers
v000001af84933e80_0 .net *"_ivl_90", 8 0, L_000001af8498f690;  1 drivers
L_000001af84936dc0 .functor BUFT 1, C4<1>, C4<0>, C4<0>, C4<0>;
v000001af849326c0_0 .net/2u *"_ivl_92", 0 0, L_000001af84936dc0;  1 drivers
v000001af849324e0_0 .net *"_ivl_94", 8 0, L_000001af84990590;  1 drivers
L_000001af84936e08 .functor BUFT 1, C4<1>, C4<0>, C4<0>, C4<0>;
v000001af849323a0_0 .net/2u *"_ivl_96", 0 0, L_000001af84936e08;  1 drivers
v000001af84932c60_0 .net *"_ivl_98", 8 0, L_000001af8498f730;  1 drivers
v000001af84933b60_0 .net "clk_in", 0 0, v000001af84935020_0;  1 drivers
v000001af84932440_0 .var "col1", 15 0;
v000001af84932580_0 .net "col1_in", 7 0, v000001af84934a80_0;  1 drivers
v000001af849328a0_0 .var "col2", 15 0;
v000001af84933c00_0 .net "col2_in", 7 0, v000001af84935b60_0;  1 drivers
v000001af84933de0_0 .var "color", 2 0;
v000001af84932620_0 .net "color_in", 2 0, v000001af84935660_0;  1 drivers
v000001af84932760_0 .net "curr_color", 7 0, v000001af84935200_0;  1 drivers
v000001af84932d00_0 .var "custom_data_index", 5 0;
o000001af848e2578 .functor BUFZ 1, C4<z>; HiZ drive
v000001af84936420_0 .net "custom_in", 0 0, o000001af848e2578;  0 drivers
v000001af84934b20_0 .var "data_in", 8 0;
v000001af849361a0_0 .var "delay", 31 0;
v000001af84935c00_0 .var "draw_seq_index", 5 0;
v000001af849366a0_0 .var "draw_seq_index_bigger", 6 0;
v000001af84936240_0 .var "drawn_finished", 0 0;
v000001af84935480_0 .var "init_data_index", 10 0;
v000001af849357a0_0 .var "row1", 15 0;
v000001af849352a0_0 .net "row1_in", 8 0, v000001af84936560_0;  1 drivers
v000001af84935840_0 .var "row2", 15 0;
v000001af849364c0_0 .net "row2_in", 8 0, v000001af84934bc0_0;  1 drivers
v000001af849355c0_0 .net "rst_in", 0 0, v000001af84935ca0_0;  1 drivers
v000001af849362e0_0 .net "sel_out", 0 0, v000001af847fd190_0;  1 drivers
v000001af84935340_0 .net "size", 0 0, v000001af84934c60_0;  1 drivers
v000001af84934e40_0 .var/2s "state", 31 0;
v000001af84935a20_0 .net "state_out", 4 0, L_000001af84990d40;  1 drivers
o000001af848e27e8 .functor BUFZ 16, C4<zzzzzzzzzzzzzzzz>; HiZ drive
v000001af849358e0_0 .net "sw", 15 0, o000001af848e27e8;  0 drivers
v000001af84934d00_0 .var "tft_cs", 0 0;
v000001af84935980_0 .net "tft_dc", 0 0, v000001af847fbf70_0;  alias, 1 drivers
v000001af84935e80_0 .var "tft_reset", 0 0;
v000001af84935ac0_0 .net "tft_sck", 0 0, v000001af847fcd30_0;  alias, 1 drivers
v000001af84936100_0 .net "tft_sdi", 0 0, v000001af847fd370_0;  alias, 1 drivers
o000001af848e2878 .functor BUFZ 1, C4<z>; HiZ drive
v000001af84935160_0 .net "tft_sdo", 0 0, o000001af848e2878;  0 drivers
v000001af84936380_0 .var "trigger_in", 0 0;
v000001af84936600_0 .net "valid_in", 0 0, v000001af84934da0_0;  1 drivers
L_000001af84934f80 .part o000001af848e27e8, 8, 8;
L_000001af84935d40 .concat [ 8 1 0 0], L_000001af84934f80, L_000001af84936868;
L_000001af84935de0 .part o000001af848e27e8, 0, 8;
L_000001af849350c0 .concat [ 8 1 0 0], L_000001af84935de0, L_000001af849368b0;
L_000001af849348a0 .concat [ 9 9 0 0], L_000001af849350c0, L_000001af84935d40;
L_000001af84935fc0 .part v000001af84932440_0, 8, 8;
L_000001af84934940 .concat [ 8 1 0 0], L_000001af84935fc0, L_000001af84936940;
L_000001af84936060 .part v000001af84932440_0, 0, 8;
L_000001af849353e0 .concat [ 8 1 0 0], L_000001af84936060, L_000001af84936988;
L_000001af84935520 .part v000001af849328a0_0, 8, 8;
L_000001af84990770 .concat [ 8 1 0 0], L_000001af84935520, L_000001af849369d0;
L_000001af84990450 .part v000001af849328a0_0, 0, 8;
L_000001af8498ef10 .concat [ 8 1 0 0], L_000001af84990450, L_000001af84936a18;
L_000001af8498f4b0 .part v000001af849357a0_0, 8, 8;
L_000001af849901d0 .concat [ 8 1 0 0], L_000001af8498f4b0, L_000001af84936aa8;
L_000001af84990130 .part v000001af849357a0_0, 0, 8;
L_000001af8498fe10 .concat [ 8 1 0 0], L_000001af84990130, L_000001af84936af0;
L_000001af8498fd70 .part v000001af84935840_0, 8, 8;
L_000001af849903b0 .concat [ 8 1 0 0], L_000001af8498fd70, L_000001af84936b38;
L_000001af8498eab0 .part v000001af84935840_0, 0, 8;
L_000001af8498f870 .concat [ 8 1 0 0], L_000001af8498eab0, L_000001af84936b80;
L_000001af8498f5f0 .concat [ 8 1 0 0], v000001af84935200_0, L_000001af84936c10;
L_000001af8498eb50 .concat [ 8 1 0 0], v000001af84935200_0, L_000001af84936c58;
L_000001af8498f190 .concat [ 8 1 0 0], v000001af84935200_0, L_000001af84936ca0;
L_000001af849904f0 .concat [ 8 1 0 0], v000001af84935200_0, L_000001af84936ce8;
L_000001af8498f2d0 .concat [ 8 1 0 0], v000001af84935200_0, L_000001af84936d30;
L_000001af8498f690 .concat [ 8 1 0 0], v000001af84935200_0, L_000001af84936d78;
L_000001af84990590 .concat [ 8 1 0 0], v000001af84935200_0, L_000001af84936dc0;
L_000001af8498f730 .concat [ 8 1 0 0], v000001af84935200_0, L_000001af84936e08;
L_000001af8498f370 .concat [ 8 1 0 0], v000001af84935200_0, L_000001af84936e50;
L_000001af8498faf0 .concat [ 8 1 0 0], v000001af84935200_0, L_000001af84936e98;
L_000001af8498feb0 .concat [ 8 1 0 0], v000001af84935200_0, L_000001af84936ee0;
L_000001af8498fcd0 .concat [ 8 1 0 0], v000001af84935200_0, L_000001af84936f28;
L_000001af8498f050 .concat [ 8 1 0 0], v000001af84935200_0, L_000001af84936f70;
L_000001af8498ebf0 .concat [ 8 1 0 0], v000001af84935200_0, L_000001af84936fb8;
L_000001af8498efb0 .concat [ 8 1 0 0], v000001af84935200_0, L_000001af84937000;
L_000001af84990270 .concat [ 8 1 0 0], v000001af84935200_0, L_000001af84937048;
L_000001af8498f910 .concat [ 8 1 0 0], v000001af84935200_0, L_000001af84937090;
L_000001af84990630 .concat [ 8 1 0 0], v000001af84935200_0, L_000001af849370d8;
LS_000001af849906d0_0_0 .concat [ 9 9 9 9], L_000001af84990630, L_000001af8498f910, L_000001af84990270, L_000001af8498efb0;
LS_000001af849906d0_0_4 .concat [ 9 9 9 9], L_000001af8498ebf0, L_000001af8498f050, L_000001af8498fcd0, L_000001af8498feb0;
LS_000001af849906d0_0_8 .concat [ 9 9 9 9], L_000001af8498faf0, L_000001af8498f370, L_000001af8498f730, L_000001af84990590;
LS_000001af849906d0_0_12 .concat [ 9 9 9 9], L_000001af8498f690, L_000001af8498f2d0, L_000001af849904f0, L_000001af8498f190;
LS_000001af849906d0_0_16 .concat [ 9 9 9 9], L_000001af8498eb50, L_000001af8498f5f0, L_000001af84936bc8, L_000001af8498f870;
LS_000001af849906d0_0_20 .concat [ 9 9 9 9], L_000001af849903b0, L_000001af8498fe10, L_000001af849901d0, L_000001af84936a60;
LS_000001af849906d0_0_24 .concat [ 9 9 9 9], L_000001af8498ef10, L_000001af84990770, L_000001af849353e0, L_000001af84934940;
LS_000001af849906d0_0_28 .concat [ 9 0 0 0], L_000001af849368f8;
LS_000001af849906d0_1_0 .concat [ 36 36 36 36], LS_000001af849906d0_0_0, LS_000001af849906d0_0_4, LS_000001af849906d0_0_8, LS_000001af849906d0_0_12;
LS_000001af849906d0_1_4 .concat [ 36 36 36 9], LS_000001af849906d0_0_16, LS_000001af849906d0_0_20, LS_000001af849906d0_0_24, LS_000001af849906d0_0_28;
L_000001af849906d0 .concat [ 144 117 0 0], LS_000001af849906d0_1_0, LS_000001af849906d0_1_4;
L_000001af8498f7d0 .part v000001af84932440_0, 8, 8;
L_000001af8498f410 .concat [ 8 1 0 0], L_000001af8498f7d0, L_000001af84937168;
L_000001af8498f550 .part v000001af84932440_0, 0, 8;
L_000001af8498ff50 .concat [ 8 1 0 0], L_000001af8498f550, L_000001af849371b0;
L_000001af8498f9b0 .part v000001af849328a0_0, 8, 8;
L_000001af8498fa50 .concat [ 8 1 0 0], L_000001af8498f9b0, L_000001af849371f8;
L_000001af8498edd0 .part v000001af849328a0_0, 0, 8;
L_000001af8498fb90 .concat [ 8 1 0 0], L_000001af8498edd0, L_000001af84937240;
L_000001af8498fc30 .part v000001af849357a0_0, 8, 8;
L_000001af8498fff0 .concat [ 8 1 0 0], L_000001af8498fc30, L_000001af849372d0;
L_000001af8498ea10 .part v000001af849357a0_0, 0, 8;
L_000001af84990310 .concat [ 8 1 0 0], L_000001af8498ea10, L_000001af84937318;
L_000001af8498ec90 .part v000001af84935840_0, 8, 8;
L_000001af84990090 .concat [ 8 1 0 0], L_000001af8498ec90, L_000001af84937360;
L_000001af8498e8d0 .part v000001af84935840_0, 0, 8;
L_000001af8498e970 .concat [ 8 1 0 0], L_000001af8498e8d0, L_000001af849373a8;
L_000001af8498ee70 .concat [ 8 1 0 0], v000001af84935200_0, L_000001af84937438;
L_000001af8498ed30 .concat [ 8 1 0 0], v000001af84935200_0, L_000001af84937480;
L_000001af8498f0f0 .concat [ 8 1 0 0], v000001af84935200_0, L_000001af849374c8;
L_000001af8498f230 .concat [ 8 1 0 0], v000001af84935200_0, L_000001af84937510;
L_000001af84992140 .concat [ 8 1 0 0], v000001af84935200_0, L_000001af84937558;
L_000001af84991560 .concat [ 8 1 0 0], v000001af84935200_0, L_000001af849375a0;
L_000001af84992640 .concat [ 8 1 0 0], v000001af84935200_0, L_000001af849375e8;
L_000001af84991600 .concat [ 8 1 0 0], v000001af84935200_0, L_000001af84937630;
L_000001af84991d80 .concat [ 8 1 0 0], v000001af84935200_0, L_000001af84937678;
L_000001af84992280 .concat [ 8 1 0 0], v000001af84935200_0, L_000001af849376c0;
L_000001af849925a0 .concat [ 8 1 0 0], v000001af84935200_0, L_000001af84937708;
L_000001af849908e0 .concat [ 8 1 0 0], v000001af84935200_0, L_000001af84937750;
L_000001af84992460 .concat [ 8 1 0 0], v000001af84935200_0, L_000001af84937798;
L_000001af849926e0 .concat [ 8 1 0 0], v000001af84935200_0, L_000001af849377e0;
L_000001af849921e0 .concat [ 8 1 0 0], v000001af84935200_0, L_000001af84937828;
L_000001af84990ac0 .concat [ 8 1 0 0], v000001af84935200_0, L_000001af84937870;
L_000001af84992500 .concat [ 8 1 0 0], v000001af84935200_0, L_000001af849378b8;
L_000001af84990a20 .concat [ 8 1 0 0], v000001af84935200_0, L_000001af84937900;
L_000001af84992780 .concat [ 8 1 0 0], v000001af84935200_0, L_000001af84937948;
L_000001af84992320 .concat [ 8 1 0 0], v000001af84935200_0, L_000001af84937990;
L_000001af84991ec0 .concat [ 8 1 0 0], v000001af84935200_0, L_000001af849379d8;
L_000001af849917e0 .concat [ 8 1 0 0], v000001af84935200_0, L_000001af84937a20;
L_000001af849923c0 .concat [ 8 1 0 0], v000001af84935200_0, L_000001af84937a68;
L_000001af84991880 .concat [ 8 1 0 0], v000001af84935200_0, L_000001af84937ab0;
L_000001af84991380 .concat [ 8 1 0 0], v000001af84935200_0, L_000001af84937af8;
L_000001af84991420 .concat [ 8 1 0 0], v000001af84935200_0, L_000001af84937b40;
L_000001af84991b00 .concat [ 8 1 0 0], v000001af84935200_0, L_000001af84937b88;
L_000001af84990980 .concat [ 8 1 0 0], v000001af84935200_0, L_000001af84937bd0;
L_000001af84990b60 .concat [ 8 1 0 0], v000001af84935200_0, L_000001af84937c18;
L_000001af849916a0 .concat [ 8 1 0 0], v000001af84935200_0, L_000001af84937c60;
L_000001af84990c00 .concat [ 8 1 0 0], v000001af84935200_0, L_000001af84937ca8;
L_000001af84990fc0 .concat [ 8 1 0 0], v000001af84935200_0, L_000001af84937cf0;
LS_000001af84990de0_0_0 .concat [ 9 9 9 9], L_000001af84990fc0, L_000001af84990c00, L_000001af849916a0, L_000001af84990b60;
LS_000001af84990de0_0_4 .concat [ 9 9 9 9], L_000001af84990980, L_000001af84991b00, L_000001af84991420, L_000001af84991380;
LS_000001af84990de0_0_8 .concat [ 9 9 9 9], L_000001af84991880, L_000001af849923c0, L_000001af849917e0, L_000001af84991ec0;
LS_000001af84990de0_0_12 .concat [ 9 9 9 9], L_000001af84992320, L_000001af84992780, L_000001af84990a20, L_000001af84992500;
LS_000001af84990de0_0_16 .concat [ 9 9 9 9], L_000001af84990ac0, L_000001af849921e0, L_000001af849926e0, L_000001af84992460;
LS_000001af84990de0_0_20 .concat [ 9 9 9 9], L_000001af849908e0, L_000001af849925a0, L_000001af84992280, L_000001af84991d80;
LS_000001af84990de0_0_24 .concat [ 9 9 9 9], L_000001af84991600, L_000001af84992640, L_000001af84991560, L_000001af84992140;
LS_000001af84990de0_0_28 .concat [ 9 9 9 9], L_000001af8498f230, L_000001af8498f0f0, L_000001af8498ed30, L_000001af8498ee70;
LS_000001af84990de0_0_32 .concat [ 9 9 9 9], L_000001af849373f0, L_000001af8498e970, L_000001af84990090, L_000001af84990310;
LS_000001af84990de0_0_36 .concat [ 9 9 9 9], L_000001af8498fff0, L_000001af84937288, L_000001af8498fb90, L_000001af8498fa50;
LS_000001af84990de0_0_40 .concat [ 9 9 9 0], L_000001af8498ff50, L_000001af8498f410, L_000001af84937120;
LS_000001af84990de0_1_0 .concat [ 36 36 36 36], LS_000001af84990de0_0_0, LS_000001af84990de0_0_4, LS_000001af84990de0_0_8, LS_000001af84990de0_0_12;
LS_000001af84990de0_1_4 .concat [ 36 36 36 36], LS_000001af84990de0_0_16, LS_000001af84990de0_0_20, LS_000001af84990de0_0_24, LS_000001af84990de0_0_28;
LS_000001af84990de0_1_8 .concat [ 36 36 27 0], LS_000001af84990de0_0_32, LS_000001af84990de0_0_36, LS_000001af84990de0_0_40;
L_000001af84990de0 .concat [ 144 144 99 0], LS_000001af84990de0_1_0, LS_000001af84990de0_1_4, LS_000001af84990de0_1_8;
L_000001af84990ca0 .part L_000001af84990de0, 0, 261;
L_000001af84990d40 .part v000001af84934e40_0, 0, 5;
S_000001af8474cb60 .scope module, "spi" "spi_tx" 4 123, 5 4 0, S_000001af847c1a50;
 .timescale -9 -12;
    .port_info 0 /INPUT 1 "clk_in";
    .port_info 1 /INPUT 1 "rst_in";
    .port_info 2 /INPUT 9 "data_in";
    .port_info 3 /INPUT 1 "trigger_in";
    .port_info 4 /OUTPUT 1 "data_out";
    .port_info 5 /OUTPUT 1 "data_clk_out";
    .port_info 6 /OUTPUT 1 "sel_out";
    .port_info 7 /OUTPUT 1 "dc_out";
P_000001af84806c90 .param/l "DATA_PERIOD" 0 5 6, +C4<00000000000000000000000001100100>;
P_000001af84806cc8 .param/l "DATA_WIDTH" 0 5 5, +C4<00000000000000000000000000001000>;
v000001af847fbe30_0 .net "FULL_PERIOD", 7 0, L_000001af84990f20;  1 drivers
L_000001af84937d80 .functor BUFT 1, C4<0110010>, C4<0>, C4<0>, C4<0>;
v000001af847fcc90_0 .net "HALF_PERIOD", 6 0, L_000001af84937d80;  1 drivers
L_000001af84937e10 .functor BUFT 1, C4<00110010>, C4<0>, C4<0>, C4<0>;
v000001af847fcab0_0 .net *"_ivl_2", 7 0, L_000001af84937e10;  1 drivers
L_000001af84937dc8 .functor BUFT 1, C4<00000010>, C4<0>, C4<0>, C4<0>;
v000001af847fcf10_0 .net/2u *"_ivl_6", 7 0, L_000001af84937dc8;  1 drivers
v000001af847fba70_0 .net "clk_in", 0 0, v000001af84935020_0;  alias, 1 drivers
v000001af847fcfb0_0 .var "data", 8 0;
v000001af847fcd30_0 .var "data_clk_out", 0 0;
v000001af847fc470_0 .var "data_i", 8 0;
v000001af847fd0f0_0 .net "data_in", 8 0, v000001af84934b20_0;  1 drivers
v000001af847fd370_0 .var "data_out", 0 0;
v000001af847fbf70_0 .var "dc_out", 0 0;
v000001af847fc830_0 .var "period_counter", 7 0;
v000001af847fcb50_0 .net "rst_in", 0 0, v000001af84935ca0_0;  alias, 1 drivers
v000001af847fd190_0 .var "sel_out", 0 0;
v000001af847fc510_0 .net "trigger_in", 0 0, v000001af84936380_0;  1 drivers
E_000001af84804120 .event posedge, v000001af847fba70_0;
L_000001af84990f20 .arith/mult 8, L_000001af84937e10, L_000001af84937dc8;
    .scope S_000001af8474cb60;
T_0 ;
    %wait E_000001af84804120;
    %load/vec4 v000001af847fcb50_0;
    %flag_set/vec4 8;
    %jmp/0xz  T_0.0, 8;
    %pushi/vec4 1, 0, 1;
    %assign/vec4 v000001af847fd190_0, 0;
    %load/vec4 v000001af847fd0f0_0;
    %assign/vec4 v000001af847fcfb0_0, 0;
    %pushi/vec4 7, 0, 9;
    %assign/vec4 v000001af847fc470_0, 0;
    %pushi/vec4 0, 0, 8;
    %assign/vec4 v000001af847fc830_0, 0;
    %pushi/vec4 0, 0, 1;
    %assign/vec4 v000001af847fcd30_0, 0;
    %pushi/vec4 1, 0, 1;
    %assign/vec4 v000001af847fd370_0, 0;
    %jmp T_0.1;
T_0.0 ;
    %load/vec4 v000001af847fd190_0;
    %load/vec4 v000001af847fc510_0;
    %and;
    %flag_set/vec4 8;
    %jmp/0xz  T_0.2, 8;
    %pushi/vec4 0, 0, 1;
    %assign/vec4 v000001af847fcd30_0, 0;
    %pushi/vec4 0, 0, 1;
    %assign/vec4 v000001af847fd190_0, 0;
    %load/vec4 v000001af847fd0f0_0;
    %parti/s 1, 8, 5;
    %assign/vec4 v000001af847fbf70_0, 0;
    %load/vec4 v000001af847fd0f0_0;
    %load/vec4 v000001af847fc470_0;
    %part/u 1;
    %assign/vec4 v000001af847fd370_0, 0;
    %load/vec4 v000001af847fd0f0_0;
    %assign/vec4 v000001af847fcfb0_0, 0;
    %jmp T_0.3;
T_0.2 ;
    %load/vec4 v000001af847fd190_0;
    %nor/r;
    %flag_set/vec4 8;
    %jmp/0xz  T_0.4, 8;
    %load/vec4 v000001af847fc830_0;
    %pad/u 32;
    %dup/vec4;
    %load/vec4 v000001af847fbe30_0;
    %pad/u 32;
    %subi 1, 0, 32;
    %cmp/u;
    %jmp/1 T_0.6, 6;
    %dup/vec4;
    %load/vec4 v000001af847fcc90_0;
    %pad/u 32;
    %subi 1, 0, 32;
    %cmp/u;
    %jmp/1 T_0.7, 6;
    %jmp T_0.8;
T_0.6 ;
    %pushi/vec4 0, 0, 1;
    %assign/vec4 v000001af847fcd30_0, 0;
    %load/vec4 v000001af847fc470_0;
    %pad/u 32;
    %cmpi/e 0, 0, 32;
    %jmp/0xz  T_0.9, 4;
    %pushi/vec4 1, 0, 1;
    %assign/vec4 v000001af847fd190_0, 0;
    %load/vec4 v000001af847fd0f0_0;
    %assign/vec4 v000001af847fcfb0_0, 0;
    %pushi/vec4 7, 0, 9;
    %assign/vec4 v000001af847fc470_0, 0;
    %pushi/vec4 1, 0, 1;
    %assign/vec4 v000001af847fd370_0, 0;
    %jmp T_0.10;
T_0.9 ;
    %load/vec4 v000001af847fcfb0_0;
    %load/vec4 v000001af847fc470_0;
    %pad/u 32;
    %subi 1, 0, 32;
    %part/u 1;
    %assign/vec4 v000001af847fd370_0, 0;
    %load/vec4 v000001af847fc470_0;
    %subi 1, 0, 9;
    %assign/vec4 v000001af847fc470_0, 0;
T_0.10 ;
    %jmp T_0.8;
T_0.7 ;
    %pushi/vec4 1, 0, 1;
    %assign/vec4 v000001af847fcd30_0, 0;
    %jmp T_0.8;
T_0.8 ;
    %pop/vec4 1;
    %load/vec4 v000001af847fc830_0;
    %pad/u 32;
    %load/vec4 v000001af847fbe30_0;
    %pad/u 32;
    %subi 1, 0, 32;
    %cmp/e;
    %jmp/0xz  T_0.11, 4;
    %pushi/vec4 0, 0, 8;
    %assign/vec4 v000001af847fc830_0, 0;
    %jmp T_0.12;
T_0.11 ;
    %load/vec4 v000001af847fc830_0;
    %addi 1, 0, 8;
    %assign/vec4 v000001af847fc830_0, 0;
T_0.12 ;
T_0.4 ;
T_0.3 ;
T_0.1 ;
    %jmp T_0;
    .thread T_0;
    .scope S_000001af847c1a50;
T_1 ;
    %pushi/vec4 4018266144, 0, 33;
    %concati/vec4 2582646284, 0, 33;
    %concati/vec4 3252380801, 0, 32;
    %concati/vec4 3299880588, 0, 32;
    %concati/vec4 2953560878, 0, 34;
    %concati/vec4 3864592538, 0, 33;
    %concati/vec4 2168316942, 0, 33;
    %concati/vec4 2818834817, 0, 32;
    %concati/vec4 2374176866, 0, 34;
    %concati/vec4 3483700348, 0, 32;
    %concati/vec4 3278520542, 0, 34;
    %concati/vec4 3937055104, 0, 42;
    %concati/vec4 2351800600, 0, 33;
    %concati/vec4 2767136768, 0, 34;
    %concati/vec4 2583879815, 0, 32;
    %concati/vec4 3429200072, 0, 32;
    %concati/vec4 3896851427, 0, 33;
    %concati/vec4 3725529217, 0, 34;
    %concati/vec4 3282120711, 0, 32;
    %concati/vec4 3223441736, 0, 36;
    %concati/vec4 3794827663, 0, 35;
    %concati/vec4 3525382392, 0, 37;
    %concati/vec4 3381451294, 0, 33;
    %concati/vec4 8745, 0, 17;
    %store/vec4 v000001af847fc0b0_0, 0, 792;
    %end;
    .thread T_1, $init;
    .scope S_000001af847c1a50;
T_2 ;
    %wait E_000001af84804120;
    %load/vec4 v000001af849355c0_0;
    %flag_set/vec4 8;
    %jmp/0xz  T_2.0, 8;
    %pushi/vec4 0, 0, 1;
    %assign/vec4 v000001af84935e80_0, 0;
    %load/vec4 v000001af847fd050_0;
    %assign/vec4 v000001af849361a0_0, 0;
    %pushi/vec4 0, 0, 11;
    %assign/vec4 v000001af84935480_0, 0;
    %pushi/vec4 0, 0, 6;
    %assign/vec4 v000001af84932d00_0, 0;
    %pushi/vec4 0, 0, 32;
    %assign/vec4 v000001af84934e40_0, 0;
    %pushi/vec4 0, 0, 1;
    %assign/vec4 v000001af84936240_0, 0;
    %jmp T_2.1;
T_2.0 ;
    %load/vec4 v000001af84936380_0;
    %flag_set/vec4 8;
    %jmp/0xz  T_2.2, 8;
    %pushi/vec4 0, 0, 1;
    %assign/vec4 v000001af84936380_0, 0;
    %load/vec4 v000001af84934e40_0;
    %cmpi/e 1, 0, 32;
    %jmp/0xz  T_2.4, 4;
    %load/vec4 v000001af847fc0b0_0;
    %pushi/vec4 783, 0, 16;
    %load/vec4 v000001af84935480_0;
    %pad/u 15;
    %muli 9, 0, 15;
    %pad/u 16;
    %sub;
    %part/u 9;
    %assign/vec4 v000001af84934b20_0, 0;
    %jmp T_2.5;
T_2.4 ;
    %load/vec4 v000001af84934e40_0;
    %cmpi/e 3, 0, 32;
    %jmp/0xz  T_2.6, 4;
    %load/vec4 v000001af84935340_0;
    %flag_set/vec4 8;
    %jmp/0xz  T_2.8, 8;
    %load/vec4 v000001af847fc3d0_0;
    %pushi/vec4 252, 0, 12;
    %load/vec4 v000001af849366a0_0;
    %pad/u 11;
    %muli 9, 0, 11;
    %pad/u 12;
    %sub;
    %part/u 9;
    %assign/vec4 v000001af84934b20_0, 0;
    %jmp T_2.9;
T_2.8 ;
    %load/vec4 v000001af847fc010_0;
    %pushi/vec4 252, 0, 11;
    %load/vec4 v000001af84935c00_0;
    %pad/u 10;
    %muli 9, 0, 10;
    %pad/u 11;
    %sub;
    %part/u 9;
    %assign/vec4 v000001af84934b20_0, 0;
T_2.9 ;
    %jmp T_2.7;
T_2.6 ;
    %load/vec4 v000001af84934e40_0;
    %cmpi/e 4, 0, 32;
    %jmp/0xz  T_2.10, 4;
    %load/vec4 v000001af847fc290_0;
    %pushi/vec4 9, 0, 11;
    %load/vec4 v000001af84932d00_0;
    %pad/u 10;
    %muli 9, 0, 10;
    %pad/u 11;
    %sub;
    %part/u 9;
    %assign/vec4 v000001af84934b20_0, 0;
T_2.10 ;
T_2.7 ;
T_2.5 ;
    %jmp T_2.3;
T_2.2 ;
    %load/vec4 v000001af849362e0_0;
    %pad/u 32;
    %cmpi/e 1, 0, 32;
    %flag_get/vec4 4;
    %jmp/0 T_2.14, 4;
    %pushi/vec4 0, 0, 32;
    %load/vec4 v000001af849361a0_0;
    %cmp/u;
    %flag_get/vec4 5;
    %and;
T_2.14;
    %flag_set/vec4 8;
    %jmp/0xz  T_2.12, 8;
    %load/vec4 v000001af849361a0_0;
    %subi 1, 0, 32;
    %assign/vec4 v000001af849361a0_0, 0;
    %load/vec4 v000001af84934b20_0;
    %parti/s 1, 8, 5;
    %pad/u 32;
    %cmpi/e 0, 0, 32;
    %jmp/0xz  T_2.15, 4;
    %pushi/vec4 1, 0, 1;
    %assign/vec4 v000001af84934d00_0, 0;
T_2.15 ;
    %jmp T_2.13;
T_2.12 ;
    %load/vec4 v000001af849362e0_0;
    %pad/u 32;
    %cmpi/e 1, 0, 32;
    %jmp/0xz  T_2.17, 4;
    %load/vec4 v000001af84934e40_0;
    %dup/vec4;
    %pushi/vec4 0, 0, 32;
    %cmp/u;
    %jmp/1 T_2.19, 6;
    %dup/vec4;
    %pushi/vec4 1, 0, 32;
    %cmp/u;
    %jmp/1 T_2.20, 6;
    %dup/vec4;
    %pushi/vec4 2, 0, 32;
    %cmp/u;
    %jmp/1 T_2.21, 6;
    %dup/vec4;
    %pushi/vec4 4, 0, 32;
    %cmp/u;
    %jmp/1 T_2.22, 6;
    %dup/vec4;
    %pushi/vec4 3, 0, 32;
    %cmp/u;
    %jmp/1 T_2.23, 6;
    %jmp T_2.24;
T_2.19 ;
    %pushi/vec4 1, 0, 1;
    %assign/vec4 v000001af84935e80_0, 0;
    %load/vec4 v000001af847fd050_0;
    %muli 5, 0, 32;
    %assign/vec4 v000001af849361a0_0, 0;
    %pushi/vec4 1, 0, 32;
    %assign/vec4 v000001af84934e40_0, 0;
    %jmp T_2.24;
T_2.20 ;
    %load/vec4 v000001af84935480_0;
    %pad/u 32;
    %cmpi/ne 88, 0, 32;
    %jmp/0xz  T_2.25, 4;
    %pushi/vec4 0, 0, 1;
    %assign/vec4 v000001af84934d00_0, 0;
    %load/vec4 v000001af847fc0b0_0;
    %pushi/vec4 783, 0, 16;
    %load/vec4 v000001af84935480_0;
    %pad/u 15;
    %muli 9, 0, 15;
    %pad/u 16;
    %sub;
    %part/u 9;
    %assign/vec4 v000001af84934b20_0, 0;
    %pushi/vec4 1, 0, 1;
    %assign/vec4 v000001af84936380_0, 0;
    %load/vec4 v000001af84935480_0;
    %addi 1, 0, 11;
    %assign/vec4 v000001af84935480_0, 0;
    %load/vec4 v000001af847fd050_0;
    %assign/vec4 v000001af849361a0_0, 0;
    %jmp T_2.26;
T_2.25 ;
    %pushi/vec4 1, 0, 1;
    %assign/vec4 v000001af84934d00_0, 0;
    %pushi/vec4 2, 0, 32;
    %assign/vec4 v000001af84934e40_0, 0;
T_2.26 ;
    %jmp T_2.24;
T_2.21 ;
    %pushi/vec4 0, 0, 1;
    %assign/vec4 v000001af84936240_0, 0;
    %load/vec4 v000001af84936600_0;
    %flag_set/vec4 8;
    %jmp/0xz  T_2.27, 8;
    %load/vec4 v000001af84932580_0;
    %pad/u 16;
    %assign/vec4 v000001af84932440_0, 0;
    %load/vec4 v000001af84933c00_0;
    %pad/u 16;
    %assign/vec4 v000001af849328a0_0, 0;
    %load/vec4 v000001af849352a0_0;
    %pad/u 16;
    %assign/vec4 v000001af849357a0_0, 0;
    %load/vec4 v000001af849364c0_0;
    %pad/u 16;
    %assign/vec4 v000001af84935840_0, 0;
    %load/vec4 v000001af84932620_0;
    %assign/vec4 v000001af84933de0_0, 0;
    %pushi/vec4 0, 0, 7;
    %assign/vec4 v000001af849366a0_0, 0;
    %pushi/vec4 0, 0, 6;
    %assign/vec4 v000001af84935c00_0, 0;
    %pushi/vec4 3, 0, 32;
    %assign/vec4 v000001af84934e40_0, 0;
    %jmp T_2.28;
T_2.27 ;
    %load/vec4 v000001af84936420_0;
    %flag_set/vec4 8;
    %jmp/0xz  T_2.29, 8;
    %load/vec4 v000001af847fd050_0;
    %assign/vec4 v000001af849361a0_0, 0;
    %pushi/vec4 0, 0, 6;
    %assign/vec4 v000001af84932d00_0, 0;
    %pushi/vec4 4, 0, 32;
    %assign/vec4 v000001af84934e40_0, 0;
T_2.29 ;
T_2.28 ;
    %jmp T_2.24;
T_2.22 ;
    %load/vec4 v000001af84932d00_0;
    %pad/u 32;
    %cmpi/ne 2, 0, 32;
    %jmp/0xz  T_2.31, 4;
    %pushi/vec4 0, 0, 1;
    %assign/vec4 v000001af84934d00_0, 0;
    %load/vec4 v000001af847fc290_0;
    %pushi/vec4 9, 0, 11;
    %load/vec4 v000001af84932d00_0;
    %pad/u 10;
    %muli 9, 0, 10;
    %pad/u 11;
    %sub;
    %part/u 9;
    %assign/vec4 v000001af84934b20_0, 0;
    %pushi/vec4 1, 0, 1;
    %assign/vec4 v000001af84936380_0, 0;
    %load/vec4 v000001af84932d00_0;
    %addi 1, 0, 6;
    %assign/vec4 v000001af84932d00_0, 0;
    %load/vec4 v000001af847fd050_0;
    %assign/vec4 v000001af849361a0_0, 0;
    %jmp T_2.32;
T_2.31 ;
    %pushi/vec4 1, 0, 1;
    %assign/vec4 v000001af84934d00_0, 0;
    %pushi/vec4 2, 0, 32;
    %assign/vec4 v000001af84934e40_0, 0;
T_2.32 ;
    %jmp T_2.24;
T_2.23 ;
    %load/vec4 v000001af84935340_0;
    %flag_set/vec4 8;
    %jmp/0xz  T_2.33, 8;
    %load/vec4 v000001af849366a0_0;
    %pad/u 32;
    %cmpi/ne 43, 0, 32;
    %jmp/0xz  T_2.35, 4;
    %pushi/vec4 0, 0, 1;
    %assign/vec4 v000001af84934d00_0, 0;
    %load/vec4 v000001af847fc3d0_0;
    %pushi/vec4 252, 0, 12;
    %load/vec4 v000001af849366a0_0;
    %pad/u 11;
    %muli 9, 0, 11;
    %pad/u 12;
    %sub;
    %part/u 9;
    %assign/vec4 v000001af84934b20_0, 0;
    %pushi/vec4 1, 0, 1;
    %assign/vec4 v000001af84936380_0, 0;
    %load/vec4 v000001af849366a0_0;
    %addi 1, 0, 7;
    %assign/vec4 v000001af849366a0_0, 0;
    %load/vec4 v000001af847fd050_0;
    %assign/vec4 v000001af849361a0_0, 0;
    %jmp T_2.36;
T_2.35 ;
    %pushi/vec4 1, 0, 1;
    %assign/vec4 v000001af84936240_0, 0;
    %pushi/vec4 1, 0, 1;
    %assign/vec4 v000001af84934d00_0, 0;
    %pushi/vec4 2, 0, 32;
    %assign/vec4 v000001af84934e40_0, 0;
T_2.36 ;
    %jmp T_2.34;
T_2.33 ;
    %load/vec4 v000001af84935c00_0;
    %pad/u 32;
    %cmpi/ne 29, 0, 32;
    %jmp/0xz  T_2.37, 4;
    %pushi/vec4 0, 0, 1;
    %assign/vec4 v000001af84934d00_0, 0;
    %load/vec4 v000001af847fc010_0;
    %pushi/vec4 252, 0, 11;
    %load/vec4 v000001af84935c00_0;
    %pad/u 10;
    %muli 9, 0, 10;
    %pad/u 11;
    %sub;
    %part/u 9;
    %assign/vec4 v000001af84934b20_0, 0;
    %pushi/vec4 1, 0, 1;
    %assign/vec4 v000001af84936380_0, 0;
    %load/vec4 v000001af84935c00_0;
    %addi 1, 0, 6;
    %assign/vec4 v000001af84935c00_0, 0;
    %load/vec4 v000001af847fd050_0;
    %assign/vec4 v000001af849361a0_0, 0;
    %jmp T_2.38;
T_2.37 ;
    %pushi/vec4 1, 0, 1;
    %assign/vec4 v000001af84936240_0, 0;
    %pushi/vec4 1, 0, 1;
    %assign/vec4 v000001af84934d00_0, 0;
    %pushi/vec4 2, 0, 32;
    %assign/vec4 v000001af84934e40_0, 0;
T_2.38 ;
T_2.34 ;
    %jmp T_2.24;
T_2.24 ;
    %pop/vec4 1;
T_2.17 ;
T_2.13 ;
T_2.3 ;
T_2.1 ;
    %jmp T_2;
    .thread T_2;
    .scope S_000001af847c18c0;
T_3 ;
    %delay 5000, 0;
    %load/vec4 v000001af84935020_0;
    %nor/r;
    %store/vec4 v000001af84935020_0, 0, 1;
    %jmp T_3;
    .thread T_3;
    .scope S_000001af847c18c0;
T_4 ;
    %vpi_call/w 3 47 "$dumpfile", "display_small.vcd" {0 0 0};
    %vpi_call/w 3 48 "$dumpvars", 32'sb00000000000000000000000000000000, S_000001af847c18c0 {0 0 0};
    %vpi_call/w 3 49 "$display", "Starting Sim" {0 0 0};
    %pushi/vec4 0, 0, 1;
    %store/vec4 v000001af84935020_0, 0, 1;
    %pushi/vec4 0, 0, 1;
    %store/vec4 v000001af84935ca0_0, 0, 1;
    %delay 10000, 0;
    %pushi/vec4 1, 0, 1;
    %store/vec4 v000001af84935ca0_0, 0, 1;
    %delay 10000, 0;
    %pushi/vec4 0, 0, 1;
    %store/vec4 v000001af84935ca0_0, 0, 1;
    %pushi/vec4 0, 0, 1;
    %store/vec4 v000001af84934c60_0, 0, 1;
    %pushi/vec4 0, 0, 8;
    %store/vec4 v000001af84935200_0, 0, 8;
    %delay 50000, 0;
    %delay 1705032704, 1;
    %pushi/vec4 100, 0, 8;
    %store/vec4 v000001af84934a80_0, 0, 8;
    %pushi/vec4 150, 0, 8;
    %store/vec4 v000001af84935b60_0, 0, 8;
    %pushi/vec4 200, 0, 9;
    %store/vec4 v000001af84936560_0, 0, 9;
    %pushi/vec4 250, 0, 9;
    %store/vec4 v000001af84934bc0_0, 0, 9;
    %pushi/vec4 0, 0, 3;
    %store/vec4 v000001af84935660_0, 0, 3;
    %pushi/vec4 1, 0, 1;
    %store/vec4 v000001af84934da0_0, 0, 1;
    %delay 10000, 0;
    %pushi/vec4 0, 0, 1;
    %store/vec4 v000001af84934da0_0, 0, 1;
    %delay 200000000, 0;
    %vpi_call/w 3 88 "$display", "Finishing Sim" {0 0 0};
    %vpi_call/w 3 89 "$finish" {0 0 0};
    %end;
    .thread T_4;
# The file index is used to find the file name in the following table.
:file_names 6;
    "N/A";
    "<interactive>";
    "-";
    "sim/display_small_tb.sv";
    "hdl/display.sv";
    "hdl/spi_tx.sv";
