#! /ucrt64/bin/vvp
:ivl_version "12.0 (devel)" "(s20150603-1391-gd480c4d7d)";
:ivl_delay_selection "TYPICAL";
:vpi_time_precision - 12;
:vpi_module "C:\msys64\ucrt64\lib\ivl\system.vpi";
:vpi_module "C:\msys64\ucrt64\lib\ivl\vhdl_sys.vpi";
:vpi_module "C:\msys64\ucrt64\lib\ivl\vhdl_textio.vpi";
:vpi_module "C:\msys64\ucrt64\lib\ivl\v2005_math.vpi";
:vpi_module "C:\msys64\ucrt64\lib\ivl\va_math.vpi";
:vpi_module "C:\msys64\ucrt64\lib\ivl\v2009.vpi";
S_0000020133564550 .scope package, "$unit" "$unit" 2 1;
 .timescale 0 0;
S_000002013353ce70 .scope module, "process_touch_tb" "process_touch_tb" 3 4;
 .timescale -9 -12;
v00000201335757c0_0 .net "ad", 0 0, v00000201335646e0_0;  1 drivers
v0000020133575860_0 .net "col", 2 0, v000002013353d190_0;  1 drivers
v00000201335c6820_0 .var "x", 8 0;
v00000201335c68c0_0 .var "y", 7 0;
S_000002013353d000 .scope module, "uut" "process_touch" 3 12, 4 3 0, S_000002013353ce70;
 .timescale -9 -12;
    .port_info 0 /INPUT 9 "x";
    .port_info 1 /INPUT 8 "y";
    .port_info 2 /OUTPUT 3 "color";
    .port_info 3 /OUTPUT 1 "active_draw";
v00000201335646e0_0 .var "active_draw", 0 0;
v000002013353d190_0 .var "color", 2 0;
v000002013353d230_0 .net "x", 8 0, v00000201335c6820_0;  1 drivers
v0000020133575720_0 .net "y", 7 0, v00000201335c68c0_0;  1 drivers
E_0000020133565780 .event anyedge, v000002013353d230_0, v0000020133575720_0;
    .scope S_000002013353d000;
T_0 ;
Ewait_0 .event/or E_0000020133565780, E_0x0;
    %wait Ewait_0;
    %load/vec4 v000002013353d230_0;
    %pad/u 32;
    %cmpi/u 60, 0, 32;
    %flag_get/vec4 5;
    %jmp/0 T_0.4, 5;
    %pushi/vec4 20, 0, 32;
    %load/vec4 v000002013353d230_0;
    %pad/u 32;
    %cmp/u;
    %flag_get/vec4 5;
    %and;
T_0.4;
    %flag_set/vec4 10;
    %flag_get/vec4 10;
    %jmp/0 T_0.3, 10;
    %load/vec4 v0000020133575720_0;
    %pad/u 32;
    %cmpi/u 220, 0, 32;
    %flag_get/vec4 5;
    %and;
T_0.3;
    %flag_set/vec4 9;
    %flag_get/vec4 9;
    %jmp/0 T_0.2, 9;
    %pushi/vec4 20, 0, 32;
    %load/vec4 v0000020133575720_0;
    %pad/u 32;
    %cmp/u;
    %flag_get/vec4 5;
    %and;
T_0.2;
    %flag_set/vec4 8;
    %jmp/0xz  T_0.0, 8;
    %pushi/vec4 0, 0, 1;
    %store/vec4 v00000201335646e0_0, 0, 1;
    %load/vec4 v0000020133575720_0;
    %pad/u 32;
    %cmpi/u 60, 0, 32;
    %jmp/0xz  T_0.5, 5;
    %pushi/vec4 0, 0, 3;
    %store/vec4 v000002013353d190_0, 0, 3;
    %jmp T_0.6;
T_0.5 ;
    %load/vec4 v0000020133575720_0;
    %pad/u 32;
    %cmpi/u 100, 0, 32;
    %jmp/0xz  T_0.7, 5;
    %pushi/vec4 1, 0, 3;
    %store/vec4 v000002013353d190_0, 0, 3;
    %jmp T_0.8;
T_0.7 ;
    %load/vec4 v0000020133575720_0;
    %pad/u 32;
    %cmpi/u 140, 0, 32;
    %jmp/0xz  T_0.9, 5;
    %pushi/vec4 2, 0, 3;
    %store/vec4 v000002013353d190_0, 0, 3;
    %jmp T_0.10;
T_0.9 ;
    %load/vec4 v0000020133575720_0;
    %pad/u 32;
    %cmpi/u 180, 0, 32;
    %jmp/0xz  T_0.11, 5;
    %pushi/vec4 3, 0, 3;
    %store/vec4 v000002013353d190_0, 0, 3;
    %jmp T_0.12;
T_0.11 ;
    %pushi/vec4 4, 0, 3;
    %store/vec4 v000002013353d190_0, 0, 3;
T_0.12 ;
T_0.10 ;
T_0.8 ;
T_0.6 ;
    %jmp T_0.1;
T_0.0 ;
    %pushi/vec4 1, 0, 1;
    %store/vec4 v00000201335646e0_0, 0, 1;
T_0.1 ;
    %jmp T_0;
    .thread T_0, $push;
    .scope S_000002013353ce70;
T_1 ;
    %vpi_call/w 3 21 "$dumpfile", "process_touch_tb.vcd" {0 0 0};
    %vpi_call/w 3 22 "$dumpvars", 32'sb00000000000000000000000000000000, S_000002013353ce70 {0 0 0};
    %vpi_call/w 3 23 "$display", "Starting Sim" {0 0 0};
    %delay 10000, 0;
    %pushi/vec4 200, 0, 9;
    %store/vec4 v00000201335c6820_0, 0, 9;
    %pushi/vec4 200, 0, 8;
    %store/vec4 v00000201335c68c0_0, 0, 8;
    %delay 10000, 0;
    %pushi/vec4 10, 0, 9;
    %store/vec4 v00000201335c6820_0, 0, 9;
    %pushi/vec4 10, 0, 8;
    %store/vec4 v00000201335c68c0_0, 0, 8;
    %delay 10000, 0;
    %pushi/vec4 30, 0, 9;
    %store/vec4 v00000201335c6820_0, 0, 9;
    %pushi/vec4 30, 0, 8;
    %store/vec4 v00000201335c68c0_0, 0, 8;
    %delay 10000, 0;
    %pushi/vec4 35, 0, 9;
    %store/vec4 v00000201335c6820_0, 0, 9;
    %pushi/vec4 80, 0, 8;
    %store/vec4 v00000201335c68c0_0, 0, 8;
    %delay 10000, 0;
    %pushi/vec4 35, 0, 9;
    %store/vec4 v00000201335c6820_0, 0, 9;
    %pushi/vec4 120, 0, 8;
    %store/vec4 v00000201335c68c0_0, 0, 8;
    %vpi_call/w 3 39 "$display", "Simulation finished" {0 0 0};
    %vpi_call/w 3 40 "$finish" {0 0 0};
    %end;
    .thread T_1;
# The file index is used to find the file name in the following table.
:file_names 5;
    "N/A";
    "<interactive>";
    "-";
    "sim/process_touch_tb.sv";
    "hdl/process_touch.sv";
