#! /ucrt64/bin/vvp
:ivl_version "12.0 (devel)" "(s20150603-1391-gd480c4d7d)";
:ivl_delay_selection "TYPICAL";
:vpi_time_precision - 12;
:vpi_module "C:\msys64\ucrt64\lib\ivl\system.vpi";
:vpi_module "C:\msys64\ucrt64\lib\ivl\vhdl_sys.vpi";
:vpi_module "C:\msys64\ucrt64\lib\ivl\vhdl_textio.vpi";
:vpi_module "C:\msys64\ucrt64\lib\ivl\v2005_math.vpi";
:vpi_module "C:\msys64\ucrt64\lib\ivl\va_math.vpi";
:vpi_module "C:\msys64\ucrt64\lib\ivl\v2009.vpi";
S_0000021f50069790 .scope package, "$unit" "$unit" 2 1;
 .timescale 0 0;
S_0000021f5006aac0 .scope module, "rx_tb" "rx_tb" 3 4;
 .timescale -9 -12;
v0000021f50072be0_0 .var "baud_clk", 0 0;
v0000021f50072c80_0 .var "clk_in", 0 0;
v0000021f50072d20_0 .net "cts", 0 0, v0000021f5003dc20_0;  1 drivers
v0000021f50072dc0_0 .net "data_out", 7 0, v0000021f500728c0_0;  1 drivers
v0000021f50072f50_0 .net "finished_receiving", 0 0, v0000021f50072960_0;  1 drivers
v0000021f50073bd0_0 .var "rst_in", 0 0;
v0000021f50072ff0_0 .var "rx", 0 0;
S_0000021f5003d8b0 .scope module, "uut" "bluetooth_rx" 3 14, 4 3 0, S_0000021f5006aac0;
 .timescale -9 -12;
    .port_info 0 /INPUT 1 "clk";
    .port_info 1 /INPUT 1 "baud_clk";
    .port_info 2 /INPUT 1 "rx";
    .port_info 3 /INPUT 1 "rst_in";
    .port_info 4 /OUTPUT 1 "cts";
    .port_info 5 /OUTPUT 8 "data_out";
    .port_info 6 /OUTPUT 1 "finished_receiving";
P_0000021f50067410 .param/l "DEVELOP" 0 4 15, C4<010>;
P_0000021f50067448 .param/l "IDLE" 0 4 15, C4<000>;
P_0000021f50067480 .param/l "PARITY" 0 4 15, C4<100>;
P_0000021f500674b8 .param/l "START" 0 4 15, C4<001>;
P_0000021f500674f0 .param/l "STOP" 0 4 15, C4<011>;
v0000021f5003da40_0 .net "baud_clk", 0 0, v0000021f50072be0_0;  1 drivers
v0000021f5003dae0_0 .net "clk", 0 0, v0000021f50072c80_0;  1 drivers
v0000021f5003db80_0 .var "counter", 7 0;
v0000021f5003dc20_0 .var "cts", 0 0;
v0000021f50072820_0 .var "curr_data", 7 0;
v0000021f500728c0_0 .var "data_out", 7 0;
v0000021f50072960_0 .var "finished_receiving", 0 0;
v0000021f50072a00_0 .net "rst_in", 0 0, v0000021f50073bd0_0;  1 drivers
v0000021f50072aa0_0 .net "rx", 0 0, v0000021f50072ff0_0;  1 drivers
v0000021f50072b40_0 .var "state", 2 0;
E_0000021f500639c0 .event posedge, v0000021f5003dae0_0;
    .scope S_0000021f5003d8b0;
T_0 ;
    %wait E_0000021f500639c0;
    %load/vec4 v0000021f5003da40_0;
    %flag_set/vec4 8;
    %jmp/0xz  T_0.0, 8;
    %load/vec4 v0000021f50072a00_0;
    %flag_set/vec4 8;
    %jmp/0xz  T_0.2, 8;
    %pushi/vec4 0, 0, 3;
    %assign/vec4 v0000021f50072b40_0, 0;
    %pushi/vec4 0, 0, 1;
    %assign/vec4 v0000021f5003dc20_0, 0;
    %pushi/vec4 0, 0, 1;
    %assign/vec4 v0000021f50072960_0, 0;
    %jmp T_0.3;
T_0.2 ;
    %load/vec4 v0000021f50072b40_0;
    %cmpi/e 0, 0, 3;
    %jmp/0xz  T_0.4, 4;
    %pushi/vec4 0, 0, 1;
    %assign/vec4 v0000021f5003dc20_0, 0;
    %load/vec4 v0000021f50072aa0_0;
    %pad/u 32;
    %cmpi/e 0, 0, 32;
    %jmp/0xz  T_0.6, 4;
    %pushi/vec4 2, 0, 3;
    %assign/vec4 v0000021f50072b40_0, 0;
T_0.6 ;
    %pushi/vec4 0, 0, 1;
    %assign/vec4 v0000021f50072960_0, 0;
    %jmp T_0.5;
T_0.4 ;
    %load/vec4 v0000021f50072b40_0;
    %cmpi/e 2, 0, 3;
    %jmp/0xz  T_0.8, 4;
    %load/vec4 v0000021f5003db80_0;
    %addi 1, 0, 8;
    %assign/vec4 v0000021f5003db80_0, 0;
    %load/vec4 v0000021f5003db80_0;
    %cmpi/e 8, 0, 8;
    %jmp/0xz  T_0.10, 4;
    %pushi/vec4 3, 0, 3;
    %assign/vec4 v0000021f50072b40_0, 0;
T_0.10 ;
    %load/vec4 v0000021f50072820_0;
    %parti/s 7, 0, 2;
    %load/vec4 v0000021f50072aa0_0;
    %concat/vec4; draw_concat_vec4
    %assign/vec4 v0000021f50072820_0, 0;
    %jmp T_0.9;
T_0.8 ;
    %load/vec4 v0000021f50072b40_0;
    %cmpi/e 3, 0, 3;
    %jmp/0xz  T_0.12, 4;
    %pushi/vec4 4, 0, 3;
    %assign/vec4 v0000021f50072b40_0, 0;
    %jmp T_0.13;
T_0.12 ;
    %load/vec4 v0000021f50072b40_0;
    %cmpi/e 4, 0, 3;
    %jmp/0xz  T_0.14, 4;
    %load/vec4 v0000021f50072aa0_0;
    %load/vec4 v0000021f50072820_0;
    %xor/r;
    %cmp/e;
    %jmp/0xz  T_0.16, 4;
    %load/vec4 v0000021f50072820_0;
    %assign/vec4 v0000021f500728c0_0, 0;
    %pushi/vec4 1, 0, 1;
    %assign/vec4 v0000021f5003dc20_0, 0;
T_0.16 ;
    %pushi/vec4 0, 0, 3;
    %assign/vec4 v0000021f50072b40_0, 0;
    %pushi/vec4 1, 0, 1;
    %assign/vec4 v0000021f50072960_0, 0;
    %jmp T_0.15;
T_0.14 ;
    %pushi/vec4 0, 0, 3;
    %assign/vec4 v0000021f50072b40_0, 0;
T_0.15 ;
T_0.13 ;
T_0.9 ;
T_0.5 ;
T_0.3 ;
T_0.0 ;
    %jmp T_0;
    .thread T_0;
    .scope S_0000021f5006aac0;
T_1 ;
    %delay 5000, 0;
    %load/vec4 v0000021f50072c80_0;
    %nor/r;
    %store/vec4 v0000021f50072c80_0, 0, 1;
    %jmp T_1;
    .thread T_1;
    .scope S_0000021f5006aac0;
T_2 ;
    %vpi_call/w 3 30 "$dumpfile", "rx_tb.vcd" {0 0 0};
    %vpi_call/w 3 31 "$dumpvars", 32'sb00000000000000000000000000000000, S_0000021f5006aac0 {0 0 0};
    %vpi_call/w 3 32 "$display", "Starting Sim" {0 0 0};
    %pushi/vec4 1, 0, 1;
    %store/vec4 v0000021f50072be0_0, 0, 1;
    %pushi/vec4 0, 0, 1;
    %store/vec4 v0000021f50072c80_0, 0, 1;
    %pushi/vec4 0, 0, 1;
    %store/vec4 v0000021f50073bd0_0, 0, 1;
    %pushi/vec4 1, 0, 1;
    %store/vec4 v0000021f50072ff0_0, 0, 1;
    %delay 10000, 0;
    %pushi/vec4 1, 0, 1;
    %store/vec4 v0000021f50073bd0_0, 0, 1;
    %delay 10000, 0;
    %pushi/vec4 0, 0, 1;
    %store/vec4 v0000021f50073bd0_0, 0, 1;
    %delay 110000, 0;
    %pushi/vec4 0, 0, 1;
    %store/vec4 v0000021f50072ff0_0, 0, 1;
    %delay 10000, 0;
    %pushi/vec4 1, 0, 1;
    %store/vec4 v0000021f50072ff0_0, 0, 1;
    %delay 10000, 0;
    %pushi/vec4 1, 0, 1;
    %store/vec4 v0000021f50072ff0_0, 0, 1;
    %delay 10000, 0;
    %pushi/vec4 0, 0, 1;
    %store/vec4 v0000021f50072ff0_0, 0, 1;
    %delay 10000, 0;
    %pushi/vec4 1, 0, 1;
    %store/vec4 v0000021f50072ff0_0, 0, 1;
    %delay 10000, 0;
    %pushi/vec4 0, 0, 1;
    %store/vec4 v0000021f50072ff0_0, 0, 1;
    %delay 10000, 0;
    %pushi/vec4 1, 0, 1;
    %store/vec4 v0000021f50072ff0_0, 0, 1;
    %delay 10000, 0;
    %pushi/vec4 0, 0, 1;
    %store/vec4 v0000021f50072ff0_0, 0, 1;
    %delay 10000, 0;
    %pushi/vec4 1, 0, 1;
    %store/vec4 v0000021f50072ff0_0, 0, 1;
    %delay 10000, 0;
    %pushi/vec4 1, 0, 1;
    %store/vec4 v0000021f50072ff0_0, 0, 1;
    %delay 10000, 0;
    %pushi/vec4 1, 0, 1;
    %store/vec4 v0000021f50072ff0_0, 0, 1;
    %delay 10000, 0;
    %pushi/vec4 1, 0, 1;
    %store/vec4 v0000021f50072ff0_0, 0, 1;
    %delay 1000000, 0;
    %vpi_call/w 3 66 "$display", "Simulation finished" {0 0 0};
    %vpi_call/w 3 67 "$finish" {0 0 0};
    %end;
    .thread T_2;
# The file index is used to find the file name in the following table.
:file_names 5;
    "N/A";
    "<interactive>";
    "-";
    "sim/rx_tb.sv";
    "hdl/bluetooth_rx.sv";
