#! /ucrt64/bin/vvp
:ivl_version "12.0 (devel)" "(s20150603-1391-gd480c4d7d)";
:ivl_delay_selection "TYPICAL";
:vpi_time_precision - 12;
:vpi_module "C:\msys64\ucrt64\lib\ivl\system.vpi";
:vpi_module "C:\msys64\ucrt64\lib\ivl\vhdl_sys.vpi";
:vpi_module "C:\msys64\ucrt64\lib\ivl\vhdl_textio.vpi";
:vpi_module "C:\msys64\ucrt64\lib\ivl\v2005_math.vpi";
:vpi_module "C:\msys64\ucrt64\lib\ivl\va_math.vpi";
:vpi_module "C:\msys64\ucrt64\lib\ivl\v2009.vpi";
S_000001d4ed139890 .scope package, "$unit" "$unit" 2 1;
 .timescale 0 0;
S_000001d4ed139bb0 .scope module, "tx_tb" "tx_tb" 3 4;
 .timescale -9 -12;
v000001d4ed1454e0_0 .var "baud_clk", 0 0;
v000001d4ed145580_0 .var "clk_in", 0 0;
v000001d4ed145620_0 .net "finished_sending", 0 0, v000001d4ed10dea0_0;  1 drivers
v000001d4ed1456c0_0 .var "rst_in", 0 0;
v000001d4ed1a24d0_0 .var "rts", 0 0;
v000001d4ed1a2bb0_0 .net "tx", 0 0, v000001d4ed1453a0_0;  1 drivers
v000001d4ed1a21b0_0 .var "tx_data", 7 0;
S_000001d4ed10db30 .scope module, "uut" "bluetooth_tx" 3 15, 4 3 0, S_000001d4ed139bb0;
 .timescale -9 -12;
    .port_info 0 /INPUT 1 "clk";
    .port_info 1 /INPUT 8 "tx_data";
    .port_info 2 /INPUT 1 "rst_in";
    .port_info 3 /INPUT 1 "rts";
    .port_info 4 /INPUT 1 "baud_clk";
    .port_info 5 /OUTPUT 1 "tx";
    .port_info 6 /OUTPUT 1 "finished_sending";
P_000001d4ed134bc0 .param/l "DEVELOP" 0 4 15, C4<010>;
P_000001d4ed134bf8 .param/l "IDLE" 0 4 15, C4<000>;
P_000001d4ed134c30 .param/l "PARITY" 0 4 15, C4<100>;
P_000001d4ed134c68 .param/l "START" 0 4 15, C4<001>;
P_000001d4ed134ca0 .param/l "STOP" 0 4 15, C4<011>;
v000001d4ed10dcc0_0 .net "baud_clk", 0 0, v000001d4ed1454e0_0;  1 drivers
v000001d4ed10dd60_0 .net "clk", 0 0, v000001d4ed145580_0;  1 drivers
v000001d4ed10de00_0 .var "counter", 7 0;
v000001d4ed10dea0_0 .var "finished_sending", 0 0;
v000001d4ed145120_0 .var "in_out", 1 0;
v000001d4ed1451c0_0 .net "rst_in", 0 0, v000001d4ed1456c0_0;  1 drivers
v000001d4ed145260_0 .net "rts", 0 0, v000001d4ed1a24d0_0;  1 drivers
v000001d4ed145300_0 .var "state", 2 0;
v000001d4ed1453a0_0 .var "tx", 0 0;
v000001d4ed145440_0 .net "tx_data", 7 0, v000001d4ed1a21b0_0;  1 drivers
E_000001d4ed137610 .event posedge, v000001d4ed10dd60_0;
    .scope S_000001d4ed10db30;
T_0 ;
    %wait E_000001d4ed137610;
    %load/vec4 v000001d4ed10dcc0_0;
    %flag_set/vec4 8;
    %jmp/0xz  T_0.0, 8;
    %load/vec4 v000001d4ed1451c0_0;
    %flag_set/vec4 8;
    %jmp/0xz  T_0.2, 8;
    %pushi/vec4 0, 0, 3;
    %assign/vec4 v000001d4ed145300_0, 0;
    %pushi/vec4 0, 0, 2;
    %assign/vec4 v000001d4ed145120_0, 0;
    %pushi/vec4 0, 0, 1;
    %assign/vec4 v000001d4ed10dea0_0, 0;
    %jmp T_0.3;
T_0.2 ;
    %load/vec4 v000001d4ed145300_0;
    %cmpi/e 0, 0, 3;
    %jmp/0xz  T_0.4, 4;
    %load/vec4 v000001d4ed145260_0;
    %flag_set/vec4 8;
    %jmp/0xz  T_0.6, 8;
    %pushi/vec4 1, 0, 3;
    %assign/vec4 v000001d4ed145300_0, 0;
    %jmp T_0.7;
T_0.6 ;
    %pushi/vec4 1, 0, 1;
    %assign/vec4 v000001d4ed1453a0_0, 0;
T_0.7 ;
    %pushi/vec4 0, 0, 1;
    %assign/vec4 v000001d4ed10dea0_0, 0;
    %jmp T_0.5;
T_0.4 ;
    %load/vec4 v000001d4ed145300_0;
    %cmpi/e 1, 0, 3;
    %jmp/0xz  T_0.8, 4;
    %pushi/vec4 0, 0, 1;
    %assign/vec4 v000001d4ed1453a0_0, 0;
    %pushi/vec4 2, 0, 3;
    %assign/vec4 v000001d4ed145300_0, 0;
    %pushi/vec4 0, 0, 8;
    %assign/vec4 v000001d4ed10de00_0, 0;
    %pushi/vec4 0, 0, 1;
    %ix/load 4, 0, 0;
    %ix/load 5, 0, 0;
    %flag_set/imm 4, 0;
    %assign/vec4/off/d v000001d4ed145120_0, 4, 5;
    %jmp T_0.9;
T_0.8 ;
    %load/vec4 v000001d4ed145300_0;
    %cmpi/e 2, 0, 3;
    %jmp/0xz  T_0.10, 4;
    %load/vec4 v000001d4ed10de00_0;
    %cmpi/e 8, 0, 8;
    %jmp/0xz  T_0.12, 4;
    %pushi/vec4 3, 0, 3;
    %assign/vec4 v000001d4ed145300_0, 0;
    %jmp T_0.13;
T_0.12 ;
    %load/vec4 v000001d4ed145440_0;
    %load/vec4 v000001d4ed10de00_0;
    %part/u 1;
    %assign/vec4 v000001d4ed1453a0_0, 0;
    %load/vec4 v000001d4ed10de00_0;
    %addi 1, 0, 8;
    %assign/vec4 v000001d4ed10de00_0, 0;
T_0.13 ;
    %jmp T_0.11;
T_0.10 ;
    %load/vec4 v000001d4ed145300_0;
    %cmpi/e 3, 0, 3;
    %jmp/0xz  T_0.14, 4;
    %pushi/vec4 4, 0, 3;
    %assign/vec4 v000001d4ed145300_0, 0;
    %pushi/vec4 1, 0, 1;
    %assign/vec4 v000001d4ed1453a0_0, 0;
    %pushi/vec4 1, 0, 1;
    %ix/load 4, 1, 0;
    %ix/load 5, 0, 0;
    %flag_set/imm 4, 0;
    %assign/vec4/off/d v000001d4ed145120_0, 4, 5;
    %jmp T_0.15;
T_0.14 ;
    %load/vec4 v000001d4ed145300_0;
    %cmpi/e 4, 0, 3;
    %jmp/0xz  T_0.16, 4;
    %load/vec4 v000001d4ed145440_0;
    %xor/r;
    %assign/vec4 v000001d4ed1453a0_0, 0;
    %pushi/vec4 1, 0, 1;
    %assign/vec4 v000001d4ed10dea0_0, 0;
    %pushi/vec4 0, 0, 3;
    %assign/vec4 v000001d4ed145300_0, 0;
    %jmp T_0.17;
T_0.16 ;
    %pushi/vec4 0, 0, 3;
    %assign/vec4 v000001d4ed145300_0, 0;
    %pushi/vec4 1, 0, 1;
    %assign/vec4 v000001d4ed1453a0_0, 0;
T_0.17 ;
T_0.15 ;
T_0.11 ;
T_0.9 ;
T_0.5 ;
T_0.3 ;
T_0.0 ;
    %jmp T_0;
    .thread T_0;
    .scope S_000001d4ed139bb0;
T_1 ;
    %delay 5000, 0;
    %load/vec4 v000001d4ed145580_0;
    %nor/r;
    %store/vec4 v000001d4ed145580_0, 0, 1;
    %jmp T_1;
    .thread T_1;
    .scope S_000001d4ed139bb0;
T_2 ;
    %vpi_call/w 3 31 "$dumpfile", "tx_tb.vcd" {0 0 0};
    %vpi_call/w 3 32 "$dumpvars", 32'sb00000000000000000000000000000000, S_000001d4ed139bb0 {0 0 0};
    %vpi_call/w 3 33 "$display", "Starting Sim" {0 0 0};
    %pushi/vec4 1, 0, 1;
    %store/vec4 v000001d4ed1454e0_0, 0, 1;
    %pushi/vec4 0, 0, 1;
    %store/vec4 v000001d4ed145580_0, 0, 1;
    %pushi/vec4 0, 0, 1;
    %store/vec4 v000001d4ed1456c0_0, 0, 1;
    %pushi/vec4 1, 0, 1;
    %store/vec4 v000001d4ed1a24d0_0, 0, 1;
    %delay 10000, 0;
    %pushi/vec4 1, 0, 1;
    %store/vec4 v000001d4ed1456c0_0, 0, 1;
    %delay 10000, 0;
    %pushi/vec4 0, 0, 1;
    %store/vec4 v000001d4ed1456c0_0, 0, 1;
    %delay 100000, 0;
    %pushi/vec4 171, 0, 8;
    %store/vec4 v000001d4ed1a21b0_0, 0, 8;
    %delay 100000000, 0;
    %vpi_call/w 3 45 "$display", "Simulation finished" {0 0 0};
    %vpi_call/w 3 46 "$finish" {0 0 0};
    %end;
    .thread T_2;
# The file index is used to find the file name in the following table.
:file_names 5;
    "N/A";
    "<interactive>";
    "-";
    "sim/tx_tb.sv";
    "hdl/bluetooth_tx.sv";
