#-----------------------------------------------------------
# Vivado v2023.1 (64-bit)
# SW Build 3865809 on Sun May  7 15:04:56 MDT 2023
# IP Build 3864474 on Sun May  7 20:36:21 MDT 2023
# SharedData Build 3865790 on Sun May 07 13:33:03 MDT 2023
# Start of session at: Fri Dec  1 23:17:45 2023
# Process ID: 924
# Current directory: /home/fpga
# Command line: vivado -mode batch -source build.tcl
# Log file: /home/fpga/vivado.log
# Journal file: /home/fpga/vivado.jou
# Running On: worker, OS: Linux, CPU Frequency: 2100.000 MHz, CPU Physical cores: 1, Host memory: 6218 MB
#-----------------------------------------------------------
source build.tcl
# set partNum xc7s50csga324-1
# set outputDir obj
# file mkdir $outputDir
# set files [glob -nocomplain "$outputDir/*"]
# if {[llength $files] != 0} {
#     # clear folder contents
#     puts "deleting contents of $outputDir"
#     file delete -force {*}[glob -directory $outputDir *];
# } else {
#     puts "$outputDir is empty"
# }
deleting contents of obj
# read_verilog -sv [ glob ./hdl/*.sv ]
# read_xdc ./xdc/top_level.xdc
# set_part $partNum
INFO: [Coretcl 2-1500] The part has been set to 'xc7s50csga324-1' for the current project only. Run set_part -help for more details. To evaluate different speed grades in the current design, use the set_speed_grade command, or use the open_checkpoint -part command to change the part used by an existing checkpoint design.
# read_ip ./ip/clk_wiz_0/clk_wiz_0.xci
INFO: [IP_Flow 19-234] Refreshing IP repositories
INFO: [IP_Flow 19-1704] No user IP repositories specified
INFO: [IP_Flow 19-2313] Loaded Vivado IP repository '/opt/Xilinx/Vivado/2023.1/data/ip'.
INFO: [Device 21-403] Loading part xc7s50csga324-1
WARNING: [Vivado 12-13650] The IP file '/home/fpga/ip/clk_wiz_0/clk_wiz_0.xci' has been moved from its original location, as a result the outputs for this IP will now be generated in '/home/fpga/ip/clk_wiz_0/ip/clk_wiz_0'. Alternatively a copy of the IP can be imported into the project using one of the 'import_ip' or 'import_files' commands.
# generate_target all [get_ips]
INFO: [IP_Flow 19-1686] Generating 'Instantiation Template' target for IP 'clk_wiz_0'...
INFO: [IP_Flow 19-1686] Generating 'Synthesis' target for IP 'clk_wiz_0'...
INFO: [IP_Flow 19-1686] Generating 'Simulation' target for IP 'clk_wiz_0'...
INFO: [IP_Flow 19-1686] Generating 'Implementation' target for IP 'clk_wiz_0'...
INFO: [IP_Flow 19-1686] Generating 'Change Log' target for IP 'clk_wiz_0'...
# synth_ip [get_ips]
INFO: [IP_Flow 19-234] Refreshing IP repositories
INFO: [IP_Flow 19-1704] No user IP repositories specified
INFO: [IP_Flow 19-2313] Loaded Vivado IP repository '/opt/Xilinx/Vivado/2023.1/data/ip'.
WARNING: [Vivado 12-13650] The IP file '/home/fpga/ip/clk_wiz_0/clk_wiz_0.xci' has been moved from its original location, as a result the outputs for this IP will now be generated in '/home/fpga/ip/clk_wiz_0/ip/clk_wiz_0'. Alternatively a copy of the IP can be imported into the project using one of the 'import_ip' or 'import_files' commands.
Command: synth_design -top clk_wiz_0 -part xc7s50csga324-1 -mode out_of_context
Starting synth_design
Attempting to get a license for feature 'Synthesis' and/or device 'xc7s50'
INFO: [Common 17-349] Got license for feature 'Synthesis' and/or device 'xc7s50'
INFO: [Synth 8-7079] Multithreading enabled for synth_design using a maximum of 4 processes.
INFO: [Synth 8-7078] Launching helper process for spawning children vivado processes
INFO: [Synth 8-7075] Helper process launched with PID 931
---------------------------------------------------------------------------------
Starting RTL Elaboration : Time (s): cpu = 00:00:02 ; elapsed = 00:00:04 . Memory (MB): peak = 2104.395 ; gain = 387.707 ; free physical = 3277 ; free virtual = 8799
---------------------------------------------------------------------------------
INFO: [Synth 8-6157] synthesizing module 'clk_wiz_0' [/home/fpga/ip/clk_wiz_0/ip/clk_wiz_0/clk_wiz_0.v:68]
INFO: [Synth 8-6157] synthesizing module 'clk_wiz_0_clk_wiz' [/home/fpga/ip/clk_wiz_0/ip/clk_wiz_0/clk_wiz_0_clk_wiz.v:68]
INFO: [Synth 8-6157] synthesizing module 'IBUF' [/opt/Xilinx/Vivado/2023.1/scripts/rt/data/unisim_comp.v:71768]
INFO: [Synth 8-6155] done synthesizing module 'IBUF' (0#1) [/opt/Xilinx/Vivado/2023.1/scripts/rt/data/unisim_comp.v:71768]
INFO: [Synth 8-6157] synthesizing module 'MMCME2_ADV' [/opt/Xilinx/Vivado/2023.1/scripts/rt/data/unisim_comp.v:80311]
	Parameter BANDWIDTH bound to: OPTIMIZED - type: string 
	Parameter CLKFBOUT_MULT_F bound to: 9.000000 - type: double 
	Parameter CLKFBOUT_PHASE bound to: 0.000000 - type: double 
	Parameter CLKFBOUT_USE_FINE_PS bound to: FALSE - type: string 
	Parameter CLKIN1_PERIOD bound to: 10.000000 - type: double 
	Parameter CLKOUT0_DIVIDE_F bound to: 78.125000 - type: double 
	Parameter CLKOUT0_DUTY_CYCLE bound to: 0.500000 - type: double 
	Parameter CLKOUT0_PHASE bound to: 0.000000 - type: double 
	Parameter CLKOUT0_USE_FINE_PS bound to: FALSE - type: string 
	Parameter CLKOUT4_CASCADE bound to: FALSE - type: string 
	Parameter COMPENSATION bound to: ZHOLD - type: string 
	Parameter DIVCLK_DIVIDE bound to: 1 - type: integer 
	Parameter STARTUP_WAIT bound to: FALSE - type: string 
INFO: [Synth 8-6155] done synthesizing module 'MMCME2_ADV' (0#1) [/opt/Xilinx/Vivado/2023.1/scripts/rt/data/unisim_comp.v:80311]
INFO: [Synth 8-6157] synthesizing module 'BUFG' [/opt/Xilinx/Vivado/2023.1/scripts/rt/data/unisim_comp.v:1519]
INFO: [Synth 8-6155] done synthesizing module 'BUFG' (0#1) [/opt/Xilinx/Vivado/2023.1/scripts/rt/data/unisim_comp.v:1519]
INFO: [Synth 8-6155] done synthesizing module 'clk_wiz_0_clk_wiz' (0#1) [/home/fpga/ip/clk_wiz_0/ip/clk_wiz_0/clk_wiz_0_clk_wiz.v:68]
INFO: [Synth 8-6155] done synthesizing module 'clk_wiz_0' (0#1) [/home/fpga/ip/clk_wiz_0/ip/clk_wiz_0/clk_wiz_0.v:68]
---------------------------------------------------------------------------------
Finished RTL Elaboration : Time (s): cpu = 00:00:03 ; elapsed = 00:00:05 . Memory (MB): peak = 2169.363 ; gain = 452.676 ; free physical = 3131 ; free virtual = 8656
---------------------------------------------------------------------------------
---------------------------------------------------------------------------------
Start Handling Custom Attributes
---------------------------------------------------------------------------------
---------------------------------------------------------------------------------
Finished Handling Custom Attributes : Time (s): cpu = 00:00:03 ; elapsed = 00:00:05 . Memory (MB): peak = 2184.207 ; gain = 467.520 ; free physical = 3128 ; free virtual = 8653
---------------------------------------------------------------------------------
---------------------------------------------------------------------------------
Finished RTL Optimization Phase 1 : Time (s): cpu = 00:00:03 ; elapsed = 00:00:05 . Memory (MB): peak = 2184.207 ; gain = 467.520 ; free physical = 3128 ; free virtual = 8653
---------------------------------------------------------------------------------
Netlist sorting complete. Time (s): cpu = 00:00:00 ; elapsed = 00:00:00 . Memory (MB): peak = 2190.145 ; gain = 0.000 ; free physical = 3123 ; free virtual = 8648
INFO: [Netlist 29-17] Analyzing 1 Unisim elements for replacement
INFO: [Netlist 29-28] Unisim Transformation completed in 0 CPU seconds
INFO: [Project 1-570] Preparing netlist for logic optimization

Processing XDC Constraints
Initializing timing engine
Parsing XDC File [/home/fpga/ip/clk_wiz_0/ip/clk_wiz_0/clk_wiz_0_ooc.xdc] for cell 'inst'
Finished Parsing XDC File [/home/fpga/ip/clk_wiz_0/ip/clk_wiz_0/clk_wiz_0_ooc.xdc] for cell 'inst'
Parsing XDC File [/home/fpga/ip/clk_wiz_0/ip/clk_wiz_0/clk_wiz_0_board.xdc] for cell 'inst'
Finished Parsing XDC File [/home/fpga/ip/clk_wiz_0/ip/clk_wiz_0/clk_wiz_0_board.xdc] for cell 'inst'
Parsing XDC File [/home/fpga/ip/clk_wiz_0/ip/clk_wiz_0/clk_wiz_0.xdc] for cell 'inst'
Finished Parsing XDC File [/home/fpga/ip/clk_wiz_0/ip/clk_wiz_0/clk_wiz_0.xdc] for cell 'inst'
INFO: [Project 1-236] Implementation specific constraints were found while reading constraint file [/home/fpga/ip/clk_wiz_0/ip/clk_wiz_0/clk_wiz_0.xdc]. These constraints will be ignored for synthesis but will be used in implementation. Impacted constraints are listed in the file [.Xil/clk_wiz_0_propImpl.xdc].
Resolution: To avoid this warning, move constraints listed in [.Xil/clk_wiz_0_propImpl.xdc] to another XDC file and exclude this new file from synthesis with the used_in_synthesis property (File Properties dialog in GUI) and re-run elaboration/synthesis.
INFO: [Timing 38-2] Deriving generated clocks
Completed Processing XDC Constraints

Netlist sorting complete. Time (s): cpu = 00:00:00 ; elapsed = 00:00:00 . Memory (MB): peak = 2201.117 ; gain = 0.000 ; free physical = 3104 ; free virtual = 8643
INFO: [Project 1-111] Unisim Transformation Summary:
No Unisim elements were transformed.

Constraint Validation Runtime : Time (s): cpu = 00:00:00 ; elapsed = 00:00:00 . Memory (MB): peak = 2201.117 ; gain = 0.000 ; free physical = 3104 ; free virtual = 8643
---------------------------------------------------------------------------------
Finished Constraint Validation : Time (s): cpu = 00:00:06 ; elapsed = 00:00:09 . Memory (MB): peak = 2201.117 ; gain = 484.430 ; free physical = 3103 ; free virtual = 8643
---------------------------------------------------------------------------------
---------------------------------------------------------------------------------
Start Loading Part and Timing Information
---------------------------------------------------------------------------------
Loading part: xc7s50csga324-1
---------------------------------------------------------------------------------
Finished Loading Part and Timing Information : Time (s): cpu = 00:00:06 ; elapsed = 00:00:09 . Memory (MB): peak = 2201.117 ; gain = 484.430 ; free physical = 3103 ; free virtual = 8643
---------------------------------------------------------------------------------
---------------------------------------------------------------------------------
Start Applying 'set_property' XDC Constraints
---------------------------------------------------------------------------------
Applied set_property KEEP_HIERARCHY = SOFT for inst. (constraint file  auto generated constraint).
---------------------------------------------------------------------------------
Finished applying 'set_property' XDC Constraints : Time (s): cpu = 00:00:06 ; elapsed = 00:00:09 . Memory (MB): peak = 2201.117 ; gain = 484.430 ; free physical = 3103 ; free virtual = 8643
---------------------------------------------------------------------------------
---------------------------------------------------------------------------------
Finished RTL Optimization Phase 2 : Time (s): cpu = 00:00:06 ; elapsed = 00:00:09 . Memory (MB): peak = 2201.117 ; gain = 484.430 ; free physical = 3102 ; free virtual = 8642
---------------------------------------------------------------------------------
---------------------------------------------------------------------------------
Start RTL Component Statistics 
---------------------------------------------------------------------------------
Detailed RTL Component Info : 
---------------------------------------------------------------------------------
Finished RTL Component Statistics 
---------------------------------------------------------------------------------
---------------------------------------------------------------------------------
Start Part Resource Summary
---------------------------------------------------------------------------------
Part Resources:
DSPs: 120 (col length:60)
BRAMs: 150 (col length: RAMB18 60 RAMB36 30)
---------------------------------------------------------------------------------
Finished Part Resource Summary
---------------------------------------------------------------------------------
---------------------------------------------------------------------------------
Start Cross Boundary and Area Optimization
---------------------------------------------------------------------------------
WARNING: [Synth 8-7080] Parallel synthesis criteria is not met
---------------------------------------------------------------------------------
Finished Cross Boundary and Area Optimization : Time (s): cpu = 00:00:07 ; elapsed = 00:00:10 . Memory (MB): peak = 2201.117 ; gain = 484.430 ; free physical = 3102 ; free virtual = 8643
---------------------------------------------------------------------------------
---------------------------------------------------------------------------------
Start Applying XDC Timing Constraints
---------------------------------------------------------------------------------
---------------------------------------------------------------------------------
Finished Applying XDC Timing Constraints : Time (s): cpu = 00:00:09 ; elapsed = 00:00:12 . Memory (MB): peak = 2201.117 ; gain = 484.430 ; free physical = 3095 ; free virtual = 8643
---------------------------------------------------------------------------------
---------------------------------------------------------------------------------
Start Timing Optimization
---------------------------------------------------------------------------------
---------------------------------------------------------------------------------
Finished Timing Optimization : Time (s): cpu = 00:00:09 ; elapsed = 00:00:12 . Memory (MB): peak = 2201.117 ; gain = 484.430 ; free physical = 3095 ; free virtual = 8643
---------------------------------------------------------------------------------
---------------------------------------------------------------------------------
Start Technology Mapping
---------------------------------------------------------------------------------
---------------------------------------------------------------------------------
Finished Technology Mapping : Time (s): cpu = 00:00:09 ; elapsed = 00:00:12 . Memory (MB): peak = 2201.117 ; gain = 484.430 ; free physical = 3095 ; free virtual = 8643
---------------------------------------------------------------------------------
---------------------------------------------------------------------------------
Start IO Insertion
---------------------------------------------------------------------------------
---------------------------------------------------------------------------------
Start Flattening Before IO Insertion
---------------------------------------------------------------------------------
---------------------------------------------------------------------------------
Finished Flattening Before IO Insertion
---------------------------------------------------------------------------------
---------------------------------------------------------------------------------
Start Final Netlist Cleanup
---------------------------------------------------------------------------------
---------------------------------------------------------------------------------
Finished Final Netlist Cleanup
---------------------------------------------------------------------------------
---------------------------------------------------------------------------------
Finished IO Insertion : Time (s): cpu = 00:00:10 ; elapsed = 00:00:13 . Memory (MB): peak = 2201.117 ; gain = 484.430 ; free physical = 3094 ; free virtual = 8643
---------------------------------------------------------------------------------
---------------------------------------------------------------------------------
Start Renaming Generated Instances
---------------------------------------------------------------------------------
---------------------------------------------------------------------------------
Finished Renaming Generated Instances : Time (s): cpu = 00:00:10 ; elapsed = 00:00:13 . Memory (MB): peak = 2201.117 ; gain = 484.430 ; free physical = 3094 ; free virtual = 8643
---------------------------------------------------------------------------------
---------------------------------------------------------------------------------
Start Rebuilding User Hierarchy
---------------------------------------------------------------------------------
---------------------------------------------------------------------------------
Finished Rebuilding User Hierarchy : Time (s): cpu = 00:00:10 ; elapsed = 00:00:13 . Memory (MB): peak = 2201.117 ; gain = 484.430 ; free physical = 3094 ; free virtual = 8643
---------------------------------------------------------------------------------
---------------------------------------------------------------------------------
Start Renaming Generated Ports
---------------------------------------------------------------------------------
---------------------------------------------------------------------------------
Finished Renaming Generated Ports : Time (s): cpu = 00:00:10 ; elapsed = 00:00:13 . Memory (MB): peak = 2201.117 ; gain = 484.430 ; free physical = 3094 ; free virtual = 8643
---------------------------------------------------------------------------------
---------------------------------------------------------------------------------
Start Handling Custom Attributes
---------------------------------------------------------------------------------
---------------------------------------------------------------------------------
Finished Handling Custom Attributes : Time (s): cpu = 00:00:10 ; elapsed = 00:00:13 . Memory (MB): peak = 2201.117 ; gain = 484.430 ; free physical = 3094 ; free virtual = 8643
---------------------------------------------------------------------------------
---------------------------------------------------------------------------------
Start Renaming Generated Nets
---------------------------------------------------------------------------------
---------------------------------------------------------------------------------
Finished Renaming Generated Nets : Time (s): cpu = 00:00:10 ; elapsed = 00:00:13 . Memory (MB): peak = 2201.117 ; gain = 484.430 ; free physical = 3094 ; free virtual = 8643
---------------------------------------------------------------------------------
---------------------------------------------------------------------------------
Start Writing Synthesis Report
---------------------------------------------------------------------------------

Report BlackBoxes: 
+-+--------------+----------+
| |BlackBox name |Instances |
+-+--------------+----------+
+-+--------------+----------+

Report Cell Usage: 
+------+-----------+------+
|      |Cell       |Count |
+------+-----------+------+
|1     |BUFG       |     2|
|2     |MMCME2_ADV |     1|
|3     |IBUF       |     1|
+------+-----------+------+
---------------------------------------------------------------------------------
Finished Writing Synthesis Report : Time (s): cpu = 00:00:10 ; elapsed = 00:00:13 . Memory (MB): peak = 2201.117 ; gain = 484.430 ; free physical = 3094 ; free virtual = 8643
---------------------------------------------------------------------------------
Synthesis finished with 0 errors, 0 critical warnings and 1 warnings.
Synthesis Optimization Runtime : Time (s): cpu = 00:00:10 ; elapsed = 00:00:13 . Memory (MB): peak = 2201.117 ; gain = 467.520 ; free physical = 3094 ; free virtual = 8643
Synthesis Optimization Complete : Time (s): cpu = 00:00:10 ; elapsed = 00:00:13 . Memory (MB): peak = 2201.125 ; gain = 484.430 ; free physical = 3094 ; free virtual = 8643
INFO: [Project 1-571] Translating synthesized netlist
Netlist sorting complete. Time (s): cpu = 00:00:00 ; elapsed = 00:00:00 . Memory (MB): peak = 2201.125 ; gain = 0.000 ; free physical = 3094 ; free virtual = 8643
INFO: [Netlist 29-17] Analyzing 1 Unisim elements for replacement
INFO: [Netlist 29-28] Unisim Transformation completed in 0 CPU seconds
INFO: [Project 1-570] Preparing netlist for logic optimization
Parsing XDC File [/home/fpga/ip/clk_wiz_0/ip/clk_wiz_0/clk_wiz_0_ooc.xdc] for cell 'inst'
Finished Parsing XDC File [/home/fpga/ip/clk_wiz_0/ip/clk_wiz_0/clk_wiz_0_ooc.xdc] for cell 'inst'
Parsing XDC File [/home/fpga/ip/clk_wiz_0/ip/clk_wiz_0/clk_wiz_0_board.xdc] for cell 'inst'
Finished Parsing XDC File [/home/fpga/ip/clk_wiz_0/ip/clk_wiz_0/clk_wiz_0_board.xdc] for cell 'inst'
Parsing XDC File [/home/fpga/ip/clk_wiz_0/ip/clk_wiz_0/clk_wiz_0.xdc] for cell 'inst'
INFO: [Timing 38-35] Done setting XDC timing constraints. [/home/fpga/ip/clk_wiz_0/ip/clk_wiz_0/clk_wiz_0.xdc:57]
INFO: [Timing 38-2] Deriving generated clocks [/home/fpga/ip/clk_wiz_0/ip/clk_wiz_0/clk_wiz_0.xdc:57]
Finished Parsing XDC File [/home/fpga/ip/clk_wiz_0/ip/clk_wiz_0/clk_wiz_0.xdc] for cell 'inst'
INFO: [Opt 31-138] Pushed 0 inverter(s) to 0 load pin(s).
Netlist sorting complete. Time (s): cpu = 00:00:00 ; elapsed = 00:00:00 . Memory (MB): peak = 2445.051 ; gain = 0.000 ; free physical = 3136 ; free virtual = 8704
INFO: [Project 1-111] Unisim Transformation Summary:
No Unisim elements were transformed.

Synth Design complete | Checksum: fe8add83
INFO: [Common 17-83] Releasing license: Synthesis
32 Infos, 2 Warnings, 0 Critical Warnings and 0 Errors encountered.
synth_design completed successfully
synth_design: Time (s): cpu = 00:00:13 ; elapsed = 00:00:15 . Memory (MB): peak = 2445.051 ; gain = 731.332 ; free physical = 3136 ; free virtual = 8704
INFO: [Common 17-2834] synth_design peak Physical Memory [PSS] (MB): overall = 2000.687; main = 1931.115; forked = 429.788
INFO: [Common 17-2834] synth_design peak Virtual Memory [VSS] (MB): overall = 3175.926; main = 2445.055; forked = 974.805
INFO: [Timing 38-480] Writing timing data to binary archive.
INFO: [Common 17-1381] The checkpoint '/home/fpga/ip/clk_wiz_0/ip/clk_wiz_0/clk_wiz_0.dcp' has been generated.
INFO: [Vivado 12-3441] generate_netlist_ip - operation complete
synth_ip: Time (s): cpu = 00:00:13 ; elapsed = 00:00:15 . Memory (MB): peak = 2461.059 ; gain = 747.340 ; free physical = 3136 ; free virtual = 8704
INFO: [Common 17-2834] synth_ip peak Physical Memory [PSS] (MB): overall = 2000.687; main = 1931.955; forked = 429.788
INFO: [Common 17-2834] synth_ip peak Virtual Memory [VSS] (MB): overall = 3175.926; main = 2461.062; forked = 974.805
# synth_design -top top_level -part $partNum -verbose
Command: synth_design -top top_level -part xc7s50csga324-1 -verbose
Starting synth_design
Attempting to get a license for feature 'Synthesis' and/or device 'xc7s50'
INFO: [Common 17-349] Got license for feature 'Synthesis' and/or device 'xc7s50'
INFO: [Synth 8-7079] Multithreading enabled for synth_design using a maximum of 4 processes.
WARNING: [Synth 8-6901] identifier 'tx_finished' is used before its declaration [/home/fpga/hdl/top_level.sv:99]
WARNING: [Synth 8-6901] identifier 'tx_finished' is used before its declaration [/home/fpga/hdl/top_level.sv:104]
---------------------------------------------------------------------------------
Starting RTL Elaboration : Time (s): cpu = 00:00:02 ; elapsed = 00:00:03 . Memory (MB): peak = 2472.934 ; gain = 11.867 ; free physical = 2977 ; free virtual = 8553
---------------------------------------------------------------------------------
INFO: [Synth 8-6157] synthesizing module 'top_level' [/home/fpga/hdl/top_level.sv:4]
INFO: [Synth 8-6157] synthesizing module 'baud_wiz_off_100' [/home/fpga/hdl/baud_wiz_off_100.sv:4]
INFO: [Synth 8-6155] done synthesizing module 'baud_wiz_off_100' (0#1) [/home/fpga/hdl/baud_wiz_off_100.sv:4]
INFO: [Synth 8-6157] synthesizing module 'bluetooth_tx' [/home/fpga/hdl/bluetooth_tx.sv:3]
INFO: [Synth 8-6155] done synthesizing module 'bluetooth_tx' (0#1) [/home/fpga/hdl/bluetooth_tx.sv:3]
INFO: [Synth 8-6157] synthesizing module 'bluetooth_rx' [/home/fpga/hdl/bluetooth_rx.sv:3]
INFO: [Synth 8-6155] done synthesizing module 'bluetooth_rx' (0#1) [/home/fpga/hdl/bluetooth_rx.sv:3]
INFO: [Synth 8-6155] done synthesizing module 'top_level' (0#1) [/home/fpga/hdl/top_level.sv:4]
WARNING: [Synth 8-6014] Unused sequential element counter_reg was removed.  [/home/fpga/hdl/baud_wiz_off_100.sv:14]
WARNING: [Synth 8-3848] Net ble_uart_cts in module/entity top_level does not have driver. [/home/fpga/hdl/top_level.sv:10]
WARNING: [Synth 8-3848] Net rgb0 in module/entity top_level does not have driver. [/home/fpga/hdl/top_level.sv:12]
WARNING: [Synth 8-3848] Net rgb1 in module/entity top_level does not have driver. [/home/fpga/hdl/top_level.sv:13]
WARNING: [Synth 8-7129] Port ble_uart_cts in module top_level is either unconnected or has no load
WARNING: [Synth 8-7129] Port rgb0[2] in module top_level is either unconnected or has no load
WARNING: [Synth 8-7129] Port rgb0[1] in module top_level is either unconnected or has no load
WARNING: [Synth 8-7129] Port rgb0[0] in module top_level is either unconnected or has no load
WARNING: [Synth 8-7129] Port rgb1[2] in module top_level is either unconnected or has no load
WARNING: [Synth 8-7129] Port rgb1[1] in module top_level is either unconnected or has no load
WARNING: [Synth 8-7129] Port rgb1[0] in module top_level is either unconnected or has no load
WARNING: [Synth 8-7129] Port btn[3] in module top_level is either unconnected or has no load
WARNING: [Synth 8-7129] Port btn[2] in module top_level is either unconnected or has no load
WARNING: [Synth 8-7129] Port sw[15] in module top_level is either unconnected or has no load
WARNING: [Synth 8-7129] Port sw[14] in module top_level is either unconnected or has no load
WARNING: [Synth 8-7129] Port sw[13] in module top_level is either unconnected or has no load
WARNING: [Synth 8-7129] Port sw[12] in module top_level is either unconnected or has no load
WARNING: [Synth 8-7129] Port sw[11] in module top_level is either unconnected or has no load
WARNING: [Synth 8-7129] Port sw[10] in module top_level is either unconnected or has no load
WARNING: [Synth 8-7129] Port sw[9] in module top_level is either unconnected or has no load
WARNING: [Synth 8-7129] Port sw[8] in module top_level is either unconnected or has no load
WARNING: [Synth 8-7129] Port sw[7] in module top_level is either unconnected or has no load
WARNING: [Synth 8-7129] Port sw[6] in module top_level is either unconnected or has no load
WARNING: [Synth 8-7129] Port sw[5] in module top_level is either unconnected or has no load
WARNING: [Synth 8-7129] Port sw[4] in module top_level is either unconnected or has no load
WARNING: [Synth 8-7129] Port sw[3] in module top_level is either unconnected or has no load
WARNING: [Synth 8-7129] Port sw[2] in module top_level is either unconnected or has no load
WARNING: [Synth 8-7129] Port sw[1] in module top_level is either unconnected or has no load
WARNING: [Synth 8-7129] Port sw[0] in module top_level is either unconnected or has no load
WARNING: [Synth 8-7129] Port ble_uart_rts in module top_level is either unconnected or has no load
---------------------------------------------------------------------------------
Finished RTL Elaboration : Time (s): cpu = 00:00:03 ; elapsed = 00:00:05 . Memory (MB): peak = 2548.902 ; gain = 87.836 ; free physical = 2737 ; free virtual = 8314
---------------------------------------------------------------------------------
---------------------------------------------------------------------------------
Start Handling Custom Attributes
---------------------------------------------------------------------------------
---------------------------------------------------------------------------------
Finished Handling Custom Attributes : Time (s): cpu = 00:00:03 ; elapsed = 00:00:05 . Memory (MB): peak = 2560.777 ; gain = 99.711 ; free physical = 2734 ; free virtual = 8311
---------------------------------------------------------------------------------
---------------------------------------------------------------------------------
Finished RTL Optimization Phase 1 : Time (s): cpu = 00:00:03 ; elapsed = 00:00:05 . Memory (MB): peak = 2560.777 ; gain = 99.711 ; free physical = 2734 ; free virtual = 8311
---------------------------------------------------------------------------------
Netlist sorting complete. Time (s): cpu = 00:00:00 ; elapsed = 00:00:00 . Memory (MB): peak = 2560.777 ; gain = 0.000 ; free physical = 2734 ; free virtual = 8311
INFO: [Project 1-570] Preparing netlist for logic optimization

Processing XDC Constraints
Initializing timing engine
Parsing XDC File [/home/fpga/xdc/top_level.xdc]
WARNING: [Vivado 12-584] No ports matched 'led[0]'. [/home/fpga/xdc/top_level.xdc:11]
CRITICAL WARNING: [Common 17-55] 'set_property' expects at least one object. [/home/fpga/xdc/top_level.xdc:11]
Resolution: If [get_<value>] was used to populate the object, check to make sure this command returns at least one valid object.
WARNING: [Vivado 12-584] No ports matched 'led[1]'. [/home/fpga/xdc/top_level.xdc:12]
CRITICAL WARNING: [Common 17-55] 'set_property' expects at least one object. [/home/fpga/xdc/top_level.xdc:12]
Resolution: If [get_<value>] was used to populate the object, check to make sure this command returns at least one valid object.
WARNING: [Vivado 12-584] No ports matched 'led[2]'. [/home/fpga/xdc/top_level.xdc:13]
CRITICAL WARNING: [Common 17-55] 'set_property' expects at least one object. [/home/fpga/xdc/top_level.xdc:13]
Resolution: If [get_<value>] was used to populate the object, check to make sure this command returns at least one valid object.
WARNING: [Vivado 12-584] No ports matched 'led[3]'. [/home/fpga/xdc/top_level.xdc:14]
CRITICAL WARNING: [Common 17-55] 'set_property' expects at least one object. [/home/fpga/xdc/top_level.xdc:14]
Resolution: If [get_<value>] was used to populate the object, check to make sure this command returns at least one valid object.
WARNING: [Vivado 12-584] No ports matched 'led[4]'. [/home/fpga/xdc/top_level.xdc:15]
CRITICAL WARNING: [Common 17-55] 'set_property' expects at least one object. [/home/fpga/xdc/top_level.xdc:15]
Resolution: If [get_<value>] was used to populate the object, check to make sure this command returns at least one valid object.
WARNING: [Vivado 12-584] No ports matched 'led[5]'. [/home/fpga/xdc/top_level.xdc:16]
CRITICAL WARNING: [Common 17-55] 'set_property' expects at least one object. [/home/fpga/xdc/top_level.xdc:16]
Resolution: If [get_<value>] was used to populate the object, check to make sure this command returns at least one valid object.
WARNING: [Vivado 12-584] No ports matched 'led[6]'. [/home/fpga/xdc/top_level.xdc:17]
CRITICAL WARNING: [Common 17-55] 'set_property' expects at least one object. [/home/fpga/xdc/top_level.xdc:17]
Resolution: If [get_<value>] was used to populate the object, check to make sure this command returns at least one valid object.
WARNING: [Vivado 12-584] No ports matched 'led[7]'. [/home/fpga/xdc/top_level.xdc:18]
CRITICAL WARNING: [Common 17-55] 'set_property' expects at least one object. [/home/fpga/xdc/top_level.xdc:18]
Resolution: If [get_<value>] was used to populate the object, check to make sure this command returns at least one valid object.
WARNING: [Vivado 12-584] No ports matched 'led[8]'. [/home/fpga/xdc/top_level.xdc:19]
CRITICAL WARNING: [Common 17-55] 'set_property' expects at least one object. [/home/fpga/xdc/top_level.xdc:19]
Resolution: If [get_<value>] was used to populate the object, check to make sure this command returns at least one valid object.
WARNING: [Vivado 12-584] No ports matched 'led[9]'. [/home/fpga/xdc/top_level.xdc:20]
CRITICAL WARNING: [Common 17-55] 'set_property' expects at least one object. [/home/fpga/xdc/top_level.xdc:20]
Resolution: If [get_<value>] was used to populate the object, check to make sure this command returns at least one valid object.
WARNING: [Vivado 12-584] No ports matched 'led[10]'. [/home/fpga/xdc/top_level.xdc:21]
CRITICAL WARNING: [Common 17-55] 'set_property' expects at least one object. [/home/fpga/xdc/top_level.xdc:21]
Resolution: If [get_<value>] was used to populate the object, check to make sure this command returns at least one valid object.
WARNING: [Vivado 12-584] No ports matched 'led[11]'. [/home/fpga/xdc/top_level.xdc:22]
CRITICAL WARNING: [Common 17-55] 'set_property' expects at least one object. [/home/fpga/xdc/top_level.xdc:22]
Resolution: If [get_<value>] was used to populate the object, check to make sure this command returns at least one valid object.
WARNING: [Vivado 12-584] No ports matched 'led[12]'. [/home/fpga/xdc/top_level.xdc:23]
CRITICAL WARNING: [Common 17-55] 'set_property' expects at least one object. [/home/fpga/xdc/top_level.xdc:23]
Resolution: If [get_<value>] was used to populate the object, check to make sure this command returns at least one valid object.
WARNING: [Vivado 12-584] No ports matched 'led[13]'. [/home/fpga/xdc/top_level.xdc:24]
CRITICAL WARNING: [Common 17-55] 'set_property' expects at least one object. [/home/fpga/xdc/top_level.xdc:24]
Resolution: If [get_<value>] was used to populate the object, check to make sure this command returns at least one valid object.
WARNING: [Vivado 12-584] No ports matched 'led[14]'. [/home/fpga/xdc/top_level.xdc:25]
CRITICAL WARNING: [Common 17-55] 'set_property' expects at least one object. [/home/fpga/xdc/top_level.xdc:25]
Resolution: If [get_<value>] was used to populate the object, check to make sure this command returns at least one valid object.
WARNING: [Vivado 12-584] No ports matched 'led[15]'. [/home/fpga/xdc/top_level.xdc:26]
CRITICAL WARNING: [Common 17-55] 'set_property' expects at least one object. [/home/fpga/xdc/top_level.xdc:26]
Resolution: If [get_<value>] was used to populate the object, check to make sure this command returns at least one valid object.
WARNING: [Vivado 12-584] No ports matched 'uart_rxd'. [/home/fpga/xdc/top_level.xdc:137]
CRITICAL WARNING: [Common 17-55] 'set_property' expects at least one object. [/home/fpga/xdc/top_level.xdc:137]
Resolution: If [get_<value>] was used to populate the object, check to make sure this command returns at least one valid object.
WARNING: [Vivado 12-584] No ports matched 'uart_txd'. [/home/fpga/xdc/top_level.xdc:138]
CRITICAL WARNING: [Common 17-55] 'set_property' expects at least one object. [/home/fpga/xdc/top_level.xdc:138]
Resolution: If [get_<value>] was used to populate the object, check to make sure this command returns at least one valid object.
WARNING: [Vivado 12-584] No ports matched 'uart*'. [/home/fpga/xdc/top_level.xdc:139]
CRITICAL WARNING: [Common 17-55] 'set_property' expects at least one object. [/home/fpga/xdc/top_level.xdc:139]
Resolution: If [get_<value>] was used to populate the object, check to make sure this command returns at least one valid object.
Finished Parsing XDC File [/home/fpga/xdc/top_level.xdc]
INFO: [Project 1-236] Implementation specific constraints were found while reading constraint file [/home/fpga/xdc/top_level.xdc]. These constraints will be ignored for synthesis but will be used in implementation. Impacted constraints are listed in the file [.Xil/top_level_propImpl.xdc].
Resolution: To avoid this warning, move constraints listed in [.Xil/top_level_propImpl.xdc] to another XDC file and exclude this new file from synthesis with the used_in_synthesis property (File Properties dialog in GUI) and re-run elaboration/synthesis.
Completed Processing XDC Constraints

Netlist sorting complete. Time (s): cpu = 00:00:00 ; elapsed = 00:00:00 . Memory (MB): peak = 2646.496 ; gain = 0.000 ; free physical = 2726 ; free virtual = 8304
INFO: [Project 1-111] Unisim Transformation Summary:
No Unisim elements were transformed.

Constraint Validation Runtime : Time (s): cpu = 00:00:00 ; elapsed = 00:00:00 . Memory (MB): peak = 2646.496 ; gain = 0.000 ; free physical = 2726 ; free virtual = 8304
---------------------------------------------------------------------------------
Finished Constraint Validation : Time (s): cpu = 00:00:06 ; elapsed = 00:00:08 . Memory (MB): peak = 2646.496 ; gain = 185.430 ; free physical = 2724 ; free virtual = 8302
---------------------------------------------------------------------------------
---------------------------------------------------------------------------------
Start Loading Part and Timing Information
---------------------------------------------------------------------------------
Loading part: xc7s50csga324-1
---------------------------------------------------------------------------------
Finished Loading Part and Timing Information : Time (s): cpu = 00:00:06 ; elapsed = 00:00:08 . Memory (MB): peak = 2646.496 ; gain = 185.430 ; free physical = 2724 ; free virtual = 8302
---------------------------------------------------------------------------------
---------------------------------------------------------------------------------
Start Applying 'set_property' XDC Constraints
---------------------------------------------------------------------------------
---------------------------------------------------------------------------------
Finished applying 'set_property' XDC Constraints : Time (s): cpu = 00:00:06 ; elapsed = 00:00:08 . Memory (MB): peak = 2646.496 ; gain = 185.430 ; free physical = 2724 ; free virtual = 8302
---------------------------------------------------------------------------------
---------------------------------------------------------------------------------
Finished RTL Optimization Phase 2 : Time (s): cpu = 00:00:06 ; elapsed = 00:00:08 . Memory (MB): peak = 2646.496 ; gain = 185.430 ; free physical = 2723 ; free virtual = 8302
---------------------------------------------------------------------------------
---------------------------------------------------------------------------------
Start RTL Component Statistics 
---------------------------------------------------------------------------------
Detailed RTL Component Info : 
+---Adders : 
	   2 Input    8 Bit       Adders := 2     
	   2 Input    1 Bit       Adders := 1     
+---XORs : 
	                8 Bit    Wide XORs := 2     
+---Registers : 
	                8 Bit    Registers := 5     
	                3 Bit    Registers := 2     
	                2 Bit    Registers := 2     
	                1 Bit    Registers := 5     
+---Muxes : 
	   2 Input    3 Bit        Muxes := 2     
	   4 Input    3 Bit        Muxes := 1     
	   3 Input    3 Bit        Muxes := 1     
	   3 Input    2 Bit        Muxes := 2     
	   2 Input    2 Bit        Muxes := 1     
	   2 Input    1 Bit        Muxes := 17    
	   3 Input    1 Bit        Muxes := 3     
	   4 Input    1 Bit        Muxes := 3     
	   6 Input    1 Bit        Muxes := 1     
	   5 Input    1 Bit        Muxes := 2     
---------------------------------------------------------------------------------
Finished RTL Component Statistics 
---------------------------------------------------------------------------------
---------------------------------------------------------------------------------
Start Part Resource Summary
---------------------------------------------------------------------------------
Part Resources:
DSPs: 120 (col length:60)
BRAMs: 150 (col length: RAMB18 60 RAMB36 30)
---------------------------------------------------------------------------------
Finished Part Resource Summary
---------------------------------------------------------------------------------
---------------------------------------------------------------------------------
Start Cross Boundary and Area Optimization
---------------------------------------------------------------------------------
WARNING: [Synth 8-7080] Parallel synthesis criteria is not met
WARNING: [Synth 8-7129] Port ble_uart_cts in module top_level is either unconnected or has no load
WARNING: [Synth 8-7129] Port rgb0[2] in module top_level is either unconnected or has no load
WARNING: [Synth 8-7129] Port rgb0[1] in module top_level is either unconnected or has no load
WARNING: [Synth 8-7129] Port rgb0[0] in module top_level is either unconnected or has no load
WARNING: [Synth 8-7129] Port rgb1[2] in module top_level is either unconnected or has no load
WARNING: [Synth 8-7129] Port rgb1[1] in module top_level is either unconnected or has no load
WARNING: [Synth 8-7129] Port rgb1[0] in module top_level is either unconnected or has no load
WARNING: [Synth 8-7129] Port btn[3] in module top_level is either unconnected or has no load
WARNING: [Synth 8-7129] Port btn[2] in module top_level is either unconnected or has no load
WARNING: [Synth 8-7129] Port sw[15] in module top_level is either unconnected or has no load
WARNING: [Synth 8-7129] Port sw[14] in module top_level is either unconnected or has no load
WARNING: [Synth 8-7129] Port sw[13] in module top_level is either unconnected or has no load
WARNING: [Synth 8-7129] Port sw[12] in module top_level is either unconnected or has no load
WARNING: [Synth 8-7129] Port sw[11] in module top_level is either unconnected or has no load
WARNING: [Synth 8-7129] Port sw[10] in module top_level is either unconnected or has no load
WARNING: [Synth 8-7129] Port sw[9] in module top_level is either unconnected or has no load
WARNING: [Synth 8-7129] Port sw[8] in module top_level is either unconnected or has no load
WARNING: [Synth 8-7129] Port sw[7] in module top_level is either unconnected or has no load
WARNING: [Synth 8-7129] Port sw[6] in module top_level is either unconnected or has no load
WARNING: [Synth 8-7129] Port sw[5] in module top_level is either unconnected or has no load
WARNING: [Synth 8-7129] Port sw[4] in module top_level is either unconnected or has no load
WARNING: [Synth 8-7129] Port sw[3] in module top_level is either unconnected or has no load
WARNING: [Synth 8-7129] Port sw[2] in module top_level is either unconnected or has no load
WARNING: [Synth 8-7129] Port sw[1] in module top_level is either unconnected or has no load
WARNING: [Synth 8-7129] Port sw[0] in module top_level is either unconnected or has no load
WARNING: [Synth 8-7129] Port ble_uart_rts in module top_level is either unconnected or has no load
CRITICAL WARNING: [Synth 8-6859] multi-driven net on pin Q with 1st driver pin 'tx_finished_reg/Q' [/home/fpga/hdl/top_level.sv:99]
CRITICAL WARNING: [Synth 8-6859] multi-driven net on pin Q with 2nd driver pin 'GND' [/home/fpga/hdl/top_level.sv:99]
CRITICAL WARNING: [Synth 8-6858] multi-driven net Q is connected to at least one constant driver which has been preserved, other driver is ignored [/home/fpga/hdl/top_level.sv:99]
---------------------------------------------------------------------------------
Finished Cross Boundary and Area Optimization : Time (s): cpu = 00:00:07 ; elapsed = 00:00:09 . Memory (MB): peak = 2646.496 ; gain = 185.430 ; free physical = 2687 ; free virtual = 8272
---------------------------------------------------------------------------------
---------------------------------------------------------------------------------
Start Applying XDC Timing Constraints
---------------------------------------------------------------------------------
---------------------------------------------------------------------------------
Finished Applying XDC Timing Constraints : Time (s): cpu = 00:00:07 ; elapsed = 00:00:09 . Memory (MB): peak = 2646.496 ; gain = 185.430 ; free physical = 2687 ; free virtual = 8272
---------------------------------------------------------------------------------
---------------------------------------------------------------------------------
Start Timing Optimization
---------------------------------------------------------------------------------
---------------------------------------------------------------------------------
Finished Timing Optimization : Time (s): cpu = 00:00:07 ; elapsed = 00:00:09 . Memory (MB): peak = 2646.496 ; gain = 185.430 ; free physical = 2687 ; free virtual = 8272
---------------------------------------------------------------------------------
---------------------------------------------------------------------------------
Start Technology Mapping
---------------------------------------------------------------------------------
---------------------------------------------------------------------------------
Finished Technology Mapping : Time (s): cpu = 00:00:07 ; elapsed = 00:00:09 . Memory (MB): peak = 2646.496 ; gain = 185.430 ; free physical = 2687 ; free virtual = 8272
---------------------------------------------------------------------------------
---------------------------------------------------------------------------------
Start IO Insertion
---------------------------------------------------------------------------------
---------------------------------------------------------------------------------
Start Flattening Before IO Insertion
---------------------------------------------------------------------------------
---------------------------------------------------------------------------------
Finished Flattening Before IO Insertion
---------------------------------------------------------------------------------
---------------------------------------------------------------------------------
Start Final Netlist Cleanup
---------------------------------------------------------------------------------
---------------------------------------------------------------------------------
Finished Final Netlist Cleanup
---------------------------------------------------------------------------------
---------------------------------------------------------------------------------
Finished IO Insertion : Time (s): cpu = 00:00:08 ; elapsed = 00:00:11 . Memory (MB): peak = 2646.496 ; gain = 185.430 ; free physical = 2687 ; free virtual = 8273
---------------------------------------------------------------------------------
---------------------------------------------------------------------------------
Start Renaming Generated Instances
---------------------------------------------------------------------------------
---------------------------------------------------------------------------------
Finished Renaming Generated Instances : Time (s): cpu = 00:00:08 ; elapsed = 00:00:11 . Memory (MB): peak = 2646.496 ; gain = 185.430 ; free physical = 2687 ; free virtual = 8273
---------------------------------------------------------------------------------
---------------------------------------------------------------------------------
Start Rebuilding User Hierarchy
---------------------------------------------------------------------------------
---------------------------------------------------------------------------------
Finished Rebuilding User Hierarchy : Time (s): cpu = 00:00:08 ; elapsed = 00:00:11 . Memory (MB): peak = 2646.496 ; gain = 185.430 ; free physical = 2687 ; free virtual = 8273
---------------------------------------------------------------------------------
---------------------------------------------------------------------------------
Start Renaming Generated Ports
---------------------------------------------------------------------------------
---------------------------------------------------------------------------------
Finished Renaming Generated Ports : Time (s): cpu = 00:00:08 ; elapsed = 00:00:11 . Memory (MB): peak = 2646.496 ; gain = 185.430 ; free physical = 2687 ; free virtual = 8273
---------------------------------------------------------------------------------
---------------------------------------------------------------------------------
Start Handling Custom Attributes
---------------------------------------------------------------------------------
---------------------------------------------------------------------------------
Finished Handling Custom Attributes : Time (s): cpu = 00:00:08 ; elapsed = 00:00:11 . Memory (MB): peak = 2646.496 ; gain = 185.430 ; free physical = 2687 ; free virtual = 8273
---------------------------------------------------------------------------------
---------------------------------------------------------------------------------
Start Renaming Generated Nets
---------------------------------------------------------------------------------
---------------------------------------------------------------------------------
Finished Renaming Generated Nets : Time (s): cpu = 00:00:08 ; elapsed = 00:00:11 . Memory (MB): peak = 2646.496 ; gain = 185.430 ; free physical = 2687 ; free virtual = 8273
---------------------------------------------------------------------------------
---------------------------------------------------------------------------------
Start Writing Synthesis Report
---------------------------------------------------------------------------------

Report BlackBoxes: 
+-+--------------+----------+
| |BlackBox name |Instances |
+-+--------------+----------+
+-+--------------+----------+

Report Cell Usage: 
+------+------+------+
|      |Cell  |Count |
+------+------+------+
|1     |BUFG  |     1|
|2     |LUT1  |     2|
|3     |LUT2  |     3|
|4     |LUT3  |     2|
|5     |LUT4  |     4|
|6     |LUT5  |     6|
|7     |LUT6  |     7|
|8     |FDRE  |    14|
|9     |IBUF  |     3|
|10    |OBUF  |     1|
|11    |OBUFT |     7|
+------+------+------+
---------------------------------------------------------------------------------
Finished Writing Synthesis Report : Time (s): cpu = 00:00:08 ; elapsed = 00:00:11 . Memory (MB): peak = 2646.496 ; gain = 185.430 ; free physical = 2687 ; free virtual = 8273
---------------------------------------------------------------------------------
Synthesis finished with 0 errors, 3 critical warnings and 27 warnings.
Synthesis Optimization Runtime : Time (s): cpu = 00:00:08 ; elapsed = 00:00:11 . Memory (MB): peak = 2646.496 ; gain = 99.711 ; free physical = 2687 ; free virtual = 8272
Synthesis Optimization Complete : Time (s): cpu = 00:00:08 ; elapsed = 00:00:11 . Memory (MB): peak = 2646.504 ; gain = 185.430 ; free physical = 2687 ; free virtual = 8272
INFO: [Project 1-571] Translating synthesized netlist
Netlist sorting complete. Time (s): cpu = 00:00:00 ; elapsed = 00:00:00 . Memory (MB): peak = 2646.504 ; gain = 0.000 ; free physical = 2687 ; free virtual = 8272
INFO: [Project 1-570] Preparing netlist for logic optimization
CRITICAL WARNING: [Designutils 20-1280] Could not find module 'clk_wiz_0'. The XDC file /home/fpga/ip/clk_wiz_0/ip/clk_wiz_0/clk_wiz_0_board.xdc will not be read for any cell of this module.
CRITICAL WARNING: [Designutils 20-1280] Could not find module 'clk_wiz_0'. The XDC file /home/fpga/ip/clk_wiz_0/ip/clk_wiz_0/clk_wiz_0.xdc will not be read for any cell of this module.
Parsing XDC File [/home/fpga/xdc/top_level.xdc]
WARNING: [Vivado 12-584] No ports matched 'led[0]'. [/home/fpga/xdc/top_level.xdc:11]
CRITICAL WARNING: [Common 17-55] 'set_property' expects at least one object. [/home/fpga/xdc/top_level.xdc:11]
Resolution: If [get_<value>] was used to populate the object, check to make sure this command returns at least one valid object.
WARNING: [Vivado 12-584] No ports matched 'led[1]'. [/home/fpga/xdc/top_level.xdc:12]
CRITICAL WARNING: [Common 17-55] 'set_property' expects at least one object. [/home/fpga/xdc/top_level.xdc:12]
Resolution: If [get_<value>] was used to populate the object, check to make sure this command returns at least one valid object.
WARNING: [Vivado 12-584] No ports matched 'led[2]'. [/home/fpga/xdc/top_level.xdc:13]
CRITICAL WARNING: [Common 17-55] 'set_property' expects at least one object. [/home/fpga/xdc/top_level.xdc:13]
Resolution: If [get_<value>] was used to populate the object, check to make sure this command returns at least one valid object.
WARNING: [Vivado 12-584] No ports matched 'led[3]'. [/home/fpga/xdc/top_level.xdc:14]
CRITICAL WARNING: [Common 17-55] 'set_property' expects at least one object. [/home/fpga/xdc/top_level.xdc:14]
Resolution: If [get_<value>] was used to populate the object, check to make sure this command returns at least one valid object.
WARNING: [Vivado 12-584] No ports matched 'led[4]'. [/home/fpga/xdc/top_level.xdc:15]
CRITICAL WARNING: [Common 17-55] 'set_property' expects at least one object. [/home/fpga/xdc/top_level.xdc:15]
Resolution: If [get_<value>] was used to populate the object, check to make sure this command returns at least one valid object.
WARNING: [Vivado 12-584] No ports matched 'led[5]'. [/home/fpga/xdc/top_level.xdc:16]
CRITICAL WARNING: [Common 17-55] 'set_property' expects at least one object. [/home/fpga/xdc/top_level.xdc:16]
Resolution: If [get_<value>] was used to populate the object, check to make sure this command returns at least one valid object.
WARNING: [Vivado 12-584] No ports matched 'led[6]'. [/home/fpga/xdc/top_level.xdc:17]
CRITICAL WARNING: [Common 17-55] 'set_property' expects at least one object. [/home/fpga/xdc/top_level.xdc:17]
Resolution: If [get_<value>] was used to populate the object, check to make sure this command returns at least one valid object.
WARNING: [Vivado 12-584] No ports matched 'led[7]'. [/home/fpga/xdc/top_level.xdc:18]
CRITICAL WARNING: [Common 17-55] 'set_property' expects at least one object. [/home/fpga/xdc/top_level.xdc:18]
Resolution: If [get_<value>] was used to populate the object, check to make sure this command returns at least one valid object.
WARNING: [Vivado 12-584] No ports matched 'led[8]'. [/home/fpga/xdc/top_level.xdc:19]
CRITICAL WARNING: [Common 17-55] 'set_property' expects at least one object. [/home/fpga/xdc/top_level.xdc:19]
Resolution: If [get_<value>] was used to populate the object, check to make sure this command returns at least one valid object.
WARNING: [Vivado 12-584] No ports matched 'led[9]'. [/home/fpga/xdc/top_level.xdc:20]
CRITICAL WARNING: [Common 17-55] 'set_property' expects at least one object. [/home/fpga/xdc/top_level.xdc:20]
Resolution: If [get_<value>] was used to populate the object, check to make sure this command returns at least one valid object.
WARNING: [Vivado 12-584] No ports matched 'led[10]'. [/home/fpga/xdc/top_level.xdc:21]
CRITICAL WARNING: [Common 17-55] 'set_property' expects at least one object. [/home/fpga/xdc/top_level.xdc:21]
Resolution: If [get_<value>] was used to populate the object, check to make sure this command returns at least one valid object.
WARNING: [Vivado 12-584] No ports matched 'led[11]'. [/home/fpga/xdc/top_level.xdc:22]
CRITICAL WARNING: [Common 17-55] 'set_property' expects at least one object. [/home/fpga/xdc/top_level.xdc:22]
Resolution: If [get_<value>] was used to populate the object, check to make sure this command returns at least one valid object.
WARNING: [Vivado 12-584] No ports matched 'led[12]'. [/home/fpga/xdc/top_level.xdc:23]
CRITICAL WARNING: [Common 17-55] 'set_property' expects at least one object. [/home/fpga/xdc/top_level.xdc:23]
Resolution: If [get_<value>] was used to populate the object, check to make sure this command returns at least one valid object.
WARNING: [Vivado 12-584] No ports matched 'led[13]'. [/home/fpga/xdc/top_level.xdc:24]
CRITICAL WARNING: [Common 17-55] 'set_property' expects at least one object. [/home/fpga/xdc/top_level.xdc:24]
Resolution: If [get_<value>] was used to populate the object, check to make sure this command returns at least one valid object.
WARNING: [Vivado 12-584] No ports matched 'led[14]'. [/home/fpga/xdc/top_level.xdc:25]
CRITICAL WARNING: [Common 17-55] 'set_property' expects at least one object. [/home/fpga/xdc/top_level.xdc:25]
Resolution: If [get_<value>] was used to populate the object, check to make sure this command returns at least one valid object.
WARNING: [Vivado 12-584] No ports matched 'led[15]'. [/home/fpga/xdc/top_level.xdc:26]
CRITICAL WARNING: [Common 17-55] 'set_property' expects at least one object. [/home/fpga/xdc/top_level.xdc:26]
Resolution: If [get_<value>] was used to populate the object, check to make sure this command returns at least one valid object.
WARNING: [Vivado 12-584] No ports matched 'uart_rxd'. [/home/fpga/xdc/top_level.xdc:137]
CRITICAL WARNING: [Common 17-55] 'set_property' expects at least one object. [/home/fpga/xdc/top_level.xdc:137]
Resolution: If [get_<value>] was used to populate the object, check to make sure this command returns at least one valid object.
WARNING: [Vivado 12-584] No ports matched 'uart_txd'. [/home/fpga/xdc/top_level.xdc:138]
CRITICAL WARNING: [Common 17-55] 'set_property' expects at least one object. [/home/fpga/xdc/top_level.xdc:138]
Resolution: If [get_<value>] was used to populate the object, check to make sure this command returns at least one valid object.
WARNING: [Vivado 12-584] No ports matched 'uart*'. [/home/fpga/xdc/top_level.xdc:139]
CRITICAL WARNING: [Common 17-55] 'set_property' expects at least one object. [/home/fpga/xdc/top_level.xdc:139]
Resolution: If [get_<value>] was used to populate the object, check to make sure this command returns at least one valid object.
Finished Parsing XDC File [/home/fpga/xdc/top_level.xdc]
INFO: [Opt 31-138] Pushed 0 inverter(s) to 0 load pin(s).
Netlist sorting complete. Time (s): cpu = 00:00:00 ; elapsed = 00:00:00 . Memory (MB): peak = 2646.504 ; gain = 0.000 ; free physical = 2967 ; free virtual = 8553
INFO: [Project 1-111] Unisim Transformation Summary:
No Unisim elements were transformed.

Synth Design complete | Checksum: 5d92f8c4
INFO: [Common 17-83] Releasing license: Synthesis
18 Infos, 97 Warnings, 43 Critical Warnings and 0 Errors encountered.
synth_design completed successfully
synth_design: Time (s): cpu = 00:00:11 ; elapsed = 00:00:12 . Memory (MB): peak = 2646.504 ; gain = 185.445 ; free physical = 2967 ; free virtual = 8553
INFO: [Common 17-2834] synth_design peak Physical Memory [PSS] (MB): overall = 2383.703; main = 2091.838; forked = 428.864
INFO: [Common 17-2834] synth_design peak Virtual Memory [VSS] (MB): overall = 3621.301; main = 2646.500; forked = 974.801
# write_checkpoint -force $outputDir/post_synth.dcp
INFO: [Timing 38-480] Writing timing data to binary archive.
Writing XDEF routing.
Writing XDEF routing logical nets.
Writing XDEF routing special nets.
Write XDEF Complete: Time (s): cpu = 00:00:00.01 ; elapsed = 00:00:00.03 . Memory (MB): peak = 2646.504 ; gain = 0.000 ; free physical = 2965 ; free virtual = 8554
INFO: [Common 17-1381] The checkpoint '/home/fpga/obj/post_synth.dcp' has been generated.
# report_timing_summary -file $outputDir/post_synth_timing_summary.rpt
INFO: [Timing 38-35] Done setting XDC timing constraints.
INFO: [Timing 38-91] UpdateTimingParams: Speed grade: -1, Delay Type: min_max.
# report_utilization -file $outputDir/post_synth_util.rpt
# report_timing -file $outputDir/post_synth_timing.rpt
INFO: [Timing 38-91] UpdateTimingParams: Speed grade: -1, Delay Type: max.
INFO: [Timing 38-78] ReportTimingParams: -max_paths 1 -nworst 1 -delay_type max -sort_by slack.
# opt_design
Command: opt_design
Attempting to get a license for feature 'Implementation' and/or device 'xc7s50'
INFO: [Common 17-349] Got license for feature 'Implementation' and/or device 'xc7s50'
Running DRC as a precondition to command opt_design

Starting DRC Task
INFO: [Project 1-461] DRC finished with 0 Errors
INFO: [Project 1-462] Please refer to the DRC report (report_drc) for more information.

Time (s): cpu = 00:00:00.16 ; elapsed = 00:00:00.23 . Memory (MB): peak = 2662.504 ; gain = 8.004 ; free physical = 2965 ; free virtual = 8555

Starting Cache Timing Information Task
Ending Cache Timing Information Task | Checksum: 20acdee73

Time (s): cpu = 00:00:00 ; elapsed = 00:00:00 . Memory (MB): peak = 2662.504 ; gain = 0.000 ; free physical = 2965 ; free virtual = 8555

Starting Logic Optimization Task

Phase 1 Retarget
INFO: [Opt 31-138] Pushed 0 inverter(s) to 0 load pin(s).
INFO: [Opt 31-49] Retargeted 0 cell(s).
Phase 1 Retarget | Checksum: 20acdee73

Time (s): cpu = 00:00:00.01 ; elapsed = 00:00:00.04 . Memory (MB): peak = 2662.504 ; gain = 0.000 ; free physical = 2963 ; free virtual = 8553
INFO: [Opt 31-389] Phase Retarget created 0 cells and removed 0 cells

Phase 2 Constant propagation
INFO: [Opt 31-138] Pushed 0 inverter(s) to 0 load pin(s).
Phase 2 Constant propagation | Checksum: 20acdee73

Time (s): cpu = 00:00:00.01 ; elapsed = 00:00:00.04 . Memory (MB): peak = 2662.504 ; gain = 0.000 ; free physical = 2963 ; free virtual = 8553
INFO: [Opt 31-389] Phase Constant propagation created 0 cells and removed 0 cells

Phase 3 Sweep
Phase 3 Sweep | Checksum: 20acdee73

Time (s): cpu = 00:00:00.01 ; elapsed = 00:00:00.04 . Memory (MB): peak = 2662.504 ; gain = 0.000 ; free physical = 2963 ; free virtual = 8553
INFO: [Opt 31-389] Phase Sweep created 0 cells and removed 0 cells

Phase 4 BUFG optimization
Phase 4 BUFG optimization | Checksum: 20acdee73

Time (s): cpu = 00:00:00.01 ; elapsed = 00:00:00.04 . Memory (MB): peak = 2686.516 ; gain = 24.012 ; free physical = 2963 ; free virtual = 8553
INFO: [Opt 31-662] Phase BUFG optimization created 0 cells of which 0 are BUFGs and removed 0 cells.

Phase 5 Shift Register Optimization
INFO: [Opt 31-1064] SRL Remap converted 0 SRLs to 0 registers and converted 0 registers of register chains to 0 SRLs
Phase 5 Shift Register Optimization | Checksum: 20acdee73

Time (s): cpu = 00:00:00.01 ; elapsed = 00:00:00.04 . Memory (MB): peak = 2686.516 ; gain = 24.012 ; free physical = 2963 ; free virtual = 8553
INFO: [Opt 31-389] Phase Shift Register Optimization created 0 cells and removed 0 cells

Phase 6 Post Processing Netlist
Phase 6 Post Processing Netlist | Checksum: 20acdee73

Time (s): cpu = 00:00:00.01 ; elapsed = 00:00:00.04 . Memory (MB): peak = 2686.516 ; gain = 24.012 ; free physical = 2963 ; free virtual = 8553
INFO: [Opt 31-389] Phase Post Processing Netlist created 0 cells and removed 0 cells
Opt_design Change Summary
=========================


-------------------------------------------------------------------------------------------------------------------------
|  Phase                        |  #Cells created  |  #Cells Removed  |  #Constrained objects preventing optimizations  |
-------------------------------------------------------------------------------------------------------------------------
|  Retarget                     |               0  |               0  |                                              0  |
|  Constant propagation         |               0  |               0  |                                              0  |
|  Sweep                        |               0  |               0  |                                              0  |
|  BUFG optimization            |               0  |               0  |                                              0  |
|  Shift Register Optimization  |               0  |               0  |                                              0  |
|  Post Processing Netlist      |               0  |               0  |                                              0  |
-------------------------------------------------------------------------------------------------------------------------



Starting Connectivity Check Task

Time (s): cpu = 00:00:00 ; elapsed = 00:00:00 . Memory (MB): peak = 2686.516 ; gain = 0.000 ; free physical = 2963 ; free virtual = 8553
Ending Logic Optimization Task | Checksum: 20acdee73

Time (s): cpu = 00:00:00.01 ; elapsed = 00:00:00.04 . Memory (MB): peak = 2686.516 ; gain = 24.012 ; free physical = 2963 ; free virtual = 8553

Starting Power Optimization Task
INFO: [Pwropt 34-132] Skipping clock gating for clocks with a period < 2.00 ns.
Ending Power Optimization Task | Checksum: 20acdee73

Time (s): cpu = 00:00:00.01 ; elapsed = 00:00:00 . Memory (MB): peak = 2686.516 ; gain = 0.000 ; free physical = 2963 ; free virtual = 8553

Starting Final Cleanup Task
Ending Final Cleanup Task | Checksum: 20acdee73

Time (s): cpu = 00:00:00 ; elapsed = 00:00:00 . Memory (MB): peak = 2686.516 ; gain = 0.000 ; free physical = 2963 ; free virtual = 8553

Starting Netlist Obfuscation Task
Netlist sorting complete. Time (s): cpu = 00:00:00 ; elapsed = 00:00:00 . Memory (MB): peak = 2686.516 ; gain = 0.000 ; free physical = 2963 ; free virtual = 8553
Ending Netlist Obfuscation Task | Checksum: 20acdee73

Time (s): cpu = 00:00:00 ; elapsed = 00:00:00 . Memory (MB): peak = 2686.516 ; gain = 0.000 ; free physical = 2963 ; free virtual = 8553
INFO: [Common 17-83] Releasing license: Implementation
15 Infos, 0 Warnings, 0 Critical Warnings and 0 Errors encountered.
opt_design completed successfully
# place_design
Command: place_design
Attempting to get a license for feature 'Implementation' and/or device 'xc7s50'
INFO: [Common 17-349] Got license for feature 'Implementation' and/or device 'xc7s50'
INFO: [Vivado_Tcl 4-198] DRC finished with 0 Errors
INFO: [Vivado_Tcl 4-199] Please refer to the DRC report (report_drc) for more information.
Running DRC as a precondition to command place_design
INFO: [Vivado_Tcl 4-198] DRC finished with 0 Errors
INFO: [Vivado_Tcl 4-199] Please refer to the DRC report (report_drc) for more information.

Starting Placer Task

Phase 1 Placer Initialization

Phase 1.1 Placer Initialization Netlist Sorting
Netlist sorting complete. Time (s): cpu = 00:00:00 ; elapsed = 00:00:00 . Memory (MB): peak = 2686.516 ; gain = 0.000 ; free physical = 2963 ; free virtual = 8554
Phase 1.1 Placer Initialization Netlist Sorting | Checksum: 1ad3af5af

Time (s): cpu = 00:00:00 ; elapsed = 00:00:00 . Memory (MB): peak = 2686.516 ; gain = 0.000 ; free physical = 2963 ; free virtual = 8554
Netlist sorting complete. Time (s): cpu = 00:00:00 ; elapsed = 00:00:00 . Memory (MB): peak = 2686.516 ; gain = 0.000 ; free physical = 2963 ; free virtual = 8554

Phase 1.2 IO Placement/ Clock Placement/ Build Placer Device
INFO: [Timing 38-35] Done setting XDC timing constraints.
Phase 1.2 IO Placement/ Clock Placement/ Build Placer Device | Checksum: 10461382d

Time (s): cpu = 00:00:00.08 ; elapsed = 00:00:00.09 . Memory (MB): peak = 2686.516 ; gain = 0.000 ; free physical = 2959 ; free virtual = 8554

Phase 1.3 Build Placer Netlist Model
Phase 1.3 Build Placer Netlist Model | Checksum: 1530be1bb

Time (s): cpu = 00:00:00.1 ; elapsed = 00:00:00.12 . Memory (MB): peak = 2686.516 ; gain = 0.000 ; free physical = 2958 ; free virtual = 8554

Phase 1.4 Constrain Clocks/Macros
Phase 1.4 Constrain Clocks/Macros | Checksum: 1530be1bb

Time (s): cpu = 00:00:00.1 ; elapsed = 00:00:00.12 . Memory (MB): peak = 2686.516 ; gain = 0.000 ; free physical = 2958 ; free virtual = 8554
Phase 1 Placer Initialization | Checksum: 1530be1bb

Time (s): cpu = 00:00:00.1 ; elapsed = 00:00:00.12 . Memory (MB): peak = 2686.516 ; gain = 0.000 ; free physical = 2958 ; free virtual = 8554

Phase 2 Global Placement

Phase 2.1 Floorplanning
Phase 2.1 Floorplanning | Checksum: 123933bdf

Time (s): cpu = 00:00:00.1 ; elapsed = 00:00:00.12 . Memory (MB): peak = 2686.516 ; gain = 0.000 ; free physical = 2957 ; free virtual = 8554

Phase 2.2 Update Timing before SLR Path Opt
Phase 2.2 Update Timing before SLR Path Opt | Checksum: 1c320e50e

Time (s): cpu = 00:00:00.11 ; elapsed = 00:00:00.15 . Memory (MB): peak = 2686.516 ; gain = 0.000 ; free physical = 2957 ; free virtual = 8554

Phase 2.3 Post-Processing in Floorplanning
Phase 2.3 Post-Processing in Floorplanning | Checksum: 1c320e50e

Time (s): cpu = 00:00:00.11 ; elapsed = 00:00:00.15 . Memory (MB): peak = 2686.516 ; gain = 0.000 ; free physical = 2957 ; free virtual = 8554

Phase 2.4 Global Placement Core

Phase 2.4.1 UpdateTiming Before Physical Synthesis
Phase 2.4.1 UpdateTiming Before Physical Synthesis | Checksum: 1cbb91268

Time (s): cpu = 00:00:00.14 ; elapsed = 00:00:00.18 . Memory (MB): peak = 2686.516 ; gain = 0.000 ; free physical = 2957 ; free virtual = 8554

Phase 2.4.2 Physical Synthesis In Placer
INFO: [Physopt 32-1044] Break lutnm for timing: one critical 0, two critical 0, total 0, new lutff created 0
INFO: [Physopt 32-1138] End 1 Pass. Optimized 0 net or LUT. Breaked 0 LUT, combined 0 existing LUT and moved 0 existing LUT
INFO: [Physopt 32-65] No nets found for high-fanout optimization.
INFO: [Physopt 32-232] Optimized 0 net. Created 0 new instance.
INFO: [Physopt 32-775] End 1 Pass. Optimized 0 net or cell. Created 0 new cell, deleted 0 existing cell and moved 0 existing cell
INFO: [Physopt 32-670] No setup violation found.  DSP Register Optimization was not performed.
INFO: [Physopt 32-670] No setup violation found.  Shift Register to Pipeline Optimization was not performed.
INFO: [Physopt 32-670] No setup violation found.  Shift Register Optimization was not performed.
INFO: [Physopt 32-670] No setup violation found.  BRAM Register Optimization was not performed.
INFO: [Physopt 32-670] No setup violation found.  URAM Register Optimization was not performed.
INFO: [Physopt 32-949] No candidate nets found for dynamic/static region interface net replication
INFO: [Physopt 32-775] End 1 Pass. Optimized 0 net or cell. Created 0 new cell, deleted 0 existing cell and moved 0 existing cell
Netlist sorting complete. Time (s): cpu = 00:00:00 ; elapsed = 00:00:00 . Memory (MB): peak = 2686.516 ; gain = 0.000 ; free physical = 2955 ; free virtual = 8555

Summary of Physical Synthesis Optimizations
============================================


-----------------------------------------------------------------------------------------------------------------------------------------------------------
|  Optimization                                     |  Added Cells  |  Removed Cells  |  Optimized Cells/Nets  |  Dont Touch  |  Iterations  |  Elapsed   |
-----------------------------------------------------------------------------------------------------------------------------------------------------------
|  LUT Combining                                    |            0  |              0  |                     0  |           0  |           1  |  00:00:00  |
|  Retime                                           |            0  |              0  |                     0  |           0  |           1  |  00:00:00  |
|  Very High Fanout                                 |            0  |              0  |                     0  |           0  |           1  |  00:00:00  |
|  DSP Register                                     |            0  |              0  |                     0  |           0  |           0  |  00:00:00  |
|  Shift Register to Pipeline                       |            0  |              0  |                     0  |           0  |           0  |  00:00:00  |
|  Shift Register                                   |            0  |              0  |                     0  |           0  |           0  |  00:00:00  |
|  BRAM Register                                    |            0  |              0  |                     0  |           0  |           0  |  00:00:00  |
|  URAM Register                                    |            0  |              0  |                     0  |           0  |           0  |  00:00:00  |
|  Dynamic/Static Region Interface Net Replication  |            0  |              0  |                     0  |           0  |           1  |  00:00:00  |
|  Total                                            |            0  |              0  |                     0  |           0  |           4  |  00:00:00  |
-----------------------------------------------------------------------------------------------------------------------------------------------------------


Phase 2.4.2 Physical Synthesis In Placer | Checksum: 1cbb91268

Time (s): cpu = 00:00:00.3 ; elapsed = 00:00:00.4 . Memory (MB): peak = 2686.516 ; gain = 0.000 ; free physical = 2955 ; free virtual = 8555
Phase 2.4 Global Placement Core | Checksum: 2044e4a07

Time (s): cpu = 00:00:00.31 ; elapsed = 00:00:00.4 . Memory (MB): peak = 2686.516 ; gain = 0.000 ; free physical = 2955 ; free virtual = 8555
Phase 2 Global Placement | Checksum: 2044e4a07

Time (s): cpu = 00:00:00.31 ; elapsed = 00:00:00.43 . Memory (MB): peak = 2686.516 ; gain = 0.000 ; free physical = 2955 ; free virtual = 8555

Phase 3 Detail Placement

Phase 3.1 Commit Multi Column Macros
Phase 3.1 Commit Multi Column Macros | Checksum: 1f03848cb

Time (s): cpu = 00:00:00.31 ; elapsed = 00:00:00.43 . Memory (MB): peak = 2686.516 ; gain = 0.000 ; free physical = 2955 ; free virtual = 8555

Phase 3.2 Commit Most Macros & LUTRAMs
Phase 3.2 Commit Most Macros & LUTRAMs | Checksum: 1c68c0f29

Time (s): cpu = 00:00:00.32 ; elapsed = 00:00:00.43 . Memory (MB): peak = 2686.516 ; gain = 0.000 ; free physical = 2955 ; free virtual = 8555

Phase 3.3 Area Swap Optimization
Phase 3.3 Area Swap Optimization | Checksum: 120eb7bd3

Time (s): cpu = 00:00:00.32 ; elapsed = 00:00:00.43 . Memory (MB): peak = 2686.516 ; gain = 0.000 ; free physical = 2955 ; free virtual = 8555

Phase 3.4 Pipeline Register Optimization
Phase 3.4 Pipeline Register Optimization | Checksum: 161474dd6

Time (s): cpu = 00:00:00.32 ; elapsed = 00:00:00.43 . Memory (MB): peak = 2686.516 ; gain = 0.000 ; free physical = 2955 ; free virtual = 8555

Phase 3.5 Small Shape Detail Placement
Phase 3.5 Small Shape Detail Placement | Checksum: 1729bee21

Time (s): cpu = 00:00:00.35 ; elapsed = 00:00:00.46 . Memory (MB): peak = 2686.516 ; gain = 0.000 ; free physical = 2955 ; free virtual = 8555

Phase 3.6 Re-assign LUT pins
Phase 3.6 Re-assign LUT pins | Checksum: 17d126210

Time (s): cpu = 00:00:00.35 ; elapsed = 00:00:00.49 . Memory (MB): peak = 2686.516 ; gain = 0.000 ; free physical = 2955 ; free virtual = 8555

Phase 3.7 Pipeline Register Optimization
Phase 3.7 Pipeline Register Optimization | Checksum: 13d661017

Time (s): cpu = 00:00:00.35 ; elapsed = 00:00:00.49 . Memory (MB): peak = 2686.516 ; gain = 0.000 ; free physical = 2955 ; free virtual = 8555
Phase 3 Detail Placement | Checksum: 13d661017

Time (s): cpu = 00:00:00.35 ; elapsed = 00:00:00.49 . Memory (MB): peak = 2686.516 ; gain = 0.000 ; free physical = 2955 ; free virtual = 8555

Phase 4 Post Placement Optimization and Clean-Up

Phase 4.1 Post Commit Optimization
INFO: [Timing 38-35] Done setting XDC timing constraints.

Phase 4.1.1 Post Placement Optimization
Post Placement Optimization Initialization | Checksum: 273b94110

Phase 4.1.1.1 BUFG Insertion

Starting Physical Synthesis Task

Phase 1 Physical Synthesis Initialization
INFO: [Physopt 32-721] Multithreading enabled for phys_opt_design using a maximum of 1 CPUs
INFO: [Physopt 32-619] Estimated Timing Summary | WNS=5.792 | TNS=0.000 |
Phase 1 Physical Synthesis Initialization | Checksum: 2234ec014

Time (s): cpu = 00:00:00.01 ; elapsed = 00:00:00.03 . Memory (MB): peak = 2686.516 ; gain = 0.000 ; free physical = 2955 ; free virtual = 8555
INFO: [Place 46-56] BUFG insertion identified 0 candidate nets. Inserted BUFG: 0, Replicated BUFG Driver: 0, Skipped due to Placement/Routing Conflicts: 0, Skipped due to Timing Degradation: 0, Skipped due to netlist editing failed: 0.
Ending Physical Synthesis Task | Checksum: 2234ec014

Time (s): cpu = 00:00:00.01 ; elapsed = 00:00:00.03 . Memory (MB): peak = 2686.516 ; gain = 0.000 ; free physical = 2955 ; free virtual = 8555
Phase 4.1.1.1 BUFG Insertion | Checksum: 273b94110

Time (s): cpu = 00:00:00.38 ; elapsed = 00:00:00.52 . Memory (MB): peak = 2686.516 ; gain = 0.000 ; free physical = 2955 ; free virtual = 8555

Phase 4.1.1.2 Post Placement Timing Optimization
INFO: [Place 30-746] Post Placement Timing Summary WNS=5.792. For the most accurate timing information please run report_timing.
Phase 4.1.1.2 Post Placement Timing Optimization | Checksum: 20093eb1e

Time (s): cpu = 00:00:00.38 ; elapsed = 00:00:00.52 . Memory (MB): peak = 2686.516 ; gain = 0.000 ; free physical = 2954 ; free virtual = 8555

Time (s): cpu = 00:00:00.38 ; elapsed = 00:00:00.52 . Memory (MB): peak = 2686.516 ; gain = 0.000 ; free physical = 2954 ; free virtual = 8555
Phase 4.1 Post Commit Optimization | Checksum: 20093eb1e

Time (s): cpu = 00:00:00.38 ; elapsed = 00:00:00.52 . Memory (MB): peak = 2686.516 ; gain = 0.000 ; free physical = 2954 ; free virtual = 8555

Phase 4.2 Post Placement Cleanup
Phase 4.2 Post Placement Cleanup | Checksum: 20093eb1e

Time (s): cpu = 00:00:00.38 ; elapsed = 00:00:00.52 . Memory (MB): peak = 2686.516 ; gain = 0.000 ; free physical = 2954 ; free virtual = 8555

Phase 4.3 Placer Reporting

Phase 4.3.1 Print Estimated Congestion
INFO: [Place 30-612] Post-Placement Estimated Congestion 
 ____________________________________________________
|           | Global Congestion | Short Congestion  |
| Direction | Region Size       | Region Size       |
|___________|___________________|___________________|
|      North|                1x1|                1x1|
|___________|___________________|___________________|
|      South|                1x1|                1x1|
|___________|___________________|___________________|
|       East|                1x1|                1x1|
|___________|___________________|___________________|
|       West|                1x1|                1x1|
|___________|___________________|___________________|

Phase 4.3.1 Print Estimated Congestion | Checksum: 20093eb1e

Time (s): cpu = 00:00:00.38 ; elapsed = 00:00:00.52 . Memory (MB): peak = 2686.516 ; gain = 0.000 ; free physical = 2954 ; free virtual = 8555
Phase 4.3 Placer Reporting | Checksum: 20093eb1e

Time (s): cpu = 00:00:00.38 ; elapsed = 00:00:00.52 . Memory (MB): peak = 2686.516 ; gain = 0.000 ; free physical = 2954 ; free virtual = 8555

Phase 4.4 Final Placement Cleanup
Netlist sorting complete. Time (s): cpu = 00:00:00 ; elapsed = 00:00:00 . Memory (MB): peak = 2686.516 ; gain = 0.000 ; free physical = 2954 ; free virtual = 8555

Time (s): cpu = 00:00:00.38 ; elapsed = 00:00:00.52 . Memory (MB): peak = 2686.516 ; gain = 0.000 ; free physical = 2954 ; free virtual = 8555
Phase 4 Post Placement Optimization and Clean-Up | Checksum: 177823188

Time (s): cpu = 00:00:00.38 ; elapsed = 00:00:00.52 . Memory (MB): peak = 2686.516 ; gain = 0.000 ; free physical = 2954 ; free virtual = 8555
Ending Placer Task | Checksum: 13caa0dba

Time (s): cpu = 00:00:00.38 ; elapsed = 00:00:00.52 . Memory (MB): peak = 2686.516 ; gain = 0.000 ; free physical = 2954 ; free virtual = 8555
INFO: [Common 17-83] Releasing license: Implementation
25 Infos, 0 Warnings, 0 Critical Warnings and 0 Errors encountered.
place_design completed successfully
# report_clock_utilization -file $outputDir/clock_util.rpt
# if {[get_property SLACK [get_timing_paths -max_paths 1 -nworst 1 -setup]] < 0} {
#  puts "Found setup timing violations => running physical optimization"
#  phys_opt_design
# }
# write_checkpoint -force $outputDir/post_place.dcp
INFO: [Timing 38-480] Writing timing data to binary archive.
Writing XDEF routing.
Writing XDEF routing logical nets.
Writing XDEF routing special nets.
Write XDEF Complete: Time (s): cpu = 00:00:00.01 ; elapsed = 00:00:00.02 . Memory (MB): peak = 2710.527 ; gain = 0.000 ; free physical = 2953 ; free virtual = 8555
INFO: [Common 17-1381] The checkpoint '/home/fpga/obj/post_place.dcp' has been generated.
# report_utilization -file $outputDir/post_place_util.rpt
# report_timing_summary -file $outputDir/post_place_timing_summary.rpt
# report_timing -file $outputDir/post_place_timing.rpt
INFO: [Timing 38-78] ReportTimingParams: -max_paths 1 -nworst 1 -delay_type max -sort_by slack.
# route_design -directive Explore
Command: route_design -directive Explore
Attempting to get a license for feature 'Implementation' and/or device 'xc7s50'
INFO: [Common 17-349] Got license for feature 'Implementation' and/or device 'xc7s50'
Running DRC as a precondition to command route_design
INFO: [Vivado_Tcl 4-198] DRC finished with 0 Errors
INFO: [Vivado_Tcl 4-199] Please refer to the DRC report (report_drc) for more information.


Starting Routing Task
INFO: [Route 35-270] Using Router directive 'Explore'.

Phase 1 Build RT Design
Checksum: PlaceDB: ee49d569 ConstDB: 0 ShapeSum: 4e603851 RouteDB: 0
Post Restoration Checksum: NetGraph: 19c14114 | NumContArr: f84979ec | Constraints: 190a55ad | Timing: 0
Phase 1 Build RT Design | Checksum: 12b1510ad

Time (s): cpu = 00:00:07 ; elapsed = 00:00:07 . Memory (MB): peak = 2710.527 ; gain = 0.000 ; free physical = 2951 ; free virtual = 8554

Phase 2 Router Initialization

Phase 2.1 Fix Topology Constraints
Phase 2.1 Fix Topology Constraints | Checksum: 12b1510ad

Time (s): cpu = 00:00:07 ; elapsed = 00:00:07 . Memory (MB): peak = 2710.527 ; gain = 0.000 ; free physical = 2951 ; free virtual = 8554

Phase 2.2 Pre Route Cleanup
Phase 2.2 Pre Route Cleanup | Checksum: 12b1510ad

Time (s): cpu = 00:00:07 ; elapsed = 00:00:07 . Memory (MB): peak = 2710.527 ; gain = 0.000 ; free physical = 2951 ; free virtual = 8554
 Number of Nodes with overlaps = 0

Phase 2.3 Update Timing
Phase 2.3 Update Timing | Checksum: ee15ffc6

Time (s): cpu = 00:00:07 ; elapsed = 00:00:07 . Memory (MB): peak = 2710.527 ; gain = 0.000 ; free physical = 2950 ; free virtual = 8554
INFO: [Route 35-416] Intermediate Timing Summary | WNS=5.742  | TNS=0.000  | WHS=-0.115 | THS=-0.466 |


Router Utilization Summary
  Global Vertical Routing Utilization    = 0 %
  Global Horizontal Routing Utilization  = 0 %
  Routable Net Status*
  *Does not include unroutable nets such as driverless and loadless.
  Run report_route_status for detailed report.
  Number of Failed Nets               = 29
    (Failed Nets is the sum of unrouted and partially routed nets)
  Number of Unrouted Nets             = 29
  Number of Partially Routed Nets     = 0
  Number of Node Overlaps             = 0

Phase 2 Router Initialization | Checksum: 1405948a4

Time (s): cpu = 00:00:07 ; elapsed = 00:00:07 . Memory (MB): peak = 2710.527 ; gain = 0.000 ; free physical = 2950 ; free virtual = 8554

Phase 3 Initial Routing

Phase 3.1 Global Routing
Phase 3.1 Global Routing | Checksum: 1405948a4

Time (s): cpu = 00:00:07 ; elapsed = 00:00:07 . Memory (MB): peak = 2710.527 ; gain = 0.000 ; free physical = 2950 ; free virtual = 8554
Phase 3 Initial Routing | Checksum: b5951c98

Time (s): cpu = 00:00:07 ; elapsed = 00:00:07 . Memory (MB): peak = 2710.527 ; gain = 0.000 ; free physical = 2950 ; free virtual = 8554

Phase 4 Rip-up And Reroute

Phase 4.1 Global Iteration 0
 Number of Nodes with overlaps = 3
 Number of Nodes with overlaps = 0
INFO: [Route 35-416] Intermediate Timing Summary | WNS=5.822  | TNS=0.000  | WHS=N/A    | THS=N/A    |

Phase 4.1 Global Iteration 0 | Checksum: 264c768ce

Time (s): cpu = 00:00:07 ; elapsed = 00:00:07 . Memory (MB): peak = 2710.527 ; gain = 0.000 ; free physical = 2950 ; free virtual = 8554
Phase 4 Rip-up And Reroute | Checksum: 264c768ce

Time (s): cpu = 00:00:07 ; elapsed = 00:00:07 . Memory (MB): peak = 2710.527 ; gain = 0.000 ; free physical = 2950 ; free virtual = 8554

Phase 5 Delay and Skew Optimization

Phase 5.1 Delay CleanUp

Phase 5.1.1 Update Timing
Phase 5.1.1 Update Timing | Checksum: 208469b50

Time (s): cpu = 00:00:07 ; elapsed = 00:00:07 . Memory (MB): peak = 2710.527 ; gain = 0.000 ; free physical = 2950 ; free virtual = 8554
INFO: [Route 35-416] Intermediate Timing Summary | WNS=5.916  | TNS=0.000  | WHS=N/A    | THS=N/A    |

Phase 5.1 Delay CleanUp | Checksum: 208469b50

Time (s): cpu = 00:00:07 ; elapsed = 00:00:07 . Memory (MB): peak = 2710.527 ; gain = 0.000 ; free physical = 2950 ; free virtual = 8554

Phase 5.2 Clock Skew Optimization
Phase 5.2 Clock Skew Optimization | Checksum: 208469b50

Time (s): cpu = 00:00:07 ; elapsed = 00:00:07 . Memory (MB): peak = 2710.527 ; gain = 0.000 ; free physical = 2950 ; free virtual = 8554
Phase 5 Delay and Skew Optimization | Checksum: 208469b50

Time (s): cpu = 00:00:07 ; elapsed = 00:00:07 . Memory (MB): peak = 2710.527 ; gain = 0.000 ; free physical = 2950 ; free virtual = 8554

Phase 6 Post Hold Fix

Phase 6.1 Hold Fix Iter

Phase 6.1.1 Update Timing
Phase 6.1.1 Update Timing | Checksum: 26526576b

Time (s): cpu = 00:00:07 ; elapsed = 00:00:07 . Memory (MB): peak = 2710.527 ; gain = 0.000 ; free physical = 2950 ; free virtual = 8554
INFO: [Route 35-416] Intermediate Timing Summary | WNS=5.916  | TNS=0.000  | WHS=0.209  | THS=0.000  |

Phase 6.1 Hold Fix Iter | Checksum: 1ce9ff62d

Time (s): cpu = 00:00:07 ; elapsed = 00:00:07 . Memory (MB): peak = 2710.527 ; gain = 0.000 ; free physical = 2950 ; free virtual = 8554
Phase 6 Post Hold Fix | Checksum: 1ce9ff62d

Time (s): cpu = 00:00:07 ; elapsed = 00:00:07 . Memory (MB): peak = 2710.527 ; gain = 0.000 ; free physical = 2950 ; free virtual = 8554

Phase 7 Route finalize

Router Utilization Summary
  Global Vertical Routing Utilization    = 0.00350793 %
  Global Horizontal Routing Utilization  = 0.00598647 %
  Routable Net Status*
  *Does not include unroutable nets such as driverless and loadless.
  Run report_route_status for detailed report.
  Number of Failed Nets               = 0
    (Failed Nets is the sum of unrouted and partially routed nets)
  Number of Unrouted Nets             = 0
  Number of Partially Routed Nets     = 0
  Number of Node Overlaps             = 0

Phase 7 Route finalize | Checksum: 24cf7e2ee

Time (s): cpu = 00:00:07 ; elapsed = 00:00:07 . Memory (MB): peak = 2710.527 ; gain = 0.000 ; free physical = 2950 ; free virtual = 8554

Phase 8 Verifying routed nets

 Verification completed successfully
Phase 8 Verifying routed nets | Checksum: 24cf7e2ee

Time (s): cpu = 00:00:07 ; elapsed = 00:00:07 . Memory (MB): peak = 2710.527 ; gain = 0.000 ; free physical = 2949 ; free virtual = 8554

Phase 9 Depositing Routes
Phase 9 Depositing Routes | Checksum: 28c43ad5a

Time (s): cpu = 00:00:07 ; elapsed = 00:00:07 . Memory (MB): peak = 2710.527 ; gain = 0.000 ; free physical = 2949 ; free virtual = 8554

Phase 10 Post Router Timing
INFO: [Route 35-20] Post Routing Timing Summary | WNS=5.913  | TNS=0.000  | WHS=0.211  | THS=0.000  |

Phase 10 Post Router Timing | Checksum: 1eea9b56a

Time (s): cpu = 00:00:07 ; elapsed = 00:00:07 . Memory (MB): peak = 2710.527 ; gain = 0.000 ; free physical = 2949 ; free virtual = 8554
INFO: [Route 35-61] The design met the timing requirement.
INFO: [Route 35-16] Router Completed Successfully

Phase 11 Post-Route Event Processing
Phase 11 Post-Route Event Processing | Checksum: 1389e9392

Time (s): cpu = 00:00:07 ; elapsed = 00:00:07 . Memory (MB): peak = 2710.527 ; gain = 0.000 ; free physical = 2949 ; free virtual = 8554

Time (s): cpu = 00:00:07 ; elapsed = 00:00:07 . Memory (MB): peak = 2710.527 ; gain = 0.000 ; free physical = 2949 ; free virtual = 8554

Routing Is Done.
INFO: [Common 17-83] Releasing license: Implementation
12 Infos, 0 Warnings, 0 Critical Warnings and 0 Errors encountered.
route_design completed successfully
route_design: Time (s): cpu = 00:00:07 ; elapsed = 00:00:08 . Memory (MB): peak = 2710.527 ; gain = 0.000 ; free physical = 2948 ; free virtual = 8553
# write_checkpoint -force $outputDir/post_route.dcp
INFO: [Timing 38-480] Writing timing data to binary archive.
Writing XDEF routing.
Writing XDEF routing logical nets.
Writing XDEF routing special nets.
Write XDEF Complete: Time (s): cpu = 00:00:00.01 ; elapsed = 00:00:00 . Memory (MB): peak = 2710.527 ; gain = 0.000 ; free physical = 2947 ; free virtual = 8553
INFO: [Common 17-1381] The checkpoint '/home/fpga/obj/post_route.dcp' has been generated.
# report_route_status -file $outputDir/post_route_status.rpt
# report_timing_summary -file $outputDir/post_route_timing_summary.rpt
# report_timing -file $outputDir/post_route_timing.rpt
INFO: [Timing 38-78] ReportTimingParams: -max_paths 1 -nworst 1 -delay_type max -sort_by slack.
# report_power -file $outputDir/post_route_power.rpt
Command: report_power -file obj/post_route_power.rpt
Running Vector-less Activity Propagation...

Finished Running Vector-less Activity Propagation
0 Infos, 0 Warnings, 0 Critical Warnings and 0 Errors encountered.
report_power completed successfully
# report_drc -file $outputDir/post_imp_drc.rpt
Command: report_drc -file obj/post_imp_drc.rpt
INFO: [IP_Flow 19-1839] IP Catalog is up to date.
INFO: [Vivado_Tcl 2-168] The results of DRC are in file /home/fpga/obj/post_imp_drc.rpt.
report_drc completed successfully
# write_bitstream -force $outputDir/final.bit
Command: write_bitstream -force obj/final.bit
Attempting to get a license for feature 'Implementation' and/or device 'xc7s50'
INFO: [Common 17-349] Got license for feature 'Implementation' and/or device 'xc7s50'
Running DRC as a precondition to command write_bitstream
INFO: [IP_Flow 19-1839] IP Catalog is up to date.
INFO: [Vivado 12-3199] DRC finished with 0 Errors
INFO: [Vivado 12-3200] Please refer to the DRC report (report_drc) for more information.
Loading data files...
Loading site data...
Loading route data...
Processing options...
Creating bitmap...
Creating bitstream...
Bitstream compression saved 15635008 bits.
Writing bitstream obj/final.bit...
INFO: [Vivado 12-1842] Bitgen Completed Successfully.
INFO: [Project 1-1876] WebTalk data collection is mandatory when using a ULT device. To see the specific WebTalk data collected for your design, open the usage_statistics_webtalk.html or usage_statistics_webtalk.xml file in the implementation directory.
INFO: [Common 17-83] Releasing license: Implementation
7 Infos, 0 Warnings, 0 Critical Warnings and 0 Errors encountered.
write_bitstream completed successfully
write_bitstream: Time (s): cpu = 00:00:03 ; elapsed = 00:00:13 . Memory (MB): peak = 2818.758 ; gain = 108.230 ; free physical = 2774 ; free virtual = 8385
INFO: [Common 17-206] Exiting Vivado at Fri Dec  1 23:18:47 2023...
